#
# There is insufficient memory for the Java Runtime Environment to continue.
# Native memory allocation (mmap) failed to map 250609664 bytes for Failed to commit area from 0x000000008ef00000 to 0x000000009de00000 of length 250609664.
# Possible reasons:
#   The system is out of physical RAM or swap space
#   The process is running with CompressedOops enabled, and the Java Heap may be blocking the growth of the native heap
# Possible solutions:
#   Reduce memory load on the system
#   Increase physical memory or swap space
#   Check if swap backing store is full
#   Decrease Java heap size (-Xmx/-Xms)
#   Decrease number of Java threads
#   Decrease Java thread stack sizes (-Xss)
#   Set larger code cache with -XX:ReservedCodeCacheSize=
#   JVM is running with Unscaled Compressed Oops mode in which the Java heap is
#     placed in the first 4GB address space. The Java Heap base address is the
#     maximum limit for the native heap growth. Please use -XX:HeapBaseMinAddress
#     to set the Java Heap base and to place the Java Heap above 4GB virtual address.
# This output file may be truncated or incomplete.
#
#  Out of Memory Error (./src/hotspot/os/windows/os_windows.cpp:3521), pid=5720, tid=4788
#
# JRE version: OpenJDK Runtime Environment (11.0.12+7) (build 11.0.12+7-b1504.28-7817840)
# Java VM: OpenJDK 64-Bit Server VM (11.0.12+7-b1504.28-7817840, mixed mode, tiered, compressed oops, g1 gc, windows-amd64)
# No core dump will be written. Minidumps are not enabled by default on client versions of Windows
#

---------------  S U M M A R Y ------------

Command Line: --add-opens=java.base/java.util=ALL-UNNAMED --add-opens=java.base/java.lang=ALL-UNNAMED --add-opens=java.base/java.lang.invoke=ALL-UNNAMED --add-opens=java.base/java.util=ALL-UNNAMED --add-opens=java.prefs/java.util.prefs=ALL-UNNAMED --add-opens=java.prefs/java.util.prefs=ALL-UNNAMED --add-opens=java.base/java.nio.charset=ALL-UNNAMED --add-opens=java.base/java.net=ALL-UNNAMED --add-opens=java.base/java.util.concurrent.atomic=ALL-UNNAMED -Xmx2048m -Dfile.encoding=UTF-8 -Duser.country=US -Duser.language=en -Duser.variant org.gradle.launcher.daemon.bootstrap.GradleDaemon 7.3.3

Host: Intel(R) Core(TM) i3-2348M CPU @ 2.30GHz, 4 cores, 3G,  Windows 10 , 64 bit Build 19041 (10.0.19041.1889)
Time: Mon Aug 29 17:40:06 2022 India Standard Time elapsed time: 5734.066540 seconds (0d 1h 35m 34s)

---------------  T H R E A D  ---------------

Current thread (0x0000023cc6f12800):  VMThread "VM Thread" [stack: 0x000000695bb00000,0x000000695bc00000] [id=4788]

Stack: [0x000000695bb00000,0x000000695bc00000]
[error occurred during error reporting (printing stack bounds), id 0xc0000005, EXCEPTION_ACCESS_VIOLATION (0xc0000005) at pc=0x0000023cb0e7112d]

Native frames: (J=compiled Java code, j=interpreted, Vv=VM code, C=native code)
V  [jvm.dll+0x5fbcea]
V  [jvm.dll+0x731905]
V  [jvm.dll+0x732f1d]
V  [jvm.dll+0x733535]
V  [jvm.dll+0x7334eb]
V  [jvm.dll+0x5fb080]
V  [jvm.dll+0x5fb818]
C  [ntdll.dll+0xa229f]
C  [ntdll.dll+0x51454]
C  [ntdll.dll+0xa0dce]
C  0x0000023cb0e7112d

VM_Operation (0x00000069612fd0e0): G1CollectForAllocation, mode: safepoint, requested by thread 0x0000023cca3e1800


---------------  P R O C E S S  ---------------

Threads class SMR info:
_java_thread_list=0x0000023ccdda41b0, length=94, elements={
0x0000023cad359000, 0x0000023cc6f16000, 0x0000023cc6f18000, 0x0000023cc6f73000,
0x0000023cc6f75000, 0x0000023cc6f78800, 0x0000023cc6f80800, 0x0000023cc6f89800,
0x0000023cc6f84000, 0x0000023cc6f8a800, 0x0000023cc6f89000, 0x0000023cc6f85000,
0x0000023cc6f85800, 0x0000023cc818a000, 0x0000023cc8185800, 0x0000023cc818c000,
0x0000023cc8187000, 0x0000023cc818d800, 0x0000023cc8194000, 0x0000023cc818f000,
0x0000023cc8192800, 0x0000023cca3db000, 0x0000023cca3de800, 0x0000023ccb768800,
0x0000023ccb763000, 0x0000023ccb770000, 0x0000023cc8189800, 0x0000023cc9693800,
0x0000023cc9690800, 0x0000023cc9698800, 0x0000023cc88d4800, 0x0000023cc9697000,
0x0000023cc9691000, 0x0000023cc9697800, 0x0000023cc9692000, 0x0000023cc9692800,
0x0000023cc9699000, 0x0000023cc969a000, 0x0000023cc9694800, 0x0000023cc969b000,
0x0000023cc9695000, 0x0000023cc969b800, 0x0000023cc969c800, 0x0000023cc969d800,
0x0000023cc969e000, 0x0000023cc969f000, 0x0000023cc88d7000, 0x0000023cc88d5800,
0x0000023cc88d9800, 0x0000023cc88d3800, 0x0000023cc88dc000, 0x0000023cc88d6000,
0x0000023cc88dc800, 0x0000023cc88da800, 0x0000023cc88dd800, 0x0000023cc88d8000,
0x0000023cc88db000, 0x0000023cc88de800, 0x0000023cc88d8800, 0x0000023cc88e1000,
0x0000023cc88df000, 0x0000023cc88e0000, 0x0000023cc88e1800, 0x0000023cc88e2800,
0x0000023cd3fe8800, 0x0000023cd3fe6800, 0x0000023cd3fe9000, 0x0000023cd3fe5000,
0x0000023cd3fe4000, 0x0000023cd3fea800, 0x0000023cd3feb800, 0x0000023cd3fe6000,
0x0000023cd3fee000, 0x0000023cd3fed000, 0x0000023cd3ff2000, 0x0000023cd3fef800,
0x0000023cd3fec800, 0x0000023cd3ff0800, 0x0000023cd3ff1800, 0x0000023cd3ff3000,
0x0000023cd3fef000, 0x0000023cca3dd000, 0x0000023cca3dd800, 0x0000023cca3d8800,
0x0000023cca3d9800, 0x0000023cca3e0000, 0x0000023cca3da800, 0x0000023cca3e1000,
0x0000023cca3e2800, 0x0000023cca3e1800, 0x0000023cca3e5000, 0x0000023cca3e7800,
0x0000023cca3e3800, 0x0000023cca3e4000
}

Java Threads: ( => current thread )
  0x0000023cad359000 JavaThread "main" [_thread_blocked, id=4212, stack(0x000000695b500000,0x000000695b600000)]
  0x0000023cc6f16000 JavaThread "Reference Handler" daemon [_thread_blocked, id=5632, stack(0x000000695bc00000,0x000000695bd00000)]
  0x0000023cc6f18000 JavaThread "Finalizer" daemon [_thread_blocked, id=2568, stack(0x000000695bd00000,0x000000695be00000)]
  0x0000023cc6f73000 JavaThread "Signal Dispatcher" daemon [_thread_blocked, id=6852, stack(0x000000695be00000,0x000000695bf00000)]
  0x0000023cc6f75000 JavaThread "Attach Listener" daemon [_thread_blocked, id=5524, stack(0x000000695bf00000,0x000000695c000000)]
  0x0000023cc6f78800 JavaThread "Service Thread" daemon [_thread_blocked, id=8792, stack(0x000000695c000000,0x000000695c100000)]
  0x0000023cc6f80800 JavaThread "C2 CompilerThread0" daemon [_thread_blocked, id=7800, stack(0x000000695c100000,0x000000695c200000)]
  0x0000023cc6f89800 JavaThread "C1 CompilerThread0" daemon [_thread_blocked, id=1244, stack(0x000000695c200000,0x000000695c300000)]
  0x0000023cc6f84000 JavaThread "Sweeper thread" daemon [_thread_blocked, id=7656, stack(0x000000695c300000,0x000000695c400000)]
  0x0000023cc6f8a800 JavaThread "Common-Cleaner" daemon [_thread_blocked, id=8752, stack(0x000000695c400000,0x000000695c500000)]
  0x0000023cc6f89000 JavaThread "Daemon health stats" [_thread_blocked, id=8424, stack(0x000000695c700000,0x000000695c800000)]
  0x0000023cc6f85000 JavaThread "Incoming local TCP Connector on port 56545" [_thread_in_native, id=7784, stack(0x000000695c800000,0x000000695c900000)]
  0x0000023cc6f85800 JavaThread "Daemon periodic checks" [_thread_blocked, id=1108, stack(0x000000695c900000,0x000000695ca00000)]
  0x0000023cc818a000 JavaThread "Cache worker for journal cache (C:\Users\LENOVO\.gradle\caches\journal-1)" [_thread_blocked, id=980, stack(0x000000695d300000,0x000000695d400000)]
  0x0000023cc8185800 JavaThread "File lock request listener" [_thread_in_native, id=9064, stack(0x000000695d400000,0x000000695d500000)]
  0x0000023cc818c000 JavaThread "Cache worker for file hash cache (C:\Users\LENOVO\.gradle\caches\7.3.3\fileHashes)" [_thread_blocked, id=4992, stack(0x000000695d500000,0x000000695d600000)]
  0x0000023cc8187000 JavaThread "File watcher server" daemon [_thread_in_native, id=9324, stack(0x000000695d700000,0x000000695d800000)]
  0x0000023cc818d800 JavaThread "File watcher consumer" daemon [_thread_blocked, id=8680, stack(0x000000695d800000,0x000000695d900000)]
  0x0000023cc8194000 JavaThread "Cache worker for execution history cache (C:\Users\LENOVO\.gradle\caches\7.3.3\executionHistory)" [_thread_blocked, id=1068, stack(0x000000695dc00000,0x000000695dd00000)]
  0x0000023cc818f000 JavaThread "jar transforms" [_thread_blocked, id=2040, stack(0x000000695dd00000,0x000000695de00000)]
  0x0000023cc8192800 JavaThread "Cache worker for file content cache (C:\Users\LENOVO\.gradle\caches\7.3.3\fileContent)" [_thread_blocked, id=9256, stack(0x000000695de00000,0x000000695df00000)]
  0x0000023cca3db000 JavaThread "jar transforms Thread 2" [_thread_blocked, id=5840, stack(0x000000695df00000,0x000000695e000000)]
  0x0000023cca3de800 JavaThread "jar transforms Thread 3" [_thread_blocked, id=3840, stack(0x000000695e100000,0x000000695e200000)]
  0x0000023ccb768800 JavaThread "jar transforms Thread 4" [_thread_blocked, id=4148, stack(0x0000006960b00000,0x0000006960c00000)]
  0x0000023ccb763000 JavaThread "Memory manager" [_thread_blocked, id=4532, stack(0x0000006960c00000,0x0000006960d00000)]
  0x0000023ccb770000 JavaThread "RMI Scheduler(0)" daemon [_thread_blocked, id=5032, stack(0x000000695b200000,0x000000695b300000)]
  0x0000023cc8189800 JavaThread "RMI GC Daemon" daemon [_thread_blocked, id=7684, stack(0x000000695cf00000,0x000000695d000000)]
  0x0000023cc9693800 JavaThread "RMI TCP Accept-0" daemon [_thread_in_native, id=9648, stack(0x0000006961400000,0x0000006961500000)]
  0x0000023cc9690800 JavaThread "RMI Reaper" [_thread_blocked, id=8016, stack(0x0000006961500000,0x0000006961600000)]
  0x0000023cc9698800 JavaThread "Cache worker for Java compile cache (C:\Users\LENOVO\.gradle\caches\7.3.3\javaCompile)" [_thread_blocked, id=4800, stack(0x000000695b400000,0x000000695b500000)]
  0x0000023cc88d4800 JavaThread "ForkJoinPool.commonPool-worker-7" daemon [_thread_blocked, id=3404, stack(0x0000006962300000,0x0000006962400000)]
  0x0000023cc9697000 JavaThread "Daemon Thread 10" [_thread_blocked, id=9640, stack(0x000000695b300000,0x000000695b400000)]
  0x0000023cc9691000 JavaThread "Handler for socket connection from /127.0.0.1:56545 to /127.0.0.1:57550" [_thread_in_native, id=2076, stack(0x000000695ca00000,0x000000695cb00000)]
  0x0000023cc9697800 JavaThread "Cancel handler" [_thread_blocked, id=1040, stack(0x000000695cb00000,0x000000695cc00000)]
  0x0000023cc9692000 JavaThread "Daemon worker Thread 10" [_thread_blocked, id=2112, stack(0x000000695cc00000,0x000000695cd00000)]
  0x0000023cc9692800 JavaThread "Asynchronous log dispatcher for DefaultDaemonConnection: socket connection from /127.0.0.1:56545 to /127.0.0.1:57550" [_thread_blocked, id=2712, stack(0x000000695cd00000,0x000000695ce00000)]
  0x0000023cc9699000 JavaThread "Stdin handler" [_thread_blocked, id=5348, stack(0x000000695ce00000,0x000000695cf00000)]
  0x0000023cc969a000 JavaThread "Daemon client event forwarder" [_thread_blocked, id=3104, stack(0x000000695d000000,0x000000695d100000)]
  0x0000023cc9694800 JavaThread "Cache worker for file hash cache (D:\ANDROID PROJECTS\Module3\.gradle\7.3.3\fileHashes)" [_thread_blocked, id=6336, stack(0x000000695d600000,0x000000695d700000)]
  0x0000023cc969b000 JavaThread "Cache worker for checksums cache (D:\ANDROID PROJECTS\Module3\.gradle\7.3.3\checksums)" [_thread_blocked, id=2088, stack(0x000000695d900000,0x000000695da00000)]
  0x0000023cc9695000 JavaThread "Cache worker for cache directory md-supplier (C:\Users\LENOVO\.gradle\caches\7.3.3\md-supplier)" [_thread_blocked, id=4512, stack(0x000000695da00000,0x000000695db00000)]
  0x0000023cc969b800 JavaThread "Cache worker for cache directory md-rule (C:\Users\LENOVO\.gradle\caches\7.3.3\md-rule)" [_thread_blocked, id=9724, stack(0x000000695db00000,0x000000695dc00000)]
  0x0000023cc969c800 JavaThread "Cache worker for dependencies-accessors (D:\ANDROID PROJECTS\Module3\.gradle\7.3.3\dependencies-accessors)" [_thread_blocked, id=9996, stack(0x000000695e000000,0x000000695e100000)]
  0x0000023cc969d800 JavaThread "Cache worker for Build Output Cleanup Cache (D:\ANDROID PROJECTS\Module3\.gradle\buildOutputCleanup)" [_thread_blocked, id=4912, stack(0x000000695e200000,0x000000695e300000)]
  0x0000023cc969e000 JavaThread "Unconstrained build operations" [_thread_blocked, id=3352, stack(0x000000695e300000,0x000000695e400000)]
  0x0000023cc969f000 JavaThread "Unconstrained build operations Thread 2" [_thread_blocked, id=7856, stack(0x000000695e400000,0x000000695e500000)]
  0x0000023cc88d7000 JavaThread "Unconstrained build operations Thread 3" [_thread_blocked, id=4648, stack(0x000000695e500000,0x000000695e600000)]
  0x0000023cc88d5800 JavaThread "Unconstrained build operations Thread 4" [_thread_blocked, id=876, stack(0x000000695e600000,0x000000695e700000)]
  0x0000023cc88d9800 JavaThread "Unconstrained build operations Thread 5" [_thread_blocked, id=9468, stack(0x000000695e700000,0x000000695e800000)]
  0x0000023cc88d3800 JavaThread "Unconstrained build operations Thread 6" [_thread_blocked, id=9656, stack(0x000000695e800000,0x000000695e900000)]
  0x0000023cc88dc000 JavaThread "Unconstrained build operations Thread 7" [_thread_blocked, id=2184, stack(0x000000695e900000,0x000000695ea00000)]
  0x0000023cc88d6000 JavaThread "Unconstrained build operations Thread 8" [_thread_blocked, id=4312, stack(0x000000695ea00000,0x000000695eb00000)]
  0x0000023cc88dc800 JavaThread "Unconstrained build operations Thread 9" [_thread_blocked, id=4268, stack(0x000000695eb00000,0x000000695ec00000)]
  0x0000023cc88da800 JavaThread "Unconstrained build operations Thread 10" [_thread_blocked, id=9136, stack(0x000000695ec00000,0x000000695ed00000)]
  0x0000023cc88dd800 JavaThread "Unconstrained build operations Thread 11" [_thread_blocked, id=6172, stack(0x000000695ed00000,0x000000695ee00000)]
  0x0000023cc88d8000 JavaThread "Unconstrained build operations Thread 12" [_thread_blocked, id=2260, stack(0x000000695ee00000,0x000000695ef00000)]
  0x0000023cc88db000 JavaThread "Unconstrained build operations Thread 13" [_thread_blocked, id=1468, stack(0x000000695ef00000,0x000000695f000000)]
  0x0000023cc88de800 JavaThread "Unconstrained build operations Thread 14" [_thread_blocked, id=10164, stack(0x000000695f000000,0x000000695f100000)]
  0x0000023cc88d8800 JavaThread "Unconstrained build operations Thread 15" [_thread_blocked, id=6432, stack(0x000000695f100000,0x000000695f200000)]
  0x0000023cc88e1000 JavaThread "Unconstrained build operations Thread 16" [_thread_blocked, id=8688, stack(0x000000695f200000,0x000000695f300000)]
  0x0000023cc88df000 JavaThread "Unconstrained build operations Thread 17" [_thread_blocked, id=4688, stack(0x000000695f300000,0x000000695f400000)]
  0x0000023cc88e0000 JavaThread "Unconstrained build operations Thread 18" [_thread_blocked, id=10092, stack(0x000000695f400000,0x000000695f500000)]
  0x0000023cc88e1800 JavaThread "Unconstrained build operations Thread 19" [_thread_blocked, id=5852, stack(0x000000695f500000,0x000000695f600000)]
  0x0000023cc88e2800 JavaThread "Unconstrained build operations Thread 20" [_thread_blocked, id=5048, stack(0x000000695f600000,0x000000695f700000)]
  0x0000023cd3fe8800 JavaThread "Unconstrained build operations Thread 21" [_thread_blocked, id=7768, stack(0x000000695f700000,0x000000695f800000)]
  0x0000023cd3fe6800 JavaThread "Unconstrained build operations Thread 22" [_thread_blocked, id=9688, stack(0x000000695f800000,0x000000695f900000)]
  0x0000023cd3fe9000 JavaThread "Unconstrained build operations Thread 23" [_thread_blocked, id=2068, stack(0x000000695f900000,0x000000695fa00000)]
  0x0000023cd3fe5000 JavaThread "Unconstrained build operations Thread 24" [_thread_blocked, id=7588, stack(0x000000695fa00000,0x000000695fb00000)]
  0x0000023cd3fe4000 JavaThread "Unconstrained build operations Thread 25" [_thread_blocked, id=6452, stack(0x000000695fb00000,0x000000695fc00000)]
  0x0000023cd3fea800 JavaThread "Unconstrained build operations Thread 26" [_thread_blocked, id=7132, stack(0x000000695fc00000,0x000000695fd00000)]
  0x0000023cd3feb800 JavaThread "Unconstrained build operations Thread 27" [_thread_blocked, id=4852, stack(0x000000695fd00000,0x000000695fe00000)]
  0x0000023cd3fe6000 JavaThread "Unconstrained build operations Thread 28" [_thread_blocked, id=1904, stack(0x000000695fe00000,0x000000695ff00000)]
  0x0000023cd3fee000 JavaThread "Unconstrained build operations Thread 29" [_thread_blocked, id=5832, stack(0x000000695ff00000,0x0000006960000000)]
  0x0000023cd3fed000 JavaThread "Unconstrained build operations Thread 30" [_thread_blocked, id=5180, stack(0x0000006960000000,0x0000006960100000)]
  0x0000023cd3ff2000 JavaThread "Unconstrained build operations Thread 31" [_thread_blocked, id=7628, stack(0x0000006960100000,0x0000006960200000)]
  0x0000023cd3fef800 JavaThread "Unconstrained build operations Thread 32" [_thread_blocked, id=5132, stack(0x0000006960200000,0x0000006960300000)]
  0x0000023cd3fec800 JavaThread "Unconstrained build operations Thread 33" [_thread_blocked, id=1012, stack(0x0000006960300000,0x0000006960400000)]
  0x0000023cd3ff0800 JavaThread "Unconstrained build operations Thread 34" [_thread_blocked, id=6132, stack(0x0000006960400000,0x0000006960500000)]
  0x0000023cd3ff1800 JavaThread "Unconstrained build operations Thread 35" [_thread_blocked, id=5608, stack(0x0000006960500000,0x0000006960600000)]
  0x0000023cd3ff3000 JavaThread "Unconstrained build operations Thread 36" [_thread_blocked, id=9912, stack(0x0000006960600000,0x0000006960700000)]
  0x0000023cd3fef000 JavaThread "Unconstrained build operations Thread 37" [_thread_blocked, id=6412, stack(0x0000006960700000,0x0000006960800000)]
  0x0000023cca3dd000 JavaThread "Unconstrained build operations Thread 38" [_thread_blocked, id=9520, stack(0x0000006960800000,0x0000006960900000)]
  0x0000023cca3dd800 JavaThread "Unconstrained build operations Thread 39" [_thread_blocked, id=3380, stack(0x0000006960900000,0x0000006960a00000)]
  0x0000023cca3d8800 JavaThread "Unconstrained build operations Thread 40" [_thread_blocked, id=9936, stack(0x0000006960a00000,0x0000006960b00000)]
  0x0000023cca3d9800 JavaThread "build event listener" [_thread_blocked, id=3844, stack(0x0000006960d00000,0x0000006960e00000)]
  0x0000023cca3e0000 JavaThread "Execution worker for ':'" [_thread_blocked, id=3288, stack(0x0000006960e00000,0x0000006960f00000)]
  0x0000023cca3da800 JavaThread "Execution worker for ':' Thread 2" [_thread_blocked, id=3036, stack(0x0000006960f00000,0x0000006961000000)]
  0x0000023cca3e1000 JavaThread "Execution worker for ':' Thread 3" [_thread_blocked, id=7880, stack(0x0000006961000000,0x0000006961100000)]
  0x0000023cca3e2800 JavaThread "Cache worker for execution history cache (D:\ANDROID PROJECTS\Module3\.gradle\7.3.3\executionHistory)" [_thread_blocked, id=5844, stack(0x0000006961100000,0x0000006961200000)]
  0x0000023cca3e1800 JavaThread "WorkerExecutor Queue" [_thread_blocked, id=9556, stack(0x0000006961200000,0x0000006961300000)]
  0x0000023cca3e5000 JavaThread "WorkerExecutor Queue Thread 2" [_thread_blocked, id=2196, stack(0x0000006961300000,0x0000006961400000)]
  0x0000023cca3e7800 JavaThread "WorkerExecutor Queue Thread 3" [_thread_blocked, id=9084, stack(0x0000006961600000,0x0000006961700000)]
  0x0000023cca3e3800 JavaThread "WorkerExecutor Queue Thread 4" [_thread_blocked, id=9404, stack(0x0000006961700000,0x0000006961800000)]
  0x0000023cca3e4000 JavaThread "C2 CompilerThread1" daemon [_thread_blocked, id=5192, stack(0x0000006961800000,0x0000006961900000)]

Other Threads:
=>0x0000023cc6f12800 VMThread "VM Thread" [stack: 0x000000695bb00000,0x000000695bc00000] [id=4788]
  0x0000023cc7a0f800 WatcherThread [stack: 0x000000695c500000,0x000000695c600000] [id=5288]
  0x0000023cad374800 GCTaskThread "GC Thread#0" [stack: 0x000000695b600000,0x000000695b700000] [id=5476]
  0x0000023cc7f5b800 GCTaskThread "GC Thread#1" [stack: 0x000000695c600000,0x000000695c700000] [id=6984]
  0x0000023cc9469800 GCTaskThread "GC Thread#2" [stack: 0x000000695d100000,0x000000695d200000] [id=5216]
  0x0000023cc9c40800 GCTaskThread "GC Thread#3" [stack: 0x000000695d200000,0x000000695d300000] [id=3640]
  0x0000023cad3a4000 ConcurrentGCThread "G1 Main Marker" [stack: 0x000000695b700000,0x000000695b800000] [id=1844]
  0x0000023cad3a6800 ConcurrentGCThread "G1 Conc#0" [stack: 0x000000695b800000,0x000000695b900000] [id=7584]
  0x0000023cad3fe800 ConcurrentGCThread "G1 Refine#0" [stack: 0x000000695b900000,0x000000695ba00000] [id=5128]
  0x0000023cad3ff800 ConcurrentGCThread "G1 Young RemSet Sampling" [stack: 0x000000695ba00000,0x000000695bb00000] [id=9720]

Threads with active compile tasks:
C2 CompilerThread05734150 28267       4       com.android.aaptcompiler.proto.ProtoSerializeKt::serializeSourceToPb (81 bytes)
C2 CompilerThread15734150 28261       4       sun.reflect.generics.parser.SignatureParser::parsePackageNameAndSimpleClassTypeSignature (119 bytes)

VM state:at safepoint (normal execution)

VM Mutex/Monitor currently owned by a thread:  ([mutex/lock_event])
[0x0000023cad349920] Threads_lock - owner thread: 0x0000023cc6f12800
[0x0000023cad356660] Heap_lock - owner thread: 0x0000023cca3e1800

Heap address: 0x0000000080000000, size: 2048 MB, Compressed Oops mode: 32-bit
Narrow klass base: 0x0000000000000000, Narrow klass shift: 3
Compressed class space size: 1073741824 Address: 0x0000000100000000

Heap:
 garbage-first heap   total 489472K, used 153328K [0x0000000080000000, 0x0000000100000000)
  region size 1024K, 2 young (2048K), 2 survivors (2048K)
 Metaspace       used 141976K, capacity 146242K, committed 147660K, reserved 1177600K
  class space    used 17496K, capacity 19045K, committed 19456K, reserved 1048576K
Heap Regions: E=young(eden), S=young(survivor), O=old, HS=humongous(starts), HC=humongous(continues), CS=collection set, F=free, A=archive, TAMS=top-at-mark-start (previous, next)
|   0|0x0000000080000000, 0x0000000080100000, 0x0000000080100000|100%| O|  |TAMS 0x0000000080100000, 0x0000000080000000| Untracked 
|   1|0x0000000080100000, 0x0000000080200000, 0x0000000080200000|100%| O|  |TAMS 0x0000000080200000, 0x0000000080100000| Untracked 
|   2|0x0000000080200000, 0x0000000080300000, 0x0000000080300000|100%| O|  |TAMS 0x0000000080300000, 0x0000000080200000| Untracked 
|   3|0x0000000080300000, 0x0000000080400000, 0x0000000080400000|100%|HS|  |TAMS 0x0000000080400000, 0x0000000080300000| Complete 
|   4|0x0000000080400000, 0x0000000080500000, 0x0000000080500000|100%|HC|  |TAMS 0x0000000080500000, 0x0000000080400000| Complete 
|   5|0x0000000080500000, 0x0000000080600000, 0x0000000080600000|100%|HC|  |TAMS 0x0000000080600000, 0x0000000080500000| Complete 
|   6|0x0000000080600000, 0x0000000080700000, 0x0000000080700000|100%| O|  |TAMS 0x0000000080700000, 0x0000000080600000| Untracked 
|   7|0x0000000080700000, 0x0000000080800000, 0x0000000080800000|100%| O|  |TAMS 0x0000000080800000, 0x0000000080700000| Untracked 
|   8|0x0000000080800000, 0x0000000080900000, 0x0000000080900000|100%| O|  |TAMS 0x0000000080900000, 0x0000000080800000| Complete 
|   9|0x0000000080900000, 0x0000000080a00000, 0x0000000080a00000|100%| O|  |TAMS 0x0000000080a00000, 0x0000000080900000| Untracked 
|  10|0x0000000080a00000, 0x0000000080b00000, 0x0000000080b00000|100%| O|  |TAMS 0x0000000080b00000, 0x0000000080a00000| Complete 
|  11|0x0000000080b00000, 0x0000000080c00000, 0x0000000080c00000|100%| O|  |TAMS 0x0000000080c00000, 0x0000000080b00000| Untracked 
|  12|0x0000000080c00000, 0x0000000080d00000, 0x0000000080d00000|100%| O|  |TAMS 0x0000000080d00000, 0x0000000080c00000| Untracked 
|  13|0x0000000080d00000, 0x0000000080e00000, 0x0000000080e00000|100%| O|  |TAMS 0x0000000080e00000, 0x0000000080d00000| Complete 
|  14|0x0000000080e00000, 0x0000000080f00000, 0x0000000080f00000|100%| O|  |TAMS 0x0000000080f00000, 0x0000000080e00000| Complete 
|  15|0x0000000080f00000, 0x0000000081000000, 0x0000000081000000|100%| O|  |TAMS 0x0000000081000000, 0x0000000080f00000| Complete 
|  16|0x0000000081000000, 0x0000000081100000, 0x0000000081100000|100%| O|  |TAMS 0x0000000081100000, 0x0000000081000000| Untracked 
|  17|0x0000000081100000, 0x0000000081200000, 0x0000000081200000|100%| O|  |TAMS 0x0000000081200000, 0x0000000081100000| Complete 
|  18|0x0000000081200000, 0x0000000081300000, 0x0000000081300000|100%| O|  |TAMS 0x0000000081300000, 0x0000000081200000| Complete 
|  19|0x0000000081300000, 0x0000000081400000, 0x0000000081400000|100%| O|  |TAMS 0x0000000081400000, 0x0000000081300000| Complete 
|  20|0x0000000081400000, 0x0000000081400000, 0x0000000081500000|  0%| F|  |TAMS 0x0000000081400000, 0x0000000081400000| Untracked 
|  21|0x0000000081500000, 0x0000000081600000, 0x0000000081600000|100%| O|  |TAMS 0x0000000081600000, 0x0000000081500000| Complete 
|  22|0x0000000081600000, 0x0000000081700000, 0x0000000081700000|100%| O|  |TAMS 0x0000000081700000, 0x0000000081600000| Untracked 
|  23|0x0000000081700000, 0x0000000081800000, 0x0000000081800000|100%| O|  |TAMS 0x0000000081800000, 0x0000000081700000| Complete 
|  24|0x0000000081800000, 0x0000000081900000, 0x0000000081900000|100%| O|  |TAMS 0x0000000081900000, 0x0000000081800000| Complete 
|  25|0x0000000081900000, 0x0000000081a00000, 0x0000000081a00000|100%| O|  |TAMS 0x0000000081a00000, 0x0000000081900000| Complete 
|  26|0x0000000081a00000, 0x0000000081a00000, 0x0000000081b00000|  0%| F|  |TAMS 0x0000000081a00000, 0x0000000081a00000| Untracked 
|  27|0x0000000081b00000, 0x0000000081c00000, 0x0000000081c00000|100%| O|  |TAMS 0x0000000081c00000, 0x0000000081b00000| Complete 
|  28|0x0000000081c00000, 0x0000000081d00000, 0x0000000081d00000|100%| O|  |TAMS 0x0000000081d00000, 0x0000000081c00000| Untracked 
|  29|0x0000000081d00000, 0x0000000081e00000, 0x0000000081e00000|100%|HS|  |TAMS 0x0000000081e00000, 0x0000000081d00000| Complete 
|  30|0x0000000081e00000, 0x0000000081f00000, 0x0000000081f00000|100%|HS|  |TAMS 0x0000000081f00000, 0x0000000081e00000| Complete 
|  31|0x0000000081f00000, 0x0000000082000000, 0x0000000082000000|100%|HS|  |TAMS 0x0000000082000000, 0x0000000081f00000| Complete 
|  32|0x0000000082000000, 0x0000000082100000, 0x0000000082100000|100%|HS|  |TAMS 0x0000000082100000, 0x0000000082000000| Complete 
|  33|0x0000000082100000, 0x0000000082200000, 0x0000000082200000|100%|HC|  |TAMS 0x0000000082200000, 0x0000000082100000| Complete 
|  34|0x0000000082200000, 0x0000000082300000, 0x0000000082300000|100%|HC|  |TAMS 0x0000000082300000, 0x0000000082200000| Complete 
|  35|0x0000000082300000, 0x0000000082400000, 0x0000000082400000|100%|HS|  |TAMS 0x0000000082400000, 0x0000000082300000| Complete 
|  36|0x0000000082400000, 0x0000000082500000, 0x0000000082500000|100%|HC|  |TAMS 0x0000000082500000, 0x0000000082400000| Complete 
|  37|0x0000000082500000, 0x0000000082600000, 0x0000000082600000|100%| O|  |TAMS 0x0000000082600000, 0x0000000082500000| Complete 
|  38|0x0000000082600000, 0x0000000082700000, 0x0000000082700000|100%| O|  |TAMS 0x0000000082700000, 0x0000000082600000| Complete 
|  39|0x0000000082700000, 0x0000000082800000, 0x0000000082800000|100%| O|  |TAMS 0x0000000082800000, 0x0000000082700000| Complete 
|  40|0x0000000082800000, 0x0000000082800000, 0x0000000082900000|  0%| F|  |TAMS 0x0000000082800000, 0x0000000082800000| Untracked 
|  41|0x0000000082900000, 0x0000000082a00000, 0x0000000082a00000|100%| O|  |TAMS 0x0000000082a00000, 0x0000000082900000| Complete 
|  42|0x0000000082a00000, 0x0000000082b00000, 0x0000000082b00000|100%| O|  |TAMS 0x0000000082b00000, 0x0000000082a00000| Untracked 
|  43|0x0000000082b00000, 0x0000000082c00000, 0x0000000082c00000|100%| O|  |TAMS 0x0000000082c00000, 0x0000000082b00000| Untracked 
|  44|0x0000000082c00000, 0x0000000082d00000, 0x0000000082d00000|100%| O|  |TAMS 0x0000000082d00000, 0x0000000082c00000| Untracked 
|  45|0x0000000082d00000, 0x0000000082e00000, 0x0000000082e00000|100%| O|  |TAMS 0x0000000082e00000, 0x0000000082d00000| Untracked 
|  46|0x0000000082e00000, 0x0000000082f00000, 0x0000000082f00000|100%| O|  |TAMS 0x0000000082f00000, 0x0000000082e00000| Complete 
|  47|0x0000000082f00000, 0x0000000083000000, 0x0000000083000000|100%| O|  |TAMS 0x0000000083000000, 0x0000000082f00000| Complete 
|  48|0x0000000083000000, 0x0000000083100000, 0x0000000083100000|100%| O|  |TAMS 0x0000000083100000, 0x0000000083000000| Complete 
|  49|0x0000000083100000, 0x0000000083200000, 0x0000000083200000|100%|HS|  |TAMS 0x0000000083200000, 0x0000000083100000| Complete 
|  50|0x0000000083200000, 0x0000000083300000, 0x0000000083300000|100%| O|  |TAMS 0x0000000083300000, 0x0000000083200000| Complete 
|  51|0x0000000083300000, 0x0000000083300000, 0x0000000083400000|  0%| F|  |TAMS 0x0000000083300000, 0x0000000083300000| Untracked 
|  52|0x0000000083400000, 0x0000000083500000, 0x0000000083500000|100%| O|  |TAMS 0x0000000083500000, 0x0000000083400000| Complete 
|  53|0x0000000083500000, 0x0000000083600000, 0x0000000083600000|100%| O|  |TAMS 0x0000000083600000, 0x0000000083500000| Complete 
|  54|0x0000000083600000, 0x0000000083700000, 0x0000000083700000|100%|HS|  |TAMS 0x0000000083700000, 0x0000000083600000| Complete 
|  55|0x0000000083700000, 0x0000000083800000, 0x0000000083800000|100%|HC|  |TAMS 0x0000000083800000, 0x0000000083700000| Complete 
|  56|0x0000000083800000, 0x0000000083900000, 0x0000000083900000|100%| O|  |TAMS 0x0000000083900000, 0x0000000083800000| Untracked 
|  57|0x0000000083900000, 0x0000000083a00000, 0x0000000083a00000|100%|HS|  |TAMS 0x0000000083a00000, 0x0000000083900000| Complete 
|  58|0x0000000083a00000, 0x0000000083b00000, 0x0000000083b00000|100%| O|  |TAMS 0x0000000083b00000, 0x0000000083a00000| Complete 
|  59|0x0000000083b00000, 0x0000000083c00000, 0x0000000083c00000|100%| O|  |TAMS 0x0000000083b2d200, 0x0000000083b00000| Untracked 
|  60|0x0000000083c00000, 0x0000000083d00000, 0x0000000083d00000|100%| O|  |TAMS 0x0000000083d00000, 0x0000000083c00000| Complete 
|  61|0x0000000083d00000, 0x0000000083d00000, 0x0000000083e00000|  0%| F|  |TAMS 0x0000000083d00000, 0x0000000083d00000| Untracked 
|  62|0x0000000083e00000, 0x0000000083f00000, 0x0000000083f00000|100%| O|  |TAMS 0x0000000083f00000, 0x0000000083e00000| Untracked 
|  63|0x0000000083f00000, 0x0000000084000000, 0x0000000084000000|100%| O|  |TAMS 0x0000000084000000, 0x0000000083f00000| Complete 
|  64|0x0000000084000000, 0x0000000084100000, 0x0000000084100000|100%| O|  |TAMS 0x0000000084100000, 0x0000000084000000| Untracked 
|  65|0x0000000084100000, 0x0000000084200000, 0x0000000084200000|100%|HS|  |TAMS 0x0000000084200000, 0x0000000084100000| Complete 
|  66|0x0000000084200000, 0x0000000084300000, 0x0000000084300000|100%|HC|  |TAMS 0x0000000084300000, 0x0000000084200000| Complete 
|  67|0x0000000084300000, 0x0000000084400000, 0x0000000084400000|100%|HC|  |TAMS 0x0000000084400000, 0x0000000084300000| Complete 
|  68|0x0000000084400000, 0x0000000084500000, 0x0000000084500000|100%| O|  |TAMS 0x0000000084500000, 0x0000000084400000| Complete 
|  69|0x0000000084500000, 0x0000000084600000, 0x0000000084600000|100%| O|  |TAMS 0x0000000084600000, 0x0000000084500000| Complete 
|  70|0x0000000084600000, 0x0000000084700000, 0x0000000084700000|100%| O|  |TAMS 0x0000000084700000, 0x0000000084600000| Untracked 
|  71|0x0000000084700000, 0x0000000084800000, 0x0000000084800000|100%| O|  |TAMS 0x0000000084800000, 0x0000000084700000| Complete 
|  72|0x0000000084800000, 0x0000000084900000, 0x0000000084900000|100%| O|  |TAMS 0x0000000084900000, 0x0000000084800000| Untracked 
|  73|0x0000000084900000, 0x0000000084a00000, 0x0000000084a00000|100%| O|  |TAMS 0x0000000084a00000, 0x0000000084900000| Untracked 
|  74|0x0000000084a00000, 0x0000000084b00000, 0x0000000084b00000|100%| O|  |TAMS 0x0000000084b00000, 0x0000000084a00000| Complete 
|  75|0x0000000084b00000, 0x0000000084b00000, 0x0000000084c00000|  0%| F|  |TAMS 0x0000000084b00000, 0x0000000084b00000| Untracked 
|  76|0x0000000084c00000, 0x0000000084d00000, 0x0000000084d00000|100%| O|  |TAMS 0x0000000084d00000, 0x0000000084c00000| Complete 
|  77|0x0000000084d00000, 0x0000000084e00000, 0x0000000084e00000|100%| O|  |TAMS 0x0000000084e00000, 0x0000000084d00000| Complete 
|  78|0x0000000084e00000, 0x0000000084f00000, 0x0000000084f00000|100%| O|  |TAMS 0x0000000084f00000, 0x0000000084e00000| Complete 
|  79|0x0000000084f00000, 0x0000000085000000, 0x0000000085000000|100%| O|  |TAMS 0x0000000085000000, 0x0000000084f00000| Untracked 
|  80|0x0000000085000000, 0x0000000085100000, 0x0000000085100000|100%| O|  |TAMS 0x0000000085100000, 0x0000000085000000| Untracked 
|  81|0x0000000085100000, 0x0000000085200000, 0x0000000085200000|100%| O|  |TAMS 0x0000000085200000, 0x0000000085100000| Untracked 
|  82|0x0000000085200000, 0x0000000085300000, 0x0000000085300000|100%| O|  |TAMS 0x0000000085300000, 0x0000000085200000| Complete 
|  83|0x0000000085300000, 0x0000000085400000, 0x0000000085400000|100%| O|  |TAMS 0x0000000085400000, 0x0000000085300000| Complete 
|  84|0x0000000085400000, 0x0000000085500000, 0x0000000085500000|100%| O|  |TAMS 0x0000000085500000, 0x0000000085400000| Untracked 
|  85|0x0000000085500000, 0x0000000085600000, 0x0000000085600000|100%|HS|  |TAMS 0x0000000085600000, 0x0000000085500000| Complete 
|  86|0x0000000085600000, 0x0000000085700000, 0x0000000085700000|100%|HC|  |TAMS 0x0000000085700000, 0x0000000085600000| Complete 
|  87|0x0000000085700000, 0x0000000085800000, 0x0000000085800000|100%|HS|  |TAMS 0x0000000085800000, 0x0000000085700000| Complete 
|  88|0x0000000085800000, 0x0000000085900000, 0x0000000085900000|100%| O|  |TAMS 0x0000000085900000, 0x0000000085800000| Untracked 
|  89|0x0000000085900000, 0x0000000085a00000, 0x0000000085a00000|100%| O|  |TAMS 0x0000000085a00000, 0x0000000085900000| Complete 
|  90|0x0000000085a00000, 0x0000000085a00000, 0x0000000085b00000|  0%| F|  |TAMS 0x0000000085a00000, 0x0000000085a00000| Untracked 
|  91|0x0000000085b00000, 0x0000000085b00000, 0x0000000085c00000|  0%| F|  |TAMS 0x0000000085b00000, 0x0000000085b00000| Untracked 
|  92|0x0000000085c00000, 0x0000000085d00000, 0x0000000085d00000|100%| O|  |TAMS 0x0000000085d00000, 0x0000000085c00000| Untracked 
|  93|0x0000000085d00000, 0x0000000085e00000, 0x0000000085e00000|100%| O|  |TAMS 0x0000000085e00000, 0x0000000085d00000| Complete 
|  94|0x0000000085e00000, 0x0000000085f00000, 0x0000000085f00000|100%| O|  |TAMS 0x0000000085f00000, 0x0000000085e00000| Complete 
|  95|0x0000000085f00000, 0x0000000086000000, 0x0000000086000000|100%| O|  |TAMS 0x0000000086000000, 0x0000000085f00000| Complete 
|  96|0x0000000086000000, 0x0000000086100000, 0x0000000086100000|100%| O|  |TAMS 0x0000000086100000, 0x0000000086000000| Complete 
|  97|0x0000000086100000, 0x0000000086200000, 0x0000000086200000|100%| O|  |TAMS 0x0000000086200000, 0x0000000086100000| Complete 
|  98|0x0000000086200000, 0x0000000086200000, 0x0000000086300000|  0%| F|  |TAMS 0x0000000086200000, 0x0000000086200000| Untracked 
|  99|0x0000000086300000, 0x0000000086400000, 0x0000000086400000|100%|HS|  |TAMS 0x0000000086400000, 0x0000000086300000| Complete 
| 100|0x0000000086400000, 0x0000000086500000, 0x0000000086500000|100%|HC|  |TAMS 0x0000000086500000, 0x0000000086400000| Complete 
| 101|0x0000000086500000, 0x0000000086600000, 0x0000000086600000|100%|HC|  |TAMS 0x0000000086600000, 0x0000000086500000| Complete 
| 102|0x0000000086600000, 0x0000000086600000, 0x0000000086700000|  0%| F|  |TAMS 0x0000000086600000, 0x0000000086600000| Untracked 
| 103|0x0000000086700000, 0x0000000086800000, 0x0000000086800000|100%| O|  |TAMS 0x0000000086800000, 0x0000000086700000| Complete 
| 104|0x0000000086800000, 0x0000000086900000, 0x0000000086900000|100%| O|  |TAMS 0x0000000086900000, 0x0000000086800000| Complete 
| 105|0x0000000086900000, 0x0000000086a00000, 0x0000000086a00000|100%| O|  |TAMS 0x0000000086a00000, 0x0000000086900000| Untracked 
| 106|0x0000000086a00000, 0x0000000086b00000, 0x0000000086b00000|100%| O|  |TAMS 0x0000000086b00000, 0x0000000086a00000| Complete 
| 107|0x0000000086b00000, 0x0000000086c00000, 0x0000000086c00000|100%| O|  |TAMS 0x0000000086c00000, 0x0000000086b00000| Untracked 
| 108|0x0000000086c00000, 0x0000000086d00000, 0x0000000086d00000|100%| O|  |TAMS 0x0000000086d00000, 0x0000000086c00000| Untracked 
| 109|0x0000000086d00000, 0x0000000086e00000, 0x0000000086e00000|100%| O|  |TAMS 0x0000000086e00000, 0x0000000086d00000| Untracked 
| 110|0x0000000086e00000, 0x0000000086f00000, 0x0000000086f00000|100%| O|  |TAMS 0x0000000086f00000, 0x0000000086e00000| Complete 
| 111|0x0000000086f00000, 0x0000000087000000, 0x0000000087000000|100%| O|  |TAMS 0x0000000087000000, 0x0000000086f00000| Complete 
| 112|0x0000000087000000, 0x0000000087100000, 0x0000000087100000|100%| O|  |TAMS 0x0000000087100000, 0x0000000087000000| Untracked 
| 113|0x0000000087100000, 0x0000000087200000, 0x0000000087200000|100%| O|  |TAMS 0x0000000087200000, 0x0000000087100000| Complete 
| 114|0x0000000087200000, 0x0000000087300000, 0x0000000087300000|100%| O|  |TAMS 0x0000000087300000, 0x0000000087200000| Complete 
| 115|0x0000000087300000, 0x0000000087400000, 0x0000000087400000|100%| O|  |TAMS 0x0000000087400000, 0x0000000087300000| Untracked 
| 116|0x0000000087400000, 0x0000000087500000, 0x0000000087500000|100%| O|  |TAMS 0x0000000087500000, 0x0000000087400000| Untracked 
| 117|0x0000000087500000, 0x0000000087600000, 0x0000000087600000|100%| O|  |TAMS 0x0000000087600000, 0x0000000087500000| Untracked 
| 118|0x0000000087600000, 0x0000000087700000, 0x0000000087700000|100%| O|  |TAMS 0x0000000087700000, 0x0000000087600000| Complete 
| 119|0x0000000087700000, 0x0000000087800000, 0x0000000087800000|100%|HS|  |TAMS 0x0000000087800000, 0x0000000087700000| Complete 
| 120|0x0000000087800000, 0x0000000087900000, 0x0000000087900000|100%|HC|  |TAMS 0x0000000087900000, 0x0000000087800000| Complete 
| 121|0x0000000087900000, 0x0000000087a00000, 0x0000000087a00000|100%|HC|  |TAMS 0x0000000087a00000, 0x0000000087900000| Complete 
| 122|0x0000000087a00000, 0x0000000087b00000, 0x0000000087b00000|100%|HS|  |TAMS 0x0000000087b00000, 0x0000000087a00000| Complete 
| 123|0x0000000087b00000, 0x0000000087c00000, 0x0000000087c00000|100%|HC|  |TAMS 0x0000000087c00000, 0x0000000087b00000| Complete 
| 124|0x0000000087c00000, 0x0000000087d00000, 0x0000000087d00000|100%|HC|  |TAMS 0x0000000087d00000, 0x0000000087c00000| Complete 
| 125|0x0000000087d00000, 0x0000000087e00000, 0x0000000087e00000|100%|HC|  |TAMS 0x0000000087e00000, 0x0000000087d00000| Complete 
| 126|0x0000000087e00000, 0x0000000087e00000, 0x0000000087f00000|  0%| F|  |TAMS 0x0000000087e00000, 0x0000000087e00000| Untracked 
| 127|0x0000000087f00000, 0x0000000088000000, 0x0000000088000000|100%|HS|  |TAMS 0x0000000088000000, 0x0000000087f00000| Complete 
| 128|0x0000000088000000, 0x0000000088100000, 0x0000000088100000|100%|HC|  |TAMS 0x0000000088100000, 0x0000000088000000| Complete 
| 129|0x0000000088100000, 0x0000000088200000, 0x0000000088200000|100%|HC|  |TAMS 0x0000000088200000, 0x0000000088100000| Complete 
| 130|0x0000000088200000, 0x0000000088300000, 0x0000000088300000|100%|HC|  |TAMS 0x0000000088300000, 0x0000000088200000| Complete 
| 131|0x0000000088300000, 0x0000000088400000, 0x0000000088400000|100%|HS|  |TAMS 0x0000000088400000, 0x0000000088300000| Complete 
| 132|0x0000000088400000, 0x0000000088500000, 0x0000000088500000|100%|HC|  |TAMS 0x0000000088500000, 0x0000000088400000| Complete 
| 133|0x0000000088500000, 0x0000000088600000, 0x0000000088600000|100%|HC|  |TAMS 0x0000000088600000, 0x0000000088500000| Complete 
| 134|0x0000000088600000, 0x0000000088700000, 0x0000000088700000|100%|HC|  |TAMS 0x0000000088700000, 0x0000000088600000| Complete 
| 135|0x0000000088700000, 0x0000000088700000, 0x0000000088800000|  0%| F|  |TAMS 0x0000000088700000, 0x0000000088700000| Untracked 
| 136|0x0000000088800000, 0x0000000088900000, 0x0000000088900000|100%| O|  |TAMS 0x0000000088800000, 0x0000000088800000| Untracked 
| 137|0x0000000088900000, 0x0000000088a00000, 0x0000000088a00000|100%| O|  |TAMS 0x0000000088900000, 0x0000000088900000| Untracked 
| 138|0x0000000088a00000, 0x0000000088b00000, 0x0000000088b00000|100%| O|  |TAMS 0x0000000088a00000, 0x0000000088a00000| Untracked 
| 139|0x0000000088b00000, 0x0000000088c00000, 0x0000000088c00000|100%| O|  |TAMS 0x0000000088c00000, 0x0000000088b00000| Complete 
| 140|0x0000000088c00000, 0x0000000088c00000, 0x0000000088d00000|  0%| F|  |TAMS 0x0000000088c00000, 0x0000000088c00000| Untracked 
| 141|0x0000000088d00000, 0x0000000088e00000, 0x0000000088e00000|100%| O|  |TAMS 0x0000000088e00000, 0x0000000088d00000| Untracked 
| 142|0x0000000088e00000, 0x0000000088f00000, 0x0000000088f00000|100%| O|  |TAMS 0x0000000088e00000, 0x0000000088e00000| Untracked 
| 143|0x0000000088f00000, 0x0000000089000000, 0x0000000089000000|100%| O|  |TAMS 0x0000000089000000, 0x0000000088f00000| Untracked 
| 144|0x0000000089000000, 0x0000000089100000, 0x0000000089100000|100%| O|  |TAMS 0x0000000089100000, 0x0000000089000000| Untracked 
| 145|0x0000000089100000, 0x0000000089200000, 0x0000000089200000|100%| O|  |TAMS 0x0000000089200000, 0x0000000089100000| Untracked 
| 146|0x0000000089200000, 0x0000000089300000, 0x0000000089300000|100%| O|  |TAMS 0x0000000089300000, 0x0000000089200000| Untracked 
| 147|0x0000000089300000, 0x0000000089400000, 0x0000000089400000|100%| O|  |TAMS 0x0000000089400000, 0x0000000089300000| Untracked 
| 148|0x0000000089400000, 0x0000000089500000, 0x0000000089500000|100%| O|  |TAMS 0x0000000089500000, 0x0000000089400000| Untracked 
| 149|0x0000000089500000, 0x0000000089600000, 0x0000000089600000|100%| O|  |TAMS 0x0000000089500000, 0x0000000089500000| Untracked 
| 150|0x0000000089600000, 0x0000000089700000, 0x0000000089700000|100%| O|  |TAMS 0x0000000089600000, 0x0000000089600000| Untracked 
| 151|0x0000000089700000, 0x0000000089800000, 0x0000000089800000|100%| O|  |TAMS 0x0000000089700000, 0x0000000089700000| Untracked 
| 152|0x0000000089800000, 0x0000000089900000, 0x0000000089900000|100%| O|  |TAMS 0x0000000089800000, 0x0000000089800000| Untracked 
| 153|0x0000000089900000, 0x0000000089a00000, 0x0000000089a00000|100%| O|  |TAMS 0x0000000089900000, 0x0000000089900000| Untracked 
| 154|0x0000000089a00000, 0x0000000089a00000, 0x0000000089b00000|  0%| F|  |TAMS 0x0000000089a00000, 0x0000000089a00000| Untracked 
| 155|0x0000000089b00000, 0x0000000089c00000, 0x0000000089c00000|100%| O|  |TAMS 0x0000000089c00000, 0x0000000089b00000| Complete 
| 156|0x0000000089c00000, 0x0000000089c00000, 0x0000000089d00000|  0%| F|  |TAMS 0x0000000089c00000, 0x0000000089c00000| Untracked 
| 157|0x0000000089d00000, 0x0000000089d00000, 0x0000000089e00000|  0%| F|  |TAMS 0x0000000089d00000, 0x0000000089d00000| Untracked 
| 158|0x0000000089e00000, 0x0000000089e00000, 0x0000000089f00000|  0%| F|  |TAMS 0x0000000089e00000, 0x0000000089e00000| Untracked 
| 159|0x0000000089f00000, 0x000000008a000000, 0x000000008a000000|100%| O|  |TAMS 0x000000008a000000, 0x0000000089f00000| Complete 
| 160|0x000000008a000000, 0x000000008a100000, 0x000000008a100000|100%| O|  |TAMS 0x000000008a100000, 0x000000008a000000| Complete 
| 161|0x000000008a100000, 0x000000008a100000, 0x000000008a200000|  0%| F|  |TAMS 0x000000008a100000, 0x000000008a100000| Untracked 
| 162|0x000000008a200000, 0x000000008a300000, 0x000000008a300000|100%| O|  |TAMS 0x000000008a200000, 0x000000008a200000| Untracked 
| 163|0x000000008a300000, 0x000000008a3bc000, 0x000000008a400000| 73%| O|  |TAMS 0x000000008a300000, 0x000000008a300000| Untracked 
| 164|0x000000008a400000, 0x000000008a400000, 0x000000008a500000|  0%| F|  |TAMS 0x000000008a400000, 0x000000008a400000| Untracked 
| 165|0x000000008a500000, 0x000000008a500000, 0x000000008a600000|  0%| F|  |TAMS 0x000000008a500000, 0x000000008a500000| Untracked 
| 166|0x000000008a600000, 0x000000008a600000, 0x000000008a700000|  0%| F|  |TAMS 0x000000008a600000, 0x000000008a600000| Untracked 
| 167|0x000000008a700000, 0x000000008a800000, 0x000000008a800000|100%| O|  |TAMS 0x000000008a800000, 0x000000008a700000| Complete 
| 168|0x000000008a800000, 0x000000008a900000, 0x000000008a900000|100%| O|  |TAMS 0x000000008a900000, 0x000000008a800000| Untracked 
| 169|0x000000008a900000, 0x000000008a900000, 0x000000008aa00000|  0%| F|  |TAMS 0x000000008a900000, 0x000000008a900000| Untracked 
| 170|0x000000008aa00000, 0x000000008aa00000, 0x000000008ab00000|  0%| F|  |TAMS 0x000000008aa00000, 0x000000008aa00000| Untracked 
| 171|0x000000008ab00000, 0x000000008ab00000, 0x000000008ac00000|  0%| F|  |TAMS 0x000000008ab00000, 0x000000008ab00000| Untracked 
| 172|0x000000008ac00000, 0x000000008ac00000, 0x000000008ad00000|  0%| F|  |TAMS 0x000000008ac00000, 0x000000008ac00000| Untracked 
| 173|0x000000008ad00000, 0x000000008ad00000, 0x000000008ae00000|  0%| F|  |TAMS 0x000000008ad00000, 0x000000008ad00000| Untracked 
| 174|0x000000008ae00000, 0x000000008ae00000, 0x000000008af00000|  0%| F|  |TAMS 0x000000008ae00000, 0x000000008ae00000| Untracked 
| 175|0x000000008af00000, 0x000000008af00000, 0x000000008b000000|  0%| F|  |TAMS 0x000000008af00000, 0x000000008af00000| Untracked 
| 176|0x000000008b000000, 0x000000008b000000, 0x000000008b100000|  0%| F|  |TAMS 0x000000008b000000, 0x000000008b000000| Untracked 
| 177|0x000000008b100000, 0x000000008b100000, 0x000000008b200000|  0%| F|  |TAMS 0x000000008b100000, 0x000000008b100000| Untracked 
| 178|0x000000008b200000, 0x000000008b200000, 0x000000008b300000|  0%| F|  |TAMS 0x000000008b200000, 0x000000008b200000| Untracked 
| 179|0x000000008b300000, 0x000000008b300000, 0x000000008b400000|  0%| F|  |TAMS 0x000000008b300000, 0x000000008b300000| Untracked 
| 180|0x000000008b400000, 0x000000008b400000, 0x000000008b500000|  0%| F|  |TAMS 0x000000008b400000, 0x000000008b400000| Untracked 
| 181|0x000000008b500000, 0x000000008b500000, 0x000000008b600000|  0%| F|  |TAMS 0x000000008b500000, 0x000000008b500000| Untracked 
| 182|0x000000008b600000, 0x000000008b600000, 0x000000008b700000|  0%| F|  |TAMS 0x000000008b600000, 0x000000008b600000| Untracked 
| 183|0x000000008b700000, 0x000000008b700000, 0x000000008b800000|  0%| F|  |TAMS 0x000000008b700000, 0x000000008b700000| Untracked 
| 184|0x000000008b800000, 0x000000008b800000, 0x000000008b900000|  0%| F|  |TAMS 0x000000008b800000, 0x000000008b800000| Untracked 
| 185|0x000000008b900000, 0x000000008b900000, 0x000000008ba00000|  0%| F|  |TAMS 0x000000008b900000, 0x000000008b900000| Untracked 
| 186|0x000000008ba00000, 0x000000008ba00000, 0x000000008bb00000|  0%| F|  |TAMS 0x000000008ba00000, 0x000000008ba00000| Untracked 
| 187|0x000000008bb00000, 0x000000008bb00000, 0x000000008bc00000|  0%| F|  |TAMS 0x000000008bb00000, 0x000000008bb00000| Untracked 
| 188|0x000000008bc00000, 0x000000008bc00000, 0x000000008bd00000|  0%| F|  |TAMS 0x000000008bc00000, 0x000000008bc00000| Untracked 
| 189|0x000000008bd00000, 0x000000008bd00000, 0x000000008be00000|  0%| F|  |TAMS 0x000000008bd00000, 0x000000008bd00000| Untracked 
| 190|0x000000008be00000, 0x000000008be00000, 0x000000008bf00000|  0%| F|  |TAMS 0x000000008be00000, 0x000000008be00000| Untracked 
| 191|0x000000008bf00000, 0x000000008bf00000, 0x000000008c000000|  0%| F|  |TAMS 0x000000008bf00000, 0x000000008bf00000| Untracked 
| 192|0x000000008c000000, 0x000000008c000000, 0x000000008c100000|  0%| F|  |TAMS 0x000000008c000000, 0x000000008c000000| Untracked 
| 193|0x000000008c100000, 0x000000008c100000, 0x000000008c200000|  0%| F|  |TAMS 0x000000008c100000, 0x000000008c100000| Untracked 
| 194|0x000000008c200000, 0x000000008c200000, 0x000000008c300000|  0%| F|  |TAMS 0x000000008c200000, 0x000000008c200000| Untracked 
| 195|0x000000008c300000, 0x000000008c300000, 0x000000008c400000|  0%| F|  |TAMS 0x000000008c300000, 0x000000008c300000| Untracked 
| 196|0x000000008c400000, 0x000000008c400000, 0x000000008c500000|  0%| F|  |TAMS 0x000000008c400000, 0x000000008c400000| Untracked 
| 197|0x000000008c500000, 0x000000008c500000, 0x000000008c600000|  0%| F|  |TAMS 0x000000008c500000, 0x000000008c500000| Untracked 
| 198|0x000000008c600000, 0x000000008c600000, 0x000000008c700000|  0%| F|  |TAMS 0x000000008c600000, 0x000000008c600000| Untracked 
| 199|0x000000008c700000, 0x000000008c700000, 0x000000008c800000|  0%| F|  |TAMS 0x000000008c700000, 0x000000008c700000| Untracked 
| 200|0x000000008c800000, 0x000000008c800000, 0x000000008c900000|  0%| F|  |TAMS 0x000000008c800000, 0x000000008c800000| Untracked 
| 201|0x000000008c900000, 0x000000008c900000, 0x000000008ca00000|  0%| F|  |TAMS 0x000000008c900000, 0x000000008c900000| Untracked 
| 202|0x000000008ca00000, 0x000000008ca00000, 0x000000008cb00000|  0%| F|  |TAMS 0x000000008ca00000, 0x000000008ca00000| Untracked 
| 203|0x000000008cb00000, 0x000000008cb00000, 0x000000008cc00000|  0%| F|  |TAMS 0x000000008cb00000, 0x000000008cb00000| Untracked 
| 204|0x000000008cc00000, 0x000000008cc00000, 0x000000008cd00000|  0%| F|  |TAMS 0x000000008cc00000, 0x000000008cc00000| Untracked 
| 205|0x000000008cd00000, 0x000000008cd00000, 0x000000008ce00000|  0%| F|  |TAMS 0x000000008cd00000, 0x000000008cd00000| Untracked 
| 206|0x000000008ce00000, 0x000000008ce00000, 0x000000008cf00000|  0%| F|  |TAMS 0x000000008ce00000, 0x000000008ce00000| Untracked 
| 207|0x000000008cf00000, 0x000000008cf00000, 0x000000008d000000|  0%| F|  |TAMS 0x000000008cf00000, 0x000000008cf00000| Untracked 
| 208|0x000000008d000000, 0x000000008d000000, 0x000000008d100000|  0%| F|  |TAMS 0x000000008d000000, 0x000000008d000000| Untracked 
| 209|0x000000008d100000, 0x000000008d100000, 0x000000008d200000|  0%| F|  |TAMS 0x000000008d100000, 0x000000008d100000| Untracked 
| 210|0x000000008d200000, 0x000000008d200000, 0x000000008d300000|  0%| F|  |TAMS 0x000000008d200000, 0x000000008d200000| Untracked 
| 211|0x000000008d300000, 0x000000008d300000, 0x000000008d400000|  0%| F|  |TAMS 0x000000008d300000, 0x000000008d300000| Untracked 
| 212|0x000000008d400000, 0x000000008d400000, 0x000000008d500000|  0%| F|  |TAMS 0x000000008d400000, 0x000000008d400000| Untracked 
| 213|0x000000008d500000, 0x000000008d500000, 0x000000008d600000|  0%| F|  |TAMS 0x000000008d500000, 0x000000008d500000| Untracked 
| 214|0x000000008d600000, 0x000000008d600000, 0x000000008d700000|  0%| F|  |TAMS 0x000000008d600000, 0x000000008d600000| Untracked 
| 215|0x000000008d700000, 0x000000008d700000, 0x000000008d800000|  0%| F|  |TAMS 0x000000008d700000, 0x000000008d700000| Untracked 
| 216|0x000000008d800000, 0x000000008d800000, 0x000000008d900000|  0%| F|  |TAMS 0x000000008d800000, 0x000000008d800000| Untracked 
| 217|0x000000008d900000, 0x000000008d900000, 0x000000008da00000|  0%| F|  |TAMS 0x000000008d900000, 0x000000008d900000| Untracked 
| 218|0x000000008da00000, 0x000000008da00000, 0x000000008db00000|  0%| F|  |TAMS 0x000000008da00000, 0x000000008da00000| Untracked 
| 219|0x000000008db00000, 0x000000008db00000, 0x000000008dc00000|  0%| F|  |TAMS 0x000000008db00000, 0x000000008db00000| Untracked 
| 220|0x000000008dc00000, 0x000000008dc00000, 0x000000008dd00000|  0%| F|  |TAMS 0x000000008dc00000, 0x000000008dc00000| Untracked 
| 221|0x000000008dd00000, 0x000000008dd00000, 0x000000008de00000|  0%| F|  |TAMS 0x000000008dd00000, 0x000000008dd00000| Untracked 
| 222|0x000000008de00000, 0x000000008de00000, 0x000000008df00000|  0%| F|  |TAMS 0x000000008de00000, 0x000000008de00000| Untracked 
| 223|0x000000008df00000, 0x000000008df00000, 0x000000008e000000|  0%| F|  |TAMS 0x000000008df00000, 0x000000008df00000| Untracked 
| 224|0x000000008e000000, 0x000000008e000000, 0x000000008e100000|  0%| F|  |TAMS 0x000000008e000000, 0x000000008e000000| Untracked 
| 225|0x000000008e100000, 0x000000008e100000, 0x000000008e200000|  0%| F|  |TAMS 0x000000008e100000, 0x000000008e100000| Untracked 
| 226|0x000000008e200000, 0x000000008e200000, 0x000000008e300000|  0%| F|  |TAMS 0x000000008e200000, 0x000000008e200000| Untracked 
| 227|0x000000008e300000, 0x000000008e300000, 0x000000008e400000|  0%| F|  |TAMS 0x000000008e300000, 0x000000008e300000| Untracked 
| 228|0x000000008e400000, 0x000000008e500000, 0x000000008e500000|100%| S|CS|TAMS 0x000000008e400000, 0x000000008e400000| Complete 
| 229|0x000000008e500000, 0x000000008e600000, 0x000000008e600000|100%| S|CS|TAMS 0x000000008e500000, 0x000000008e500000| Complete 
| 230|0x000000008e600000, 0x000000008e600000, 0x000000008e700000|  0%| F|  |TAMS 0x000000008e600000, 0x000000008e600000| Untracked 
| 231|0x000000008e700000, 0x000000008e700000, 0x000000008e800000|  0%| F|  |TAMS 0x000000008e700000, 0x000000008e700000| Untracked 
| 232|0x000000008e800000, 0x000000008e800000, 0x000000008e900000|  0%| F|  |TAMS 0x000000008e800000, 0x000000008e800000| Untracked 
| 233|0x000000008e900000, 0x000000008e900000, 0x000000008ea00000|  0%| F|  |TAMS 0x000000008e900000, 0x000000008e900000| Untracked 
| 234|0x000000008ea00000, 0x000000008ea00000, 0x000000008eb00000|  0%| F|  |TAMS 0x000000008ea00000, 0x000000008ea00000| Untracked 
| 235|0x000000008eb00000, 0x000000008eb00000, 0x000000008ec00000|  0%| F|  |TAMS 0x000000008eb00000, 0x000000008eb00000| Untracked 
| 236|0x000000008ec00000, 0x000000008ec00000, 0x000000008ed00000|  0%| F|  |TAMS 0x000000008ec00000, 0x000000008ec00000| Untracked 
| 237|0x000000008ed00000, 0x000000008ed00000, 0x000000008ee00000|  0%| F|  |TAMS 0x000000008ed00000, 0x000000008ed00000| Untracked 
| 238|0x000000008ee00000, 0x000000008ee00000, 0x000000008ef00000|  0%| F|  |TAMS 0x000000008ee00000, 0x000000008ee00000| Untracked 

Card table byte_map: [0x0000023cc0270000,0x0000023cc0670000] _byte_map_base: 0x0000023cbfe70000

Marking Bits (Prev, Next): (CMBitMap*) 0x0000023cad39b510, (CMBitMap*) 0x0000023cad39b4d8
 Prev Bits: [0x0000023cc2a70000, 0x0000023cc4a70000)
 Next Bits: [0x0000023cc0a70000, 0x0000023cc2a70000)

Polling page: 0x0000023cab2b0000

Metaspace:

Usage:
  Non-class:    124.22 MB capacity,   121.56 MB ( 98%) used,     2.17 MB (  2%) free+waste,   494.50 KB ( <1%) overhead. 
      Class:     18.60 MB capacity,    17.09 MB ( 92%) used,     1.30 MB (  7%) free+waste,   214.94 KB (  1%) overhead. 
       Both:    142.81 MB capacity,   138.65 MB ( 97%) used,     3.47 MB (  2%) free+waste,   709.44 KB ( <1%) overhead. 

Virtual space:
  Non-class space:      126.00 MB reserved,     125.20 MB (>99%) committed 
      Class space:        1.00 GB reserved,      19.00 MB (  2%) committed 
             Both:        1.12 GB reserved,     144.20 MB ( 13%) committed 

Chunk freelists:
   Non-Class:  943.00 KB
       Class:  379.00 KB
        Both:  1.29 MB

MaxMetaspaceSize: 17179869184.00 GB
CompressedClassSpaceSize: 1.00 GB
Initial GC threshold: 20.80 MB
Current GC threshold: 236.79 MB
CDS: off

CodeHeap 'non-profiled nmethods': size=120064Kb used=19095Kb max_used=19095Kb free=100968Kb
 bounds [0x0000023cb8930000, 0x0000023cb9be0000, 0x0000023cbfe70000]
CodeHeap 'profiled nmethods': size=120000Kb used=54384Kb max_used=54478Kb free=65615Kb
 bounds [0x0000023cb1400000, 0x0000023cb49a0000, 0x0000023cb8930000]
CodeHeap 'non-nmethods': size=5696Kb used=2527Kb max_used=2580Kb free=3168Kb
 bounds [0x0000023cb0e70000, 0x0000023cb1100000, 0x0000023cb1400000]
 total_blobs=24799 nmethods=23735 adapters=975
 compilation: enabled
              stopped_count=0, restarted_count=0
 full_count=0

Compilation events (20 events):
Event: 5733.595 Thread 0x0000023cc6f89800 28264       3       com.android.aapt.Resources$Style::access$42602 (7 bytes)
Event: 5733.595 Thread 0x0000023cc6f89800 nmethod 28264 0x0000023cb2a35010 code [0x0000023cb2a351c0, 0x0000023cb2a352f8]
Event: 5733.595 Thread 0x0000023cc6f89800 28265       3       com.android.aapt.Resources$Style::access$42702 (7 bytes)
Event: 5733.596 Thread 0x0000023cc6f89800 nmethod 28265 0x0000023cb2e11e90 code [0x0000023cb2e12040, 0x0000023cb2e12178]
Event: 5733.596 Thread 0x0000023cc6f89800 28266       3       com.android.aapt.Resources$CompoundValue$Builder::setStyle (47 bytes)
Event: 5733.597 Thread 0x0000023cc6f89800 nmethod 28266 0x0000023cb26a5f90 code [0x0000023cb26a6180, 0x0000023cb26a6608]
Event: 5733.626 Thread 0x0000023cc6f89800 28268       3       com.android.aapt.Resources$Style$Builder::buildPartial (151 bytes)
Event: 5733.629 Thread 0x0000023cc6f89800 nmethod 28268 0x0000023cb1c1f290 code [0x0000023cb1c1f5c0, 0x0000023cb1c20ce8]
Event: 5733.635 Thread 0x0000023cc6f89800 28269       3       com.android.aapt.Resources$Style$Builder::setParent (42 bytes)
Event: 5733.636 Thread 0x0000023cc6f89800 nmethod 28269 0x0000023cb2cb7890 code [0x0000023cb2cb7a80, 0x0000023cb2cb7f08]
Event: 5733.642 Thread 0x0000023cc6f89800 28270       3       com.android.aapt.Resources$RawString$Builder::setValue (23 bytes)
Event: 5733.643 Thread 0x0000023cc6f89800 nmethod 28270 0x0000023cb3d0e610 code [0x0000023cb3d0e800, 0x0000023cb3d0ebf8]
Event: 5733.643 Thread 0x0000023cc6f89800 28271       3       com.android.aapt.Resources$RawString$Builder::build (19 bytes)
Event: 5733.644 Thread 0x0000023cc6f89800 nmethod 28271 0x0000023cb1ead990 code [0x0000023cb1eadbe0, 0x0000023cb1eae598]
Event: 5733.645 Thread 0x0000023cc6f89800 28272       3       com.android.aapt.Resources$Item$Builder::setRawStr (47 bytes)
Event: 5733.646 Thread 0x0000023cc6f89800 nmethod 28272 0x0000023cb2a30990 code [0x0000023cb2a30b80, 0x0000023cb2a31008]
Event: 5733.681 Thread 0x0000023cc6f80800 nmethod 28260 0x0000023cb9bd2810 code [0x0000023cb9bd2aa0, 0x0000023cb9bd4b60]
Event: 5733.681 Thread 0x0000023cc6f80800 28273       4       com.android.aapt.Resources$SourcePosition::<init> (6 bytes)
Event: 5733.684 Thread 0x0000023cc6f80800 nmethod 28273 0x0000023cb9bd5a10 code [0x0000023cb9bd5ba0, 0x0000023cb9bd5cd8]
Event: 5733.684 Thread 0x0000023cc6f80800 28267       4       com.android.aaptcompiler.proto.ProtoSerializeKt::serializeSourceToPb (81 bytes)

GC Heap History (20 events):
Event: 5726.606 GC heap after
{Heap after GC invocations=184 (full 0):
 garbage-first heap   total 244736K, used 160734K [0x0000000080000000, 0x0000000100000000)
  region size 1024K, 2 young (2048K), 2 survivors (2048K)
 Metaspace       used 137976K, capacity 142176K, committed 143820K, reserved 1173504K
  class space    used 17164K, capacity 18695K, committed 19200K, reserved 1048576K
}
Event: 5726.637 GC heap before
{Heap before GC invocations=184 (full 0):
 garbage-first heap   total 244736K, used 168926K [0x0000000080000000, 0x0000000100000000)
  region size 1024K, 11 young (11264K), 2 survivors (2048K)
 Metaspace       used 137982K, capacity 142176K, committed 143820K, reserved 1173504K
  class space    used 17164K, capacity 18695K, committed 19200K, reserved 1048576K
}
Event: 5726.973 GC heap after
{Heap after GC invocations=185 (full 0):
 garbage-first heap   total 244736K, used 163273K [0x0000000080000000, 0x0000000100000000)
  region size 1024K, 2 young (2048K), 2 survivors (2048K)
 Metaspace       used 137982K, capacity 142176K, committed 143820K, reserved 1173504K
  class space    used 17164K, capacity 18695K, committed 19200K, reserved 1048576K
}
Event: 5727.215 GC heap before
{Heap before GC invocations=185 (full 0):
 garbage-first heap   total 244736K, used 172489K [0x0000000080000000, 0x0000000100000000)
  region size 1024K, 11 young (11264K), 2 survivors (2048K)
 Metaspace       used 138123K, capacity 142304K, committed 143820K, reserved 1173504K
  class space    used 17180K, capacity 18695K, committed 19200K, reserved 1048576K
}
Event: 5727.281 GC heap after
{Heap after GC invocations=186 (full 0):
 garbage-first heap   total 244736K, used 162438K [0x0000000080000000, 0x0000000100000000)
  region size 1024K, 2 young (2048K), 2 survivors (2048K)
 Metaspace       used 138123K, capacity 142304K, committed 143820K, reserved 1173504K
  class space    used 17180K, capacity 18695K, committed 19200K, reserved 1048576K
}
Event: 5727.789 GC heap before
{Heap before GC invocations=186 (full 0):
 garbage-first heap   total 244736K, used 178822K [0x0000000080000000, 0x0000000100000000)
  region size 1024K, 11 young (11264K), 2 survivors (2048K)
 Metaspace       used 138206K, capacity 142368K, committed 144076K, reserved 1173504K
  class space    used 17186K, capacity 18695K, committed 19200K, reserved 1048576K
}
Event: 5727.832 GC heap after
{Heap after GC invocations=187 (full 0):
 garbage-first heap   total 244736K, used 167249K [0x0000000080000000, 0x0000000100000000)
  region size 1024K, 2 young (2048K), 2 survivors (2048K)
 Metaspace       used 138206K, capacity 142368K, committed 144076K, reserved 1173504K
  class space    used 17186K, capacity 18695K, committed 19200K, reserved 1048576K
}
Event: 5727.940 GC heap before
{Heap before GC invocations=187 (full 0):
 garbage-first heap   total 244736K, used 176465K [0x0000000080000000, 0x0000000100000000)
  region size 1024K, 11 young (11264K), 2 survivors (2048K)
 Metaspace       used 138206K, capacity 142368K, committed 144076K, reserved 1173504K
  class space    used 17186K, capacity 18695K, committed 19200K, reserved 1048576K
}
Event: 5727.956 GC heap after
{Heap after GC invocations=188 (full 0):
 garbage-first heap   total 244736K, used 169245K [0x0000000080000000, 0x0000000100000000)
  region size 1024K, 2 young (2048K), 2 survivors (2048K)
 Metaspace       used 138206K, capacity 142368K, committed 144076K, reserved 1173504K
  class space    used 17186K, capacity 18695K, committed 19200K, reserved 1048576K
}
Event: 5728.878 GC heap before
{Heap before GC invocations=189 (full 0):
 garbage-first heap   total 244736K, used 202013K [0x0000000080000000, 0x0000000100000000)
  region size 1024K, 22 young (22528K), 2 survivors (2048K)
 Metaspace       used 138262K, capacity 142486K, committed 144076K, reserved 1173504K
  class space    used 17190K, capacity 18704K, committed 19200K, reserved 1048576K
}
Event: 5728.890 GC heap after
{Heap after GC invocations=190 (full 0):
 garbage-first heap   total 244736K, used 168831K [0x0000000080000000, 0x0000000100000000)
  region size 1024K, 3 young (3072K), 3 survivors (3072K)
 Metaspace       used 138262K, capacity 142486K, committed 144076K, reserved 1173504K
  class space    used 17190K, capacity 18704K, committed 19200K, reserved 1048576K
}
Event: 5729.641 GC heap before
{Heap before GC invocations=190 (full 0):
 garbage-first heap   total 244736K, used 175999K [0x0000000080000000, 0x0000000100000000)
  region size 1024K, 11 young (11264K), 3 survivors (3072K)
 Metaspace       used 139032K, capacity 143216K, committed 144844K, reserved 1175552K
  class space    used 17226K, capacity 18768K, committed 19200K, reserved 1048576K
}
Event: 5729.759 GC heap after
{Heap after GC invocations=191 (full 0):
 garbage-first heap   total 244736K, used 165947K [0x0000000080000000, 0x0000000100000000)
  region size 1024K, 2 young (2048K), 2 survivors (2048K)
 Metaspace       used 139032K, capacity 143216K, committed 144844K, reserved 1175552K
  class space    used 17226K, capacity 18768K, committed 19200K, reserved 1048576K
}
Event: 5730.016 GC heap before
{Heap before GC invocations=191 (full 0):
 garbage-first heap   total 244736K, used 175163K [0x0000000080000000, 0x0000000100000000)
  region size 1024K, 11 young (11264K), 2 survivors (2048K)
 Metaspace       used 139129K, capacity 143342K, committed 144844K, reserved 1175552K
  class space    used 17236K, capacity 18805K, committed 19200K, reserved 1048576K
}
Event: 5730.231 GC heap after
{Heap after GC invocations=192 (full 0):
 garbage-first heap   total 244736K, used 166859K [0x0000000080000000, 0x0000000100000000)
  region size 1024K, 2 young (2048K), 2 survivors (2048K)
 Metaspace       used 139129K, capacity 143342K, committed 144844K, reserved 1175552K
  class space    used 17236K, capacity 18805K, committed 19200K, reserved 1048576K
}
Event: 5731.820 GC heap before
{Heap before GC invocations=192 (full 0):
 garbage-first heap   total 244736K, used 181195K [0x0000000080000000, 0x0000000100000000)
  region size 1024K, 17 young (17408K), 2 survivors (2048K)
 Metaspace       used 139579K, capacity 143776K, committed 145228K, reserved 1175552K
  class space    used 17294K, capacity 18843K, committed 19328K, reserved 1048576K
}
Event: 5731.849 GC heap after
{Heap after GC invocations=193 (full 0):
 garbage-first heap   total 244736K, used 169140K [0x0000000080000000, 0x0000000100000000)
  region size 1024K, 3 young (3072K), 3 survivors (3072K)
 Metaspace       used 139579K, capacity 143776K, committed 145228K, reserved 1175552K
  class space    used 17294K, capacity 18843K, committed 19328K, reserved 1048576K
}
Event: 5733.032 GC heap before
{Heap before GC invocations=194 (full 0):
 garbage-first heap   total 244736K, used 178356K [0x0000000080000000, 0x0000000100000000)
  region size 1024K, 20 young (20480K), 3 survivors (3072K)
 Metaspace       used 141536K, capacity 145814K, committed 147404K, reserved 1177600K
  class space    used 17454K, capacity 19010K, committed 19456K, reserved 1048576K
}
Event: 5733.049 GC heap after
{Heap after GC invocations=195 (full 0):
 garbage-first heap   total 244736K, used 163656K [0x0000000080000000, 0x0000000100000000)
  region size 1024K, 2 young (2048K), 2 survivors (2048K)
 Metaspace       used 141536K, capacity 145814K, committed 147404K, reserved 1177600K
  class space    used 17454K, capacity 19010K, committed 19456K, reserved 1048576K
}
Event: 5733.702 GC heap before
{Heap before GC invocations=195 (full 0):
 garbage-first heap   total 244736K, used 172872K [0x0000000080000000, 0x0000000100000000)
  region size 1024K, 11 young (11264K), 2 survivors (2048K)
 Metaspace       used 141976K, capacity 146242K, committed 147660K, reserved 1177600K
  class space    used 17496K, capacity 19045K, committed 19456K, reserved 1048576K
}

Deoptimization events (20 events):
Event: 5732.931 Thread 0x0000023cca3e1000 Uncommon trap: trap_request=0xffffffbe fr.pc=0x0000023cb90f2c30 relative=0x0000000000000770
Event: 5732.931 Thread 0x0000023cca3e1000 Uncommon trap: reason=profile_predicate action=maybe_recompile pc=0x0000023cb90f2c30 method=com.android.utils.PositionXmlParser$DomBuilder.findOpeningTag(Lcom/android/utils/PositionXmlParser$Position;)Lcom/android/utils/PositionXmlParser$Position; @ 8 c2
Event: 5732.931 Thread 0x0000023cca3e1000 DEOPT PACKING pc=0x0000023cb90f2c30 sp=0x00000069610fa340
Event: 5732.931 Thread 0x0000023cca3e1000 DEOPT UNPACKING pc=0x0000023cb0eba1af sp=0x00000069610fa2c8 mode 2
Event: 5732.931 Thread 0x0000023cca3e1000 Uncommon trap: trap_request=0xffffffbe fr.pc=0x0000023cb90f2c30 relative=0x0000000000000770
Event: 5732.931 Thread 0x0000023cca3e1000 Uncommon trap: reason=profile_predicate action=maybe_recompile pc=0x0000023cb90f2c30 method=com.android.utils.PositionXmlParser$DomBuilder.findOpeningTag(Lcom/android/utils/PositionXmlParser$Position;)Lcom/android/utils/PositionXmlParser$Position; @ 8 c2
Event: 5732.931 Thread 0x0000023cca3e1000 DEOPT PACKING pc=0x0000023cb90f2c30 sp=0x00000069610fa340
Event: 5732.931 Thread 0x0000023cca3e1000 DEOPT UNPACKING pc=0x0000023cb0eba1af sp=0x00000069610fa2c8 mode 2
Event: 5732.931 Thread 0x0000023cca3e1000 Uncommon trap: trap_request=0xffffffbe fr.pc=0x0000023cb90f2c30 relative=0x0000000000000770
Event: 5732.931 Thread 0x0000023cca3e1000 Uncommon trap: reason=profile_predicate action=maybe_recompile pc=0x0000023cb90f2c30 method=com.android.utils.PositionXmlParser$DomBuilder.findOpeningTag(Lcom/android/utils/PositionXmlParser$Position;)Lcom/android/utils/PositionXmlParser$Position; @ 8 c2
Event: 5732.931 Thread 0x0000023cca3e1000 DEOPT PACKING pc=0x0000023cb90f2c30 sp=0x00000069610fa340
Event: 5732.931 Thread 0x0000023cca3e1000 DEOPT UNPACKING pc=0x0000023cb0eba1af sp=0x00000069610fa2c8 mode 2
Event: 5732.931 Thread 0x0000023cca3e1000 Uncommon trap: trap_request=0xffffffbe fr.pc=0x0000023cb90f2c30 relative=0x0000000000000770
Event: 5732.931 Thread 0x0000023cca3e1000 Uncommon trap: reason=profile_predicate action=maybe_recompile pc=0x0000023cb90f2c30 method=com.android.utils.PositionXmlParser$DomBuilder.findOpeningTag(Lcom/android/utils/PositionXmlParser$Position;)Lcom/android/utils/PositionXmlParser$Position; @ 8 c2
Event: 5732.931 Thread 0x0000023cca3e1000 DEOPT PACKING pc=0x0000023cb90f2c30 sp=0x00000069610fa340
Event: 5732.931 Thread 0x0000023cca3e1000 DEOPT UNPACKING pc=0x0000023cb0eba1af sp=0x00000069610fa2c8 mode 2
Event: 5733.065 Thread 0x0000023cca3e1000 DEOPT PACKING pc=0x0000023cb17da43a sp=0x00000069610fe3f0
Event: 5733.065 Thread 0x0000023cca3e1000 DEOPT UNPACKING pc=0x0000023cb0eba95e sp=0x00000069610fd938 mode 0
Event: 5733.698 Thread 0x0000023cca3da800 DEOPT PACKING pc=0x0000023cb1be4ab1 sp=0x0000006960ffd990
Event: 5733.698 Thread 0x0000023cca3da800 DEOPT UNPACKING pc=0x0000023cb0eba95e sp=0x0000006960ffce60 mode 0

Classes redefined (0 events):
No events

Internal exceptions (20 events):
Event: 5288.080 Thread 0x0000023cc88d8000 Exception <a 'java/lang/NoSuchMethodError'{0x000000008e84f120}: <clinit>> (0x000000008e84f120) thrown at [./src/hotspot/share/prims/jni.cpp, line 1365]
Event: 5288.186 Thread 0x0000023cc88d3800 Exception <a 'java/lang/NoSuchMethodError'{0x000000008e30a340}: <clinit>> (0x000000008e30a340) thrown at [./src/hotspot/share/prims/jni.cpp, line 1365]
Event: 5288.187 Thread 0x0000023cc88d3800 Exception <a 'java/lang/NoSuchMethodError'{0x000000008e38f908}: <clinit>> (0x000000008e38f908) thrown at [./src/hotspot/share/prims/jni.cpp, line 1365]
Event: 5288.190 Thread 0x0000023cc88d3800 Exception <a 'java/lang/NoSuchMethodError'{0x000000008e39bfd0}: <clinit>> (0x000000008e39bfd0) thrown at [./src/hotspot/share/prims/jni.cpp, line 1365]
Event: 5288.198 Thread 0x0000023cc88d3800 Exception <a 'java/lang/NoSuchMethodError'{0x000000008e3b9b80}: <clinit>> (0x000000008e3b9b80) thrown at [./src/hotspot/share/prims/jni.cpp, line 1365]
Event: 5288.199 Thread 0x0000023cc88d3800 Exception <a 'java/lang/NoSuchMethodError'{0x000000008e3c9728}: <clinit>> (0x000000008e3c9728) thrown at [./src/hotspot/share/prims/jni.cpp, line 1365]
Event: 5719.776 Thread 0x0000023cc9692000 Exception <a 'sun/nio/fs/WindowsException'{0x000000008da00040}> (0x000000008da00040) thrown at [./src/hotspot/share/prims/jni.cpp, line 615]
Event: 5723.867 Thread 0x0000023cc9692000 Exception <a 'sun/nio/fs/WindowsException'{0x000000008ed7cb80}> (0x000000008ed7cb80) thrown at [./src/hotspot/share/prims/jni.cpp, line 615]
Event: 5723.910 Thread 0x0000023cc9692000 Exception <a 'sun/nio/fs/WindowsException'{0x000000008ec265d8}> (0x000000008ec265d8) thrown at [./src/hotspot/share/prims/jni.cpp, line 615]
Event: 5723.910 Thread 0x0000023cc9692000 Exception <a 'sun/nio/fs/WindowsException'{0x000000008ec27960}> (0x000000008ec27960) thrown at [./src/hotspot/share/prims/jni.cpp, line 615]
Event: 5723.911 Thread 0x0000023cc9692000 Exception <a 'sun/nio/fs/WindowsException'{0x000000008ec28d38}> (0x000000008ec28d38) thrown at [./src/hotspot/share/prims/jni.cpp, line 615]
Event: 5723.911 Thread 0x0000023cc9692000 Exception <a 'sun/nio/fs/WindowsException'{0x000000008ec2a110}> (0x000000008ec2a110) thrown at [./src/hotspot/share/prims/jni.cpp, line 615]
Event: 5724.867 Thread 0x0000023cca3d9800 Exception <a 'java/lang/NoSuchMethodError'{0x000000008ebb5610}: <clinit>> (0x000000008ebb5610) thrown at [./src/hotspot/share/prims/jni.cpp, line 1365]
Event: 5724.868 Thread 0x0000023cca3d9800 Exception <a 'java/lang/NoSuchMethodError'{0x000000008ebc49c0}: <clinit>> (0x000000008ebc49c0) thrown at [./src/hotspot/share/prims/jni.cpp, line 1365]
Event: 5724.871 Thread 0x0000023cc969a000 Exception <a 'java/lang/NoSuchMethodError'{0x000000008ebf6d68}: <clinit>> (0x000000008ebf6d68) thrown at [./src/hotspot/share/prims/jni.cpp, line 1365]
Event: 5724.871 Thread 0x0000023cca3d9800 Exception <a 'java/lang/NoSuchMethodError'{0x000000008ebf92c8}: <clinit>> (0x000000008ebf92c8) thrown at [./src/hotspot/share/prims/jni.cpp, line 1365]
Event: 5728.850 Thread 0x0000023cca3e0000 Exception <a 'java/lang/NoSuchMethodError'{0x000000008db8cc00}: <clinit>> (0x000000008db8cc00) thrown at [./src/hotspot/share/prims/jni.cpp, line 1365]
Event: 5728.863 Thread 0x0000023cca3e0000 Exception <a 'java/lang/NoSuchMethodError'{0x000000008dad6840}: <clinit>> (0x000000008dad6840) thrown at [./src/hotspot/share/prims/jni.cpp, line 1365]
Event: 5729.385 Thread 0x0000023cc9692000 Implicit null exception at 0x0000023cb9b98acf to 0x0000023cb9b9e200
Event: 5729.560 Thread 0x0000023cc9692000 Exception <a 'sun/nio/fs/WindowsException'{0x000000008eaa8830}> (0x000000008eaa8830) thrown at [./src/hotspot/share/prims/jni.cpp, line 615]

Events (20 events):
Event: 5733.286 loading class com/android/aapt/Resources$Style$Entry$Builder
Event: 5733.286 loading class com/android/aapt/Resources$Style$Entry$Builder done
Event: 5733.295 loading class com/android/aapt/Resources$RawString$1
Event: 5733.295 loading class com/android/aapt/Resources$RawString$1 done
Event: 5733.296 loading class com/android/aapt/Resources$RawString$Builder
Event: 5733.296 loading class com/android/aapt/Resources$RawString$Builder done
Event: 5733.300 Loaded shared library C:\Program Files\Android\Android Studio\jre\bin\java.dll
Event: 5733.533 loading class com/android/build/gradle/tasks/ProcessPackagedManifestTask$WorkItem
Event: 5733.533 loading class com/android/build/gradle/tasks/ProcessPackagedManifestTask$WorkItem done
Event: 5733.562 loading class com/android/aapt/Resources$Primitive$EmptyType$1
Event: 5733.562 loading class com/android/aapt/Resources$Primitive$EmptyType$1 done
Event: 5733.571 loading class com/android/build/gradle/tasks/ProcessPackagedManifestTask$doTaskAction$1
Event: 5733.571 loading class com/android/build/gradle/tasks/ProcessPackagedManifestTask$doTaskAction$1 done
Event: 5733.572 loading class com/android/aapt/Resources$Primitive$EmptyType$Builder
Event: 5733.572 loading class com/android/aapt/Resources$Primitive$EmptyType$Builder done
Event: 5733.575 loading class com/android/build/gradle/tasks/ProcessPackagedManifestTask$WorkItemParameters
Event: 5733.575 loading class com/android/build/gradle/tasks/ProcessPackagedManifestTask$WorkItemParameters done
Event: 5733.660 loading class com/android/aapt/Resources$1
Event: 5733.660 loading class com/android/aapt/Resources$1 done
Event: 5733.702 Executing VM operation: G1CollectForAllocation


Dynamic libraries:
0x00007ff7b3ef0000 - 0x00007ff7b3efa000 	C:\Program Files\Android\Android Studio\jre\bin\java.exe
0x00007ff839470000 - 0x00007ff839668000 	C:\WINDOWS\SYSTEM32\ntdll.dll
0x00007ff837aa0000 - 0x00007ff837b5d000 	C:\WINDOWS\System32\KERNEL32.DLL
0x00007ff836d40000 - 0x00007ff83700e000 	C:\WINDOWS\System32\KERNELBASE.dll
0x00007ff836c40000 - 0x00007ff836d40000 	C:\WINDOWS\System32\ucrtbase.dll
0x00007ff8307e0000 - 0x00007ff8307f7000 	C:\Program Files\Android\Android Studio\jre\bin\VCRUNTIME140.dll
0x00007ff830710000 - 0x00007ff830729000 	C:\Program Files\Android\Android Studio\jre\bin\jli.dll
0x00007ff839290000 - 0x00007ff839430000 	C:\WINDOWS\System32\USER32.dll
0x00007ff826ad0000 - 0x00007ff826d6a000 	C:\WINDOWS\WinSxS\amd64_microsoft.windows.common-controls_6595b64144ccf1df_6.0.19041.1110_none_60b5254171f9507e\COMCTL32.dll
0x00007ff8374a0000 - 0x00007ff8374c2000 	C:\WINDOWS\System32\win32u.dll
0x00007ff8383a0000 - 0x00007ff83843e000 	C:\WINDOWS\System32\msvcrt.dll
0x00007ff837a10000 - 0x00007ff837a3a000 	C:\WINDOWS\System32\GDI32.dll
0x00007ff8372f0000 - 0x00007ff8373fb000 	C:\WINDOWS\System32\gdi32full.dll
0x00007ff837400000 - 0x00007ff83749d000 	C:\WINDOWS\System32\msvcp_win.dll
0x00007ff837a70000 - 0x00007ff837aa0000 	C:\WINDOWS\System32\IMM32.DLL
0x00007ff815250000 - 0x00007ff8152ed000 	C:\Program Files\Android\Android Studio\jre\bin\msvcp140.dll
0x00007ff803d60000 - 0x00007ff804845000 	C:\Program Files\Android\Android Studio\jre\bin\server\jvm.dll
0x00007ff838a30000 - 0x00007ff838ade000 	C:\WINDOWS\System32\ADVAPI32.dll
0x00007ff8376e0000 - 0x00007ff83777c000 	C:\WINDOWS\System32\sechost.dll
0x00007ff838140000 - 0x00007ff838265000 	C:\WINDOWS\System32\RPCRT4.dll
0x00007ff838390000 - 0x00007ff838398000 	C:\WINDOWS\System32\PSAPI.DLL
0x00007ff834c00000 - 0x00007ff834c09000 	C:\WINDOWS\SYSTEM32\WSOCK32.dll
0x00007ff826f30000 - 0x00007ff826f57000 	C:\WINDOWS\SYSTEM32\WINMM.dll
0x00007ff834b70000 - 0x00007ff834b7a000 	C:\WINDOWS\SYSTEM32\VERSION.dll
0x00007ff837bc0000 - 0x00007ff837c2b000 	C:\WINDOWS\System32\WS2_32.dll
0x00007ff834c70000 - 0x00007ff834c82000 	C:\WINDOWS\SYSTEM32\kernel.appcore.dll
0x00007ff834be0000 - 0x00007ff834bf1000 	C:\Program Files\Android\Android Studio\jre\bin\verify.dll
0x00007ff824a00000 - 0x00007ff824be4000 	C:\WINDOWS\SYSTEM32\DBGHELP.DLL
0x00007ff824fb0000 - 0x00007ff824fdc000 	C:\WINDOWS\SYSTEM32\dbgcore.DLL
0x00007ff837210000 - 0x00007ff837292000 	C:\WINDOWS\System32\bcryptPrimitives.dll
0x00007ff834bb0000 - 0x00007ff834bd9000 	C:\Program Files\Android\Android Studio\jre\bin\java.dll
0x00007ff834ba0000 - 0x00007ff834bab000 	C:\Program Files\Android\Android Studio\jre\bin\jimage.dll
0x00007ff834b50000 - 0x00007ff834b68000 	C:\Program Files\Android\Android Studio\jre\bin\zip.dll
0x00007ff838ae0000 - 0x00007ff839224000 	C:\WINDOWS\System32\SHELL32.dll
0x00007ff834c90000 - 0x00007ff835424000 	C:\WINDOWS\SYSTEM32\windows.storage.dll
0x00007ff837de0000 - 0x00007ff838134000 	C:\WINDOWS\System32\combase.dll
0x00007ff836520000 - 0x00007ff836550000 	C:\WINDOWS\SYSTEM32\Wldp.dll
0x00007ff837830000 - 0x00007ff8378dd000 	C:\WINDOWS\System32\SHCORE.dll
0x00007ff837b60000 - 0x00007ff837bb5000 	C:\WINDOWS\System32\shlwapi.dll
0x00007ff836ad0000 - 0x00007ff836aef000 	C:\WINDOWS\SYSTEM32\profapi.dll
0x00007ff834b30000 - 0x00007ff834b4a000 	C:\Program Files\Android\Android Studio\jre\bin\net.dll
0x00007ff829bb0000 - 0x00007ff829cba000 	C:\WINDOWS\SYSTEM32\WINHTTP.dll
0x00007ff836280000 - 0x00007ff8362ea000 	C:\WINDOWS\system32\mswsock.dll
0x00007ff834b10000 - 0x00007ff834b24000 	C:\Program Files\Android\Android Studio\jre\bin\nio.dll
0x00007ff830800000 - 0x00007ff830827000 	C:\Users\LENOVO\.gradle\native\e1d6ef7f7dcc3fd88c89a11ec53ec762bb8ba0a96d01ffa2cd45eb1d1d8dd5c5\windows-amd64\native-platform.dll
0x00007ff814800000 - 0x00007ff814944000 	C:\Users\LENOVO\.gradle\native\5664cfc778a61ccfe75a443a1ab52a65af34e5dc3c78e0209fed803814484fcb\windows-amd64\native-platform-file-events.dll
0x00007ff834b90000 - 0x00007ff834b9a000 	C:\Program Files\Android\Android Studio\jre\bin\management.dll
0x00007ff834b00000 - 0x00007ff834b0d000 	C:\Program Files\Android\Android Studio\jre\bin\management_ext.dll
0x00007ff836470000 - 0x00007ff836488000 	C:\WINDOWS\SYSTEM32\CRYPTSP.dll
0x00007ff835c00000 - 0x00007ff835c34000 	C:\WINDOWS\system32\rsaenh.dll
0x00007ff8371e0000 - 0x00007ff837207000 	C:\WINDOWS\System32\bcrypt.dll
0x00007ff836a50000 - 0x00007ff836a7e000 	C:\WINDOWS\SYSTEM32\USERENV.dll
0x00007ff836490000 - 0x00007ff83649c000 	C:\WINDOWS\SYSTEM32\CRYPTBASE.dll
0x00007ff835f70000 - 0x00007ff835fab000 	C:\WINDOWS\SYSTEM32\IPHLPAPI.DLL
0x00007ff837a40000 - 0x00007ff837a48000 	C:\WINDOWS\System32\NSI.dll
0x00007ff82b270000 - 0x00007ff82b287000 	C:\WINDOWS\SYSTEM32\dhcpcsvc6.DLL
0x00007ff82b980000 - 0x00007ff82b99d000 	C:\WINDOWS\SYSTEM32\dhcpcsvc.DLL
0x00007ff835fb0000 - 0x00007ff83607a000 	C:\WINDOWS\SYSTEM32\DNSAPI.dll
0x00007ff830780000 - 0x00007ff83079e000 	C:\Users\LENOVO\AppData\Local\Temp\native-platform5555682173139042595dir\native-platform.dll
0x00007ff832180000 - 0x00007ff832188000 	C:\Program Files\Android\Android Studio\jre\bin\rmi.dll
0x00007ff8307a0000 - 0x00007ff8307c7000 	C:\Program Files\Android\Android Studio\jre\bin\sunec.dll
0x00007ff835890000 - 0x00007ff8358c3000 	C:\WINDOWS\SYSTEM32\ntmarta.dll

dbghelp: loaded successfully - version: 4.0.5 - missing functions: none
symbol engine: initialized successfully - sym options: 0x614 - pdb path: .;C:\Program Files\Android\Android Studio\jre\bin;C:\WINDOWS\SYSTEM32;C:\WINDOWS\WinSxS\amd64_microsoft.windows.common-controls_6595b64144ccf1df_6.0.19041.1110_none_60b5254171f9507e;C:\Program Files\Android\Android Studio\jre\bin\server;C:\Users\LENOVO\.gradle\native\e1d6ef7f7dcc3fd88c89a11ec53ec762bb8ba0a96d01ffa2cd45eb1d1d8dd5c5\windows-amd64;C:\Users\LENOVO\.gradle\native\5664cfc778a61ccfe75a443a1ab52a65af34e5dc3c78e0209fed803814484fcb\windows-amd64;C:\Users\LENOVO\AppData\Local\Temp\native-platform5555682173139042595dir

VM Arguments:
jvm_args: --add-opens=java.base/java.util=ALL-UNNAMED --add-opens=java.base/java.lang=ALL-UNNAMED --add-opens=java.base/java.lang.invoke=ALL-UNNAMED --add-opens=java.base/java.util=ALL-UNNAMED --add-opens=java.prefs/java.util.prefs=ALL-UNNAMED --add-opens=java.prefs/java.util.prefs=ALL-UNNAMED --add-opens=java.base/java.nio.charset=ALL-UNNAMED --add-opens=java.base/java.net=ALL-UNNAMED --add-opens=java.base/java.util.concurrent.atomic=ALL-UNNAMED -Xmx2048m -Dfile.encoding=UTF-8 -Duser.country=US -Duser.language=en -Duser.variant 
java_command: org.gradle.launcher.daemon.bootstrap.GradleDaemon 7.3.3
java_class_path (initial): C:\Users\LENOVO\.gradle\wrapper\dists\gradle-7.3.3-bin\6a41zxkdtcxs8rphpq6y0069z\gradle-7.3.3\lib\gradle-launcher-7.3.3.jar
Launcher Type: SUN_STANDARD

[Global flags]
     intx CICompilerCount                          = 3                                         {product} {ergonomic}
     uint ConcGCThreads                            = 1                                         {product} {ergonomic}
     uint G1ConcRefinementThreads                  = 4                                         {product} {ergonomic}
   size_t G1HeapRegionSize                         = 1048576                                   {product} {ergonomic}
    uintx GCDrainStackTargetSize                   = 64                                        {product} {ergonomic}
   size_t InitialHeapSize                          = 67108864                                  {product} {ergonomic}
   size_t MarkStackSize                            = 4194304                                   {product} {ergonomic}
   size_t MaxHeapSize                              = 2147483648                                {product} {command line}
   size_t MaxNewSize                               = 1287651328                                {product} {ergonomic}
   size_t MinHeapDeltaBytes                        = 1048576                                   {product} {ergonomic}
    uintx NonNMethodCodeHeapSize                   = 5830732                                {pd product} {ergonomic}
    uintx NonProfiledCodeHeapSize                  = 122913754                              {pd product} {ergonomic}
    uintx ProfiledCodeHeapSize                     = 122913754                              {pd product} {ergonomic}
    uintx ReservedCodeCacheSize                    = 251658240                              {pd product} {ergonomic}
     bool SegmentedCodeCache                       = true                                      {product} {ergonomic}
     bool UseCompressedClassPointers               = true                                 {lp64_product} {ergonomic}
     bool UseCompressedOops                        = true                                 {lp64_product} {ergonomic}
     bool UseG1GC                                  = true                                      {product} {ergonomic}
     bool UseLargePagesIndividualAllocation        = false                                  {pd product} {ergonomic}

Logging:
Log output configuration:
 #0: stdout all=warning uptime,level,tags
 #1: stderr all=off uptime,level,tags

Environment Variables:
PATH=C:\WINDOWS\system32;C:\WINDOWS;C:\WINDOWS\System32\Wbem;C:\WINDOWS\System32\WindowsPowerShell\v1.0\;C:\WINDOWS\System32\OpenSSH\;C:\Users\LENOVO\AppData\Local\Microsoft\WindowsApps;C:\Users\LENOVO\AppData\Local\GitHubDesktop\bin;C:\Program Files\JetBrains\IntelliJ IDEA 2022.2\bin;;
USERNAME=LENOVO
OS=Windows_NT
PROCESSOR_IDENTIFIER=Intel64 Family 6 Model 42 Stepping 7, GenuineIntel



---------------  S Y S T E M  ---------------

OS: Windows 10 , 64 bit Build 19041 (10.0.19041.1889)
OS uptime: 0 days 2:42 hours

CPU:total 4 (initial active 4) (2 cores per cpu, 2 threads per core) family 6 model 42 stepping 7 microcode 0x2f, cmov, cx8, fxsr, mmx, sse, sse2, sse3, ssse3, sse4.1, sse4.2, popcnt, avx, clmul, ht, tsc, tscinvbit

Memory: 4k page, system-wide physical 3996M (588M free)
TotalPageFile size 6044M (AvailPageFile size 99M)
current process WorkingSet (physical memory assigned to process): 481M, peak: 486M
current process commit charge ("private bytes"): 649M, peak: 888M

vm_info: OpenJDK 64-Bit Server VM (11.0.12+7-b1504.28-7817840) for windows-amd64 JRE (11.0.12+7-b1504.28-7817840), built on Oct 13 2021 22:12:33 by "builder" with MS VC++ 14.0 (VS2015)

END.
