#
# There is insufficient memory for the Java Runtime Environment to continue.
# Native memory allocation (mmap) failed to map 16777216 bytes for Failed to commit area from 0x0000000084d00000 to 0x0000000085d00000 of length 16777216.
# Possible reasons:
#   The system is out of physical RAM or swap space
#   The process is running with CompressedOops enabled, and the Java Heap may be blocking the growth of the native heap
# Possible solutions:
#   Reduce memory load on the system
#   Increase physical memory or swap space
#   Check if swap backing store is full
#   Decrease Java heap size (-Xmx/-Xms)
#   Decrease number of Java threads
#   Decrease Java thread stack sizes (-Xss)
#   Set larger code cache with -XX:ReservedCodeCacheSize=
#   JVM is running with Unscaled Compressed Oops mode in which the Java heap is
#     placed in the first 4GB address space. The Java Heap base address is the
#     maximum limit for the native heap growth. Please use -XX:HeapBaseMinAddress
#     to set the Java Heap base and to place the Java Heap above 4GB virtual address.
# This output file may be truncated or incomplete.
#
#  Out of Memory Error (./src/hotspot/os/windows/os_windows.cpp:3521), pid=10216, tid=8348
#
# JRE version: OpenJDK Runtime Environment (11.0.12+7) (build 11.0.12+7-b1504.28-7817840)
# Java VM: OpenJDK 64-Bit Server VM (11.0.12+7-b1504.28-7817840, mixed mode, tiered, compressed oops, g1 gc, windows-amd64)
# No core dump will be written. Minidumps are not enabled by default on client versions of Windows
#

---------------  S U M M A R Y ------------

Command Line: --add-opens=java.base/java.util=ALL-UNNAMED --add-opens=java.base/java.lang=ALL-UNNAMED --add-opens=java.base/java.lang.invoke=ALL-UNNAMED --add-opens=java.base/java.util=ALL-UNNAMED --add-opens=java.prefs/java.util.prefs=ALL-UNNAMED --add-opens=java.prefs/java.util.prefs=ALL-UNNAMED --add-opens=java.base/java.nio.charset=ALL-UNNAMED --add-opens=java.base/java.net=ALL-UNNAMED --add-opens=java.base/java.util.concurrent.atomic=ALL-UNNAMED -Xmx2048m -Dfile.encoding=UTF-8 -Duser.country=US -Duser.language=en -Duser.variant org.gradle.launcher.daemon.bootstrap.GradleDaemon 7.3.3

Host: Intel(R) Core(TM) i3-2348M CPU @ 2.30GHz, 4 cores, 3G,  Windows 10 , 64 bit Build 19041 (10.0.19041.1889)
Time: Mon Aug 29 11:26:20 2022 India Standard Time elapsed time: 18.607638 seconds (0d 0h 0m 18s)

---------------  T H R E A D  ---------------

Current thread (0x0000017a325a8000):  VMThread "VM Thread" [stack: 0x000000146ad00000,0x000000146ae00000] [id=8348]

Stack: [0x000000146ad00000,0x000000146ae00000]
[error occurred during error reporting (printing stack bounds), id 0xc0000005, EXCEPTION_ACCESS_VIOLATION (0xc0000005) at pc=0x0000017a1bdd112d]

Native frames: (J=compiled Java code, j=interpreted, Vv=VM code, C=native code)
V  [jvm.dll+0x5fbcea]
V  [jvm.dll+0x731905]
V  [jvm.dll+0x732f1d]
V  [jvm.dll+0x733535]
V  [jvm.dll+0x7334eb]
V  [jvm.dll+0x5fb080]
V  [jvm.dll+0x5fb818]
C  [ntdll.dll+0xa229f]
C  [ntdll.dll+0x51454]
C  [ntdll.dll+0xa0dce]
C  0x0000017a1bdd112d

VM_Operation (0x000000146bff5c70): G1CollectForAllocation, mode: safepoint, requested by thread 0x0000017a33b55800


---------------  P R O C E S S  ---------------

Threads class SMR info:
_java_thread_list=0x0000017a33edadc0, length=35, elements={
0x0000017a182b9800, 0x0000017a325b0000, 0x0000017a325b1000, 0x0000017a1839d800,
0x0000017a32607800, 0x0000017a32608000, 0x0000017a3260b000, 0x0000017a32610800,
0x0000017a32613000, 0x0000017a33069000, 0x0000017a35a53800, 0x0000017a33ffa800,
0x0000017a33ffb800, 0x0000017a35cc6800, 0x0000017a3308b000, 0x0000017a35c78000,
0x0000017a33b55800, 0x0000017a342d7000, 0x0000017a3466e800, 0x0000017a33e20000,
0x0000017a33e24000, 0x0000017a33e22800, 0x0000017a33e23800, 0x0000017a33e25000,
0x0000017a33e1f000, 0x0000017a33e25800, 0x0000017a33e21000, 0x0000017a33e21800,
0x0000017a3434f000, 0x0000017a34354000, 0x0000017a34351800, 0x0000017a34353000,
0x0000017a3434e000, 0x0000017a34354800, 0x0000017a34350800
}

Java Threads: ( => current thread )
  0x0000017a182b9800 JavaThread "main" [_thread_blocked, id=10804, stack(0x000000146a700000,0x000000146a800000)]
  0x0000017a325b0000 JavaThread "Reference Handler" daemon [_thread_blocked, id=9320, stack(0x000000146ae00000,0x000000146af00000)]
  0x0000017a325b1000 JavaThread "Finalizer" daemon [_thread_blocked, id=5556, stack(0x000000146af00000,0x000000146b000000)]
  0x0000017a1839d800 JavaThread "Signal Dispatcher" daemon [_thread_blocked, id=8544, stack(0x000000146b000000,0x000000146b100000)]
  0x0000017a32607800 JavaThread "Attach Listener" daemon [_thread_blocked, id=10404, stack(0x000000146b100000,0x000000146b200000)]
  0x0000017a32608000 JavaThread "Service Thread" daemon [_thread_blocked, id=8804, stack(0x000000146b200000,0x000000146b300000)]
  0x0000017a3260b000 JavaThread "C2 CompilerThread0" daemon [_thread_in_native, id=7240, stack(0x000000146b300000,0x000000146b400000)]
  0x0000017a32610800 JavaThread "C1 CompilerThread0" daemon [_thread_blocked, id=6396, stack(0x000000146b400000,0x000000146b500000)]
  0x0000017a32613000 JavaThread "Sweeper thread" daemon [_thread_blocked, id=8840, stack(0x000000146b500000,0x000000146b600000)]
  0x0000017a33069000 JavaThread "Common-Cleaner" daemon [_thread_blocked, id=5912, stack(0x000000146b600000,0x000000146b700000)]
  0x0000017a35a53800 JavaThread "Daemon health stats" [_thread_blocked, id=10544, stack(0x000000146b900000,0x000000146ba00000)]
  0x0000017a33ffa800 JavaThread "Incoming local TCP Connector on port 59992" [_thread_in_native, id=3844, stack(0x000000146ba00000,0x000000146bb00000)]
  0x0000017a33ffb800 JavaThread "Daemon periodic checks" [_thread_blocked, id=8248, stack(0x000000146bb00000,0x000000146bc00000)]
  0x0000017a35cc6800 JavaThread "Daemon" [_thread_blocked, id=2956, stack(0x000000146bc00000,0x000000146bd00000)]
  0x0000017a3308b000 JavaThread "Handler for socket connection from /127.0.0.1:59992 to /127.0.0.1:59994" [_thread_in_native, id=2032, stack(0x000000146bd00000,0x000000146be00000)]
  0x0000017a35c78000 JavaThread "Cancel handler" [_thread_blocked, id=4328, stack(0x000000146be00000,0x000000146bf00000)]
  0x0000017a33b55800 JavaThread "Daemon worker" [_thread_blocked, id=5760, stack(0x000000146bf00000,0x000000146c000000)]
  0x0000017a342d7000 JavaThread "Asynchronous log dispatcher for DefaultDaemonConnection: socket connection from /127.0.0.1:59992 to /127.0.0.1:59994" [_thread_blocked, id=9064, stack(0x000000146c000000,0x000000146c100000)]
  0x0000017a3466e800 JavaThread "Stdin handler" [_thread_blocked, id=1308, stack(0x000000146c100000,0x000000146c200000)]
  0x0000017a33e20000 JavaThread "Daemon client event forwarder" [_thread_blocked, id=4672, stack(0x000000146c200000,0x000000146c300000)]
  0x0000017a33e24000 JavaThread "Cache worker for journal cache (C:\Users\LENOVO\.gradle\caches\journal-1)" [_thread_blocked, id=6448, stack(0x000000146c500000,0x000000146c600000)]
  0x0000017a33e22800 JavaThread "File lock request listener" [_thread_in_native, id=5584, stack(0x000000146c600000,0x000000146c700000)]
  0x0000017a33e23800 JavaThread "Cache worker for file hash cache (C:\Users\LENOVO\.gradle\caches\7.3.3\fileHashes)" [_thread_blocked, id=3492, stack(0x000000146c700000,0x000000146c800000)]
  0x0000017a33e25000 JavaThread "Cache worker for file hash cache (D:\ANDROID PROJECTS\Module3\.gradle\7.3.3\fileHashes)" [_thread_blocked, id=2596, stack(0x000000146c800000,0x000000146c900000)]
  0x0000017a33e1f000 JavaThread "File watcher server" daemon [_thread_in_native, id=6948, stack(0x000000146c900000,0x000000146ca00000)]
  0x0000017a33e25800 JavaThread "File watcher consumer" daemon [_thread_blocked, id=3268, stack(0x000000146ca00000,0x000000146cb00000)]
  0x0000017a33e21000 JavaThread "jar transforms" [_thread_blocked, id=8228, stack(0x000000146cb00000,0x000000146cc00000)]
  0x0000017a33e21800 JavaThread "jar transforms Thread 2" [_thread_blocked, id=7944, stack(0x000000146cc00000,0x000000146cd00000)]
  0x0000017a3434f000 JavaThread "jar transforms Thread 3" [_thread_blocked, id=3272, stack(0x000000146cd00000,0x000000146ce00000)]
  0x0000017a34354000 JavaThread "jar transforms Thread 4" [_thread_blocked, id=7980, stack(0x000000146ce00000,0x000000146cf00000)]
  0x0000017a34351800 JavaThread "Cache worker for checksums cache (D:\ANDROID PROJECTS\Module3\.gradle\7.3.3\checksums)" [_thread_blocked, id=596, stack(0x000000146cf00000,0x000000146d000000)]
  0x0000017a34353000 JavaThread "Cache worker for cache directory md-supplier (C:\Users\LENOVO\.gradle\caches\7.3.3\md-supplier)" [_thread_blocked, id=7124, stack(0x000000146d000000,0x000000146d100000)]
  0x0000017a3434e000 JavaThread "Cache worker for cache directory md-rule (C:\Users\LENOVO\.gradle\caches\7.3.3\md-rule)" [_thread_blocked, id=8564, stack(0x000000146d100000,0x000000146d200000)]
  0x0000017a34354800 JavaThread "Cache worker for execution history cache (C:\Users\LENOVO\.gradle\caches\7.3.3\executionHistory)" [_thread_blocked, id=5716, stack(0x000000146d200000,0x000000146d300000)]
  0x0000017a34350800 JavaThread "Cache worker for file content cache (C:\Users\LENOVO\.gradle\caches\7.3.3\fileContent)" [_thread_blocked, id=7324, stack(0x000000146d300000,0x000000146d400000)]

Other Threads:
=>0x0000017a325a8000 VMThread "VM Thread" [stack: 0x000000146ad00000,0x000000146ae00000] [id=8348]
  0x0000017a330da800 WatcherThread [stack: 0x000000146b700000,0x000000146b800000] [id=6916]
  0x0000017a182d5000 GCTaskThread "GC Thread#0" [stack: 0x000000146a800000,0x000000146a900000] [id=3696]
  0x0000017a33b07800 GCTaskThread "GC Thread#1" [stack: 0x000000146b800000,0x000000146b900000] [id=9016]
  0x0000017a33c46800 GCTaskThread "GC Thread#2" [stack: 0x000000146c300000,0x000000146c400000] [id=1008]
  0x0000017a340bf800 GCTaskThread "GC Thread#3" [stack: 0x000000146c400000,0x000000146c500000] [id=4824]
  0x0000017a18305800 ConcurrentGCThread "G1 Main Marker" [stack: 0x000000146a900000,0x000000146aa00000] [id=8964]
  0x0000017a18307800 ConcurrentGCThread "G1 Conc#0" [stack: 0x000000146aa00000,0x000000146ab00000] [id=6856]
  0x0000017a1835f800 ConcurrentGCThread "G1 Refine#0" [stack: 0x000000146ab00000,0x000000146ac00000] [id=10760]
  0x0000017a18360800 ConcurrentGCThread "G1 Young RemSet Sampling" [stack: 0x000000146ac00000,0x000000146ad00000] [id=10772]

Threads with active compile tasks:
C2 CompilerThread0  18706 3660       4       java.util.AbstractCollection::addAll (42 bytes)

VM state:at safepoint (normal execution)

VM Mutex/Monitor currently owned by a thread:  ([mutex/lock_event])
[0x0000017a182b4bf0] Threads_lock - owner thread: 0x0000017a325a8000
[0x0000017a182b5190] Heap_lock - owner thread: 0x0000017a33b55800

Heap address: 0x0000000080000000, size: 2048 MB, Compressed Oops mode: 32-bit
Narrow klass base: 0x0000000000000000, Narrow klass shift: 3
Compressed class space size: 1073741824 Address: 0x0000000100000000

Heap:
 garbage-first heap   total 95232K, used 41158K [0x0000000080000000, 0x0000000100000000)
  region size 1024K, 2 young (2048K), 2 survivors (2048K)
 Metaspace       used 42071K, capacity 43230K, committed 43596K, reserved 1087488K
  class space    used 5407K, capacity 5825K, committed 5964K, reserved 1048576K
Heap Regions: E=young(eden), S=young(survivor), O=old, HS=humongous(starts), HC=humongous(continues), CS=collection set, F=free, A=archive, TAMS=top-at-mark-start (previous, next)
|   0|0x0000000080000000, 0x0000000080100000, 0x0000000080100000|100%| O|  |TAMS 0x0000000080100000, 0x0000000080000000| Untracked 
|   1|0x0000000080100000, 0x0000000080200000, 0x0000000080200000|100%| O|  |TAMS 0x0000000080200000, 0x0000000080100000| Untracked 
|   2|0x0000000080200000, 0x0000000080300000, 0x0000000080300000|100%| O|  |TAMS 0x0000000080300000, 0x0000000080200000| Untracked 
|   3|0x0000000080300000, 0x0000000080400000, 0x0000000080400000|100%|HS|  |TAMS 0x0000000080400000, 0x0000000080300000| Complete 
|   4|0x0000000080400000, 0x0000000080500000, 0x0000000080500000|100%|HC|  |TAMS 0x0000000080500000, 0x0000000080400000| Complete 
|   5|0x0000000080500000, 0x0000000080600000, 0x0000000080600000|100%|HC|  |TAMS 0x0000000080600000, 0x0000000080500000| Complete 
|   6|0x0000000080600000, 0x0000000080700000, 0x0000000080700000|100%| O|  |TAMS 0x0000000080700000, 0x0000000080600000| Untracked 
|   7|0x0000000080700000, 0x0000000080800000, 0x0000000080800000|100%| O|  |TAMS 0x0000000080800000, 0x0000000080700000| Untracked 
|   8|0x0000000080800000, 0x0000000080900000, 0x0000000080900000|100%| O|  |TAMS 0x0000000080900000, 0x0000000080800000| Untracked 
|   9|0x0000000080900000, 0x0000000080a00000, 0x0000000080a00000|100%| O|  |TAMS 0x0000000080a00000, 0x0000000080900000| Untracked 
|  10|0x0000000080a00000, 0x0000000080b00000, 0x0000000080b00000|100%| O|  |TAMS 0x0000000080b00000, 0x0000000080a00000| Untracked 
|  11|0x0000000080b00000, 0x0000000080c00000, 0x0000000080c00000|100%| O|  |TAMS 0x0000000080c00000, 0x0000000080b00000| Untracked 
|  12|0x0000000080c00000, 0x0000000080d00000, 0x0000000080d00000|100%| O|  |TAMS 0x0000000080d00000, 0x0000000080c00000| Untracked 
|  13|0x0000000080d00000, 0x0000000080e00000, 0x0000000080e00000|100%| O|  |TAMS 0x0000000080e00000, 0x0000000080d00000| Untracked 
|  14|0x0000000080e00000, 0x0000000080f00000, 0x0000000080f00000|100%| O|  |TAMS 0x0000000080f00000, 0x0000000080e00000| Untracked 
|  15|0x0000000080f00000, 0x0000000081000000, 0x0000000081000000|100%| O|  |TAMS 0x0000000081000000, 0x0000000080f00000| Untracked 
|  16|0x0000000081000000, 0x0000000081100000, 0x0000000081100000|100%| O|  |TAMS 0x0000000081100000, 0x0000000081000000| Untracked 
|  17|0x0000000081100000, 0x0000000081200000, 0x0000000081200000|100%|HS|  |TAMS 0x0000000081200000, 0x0000000081100000| Complete 
|  18|0x0000000081200000, 0x0000000081300000, 0x0000000081300000|100%|HC|  |TAMS 0x0000000081300000, 0x0000000081200000| Complete 
|  19|0x0000000081300000, 0x0000000081400000, 0x0000000081400000|100%|HS|  |TAMS 0x0000000081400000, 0x0000000081300000| Complete 
|  20|0x0000000081400000, 0x0000000081500000, 0x0000000081500000|100%|HC|  |TAMS 0x0000000081500000, 0x0000000081400000| Complete 
|  21|0x0000000081500000, 0x0000000081600000, 0x0000000081600000|100%|HC|  |TAMS 0x0000000081600000, 0x0000000081500000| Complete 
|  22|0x0000000081600000, 0x0000000081700000, 0x0000000081700000|100%|HS|  |TAMS 0x0000000081700000, 0x0000000081600000| Complete 
|  23|0x0000000081700000, 0x0000000081800000, 0x0000000081800000|100%|HS|  |TAMS 0x0000000081800000, 0x0000000081700000| Complete 
|  24|0x0000000081800000, 0x0000000081900000, 0x0000000081900000|100%|HC|  |TAMS 0x0000000081900000, 0x0000000081800000| Complete 
|  25|0x0000000081900000, 0x0000000081a00000, 0x0000000081a00000|100%|HC|  |TAMS 0x0000000081a00000, 0x0000000081900000| Complete 
|  26|0x0000000081a00000, 0x0000000081b00000, 0x0000000081b00000|100%|HC|  |TAMS 0x0000000081b00000, 0x0000000081a00000| Complete 
|  27|0x0000000081b00000, 0x0000000081c00000, 0x0000000081c00000|100%| O|  |TAMS 0x0000000081c00000, 0x0000000081b00000| Untracked 
|  28|0x0000000081c00000, 0x0000000081d00000, 0x0000000081d00000|100%| O|  |TAMS 0x0000000081d00000, 0x0000000081c00000| Untracked 
|  29|0x0000000081d00000, 0x0000000081e00000, 0x0000000081e00000|100%| O|  |TAMS 0x0000000081e00000, 0x0000000081d00000| Untracked 
|  30|0x0000000081e00000, 0x0000000081f00000, 0x0000000081f00000|100%| O|  |TAMS 0x0000000081f00000, 0x0000000081e00000| Untracked 
|  31|0x0000000081f00000, 0x0000000082000000, 0x0000000082000000|100%| O|  |TAMS 0x0000000082000000, 0x0000000081f00000| Untracked 
|  32|0x0000000082000000, 0x0000000082100000, 0x0000000082100000|100%| O|  |TAMS 0x0000000082100000, 0x0000000082000000| Untracked 
|  33|0x0000000082100000, 0x0000000082200000, 0x0000000082200000|100%| O|  |TAMS 0x0000000082200000, 0x0000000082100000| Untracked 
|  34|0x0000000082200000, 0x0000000082300000, 0x0000000082300000|100%| O|  |TAMS 0x0000000082300000, 0x0000000082200000| Untracked 
|  35|0x0000000082300000, 0x0000000082400000, 0x0000000082400000|100%| O|  |TAMS 0x0000000082400000, 0x0000000082300000| Untracked 
|  36|0x0000000082400000, 0x0000000082500000, 0x0000000082500000|100%| O|  |TAMS 0x0000000082500000, 0x0000000082400000| Untracked 
|  37|0x0000000082500000, 0x0000000082600000, 0x0000000082600000|100%| O|  |TAMS 0x0000000082532600, 0x0000000082500000| Untracked 
|  38|0x0000000082600000, 0x0000000082600000, 0x0000000082700000|  0%| F|  |TAMS 0x0000000082600000, 0x0000000082600000| Untracked 
|  39|0x0000000082700000, 0x0000000082700000, 0x0000000082800000|  0%| F|  |TAMS 0x0000000082700000, 0x0000000082700000| Untracked 
|  40|0x0000000082800000, 0x0000000082800000, 0x0000000082900000|  0%| F|  |TAMS 0x0000000082800000, 0x0000000082800000| Untracked 
|  41|0x0000000082900000, 0x00000000829ffa00, 0x0000000082a00000| 99%| O|  |TAMS 0x0000000082900000, 0x0000000082900000| Untracked 
|  42|0x0000000082a00000, 0x0000000082a00000, 0x0000000082b00000|  0%| F|  |TAMS 0x0000000082a00000, 0x0000000082a00000| Untracked 
|  43|0x0000000082b00000, 0x0000000082b00000, 0x0000000082c00000|  0%| F|  |TAMS 0x0000000082b00000, 0x0000000082b00000| Untracked 
|  44|0x0000000082c00000, 0x0000000082c00000, 0x0000000082d00000|  0%| F|  |TAMS 0x0000000082c00000, 0x0000000082c00000| Untracked 
|  45|0x0000000082d00000, 0x0000000082d00000, 0x0000000082e00000|  0%| F|  |TAMS 0x0000000082d00000, 0x0000000082d00000| Untracked 
|  46|0x0000000082e00000, 0x0000000082e00000, 0x0000000082f00000|  0%| F|  |TAMS 0x0000000082e00000, 0x0000000082e00000| Untracked 
|  47|0x0000000082f00000, 0x0000000082f00000, 0x0000000083000000|  0%| F|  |TAMS 0x0000000082f00000, 0x0000000082f00000| Untracked 
|  48|0x0000000083000000, 0x0000000083000000, 0x0000000083100000|  0%| F|  |TAMS 0x0000000083000000, 0x0000000083000000| Untracked 
|  49|0x0000000083100000, 0x0000000083100000, 0x0000000083200000|  0%| F|  |TAMS 0x0000000083100000, 0x0000000083100000| Untracked 
|  50|0x0000000083200000, 0x0000000083200000, 0x0000000083300000|  0%| F|  |TAMS 0x0000000083200000, 0x0000000083200000| Untracked 
|  51|0x0000000083300000, 0x0000000083300000, 0x0000000083400000|  0%| F|  |TAMS 0x0000000083300000, 0x0000000083300000| Untracked 
|  52|0x0000000083400000, 0x0000000083400000, 0x0000000083500000|  0%| F|  |TAMS 0x0000000083400000, 0x0000000083400000| Untracked 
|  53|0x0000000083500000, 0x0000000083531e40, 0x0000000083600000| 19%| S|CS|TAMS 0x0000000083500000, 0x0000000083500000| Complete 
|  54|0x0000000083600000, 0x0000000083700000, 0x0000000083700000|100%| S|CS|TAMS 0x0000000083600000, 0x0000000083600000| Complete 
|  55|0x0000000083700000, 0x0000000083700000, 0x0000000083800000|  0%| F|  |TAMS 0x0000000083700000, 0x0000000083700000| Untracked 
|  56|0x0000000083800000, 0x0000000083800000, 0x0000000083900000|  0%| F|  |TAMS 0x0000000083800000, 0x0000000083800000| Untracked 
|  57|0x0000000083900000, 0x0000000083900000, 0x0000000083a00000|  0%| F|  |TAMS 0x0000000083900000, 0x0000000083900000| Untracked 
|  58|0x0000000083a00000, 0x0000000083a00000, 0x0000000083b00000|  0%| F|  |TAMS 0x0000000083a00000, 0x0000000083a00000| Untracked 
|  59|0x0000000083b00000, 0x0000000083b00000, 0x0000000083c00000|  0%| F|  |TAMS 0x0000000083b00000, 0x0000000083b00000| Untracked 
|  60|0x0000000083c00000, 0x0000000083c00000, 0x0000000083d00000|  0%| F|  |TAMS 0x0000000083c00000, 0x0000000083c00000| Untracked 
|  61|0x0000000083d00000, 0x0000000083d00000, 0x0000000083e00000|  0%| F|  |TAMS 0x0000000083d00000, 0x0000000083d00000| Untracked 
|  62|0x0000000083e00000, 0x0000000083e00000, 0x0000000083f00000|  0%| F|  |TAMS 0x0000000083e00000, 0x0000000083e00000| Untracked 
|  63|0x0000000083f00000, 0x0000000083f00000, 0x0000000084000000|  0%| F|  |TAMS 0x0000000083f00000, 0x0000000083f00000| Untracked 
|  64|0x0000000084000000, 0x0000000084000000, 0x0000000084100000|  0%| F|  |TAMS 0x0000000084000000, 0x0000000084000000| Untracked 
|  65|0x0000000084100000, 0x0000000084100000, 0x0000000084200000|  0%| F|  |TAMS 0x0000000084100000, 0x0000000084100000| Untracked 
|  66|0x0000000084200000, 0x0000000084200000, 0x0000000084300000|  0%| F|  |TAMS 0x0000000084200000, 0x0000000084200000| Untracked 
|  67|0x0000000084300000, 0x0000000084300000, 0x0000000084400000|  0%| F|  |TAMS 0x0000000084300000, 0x0000000084300000| Untracked 
|  68|0x0000000084400000, 0x0000000084400000, 0x0000000084500000|  0%| F|  |TAMS 0x0000000084400000, 0x0000000084400000| Untracked 
|  69|0x0000000084500000, 0x0000000084500000, 0x0000000084600000|  0%| F|  |TAMS 0x0000000084500000, 0x0000000084500000| Untracked 
|  70|0x0000000084600000, 0x0000000084600000, 0x0000000084700000|  0%| F|  |TAMS 0x0000000084600000, 0x0000000084600000| Untracked 
|  71|0x0000000084700000, 0x0000000084700000, 0x0000000084800000|  0%| F|  |TAMS 0x0000000084700000, 0x0000000084700000| Untracked 
|  72|0x0000000084800000, 0x0000000084800000, 0x0000000084900000|  0%| F|  |TAMS 0x0000000084800000, 0x0000000084800000| Untracked 
|  73|0x0000000084900000, 0x0000000084900000, 0x0000000084a00000|  0%| F|  |TAMS 0x0000000084900000, 0x0000000084900000| Untracked 
|  74|0x0000000084a00000, 0x0000000084a00000, 0x0000000084b00000|  0%| F|  |TAMS 0x0000000084a00000, 0x0000000084a00000| Untracked 
|  75|0x0000000084b00000, 0x0000000084b00000, 0x0000000084c00000|  0%| F|  |TAMS 0x0000000084b00000, 0x0000000084b00000| Untracked 
|  76|0x0000000084c00000, 0x0000000084c00000, 0x0000000084d00000|  0%| F|  |TAMS 0x0000000084c00000, 0x0000000084c00000| Untracked 

Card table byte_map: [0x0000017a2b7f0000,0x0000017a2bbf0000] _byte_map_base: 0x0000017a2b3f0000

Marking Bits (Prev, Next): (CMBitMap*) 0x0000017a182fc848, (CMBitMap*) 0x0000017a182fc880
 Prev Bits: [0x0000017a2bff0000, 0x0000017a2dff0000)
 Next Bits: [0x0000017a2dff0000, 0x0000017a2fff0000)

Polling page: 0x0000017a16a50000

Metaspace:

Usage:
  Non-class:     36.53 MB capacity,    35.80 MB ( 98%) used,   639.27 KB (  2%) free+waste,   102.06 KB ( <1%) overhead. 
      Class:      5.69 MB capacity,     5.28 MB ( 93%) used,   368.35 KB (  6%) free+waste,    49.25 KB ( <1%) overhead. 
       Both:     42.22 MB capacity,    41.09 MB ( 97%) used,  1007.62 KB (  2%) free+waste,   151.31 KB ( <1%) overhead. 

Virtual space:
  Non-class space:       38.00 MB reserved,      36.75 MB ( 97%) committed 
      Class space:        1.00 GB reserved,       5.82 MB ( <1%) committed 
             Both:        1.04 GB reserved,      42.57 MB (  4%) committed 

Chunk freelists:
   Non-Class:  35.00 KB
       Class:  31.00 KB
        Both:  66.00 KB

MaxMetaspaceSize: 17179869184.00 GB
CompressedClassSpaceSize: 1.00 GB
Initial GC threshold: 20.80 MB
Current GC threshold: 67.83 MB
CDS: off

CodeHeap 'non-profiled nmethods': size=120064Kb used=1570Kb max_used=1570Kb free=118493Kb
 bounds [0x0000017a23890000, 0x0000017a23b00000, 0x0000017a2add0000]
CodeHeap 'profiled nmethods': size=120000Kb used=7472Kb max_used=7472Kb free=112528Kb
 bounds [0x0000017a1c360000, 0x0000017a1cab0000, 0x0000017a23890000]
CodeHeap 'non-nmethods': size=5696Kb used=2280Kb max_used=2313Kb free=3416Kb
 bounds [0x0000017a1bdd0000, 0x0000017a1c040000, 0x0000017a1c360000]
 total_blobs=4392 nmethods=3625 adapters=678
 compilation: enabled
              stopped_count=0, restarted_count=0
 full_count=0

Compilation events (20 events):
Event: 18.534 Thread 0x0000017a32610800 3675       3       org.gradle.internal.reflect.JavaPropertyReflectionUtil::resolveMethodReturnType (44 bytes)
Event: 18.540 Thread 0x0000017a32610800 nmethod 3675 0x0000017a1caa1790 code [0x0000017a1caa1ce0, 0x0000017a1caa4d08]
Event: 18.540 Thread 0x0000017a32610800 3677       3       org.gradle.internal.instantiation.generator.AsmBackedClassGenerator::access$100 (5 bytes)
Event: 18.540 Thread 0x0000017a32610800 nmethod 3677 0x0000017a1caa5c90 code [0x0000017a1caa5ec0, 0x0000017a1caa6388]
Event: 18.540 Thread 0x0000017a32610800 3678       3       org.gradle.internal.instantiation.generator.AsmBackedClassGenerator::propFieldName (8 bytes)
Event: 18.541 Thread 0x0000017a32610800 nmethod 3678 0x0000017a1caa6610 code [0x0000017a1caa6840, 0x0000017a1caa6cc8]
Event: 18.541 Thread 0x0000017a32610800 3679       3       org.gradle.internal.instantiation.generator.AsmBackedClassGenerator::propFieldName (25 bytes)
Event: 18.542 Thread 0x0000017a32610800 nmethod 3679 0x0000017a1caa6f10 code [0x0000017a1caa7160, 0x0000017a1caa7938]
Event: 18.542 Thread 0x0000017a32610800 3676       3       java.lang.invoke.DirectMethodHandle$Holder::invokeStatic (20 bytes)
Event: 18.542 Thread 0x0000017a32610800 nmethod 3676 0x0000017a1caa7c10 code [0x0000017a1caa7de0, 0x0000017a1caa8318]
Event: 18.553 Thread 0x0000017a32610800 3681       3       java.util.regex.Pattern::compile (10 bytes)
Event: 18.554 Thread 0x0000017a32610800 nmethod 3681 0x0000017a1caa8490 code [0x0000017a1caa8640, 0x0000017a1caa87c8]
Event: 18.564 Thread 0x0000017a32610800 3682       3       org.gradle.internal.reflect.MutableClassDetails::field (49 bytes)
Event: 18.565 Thread 0x0000017a32610800 nmethod 3682 0x0000017a1caa8890 code [0x0000017a1caa8aa0, 0x0000017a1caa91e8]
Event: 18.566 Thread 0x0000017a32610800 3683       3       org.gradle.internal.instantiation.generator.AbstractClassGenerator$DslMixInPropertyType::visitProperty (33 bytes)
Event: 18.568 Thread 0x0000017a32610800 nmethod 3683 0x0000017a1caa9410 code [0x0000017a1caa9660, 0x0000017a1caa9fc8]
Event: 18.568 Thread 0x0000017a32610800 3684       3       org.gradle.internal.instantiation.generator.AbstractClassGenerator$PropertyTypePropertyHandler::visitProperty (29 bytes)
Event: 18.569 Thread 0x0000017a32610800 nmethod 3684 0x0000017a1caaa310 code [0x0000017a1caaa560, 0x0000017a1caaae38]
Event: 18.569 Thread 0x0000017a32610800 3685       3       org.gradle.internal.instantiation.generator.AbstractClassGenerator$ExtensibleTypePropertyHandler::claimPropertyImplementation (95 bytes)
Event: 18.570 Thread 0x0000017a32610800 nmethod 3685 0x0000017a1caab190 code [0x0000017a1caab400, 0x0000017a1caabd18]

GC Heap History (20 events):
Event: 6.012 GC heap after
{Heap after GC invocations=4 (full 0):
 garbage-first heap   total 65536K, used 14880K [0x0000000080000000, 0x0000000100000000)
  region size 1024K, 4 young (4096K), 4 survivors (4096K)
 Metaspace       used 12911K, capacity 13236K, committed 13312K, reserved 1060864K
  class space    used 1408K, capacity 1522K, committed 1536K, reserved 1048576K
}
Event: 10.578 GC heap before
{Heap before GC invocations=4 (full 0):
 garbage-first heap   total 65536K, used 41504K [0x0000000080000000, 0x0000000100000000)
  region size 1024K, 30 young (30720K), 4 survivors (4096K)
 Metaspace       used 18989K, capacity 19413K, committed 19584K, reserved 1067008K
  class space    used 2275K, capacity 2423K, committed 2432K, reserved 1048576K
}
Event: 10.608 GC heap after
{Heap after GC invocations=5 (full 0):
 garbage-first heap   total 78848K, used 16683K [0x0000000080000000, 0x0000000100000000)
  region size 1024K, 2 young (2048K), 2 survivors (2048K)
 Metaspace       used 18989K, capacity 19413K, committed 19584K, reserved 1067008K
  class space    used 2275K, capacity 2423K, committed 2432K, reserved 1048576K
}
Event: 11.888 GC heap before
{Heap before GC invocations=5 (full 0):
 garbage-first heap   total 78848K, used 34091K [0x0000000080000000, 0x0000000100000000)
  region size 1024K, 20 young (20480K), 2 survivors (2048K)
 Metaspace       used 20739K, capacity 21156K, committed 21248K, reserved 1067008K
  class space    used 2547K, capacity 2727K, committed 2816K, reserved 1048576K
}
Event: 11.909 GC heap after
{Heap after GC invocations=6 (full 0):
 garbage-first heap   total 78848K, used 17151K [0x0000000080000000, 0x0000000100000000)
  region size 1024K, 3 young (3072K), 3 survivors (3072K)
 Metaspace       used 20739K, capacity 21156K, committed 21248K, reserved 1067008K
  class space    used 2547K, capacity 2727K, committed 2816K, reserved 1048576K
}
Event: 14.117 GC heap before
{Heap before GC invocations=7 (full 0):
 garbage-first heap   total 78848K, used 46847K [0x0000000080000000, 0x0000000100000000)
  region size 1024K, 32 young (32768K), 3 survivors (3072K)
 Metaspace       used 23759K, capacity 24259K, committed 24576K, reserved 1071104K
  class space    used 3018K, capacity 3213K, committed 3328K, reserved 1048576K
}
Event: 14.126 GC heap after
{Heap after GC invocations=8 (full 0):
 garbage-first heap   total 78848K, used 18280K [0x0000000080000000, 0x0000000100000000)
  region size 1024K, 2 young (2048K), 2 survivors (2048K)
 Metaspace       used 23759K, capacity 24259K, committed 24576K, reserved 1071104K
  class space    used 3018K, capacity 3213K, committed 3328K, reserved 1048576K
}
Event: 15.197 GC heap before
{Heap before GC invocations=8 (full 0):
 garbage-first heap   total 78848K, used 62312K [0x0000000080000000, 0x0000000100000000)
  region size 1024K, 35 young (35840K), 2 survivors (2048K)
 Metaspace       used 27603K, capacity 28301K, committed 28544K, reserved 1073152K
  class space    used 3615K, capacity 3874K, committed 3968K, reserved 1048576K
}
Event: 15.206 GC heap after
{Heap after GC invocations=9 (full 0):
 garbage-first heap   total 78848K, used 32303K [0x0000000080000000, 0x0000000100000000)
  region size 1024K, 5 young (5120K), 5 survivors (5120K)
 Metaspace       used 27603K, capacity 28301K, committed 28544K, reserved 1073152K
  class space    used 3615K, capacity 3874K, committed 3968K, reserved 1048576K
}
Event: 15.713 GC heap before
{Heap before GC invocations=9 (full 0):
 garbage-first heap   total 78848K, used 57903K [0x0000000080000000, 0x0000000100000000)
  region size 1024K, 30 young (30720K), 5 survivors (5120K)
 Metaspace       used 29454K, capacity 30263K, committed 30336K, reserved 1075200K
  class space    used 3911K, capacity 4216K, committed 4224K, reserved 1048576K
}
Event: 15.723 GC heap after
{Heap after GC invocations=10 (full 0):
 garbage-first heap   total 78848K, used 33587K [0x0000000080000000, 0x0000000100000000)
  region size 1024K, 1 young (1024K), 1 survivors (1024K)
 Metaspace       used 29454K, capacity 30263K, committed 30336K, reserved 1075200K
  class space    used 3911K, capacity 4216K, committed 4224K, reserved 1048576K
}
Event: 16.296 GC heap before
{Heap before GC invocations=10 (full 0):
 garbage-first heap   total 78848K, used 59187K [0x0000000080000000, 0x0000000100000000)
  region size 1024K, 26 young (26624K), 1 survivors (1024K)
 Metaspace       used 31980K, capacity 32796K, committed 33152K, reserved 1077248K
  class space    used 4316K, capacity 4634K, committed 4736K, reserved 1048576K
}
Event: 16.302 GC heap after
{Heap after GC invocations=11 (full 0):
 garbage-first heap   total 78848K, used 34136K [0x0000000080000000, 0x0000000100000000)
  region size 1024K, 2 young (2048K), 2 survivors (2048K)
 Metaspace       used 31980K, capacity 32796K, committed 33152K, reserved 1077248K
  class space    used 4316K, capacity 4634K, committed 4736K, reserved 1048576K
}
Event: 16.879 GC heap before
{Heap before GC invocations=11 (full 0):
 garbage-first heap   total 78848K, used 47448K [0x0000000080000000, 0x0000000100000000)
  region size 1024K, 17 young (17408K), 2 survivors (2048K)
 Metaspace       used 34925K, capacity 35826K, committed 35840K, reserved 1081344K
  class space    used 4651K, capacity 4983K, committed 4992K, reserved 1048576K
}
Event: 16.889 GC heap after
{Heap after GC invocations=12 (full 0):
 garbage-first heap   total 78848K, used 35304K [0x0000000080000000, 0x0000000100000000)
  region size 1024K, 3 young (3072K), 3 survivors (3072K)
 Metaspace       used 34925K, capacity 35826K, committed 35840K, reserved 1081344K
  class space    used 4651K, capacity 4983K, committed 4992K, reserved 1048576K
}
Event: 17.657 GC heap before
{Heap before GC invocations=13 (full 0):
 garbage-first heap   total 78848K, used 58856K [0x0000000080000000, 0x0000000100000000)
  region size 1024K, 27 young (27648K), 3 survivors (3072K)
 Metaspace       used 39221K, capacity 40284K, committed 40396K, reserved 1083392K
  class space    used 5097K, capacity 5489K, committed 5580K, reserved 1048576K
}
Event: 17.675 GC heap after
{Heap after GC invocations=14 (full 0):
 garbage-first heap   total 78848K, used 38524K [0x0000000080000000, 0x0000000100000000)
  region size 1024K, 4 young (4096K), 4 survivors (4096K)
 Metaspace       used 39221K, capacity 40284K, committed 40396K, reserved 1083392K
  class space    used 5097K, capacity 5489K, committed 5580K, reserved 1048576K
}
Event: 17.969 GC heap before
{Heap before GC invocations=15 (full 0):
 garbage-first heap   total 78848K, used 54908K [0x0000000080000000, 0x0000000100000000)
  region size 1024K, 22 young (22528K), 4 survivors (4096K)
 Metaspace       used 39733K, capacity 40791K, committed 40908K, reserved 1085440K
  class space    used 5151K, capacity 5526K, committed 5580K, reserved 1048576K
}
Event: 17.987 GC heap after
{Heap after GC invocations=16 (full 0):
 garbage-first heap   total 78848K, used 40499K [0x0000000080000000, 0x0000000100000000)
  region size 1024K, 3 young (3072K), 3 survivors (3072K)
 Metaspace       used 39733K, capacity 40791K, committed 40908K, reserved 1085440K
  class space    used 5151K, capacity 5526K, committed 5580K, reserved 1048576K
}
Event: 18.575 GC heap before
{Heap before GC invocations=17 (full 0):
 garbage-first heap   total 78848K, used 63027K [0x0000000080000000, 0x0000000100000000)
  region size 1024K, 22 young (22528K), 3 survivors (3072K)
 Metaspace       used 42071K, capacity 43230K, committed 43596K, reserved 1087488K
  class space    used 5407K, capacity 5825K, committed 5964K, reserved 1048576K
}

Deoptimization events (20 events):
Event: 17.834 Thread 0x0000017a33b55800 DEOPT PACKING pc=0x0000017a239eb1a8 sp=0x000000146bff8920
Event: 17.834 Thread 0x0000017a33b55800 DEOPT UNPACKING pc=0x0000017a1be1a1af sp=0x000000146bff8938 mode 2
Event: 17.862 Thread 0x0000017a33b55800 Uncommon trap: trap_request=0xffffffbe fr.pc=0x0000017a239eb1a8 relative=0x0000000000003ca8
Event: 17.862 Thread 0x0000017a33b55800 Uncommon trap: reason=profile_predicate action=maybe_recompile pc=0x0000017a239eb1a8 method=java.util.AbstractCollection.addAll(Ljava/util/Collection;)Z @ 15 c2
Event: 17.862 Thread 0x0000017a33b55800 DEOPT PACKING pc=0x0000017a239eb1a8 sp=0x000000146bff9270
Event: 17.862 Thread 0x0000017a33b55800 DEOPT UNPACKING pc=0x0000017a1be1a1af sp=0x000000146bff9288 mode 2
Event: 17.949 Thread 0x0000017a33b55800 Uncommon trap: trap_request=0xffffffbe fr.pc=0x0000017a239eb1a8 relative=0x0000000000003ca8
Event: 17.949 Thread 0x0000017a33b55800 Uncommon trap: reason=profile_predicate action=maybe_recompile pc=0x0000017a239eb1a8 method=java.util.AbstractCollection.addAll(Ljava/util/Collection;)Z @ 15 c2
Event: 17.949 Thread 0x0000017a33b55800 DEOPT PACKING pc=0x0000017a239eb1a8 sp=0x000000146bff92f0
Event: 17.949 Thread 0x0000017a33b55800 DEOPT UNPACKING pc=0x0000017a1be1a1af sp=0x000000146bff9308 mode 2
Event: 18.157 Thread 0x0000017a33b55800 Uncommon trap: trap_request=0xffffffde fr.pc=0x0000017a239f0dbc relative=0x000000000000043c
Event: 18.157 Thread 0x0000017a33b55800 Uncommon trap: reason=class_check action=maybe_recompile pc=0x0000017a239f0dbc method=java.util.regex.Pattern$Start.match(Ljava/util/regex/Matcher;ILjava/lang/CharSequence;)Z @ 44 c2
Event: 18.157 Thread 0x0000017a33b55800 DEOPT PACKING pc=0x0000017a239f0dbc sp=0x000000146bff6d90
Event: 18.157 Thread 0x0000017a33b55800 DEOPT UNPACKING pc=0x0000017a1be1a1af sp=0x000000146bff6cc0 mode 2
Event: 18.158 Thread 0x0000017a33b55800 Uncommon trap: trap_request=0xffffffde fr.pc=0x0000017a239f0dbc relative=0x000000000000043c
Event: 18.158 Thread 0x0000017a33b55800 Uncommon trap: reason=class_check action=maybe_recompile pc=0x0000017a239f0dbc method=java.util.regex.Pattern$Start.match(Ljava/util/regex/Matcher;ILjava/lang/CharSequence;)Z @ 44 c2
Event: 18.158 Thread 0x0000017a33b55800 DEOPT PACKING pc=0x0000017a239f0dbc sp=0x000000146bff6d90
Event: 18.158 Thread 0x0000017a33b55800 DEOPT UNPACKING pc=0x0000017a1be1a1af sp=0x000000146bff6cc0 mode 2
Event: 18.550 Thread 0x0000017a33b55800 DEOPT PACKING pc=0x0000017a1c9cc52f sp=0x000000146bff65f0
Event: 18.550 Thread 0x0000017a33b55800 DEOPT UNPACKING pc=0x0000017a1be1a95e sp=0x000000146bff5a78 mode 0

Classes redefined (0 events):
No events

Internal exceptions (20 events):
Event: 17.924 Thread 0x0000017a33b55800 Exception <a 'java/lang/ClassNotFoundException'{0x0000000083e639d0}: org/gradle/invocation/DefaultGradle_DecoratedBeanInfo> (0x0000000083e639d0) thrown at [./src/hotspot/share/classfile/systemDictionary.cpp, line 231]
Event: 17.926 Thread 0x0000017a33b55800 Exception <a 'java/lang/ClassNotFoundException'{0x0000000083e87878}: org/gradle/invocation/DefaultGradleBeanInfo> (0x0000000083e87878) thrown at [./src/hotspot/share/classfile/systemDictionary.cpp, line 231]
Event: 17.927 Thread 0x0000017a33b55800 Exception <a 'java/lang/ClassNotFoundException'{0x0000000083eaf5b8}: org/gradle/api/internal/project/AbstractPluginAwareBeanInfo> (0x0000000083eaf5b8) thrown at [./src/hotspot/share/classfile/systemDictionary.cpp, line 231]
Event: 17.928 Thread 0x0000017a33b55800 Exception <a 'java/lang/ClassNotFoundException'{0x0000000083ed75d0}: org/gradle/api/internal/project/AbstractPluginAwareCustomizer> (0x0000000083ed75d0) thrown at [./src/hotspot/share/classfile/systemDictionary.cpp, line 231]
Event: 17.931 Thread 0x0000017a33b55800 Exception <a 'java/lang/ClassNotFoundException'{0x0000000083d01a18}: org/gradle/invocation/DefaultGradleCustomizer> (0x0000000083d01a18) thrown at [./src/hotspot/share/classfile/systemDictionary.cpp, line 231]
Event: 17.939 Thread 0x0000017a33b55800 Exception <a 'java/lang/ClassNotFoundException'{0x0000000083d59310}: org/gradle/invocation/DefaultGradle_DecoratedCustomizer> (0x0000000083d59310) thrown at [./src/hotspot/share/classfile/systemDictionary.cpp, line 231]
Event: 18.153 Thread 0x0000017a33b55800 Exception <a 'java/lang/ClassNotFoundException'{0x0000000084bd7e20}: groovy/lang/Closure$1BeanInfo> (0x0000000084bd7e20) thrown at [./src/hotspot/share/classfile/systemDictionary.cpp, line 231]
Event: 18.154 Thread 0x0000017a33b55800 Exception <a 'java/lang/ClassNotFoundException'{0x0000000084a0c400}: groovy/lang/ClosureBeanInfo> (0x0000000084a0c400) thrown at [./src/hotspot/share/classfile/systemDictionary.cpp, line 231]
Event: 18.156 Thread 0x0000017a33b55800 Exception <a 'java/lang/ClassNotFoundException'{0x0000000084a40340}: groovy/lang/ClosureCustomizer> (0x0000000084a40340) thrown at [./src/hotspot/share/classfile/systemDictionary.cpp, line 231]
Event: 18.163 Thread 0x0000017a33b55800 Exception <a 'java/lang/ClassNotFoundException'{0x0000000084a962b8}: groovy/lang/Closure$1Customizer> (0x0000000084a962b8) thrown at [./src/hotspot/share/classfile/systemDictionary.cpp, line 231]
Event: 18.222 Thread 0x0000017a33b55800 Exception <a 'java/lang/ClassNotFoundException'{0x00000000849e6620}: sync_studio_tooling6_4ay5rrm9bln6o6hvkz45qywpmBeanInfo> (0x00000000849e6620) thrown at [./src/hotspot/share/classfile/systemDictionary.cpp, line 231]
Event: 18.223 Thread 0x0000017a33b55800 Exception <a 'java/lang/ClassNotFoundException'{0x00000000849f35b0}: sync_studio_tooling6_4ay5rrm9bln6o6hvkz45qywpmCustomizer> (0x00000000849f35b0) thrown at [./src/hotspot/share/classfile/systemDictionary.cpp, line 231]
Event: 18.235 Thread 0x0000017a33b55800 Exception <a 'java/lang/ClassNotFoundException'{0x000000008486d1c8}: org/gradle/internal/metaobject/ConfigureDelegateBeanInfo> (0x000000008486d1c8) thrown at [./src/hotspot/share/classfile/systemDictionary.cpp, line 231]
Event: 18.236 Thread 0x0000017a33b55800 Exception <a 'java/lang/ClassNotFoundException'{0x00000000848938d8}: org/gradle/internal/metaobject/ConfigureDelegateCustomizer> (0x00000000848938d8) thrown at [./src/hotspot/share/classfile/systemDictionary.cpp, line 231]
Event: 18.249 Thread 0x0000017a33b55800 Exception <a 'java/lang/ClassNotFoundException'{0x0000000084715a38}: org/gradle/api/internal/initialization/DefaultScriptHandlerBeanInfo> (0x0000000084715a38) thrown at [./src/hotspot/share/classfile/systemDictionary.cpp, line 231]
Event: 18.250 Thread 0x0000017a33b55800 Exception <a 'java/lang/ClassNotFoundException'{0x000000008473f9a8}: org/gradle/api/internal/initialization/DefaultScriptHandlerCustomizer> (0x000000008473f9a8) thrown at [./src/hotspot/share/classfile/systemDictionary.cpp, line 231]
Event: 18.480 Thread 0x0000017a33b55800 Exception <a 'java/lang/ClassNotFoundException'{0x0000000083e4d4c0}: org/gradle/api/internal/artifacts/dsl/dependencies/DefaultDependencyHandler_DecoratedBeanInfo> (0x0000000083e4d4c0) thrown at [./src/hotspot/share/classfile/systemDictionary.cpp, line 231]
Event: 18.482 Thread 0x0000017a33b55800 Exception <a 'java/lang/ClassNotFoundException'{0x0000000083e8beb0}: org/gradle/api/internal/artifacts/dsl/dependencies/DefaultDependencyHandlerBeanInfo> (0x0000000083e8beb0) thrown at [./src/hotspot/share/classfile/systemDictionary.cpp, line 231]
Event: 18.483 Thread 0x0000017a33b55800 Exception <a 'java/lang/ClassNotFoundException'{0x0000000083eca9f0}: org/gradle/api/internal/artifacts/dsl/dependencies/DefaultDependencyHandlerCustomizer> (0x0000000083eca9f0) thrown at [./src/hotspot/share/classfile/systemDictionary.cpp, line 231]
Event: 18.488 Thread 0x0000017a33b55800 Exception <a 'java/lang/ClassNotFoundException'{0x0000000083d30a58}: org/gradle/api/internal/artifacts/dsl/dependencies/DefaultDependencyHandler_DecoratedCustomizer> (0x0000000083d30a58) thrown at [./src/hotspot/share/classfile/systemDictionary.cpp, line 231]

Events (20 events):
Event: 18.560 loading class org/gradle/api/artifacts/ResolutionStrategy$SortOrder done
Event: 18.560 loading class org/gradle/api/internal/artifacts/ivyservice/resolutionstrategy/DefaultCachePolicy
Event: 18.560 loading class org/gradle/api/internal/artifacts/ivyservice/resolutionstrategy/DefaultCachePolicy done
Event: 18.562 loading class org/gradle/api/internal/artifacts/configurations/ConflictResolution
Event: 18.562 loading class org/gradle/api/internal/artifacts/configurations/ConflictResolution done
Event: 18.563 loading class org/gradle/api/internal/artifacts/ivyservice/resolutionstrategy/DefaultComponentSelectionRules
Event: 18.563 loading class org/gradle/api/internal/artifacts/ivyservice/resolutionstrategy/DefaultComponentSelectionRules done
Event: 18.565 loading class org/gradle/api/artifacts/DependencySubstitution
Event: 18.565 loading class org/gradle/api/artifacts/DependencySubstitution done
Event: 18.571 loading class org/gradle/api/internal/artifacts/dsl/ModuleVersionSelectorParsers
Event: 18.571 loading class org/gradle/api/internal/artifacts/dsl/ModuleVersionSelectorParsers done
Event: 18.572 loading class org/gradle/api/internal/artifacts/dsl/ModuleVersionSelectorParsers$StringConverter
Event: 18.572 loading class org/gradle/api/internal/artifacts/dsl/ModuleVersionSelectorParsers$StringConverter done
Event: 18.573 loading class org/gradle/api/internal/artifacts/dsl/ModuleVersionSelectorParsers$MapConverter
Event: 18.573 loading class org/gradle/api/internal/artifacts/dsl/ModuleVersionSelectorParsers$MapConverter done
Event: 18.574 loading class org/gradle/api/internal/artifacts/dsl/ModuleVersionSelectorParsers$ProviderConverter
Event: 18.574 loading class org/gradle/api/internal/artifacts/dsl/ModuleVersionSelectorParsers$ProviderConverter done
Event: 18.575 loading class org/gradle/api/internal/artifacts/dsl/ModuleVersionSelectorParsers$ProviderConvertibleConverter
Event: 18.575 loading class org/gradle/api/internal/artifacts/dsl/ModuleVersionSelectorParsers$ProviderConvertibleConverter done
Event: 18.575 Executing VM operation: G1CollectForAllocation


Dynamic libraries:
0x00007ff6b0900000 - 0x00007ff6b090a000 	C:\Program Files\Android\Android Studio\jre\bin\java.exe
0x00007ffd3fbd0000 - 0x00007ffd3fdc8000 	C:\WINDOWS\SYSTEM32\ntdll.dll
0x00007ffd3eed0000 - 0x00007ffd3ef8d000 	C:\WINDOWS\System32\KERNEL32.DLL
0x00007ffd3d5c0000 - 0x00007ffd3d88e000 	C:\WINDOWS\System32\KERNELBASE.dll
0x00007ffd3d890000 - 0x00007ffd3d990000 	C:\WINDOWS\System32\ucrtbase.dll
0x00007ffd3b110000 - 0x00007ffd3b127000 	C:\Program Files\Android\Android Studio\jre\bin\VCRUNTIME140.dll
0x00007ffd3b0c0000 - 0x00007ffd3b0d9000 	C:\Program Files\Android\Android Studio\jre\bin\jli.dll
0x00007ffd3f070000 - 0x00007ffd3f210000 	C:\WINDOWS\System32\USER32.dll
0x00007ffd3dad0000 - 0x00007ffd3daf2000 	C:\WINDOWS\System32\win32u.dll
0x00007ffd3edf0000 - 0x00007ffd3ee1a000 	C:\WINDOWS\System32\GDI32.dll
0x00007ffd3d990000 - 0x00007ffd3da9b000 	C:\WINDOWS\System32\gdi32full.dll
0x00007ffd2d790000 - 0x00007ffd2da2a000 	C:\WINDOWS\WinSxS\amd64_microsoft.windows.common-controls_6595b64144ccf1df_6.0.19041.1110_none_60b5254171f9507e\COMCTL32.dll
0x00007ffd3ea70000 - 0x00007ffd3eb0e000 	C:\WINDOWS\System32\msvcrt.dll
0x00007ffd3db90000 - 0x00007ffd3dc2d000 	C:\WINDOWS\System32\msvcp_win.dll
0x00007ffd3f230000 - 0x00007ffd3f260000 	C:\WINDOWS\System32\IMM32.DLL
0x00007ffd340d0000 - 0x00007ffd3416d000 	C:\Program Files\Android\Android Studio\jre\bin\msvcp140.dll
0x00007ffd27ff0000 - 0x00007ffd28ad5000 	C:\Program Files\Android\Android Studio\jre\bin\server\jvm.dll
0x00007ffd3dca0000 - 0x00007ffd3dd4e000 	C:\WINDOWS\System32\ADVAPI32.dll
0x00007ffd3e810000 - 0x00007ffd3e8ac000 	C:\WINDOWS\System32\sechost.dll
0x00007ffd3eb10000 - 0x00007ffd3ec35000 	C:\WINDOWS\System32\RPCRT4.dll
0x00007ffd3f210000 - 0x00007ffd3f218000 	C:\WINDOWS\System32\PSAPI.DLL
0x00007ffd29000000 - 0x00007ffd29009000 	C:\WINDOWS\SYSTEM32\WSOCK32.dll
0x00007ffd3dc30000 - 0x00007ffd3dc9b000 	C:\WINDOWS\System32\WS2_32.dll
0x00007ffd2d540000 - 0x00007ffd2d567000 	C:\WINDOWS\SYSTEM32\WINMM.dll
0x00007ffd3b140000 - 0x00007ffd3b14a000 	C:\WINDOWS\SYSTEM32\VERSION.dll
0x00007ffd3b3d0000 - 0x00007ffd3b3e2000 	C:\WINDOWS\SYSTEM32\kernel.appcore.dll
0x00007ffd28fe0000 - 0x00007ffd28ff1000 	C:\Program Files\Android\Android Studio\jre\bin\verify.dll
0x00007ffd2b480000 - 0x00007ffd2b664000 	C:\WINDOWS\SYSTEM32\DBGHELP.DLL
0x00007ffd2b450000 - 0x00007ffd2b47c000 	C:\WINDOWS\SYSTEM32\dbgcore.DLL
0x00007ffd3db00000 - 0x00007ffd3db82000 	C:\WINDOWS\System32\bcryptPrimitives.dll
0x00007ffd28fb0000 - 0x00007ffd28fd9000 	C:\Program Files\Android\Android Studio\jre\bin\java.dll
0x00007ffd28fa0000 - 0x00007ffd28fab000 	C:\Program Files\Android\Android Studio\jre\bin\jimage.dll
0x00007ffd28f80000 - 0x00007ffd28f98000 	C:\Program Files\Android\Android Studio\jre\bin\zip.dll
0x00007ffd3dd50000 - 0x00007ffd3e494000 	C:\WINDOWS\System32\SHELL32.dll
0x00007ffd3b3f0000 - 0x00007ffd3bb84000 	C:\WINDOWS\SYSTEM32\windows.storage.dll
0x00007ffd3e4b0000 - 0x00007ffd3e804000 	C:\WINDOWS\System32\combase.dll
0x00007ffd3cc80000 - 0x00007ffd3ccb0000 	C:\WINDOWS\SYSTEM32\Wldp.dll
0x00007ffd3f5f0000 - 0x00007ffd3f69d000 	C:\WINDOWS\System32\SHCORE.dll
0x00007ffd3f410000 - 0x00007ffd3f465000 	C:\WINDOWS\System32\shlwapi.dll
0x00007ffd3d230000 - 0x00007ffd3d24f000 	C:\WINDOWS\SYSTEM32\profapi.dll
0x00007ffd28f60000 - 0x00007ffd28f7a000 	C:\Program Files\Android\Android Studio\jre\bin\net.dll
0x00007ffd30a10000 - 0x00007ffd30b1a000 	C:\WINDOWS\SYSTEM32\WINHTTP.dll
0x00007ffd3c9e0000 - 0x00007ffd3ca4a000 	C:\WINDOWS\system32\mswsock.dll
0x00007ffd27fd0000 - 0x00007ffd27fe4000 	C:\Program Files\Android\Android Studio\jre\bin\nio.dll
0x00007ffd3b170000 - 0x00007ffd3b197000 	C:\Users\LENOVO\.gradle\native\e1d6ef7f7dcc3fd88c89a11ec53ec762bb8ba0a96d01ffa2cd45eb1d1d8dd5c5\windows-amd64\native-platform.dll
0x00007ffd33f80000 - 0x00007ffd340c4000 	C:\Users\LENOVO\.gradle\native\5664cfc778a61ccfe75a443a1ab52a65af34e5dc3c78e0209fed803814484fcb\windows-amd64\native-platform-file-events.dll
0x00007ffd27fc0000 - 0x00007ffd27fca000 	C:\Program Files\Android\Android Studio\jre\bin\management.dll
0x00007ffd27fb0000 - 0x00007ffd27fbd000 	C:\Program Files\Android\Android Studio\jre\bin\management_ext.dll
0x00007ffd3cbd0000 - 0x00007ffd3cbe8000 	C:\WINDOWS\SYSTEM32\CRYPTSP.dll
0x00007ffd3c360000 - 0x00007ffd3c394000 	C:\WINDOWS\system32\rsaenh.dll
0x00007ffd3daa0000 - 0x00007ffd3dac7000 	C:\WINDOWS\System32\bcrypt.dll
0x00007ffd3d1f0000 - 0x00007ffd3d21e000 	C:\WINDOWS\SYSTEM32\USERENV.dll
0x00007ffd3cbf0000 - 0x00007ffd3cbfc000 	C:\WINDOWS\SYSTEM32\CRYPTBASE.dll
0x00007ffd3c6d0000 - 0x00007ffd3c70b000 	C:\WINDOWS\SYSTEM32\IPHLPAPI.DLL
0x00007ffd3f220000 - 0x00007ffd3f228000 	C:\WINDOWS\System32\NSI.dll
0x00007ffd2f4d0000 - 0x00007ffd2f4e7000 	C:\WINDOWS\SYSTEM32\dhcpcsvc6.DLL
0x00007ffd2fc80000 - 0x00007ffd2fc9d000 	C:\WINDOWS\SYSTEM32\dhcpcsvc.DLL
0x00007ffd3c710000 - 0x00007ffd3c7da000 	C:\WINDOWS\SYSTEM32\DNSAPI.dll

dbghelp: loaded successfully - version: 4.0.5 - missing functions: none
symbol engine: initialized successfully - sym options: 0x614 - pdb path: .;C:\Program Files\Android\Android Studio\jre\bin;C:\WINDOWS\SYSTEM32;C:\WINDOWS\WinSxS\amd64_microsoft.windows.common-controls_6595b64144ccf1df_6.0.19041.1110_none_60b5254171f9507e;C:\Program Files\Android\Android Studio\jre\bin\server;C:\Users\LENOVO\.gradle\native\e1d6ef7f7dcc3fd88c89a11ec53ec762bb8ba0a96d01ffa2cd45eb1d1d8dd5c5\windows-amd64;C:\Users\LENOVO\.gradle\native\5664cfc778a61ccfe75a443a1ab52a65af34e5dc3c78e0209fed803814484fcb\windows-amd64

VM Arguments:
jvm_args: --add-opens=java.base/java.util=ALL-UNNAMED --add-opens=java.base/java.lang=ALL-UNNAMED --add-opens=java.base/java.lang.invoke=ALL-UNNAMED --add-opens=java.base/java.util=ALL-UNNAMED --add-opens=java.prefs/java.util.prefs=ALL-UNNAMED --add-opens=java.prefs/java.util.prefs=ALL-UNNAMED --add-opens=java.base/java.nio.charset=ALL-UNNAMED --add-opens=java.base/java.net=ALL-UNNAMED --add-opens=java.base/java.util.concurrent.atomic=ALL-UNNAMED -Xmx2048m -Dfile.encoding=UTF-8 -Duser.country=US -Duser.language=en -Duser.variant 
java_command: org.gradle.launcher.daemon.bootstrap.GradleDaemon 7.3.3
java_class_path (initial): C:\Users\LENOVO\.gradle\wrapper\dists\gradle-7.3.3-bin\6a41zxkdtcxs8rphpq6y0069z\gradle-7.3.3\lib\gradle-launcher-7.3.3.jar
Launcher Type: SUN_STANDARD

[Global flags]
     intx CICompilerCount                          = 3                                         {product} {ergonomic}
     uint ConcGCThreads                            = 1                                         {product} {ergonomic}
     uint G1ConcRefinementThreads                  = 4                                         {product} {ergonomic}
   size_t G1HeapRegionSize                         = 1048576                                   {product} {ergonomic}
    uintx GCDrainStackTargetSize                   = 64                                        {product} {ergonomic}
   size_t InitialHeapSize                          = 67108864                                  {product} {ergonomic}
   size_t MarkStackSize                            = 4194304                                   {product} {ergonomic}
   size_t MaxHeapSize                              = 2147483648                                {product} {command line}
   size_t MaxNewSize                               = 1287651328                                {product} {ergonomic}
   size_t MinHeapDeltaBytes                        = 1048576                                   {product} {ergonomic}
    uintx NonNMethodCodeHeapSize                   = 5830732                                {pd product} {ergonomic}
    uintx NonProfiledCodeHeapSize                  = 122913754                              {pd product} {ergonomic}
    uintx ProfiledCodeHeapSize                     = 122913754                              {pd product} {ergonomic}
    uintx ReservedCodeCacheSize                    = 251658240                              {pd product} {ergonomic}
     bool SegmentedCodeCache                       = true                                      {product} {ergonomic}
     bool UseCompressedClassPointers               = true                                 {lp64_product} {ergonomic}
     bool UseCompressedOops                        = true                                 {lp64_product} {ergonomic}
     bool UseG1GC                                  = true                                      {product} {ergonomic}
     bool UseLargePagesIndividualAllocation        = false                                  {pd product} {ergonomic}

Logging:
Log output configuration:
 #0: stdout all=warning uptime,level,tags
 #1: stderr all=off uptime,level,tags

Environment Variables:
PATH=C:\WINDOWS\system32;C:\WINDOWS;C:\WINDOWS\System32\Wbem;C:\WINDOWS\System32\WindowsPowerShell\v1.0\;C:\WINDOWS\System32\OpenSSH\;C:\Users\LENOVO\AppData\Local\Microsoft\WindowsApps;C:\Users\LENOVO\AppData\Local\GitHubDesktop\bin;C:\Program Files\JetBrains\IntelliJ IDEA 2022.2\bin;;
USERNAME=LENOVO
OS=Windows_NT
PROCESSOR_IDENTIFIER=Intel64 Family 6 Model 42 Stepping 7, GenuineIntel



---------------  S Y S T E M  ---------------

OS: Windows 10 , 64 bit Build 19041 (10.0.19041.1889)
OS uptime: 0 days 7:27 hours

CPU:total 4 (initial active 4) (2 cores per cpu, 2 threads per core) family 6 model 42 stepping 7 microcode 0x2f, cmov, cx8, fxsr, mmx, sse, sse2, sse3, ssse3, sse4.1, sse4.2, popcnt, avx, clmul, ht, tsc, tscinvbit

Memory: 4k page, system-wide physical 3996M (142M free)
TotalPageFile size 6044M (AvailPageFile size 9M)
current process WorkingSet (physical memory assigned to process): 209M, peak: 211M
current process commit charge ("private bytes"): 238M, peak: 252M

vm_info: OpenJDK 64-Bit Server VM (11.0.12+7-b1504.28-7817840) for windows-amd64 JRE (11.0.12+7-b1504.28-7817840), built on Oct 13 2021 22:12:33 by "builder" with MS VC++ 14.0 (VS2015)

END.
