#
# There is insufficient memory for the Java Runtime Environment to continue.
# Native memory allocation (mmap) failed to map 40894464 bytes for Failed to commit area from 0x000000008bf00000 to 0x000000008e600000 of length 40894464.
# Possible reasons:
#   The system is out of physical RAM or swap space
#   The process is running with CompressedOops enabled, and the Java Heap may be blocking the growth of the native heap
# Possible solutions:
#   Reduce memory load on the system
#   Increase physical memory or swap space
#   Check if swap backing store is full
#   Decrease Java heap size (-Xmx/-Xms)
#   Decrease number of Java threads
#   Decrease Java thread stack sizes (-Xss)
#   Set larger code cache with -XX:ReservedCodeCacheSize=
#   JVM is running with Unscaled Compressed Oops mode in which the Java heap is
#     placed in the first 4GB address space. The Java Heap base address is the
#     maximum limit for the native heap growth. Please use -XX:HeapBaseMinAddress
#     to set the Java Heap base and to place the Java Heap above 4GB virtual address.
# This output file may be truncated or incomplete.
#
#  Out of Memory Error (./src/hotspot/os/windows/os_windows.cpp:3521), pid=620, tid=7396
#
# JRE version: OpenJDK Runtime Environment (11.0.12+7) (build 11.0.12+7-b1504.28-7817840)
# Java VM: OpenJDK 64-Bit Server VM (11.0.12+7-b1504.28-7817840, mixed mode, tiered, compressed oops, g1 gc, windows-amd64)
# No core dump will be written. Minidumps are not enabled by default on client versions of Windows
#

---------------  S U M M A R Y ------------

Command Line: --add-opens=java.base/java.util=ALL-UNNAMED --add-opens=java.base/java.lang=ALL-UNNAMED --add-opens=java.base/java.lang.invoke=ALL-UNNAMED --add-opens=java.base/java.util=ALL-UNNAMED --add-opens=java.prefs/java.util.prefs=ALL-UNNAMED --add-opens=java.prefs/java.util.prefs=ALL-UNNAMED --add-opens=java.base/java.nio.charset=ALL-UNNAMED --add-opens=java.base/java.net=ALL-UNNAMED --add-opens=java.base/java.util.concurrent.atomic=ALL-UNNAMED -Xmx2048m -Dfile.encoding=UTF-8 -Duser.country=US -Duser.language=en -Duser.variant org.gradle.launcher.daemon.bootstrap.GradleDaemon 7.3.3

Host: Intel(R) Core(TM) i3-2348M CPU @ 2.30GHz, 4 cores, 3G,  Windows 10 , 64 bit Build 19041 (10.0.19041.1889)
Time: Mon Aug 29 15:53:20 2022 India Standard Time elapsed time: 357.100684 seconds (0d 0h 5m 57s)

---------------  T H R E A D  ---------------

Current thread (0x000001f8c2de6000):  VMThread "VM Thread" [stack: 0x0000002613f00000,0x0000002614000000] [id=7396]

Stack: [0x0000002613f00000,0x0000002614000000]
[error occurred during error reporting (printing stack bounds), id 0xc0000005, EXCEPTION_ACCESS_VIOLATION (0xc0000005) at pc=0x000001f8ac5b112d]

Native frames: (J=compiled Java code, j=interpreted, Vv=VM code, C=native code)
V  [jvm.dll+0x5fbcea]
V  [jvm.dll+0x731905]
V  [jvm.dll+0x732f1d]
V  [jvm.dll+0x733535]
V  [jvm.dll+0x7334eb]
V  [jvm.dll+0x5fb080]
V  [jvm.dll+0x5fb818]
C  [ntdll.dll+0xa229f]
C  [ntdll.dll+0x51454]
C  [ntdll.dll+0xa0dce]
C  0x000001f8ac5b112d

VM_Operation (0x00000026195fbaf0): G1CollectForAllocation, mode: safepoint, requested by thread 0x000001f8c6b83800


---------------  P R O C E S S  ---------------

Threads class SMR info:
_java_thread_list=0x000001f8c56acf20, length=86, elements={
0x000001f8a8a9a000, 0x000001f8c2dec800, 0x000001f8c2df0800, 0x000001f8a8b7d800,
0x000001f8c2e46800, 0x000001f8c2e48800, 0x000001f8c2e4e800, 0x000001f8c2e54800,
0x000001f8c2e59000, 0x000001f8c38c2000, 0x000001f8c4cb6800, 0x000001f8c4c42000,
0x000001f8c6c9c000, 0x000001f8c50be800, 0x000001f8c50c0000, 0x000001f8c50c1000,
0x000001f8c50c2000, 0x000001f8c50bc000, 0x000001f8c50bd000, 0x000001f8c50bd800,
0x000001f8c73fa800, 0x000001f8c73fc000, 0x000001f8c73f9800, 0x000001f8c73fb000,
0x000001f8c7275000, 0x000001f8c726d000, 0x000001f8c7269800, 0x000001f8c7267000,
0x000001f8c7268800, 0x000001f8c726a800, 0x000001f8c726b000, 0x000001f8c7268000,
0x000001f8c726d800, 0x000001f8c7270000, 0x000001f8c726c000, 0x000001f8c7273800,
0x000001f8c7271000, 0x000001f8c7274000, 0x000001f8c726e800, 0x000001f8c7271800,
0x000001f8c726f000, 0x000001f8c7275800, 0x000001f8c7272800, 0x000001f8c75a6000,
0x000001f8c75a7800, 0x000001f8c75ac800, 0x000001f8c75a8800, 0x000001f8c75a9800,
0x000001f8c75aa000, 0x000001f8c75ab000, 0x000001f8c75a7000, 0x000001f8c75b1800,
0x000001f8c75b0800, 0x000001f8c75af000, 0x000001f8c75ae000, 0x000001f8c75b2800,
0x000001f8c75b0000, 0x000001f8c75b3000, 0x000001f8c75ad800, 0x000001f8c75b5000,
0x000001f8c75b4000, 0x000001f8c73f7000, 0x000001f8c73f6800, 0x000001f8c7400000,
0x000001f8c7401000, 0x000001f8c7401800, 0x000001f8c7402800, 0x000001f8c73fd000,
0x000001f8c7403800, 0x000001f8c7404000, 0x000001f8c7405000, 0x000001f8c50bb800,
0x000001f8c50bf800, 0x000001f8c6b80800, 0x000001f8c6b86000, 0x000001f8c6b82000,
0x000001f8c6b87000, 0x000001f8c6b81000, 0x000001f8c6b88800, 0x000001f8c6b87800,
0x000001f8c6b85000, 0x000001f8c6b82800, 0x000001f8c6b89800, 0x000001f8c6b83800,
0x000001f8c6b8a000, 0x000001f8c6b84800
}

Java Threads: ( => current thread )
  0x000001f8a8a9a000 JavaThread "main" [_thread_blocked, id=8520, stack(0x0000002613900000,0x0000002613a00000)]
  0x000001f8c2dec800 JavaThread "Reference Handler" daemon [_thread_blocked, id=2304, stack(0x0000002614000000,0x0000002614100000)]
  0x000001f8c2df0800 JavaThread "Finalizer" daemon [_thread_blocked, id=2464, stack(0x0000002614100000,0x0000002614200000)]
  0x000001f8a8b7d800 JavaThread "Signal Dispatcher" daemon [_thread_blocked, id=8484, stack(0x0000002614200000,0x0000002614300000)]
  0x000001f8c2e46800 JavaThread "Attach Listener" daemon [_thread_blocked, id=4976, stack(0x0000002614300000,0x0000002614400000)]
  0x000001f8c2e48800 JavaThread "Service Thread" daemon [_thread_blocked, id=9632, stack(0x0000002614400000,0x0000002614500000)]
  0x000001f8c2e4e800 JavaThread "C2 CompilerThread0" daemon [_thread_in_native, id=9236, stack(0x0000002614500000,0x0000002614600000)]
  0x000001f8c2e54800 JavaThread "C1 CompilerThread0" daemon [_thread_blocked, id=5632, stack(0x0000002614600000,0x0000002614700000)]
  0x000001f8c2e59000 JavaThread "Sweeper thread" daemon [_thread_blocked, id=5936, stack(0x0000002614700000,0x0000002614800000)]
  0x000001f8c38c2000 JavaThread "Common-Cleaner" daemon [_thread_blocked, id=3048, stack(0x0000002614800000,0x0000002614900000)]
  0x000001f8c4cb6800 JavaThread "Daemon health stats" [_thread_blocked, id=2128, stack(0x0000002614c00000,0x0000002614d00000)]
  0x000001f8c4c42000 JavaThread "Incoming local TCP Connector on port 56416" [_thread_in_native, id=1484, stack(0x0000002614a00000,0x0000002614b00000)]
  0x000001f8c6c9c000 JavaThread "Daemon periodic checks" [_thread_blocked, id=10116, stack(0x0000002614d00000,0x0000002614e00000)]
  0x000001f8c50be800 JavaThread "Cache worker for journal cache (C:\Users\LENOVO\.gradle\caches\journal-1)" [_thread_blocked, id=860, stack(0x0000002615500000,0x0000002615600000)]
  0x000001f8c50c0000 JavaThread "File lock request listener" [_thread_in_native, id=6780, stack(0x0000002615800000,0x0000002615900000)]
  0x000001f8c50c1000 JavaThread "Cache worker for file hash cache (C:\Users\LENOVO\.gradle\caches\7.3.3\fileHashes)" [_thread_blocked, id=2052, stack(0x0000002615900000,0x0000002615a00000)]
  0x000001f8c50c2000 JavaThread "File watcher server" daemon [_thread_in_native, id=5008, stack(0x0000002615c00000,0x0000002615d00000)]
  0x000001f8c50bc000 JavaThread "File watcher consumer" daemon [_thread_blocked, id=2660, stack(0x0000002615d00000,0x0000002615e00000)]
  0x000001f8c50bd000 JavaThread "jar transforms" [_thread_blocked, id=6652, stack(0x0000002615e00000,0x0000002615f00000)]
  0x000001f8c50bd800 JavaThread "jar transforms Thread 2" [_thread_blocked, id=7472, stack(0x0000002615f00000,0x0000002616000000)]
  0x000001f8c73fa800 JavaThread "jar transforms Thread 3" [_thread_blocked, id=8248, stack(0x0000002616000000,0x0000002616100000)]
  0x000001f8c73fc000 JavaThread "jar transforms Thread 4" [_thread_blocked, id=9352, stack(0x0000002616100000,0x0000002616200000)]
  0x000001f8c73f9800 JavaThread "Cache worker for execution history cache (C:\Users\LENOVO\.gradle\caches\7.3.3\executionHistory)" [_thread_blocked, id=2260, stack(0x0000002616500000,0x0000002616600000)]
  0x000001f8c73fb000 JavaThread "Cache worker for file content cache (C:\Users\LENOVO\.gradle\caches\7.3.3\fileContent)" [_thread_blocked, id=9816, stack(0x0000002615b00000,0x0000002615c00000)]
  0x000001f8c7275000 JavaThread "Memory manager" [_thread_blocked, id=1248, stack(0x0000002619200000,0x0000002619300000)]
  0x000001f8c726d000 JavaThread "Daemon Thread 2" [_thread_blocked, id=3380, stack(0x0000002613800000,0x0000002613900000)]
  0x000001f8c7269800 JavaThread "Handler for socket connection from /127.0.0.1:56416 to /127.0.0.1:56430" [_thread_in_native, id=9060, stack(0x0000002614e00000,0x0000002614f00000)]
  0x000001f8c7267000 JavaThread "Cancel handler" [_thread_blocked, id=9664, stack(0x0000002614f00000,0x0000002615000000)]
  0x000001f8c7268800 JavaThread "Daemon worker Thread 2" [_thread_blocked, id=8212, stack(0x0000002615000000,0x0000002615100000)]
  0x000001f8c726a800 JavaThread "Asynchronous log dispatcher for DefaultDaemonConnection: socket connection from /127.0.0.1:56416 to /127.0.0.1:56430" [_thread_blocked, id=4048, stack(0x0000002615100000,0x0000002615200000)]
  0x000001f8c726b000 JavaThread "Stdin handler" [_thread_blocked, id=9924, stack(0x0000002615200000,0x0000002615300000)]
  0x000001f8c7268000 JavaThread "Daemon client event forwarder" [_thread_blocked, id=5868, stack(0x0000002615300000,0x0000002615400000)]
  0x000001f8c726d800 JavaThread "Cache worker for file hash cache (D:\ANDROID PROJECTS\Module3\.gradle\7.3.3\fileHashes)" [_thread_blocked, id=7520, stack(0x0000002615400000,0x0000002615500000)]
  0x000001f8c7270000 JavaThread "Cache worker for checksums cache (D:\ANDROID PROJECTS\Module3\.gradle\7.3.3\checksums)" [_thread_blocked, id=2108, stack(0x0000002615a00000,0x0000002615b00000)]
  0x000001f8c726c000 JavaThread "Cache worker for cache directory md-supplier (C:\Users\LENOVO\.gradle\caches\7.3.3\md-supplier)" [_thread_blocked, id=4036, stack(0x0000002616200000,0x0000002616300000)]
  0x000001f8c7273800 JavaThread "Cache worker for cache directory md-rule (C:\Users\LENOVO\.gradle\caches\7.3.3\md-rule)" [_thread_blocked, id=2132, stack(0x0000002616300000,0x0000002616400000)]
  0x000001f8c7271000 JavaThread "Cache worker for dependencies-accessors (D:\ANDROID PROJECTS\Module3\.gradle\7.3.3\dependencies-accessors)" [_thread_blocked, id=4296, stack(0x0000002616400000,0x0000002616500000)]
  0x000001f8c7274000 JavaThread "Cache worker for Build Output Cleanup Cache (D:\ANDROID PROJECTS\Module3\.gradle\buildOutputCleanup)" [_thread_blocked, id=3068, stack(0x0000002616600000,0x0000002616700000)]
  0x000001f8c726e800 JavaThread "Unconstrained build operations" [_thread_blocked, id=8648, stack(0x0000002616700000,0x0000002616800000)]
  0x000001f8c7271800 JavaThread "Unconstrained build operations Thread 2" [_thread_blocked, id=9196, stack(0x0000002616800000,0x0000002616900000)]
  0x000001f8c726f000 JavaThread "Unconstrained build operations Thread 3" [_thread_blocked, id=7852, stack(0x0000002616900000,0x0000002616a00000)]
  0x000001f8c7275800 JavaThread "Unconstrained build operations Thread 4" [_thread_blocked, id=480, stack(0x0000002616a00000,0x0000002616b00000)]
  0x000001f8c7272800 JavaThread "Unconstrained build operations Thread 5" [_thread_blocked, id=7324, stack(0x0000002616b00000,0x0000002616c00000)]
  0x000001f8c75a6000 JavaThread "Unconstrained build operations Thread 6" [_thread_blocked, id=4108, stack(0x0000002616c00000,0x0000002616d00000)]
  0x000001f8c75a7800 JavaThread "Unconstrained build operations Thread 7" [_thread_blocked, id=3744, stack(0x0000002616d00000,0x0000002616e00000)]
  0x000001f8c75ac800 JavaThread "Unconstrained build operations Thread 8" [_thread_blocked, id=7876, stack(0x0000002616e00000,0x0000002616f00000)]
  0x000001f8c75a8800 JavaThread "Unconstrained build operations Thread 9" [_thread_blocked, id=8252, stack(0x0000002616f00000,0x0000002617000000)]
  0x000001f8c75a9800 JavaThread "Unconstrained build operations Thread 10" [_thread_blocked, id=1676, stack(0x0000002617000000,0x0000002617100000)]
  0x000001f8c75aa000 JavaThread "Unconstrained build operations Thread 11" [_thread_blocked, id=7572, stack(0x0000002617100000,0x0000002617200000)]
  0x000001f8c75ab000 JavaThread "Unconstrained build operations Thread 12" [_thread_blocked, id=3168, stack(0x0000002617200000,0x0000002617300000)]
  0x000001f8c75a7000 JavaThread "Unconstrained build operations Thread 13" [_thread_blocked, id=7632, stack(0x0000002617300000,0x0000002617400000)]
  0x000001f8c75b1800 JavaThread "Unconstrained build operations Thread 14" [_thread_blocked, id=7352, stack(0x0000002617400000,0x0000002617500000)]
  0x000001f8c75b0800 JavaThread "Unconstrained build operations Thread 15" [_thread_blocked, id=1452, stack(0x0000002617500000,0x0000002617600000)]
  0x000001f8c75af000 JavaThread "Unconstrained build operations Thread 16" [_thread_blocked, id=1632, stack(0x0000002617600000,0x0000002617700000)]
  0x000001f8c75ae000 JavaThread "Unconstrained build operations Thread 17" [_thread_blocked, id=8900, stack(0x0000002617700000,0x0000002617800000)]
  0x000001f8c75b2800 JavaThread "Unconstrained build operations Thread 18" [_thread_blocked, id=9268, stack(0x0000002617800000,0x0000002617900000)]
  0x000001f8c75b0000 JavaThread "Unconstrained build operations Thread 19" [_thread_blocked, id=4544, stack(0x0000002617900000,0x0000002617a00000)]
  0x000001f8c75b3000 JavaThread "Unconstrained build operations Thread 20" [_thread_blocked, id=8764, stack(0x0000002617a00000,0x0000002617b00000)]
  0x000001f8c75ad800 JavaThread "Unconstrained build operations Thread 21" [_thread_blocked, id=6864, stack(0x0000002617b00000,0x0000002617c00000)]
  0x000001f8c75b5000 JavaThread "Unconstrained build operations Thread 22" [_thread_blocked, id=8360, stack(0x0000002617c00000,0x0000002617d00000)]
  0x000001f8c75b4000 JavaThread "Unconstrained build operations Thread 23" [_thread_blocked, id=5588, stack(0x0000002617d00000,0x0000002617e00000)]
  0x000001f8c73f7000 JavaThread "Unconstrained build operations Thread 24" [_thread_blocked, id=9376, stack(0x0000002617e00000,0x0000002617f00000)]
  0x000001f8c73f6800 JavaThread "Unconstrained build operations Thread 25" [_thread_blocked, id=5272, stack(0x0000002617f00000,0x0000002618000000)]
  0x000001f8c7400000 JavaThread "Unconstrained build operations Thread 26" [_thread_blocked, id=1748, stack(0x0000002618000000,0x0000002618100000)]
  0x000001f8c7401000 JavaThread "Unconstrained build operations Thread 27" [_thread_blocked, id=9532, stack(0x0000002618100000,0x0000002618200000)]
  0x000001f8c7401800 JavaThread "Unconstrained build operations Thread 28" [_thread_blocked, id=9076, stack(0x0000002618200000,0x0000002618300000)]
  0x000001f8c7402800 JavaThread "Unconstrained build operations Thread 29" [_thread_blocked, id=6176, stack(0x0000002618300000,0x0000002618400000)]
  0x000001f8c73fd000 JavaThread "Unconstrained build operations Thread 30" [_thread_blocked, id=6732, stack(0x0000002618400000,0x0000002618500000)]
  0x000001f8c7403800 JavaThread "Unconstrained build operations Thread 31" [_thread_blocked, id=6552, stack(0x0000002618500000,0x0000002618600000)]
  0x000001f8c7404000 JavaThread "Unconstrained build operations Thread 32" [_thread_blocked, id=7720, stack(0x0000002618600000,0x0000002618700000)]
  0x000001f8c7405000 JavaThread "Unconstrained build operations Thread 33" [_thread_blocked, id=9124, stack(0x0000002618700000,0x0000002618800000)]
  0x000001f8c50bb800 JavaThread "Unconstrained build operations Thread 34" [_thread_blocked, id=1308, stack(0x0000002618800000,0x0000002618900000)]
  0x000001f8c50bf800 JavaThread "Unconstrained build operations Thread 35" [_thread_blocked, id=8420, stack(0x0000002618900000,0x0000002618a00000)]
  0x000001f8c6b80800 JavaThread "Unconstrained build operations Thread 36" [_thread_blocked, id=6376, stack(0x0000002618a00000,0x0000002618b00000)]
  0x000001f8c6b86000 JavaThread "Unconstrained build operations Thread 37" [_thread_blocked, id=7132, stack(0x0000002618b00000,0x0000002618c00000)]
  0x000001f8c6b82000 JavaThread "Unconstrained build operations Thread 38" [_thread_blocked, id=4316, stack(0x0000002618c00000,0x0000002618d00000)]
  0x000001f8c6b87000 JavaThread "Unconstrained build operations Thread 39" [_thread_blocked, id=7120, stack(0x0000002618d00000,0x0000002618e00000)]
  0x000001f8c6b81000 JavaThread "Unconstrained build operations Thread 40" [_thread_blocked, id=512, stack(0x0000002618e00000,0x0000002618f00000)]
  0x000001f8c6b88800 JavaThread "build event listener" [_thread_blocked, id=9948, stack(0x0000002618f00000,0x0000002619000000)]
  0x000001f8c6b87800 JavaThread "Execution worker for ':'" [_thread_blocked, id=6076, stack(0x0000002619000000,0x0000002619100000)]
  0x000001f8c6b85000 JavaThread "Execution worker for ':' Thread 2" [_thread_blocked, id=9952, stack(0x0000002619100000,0x0000002619200000)]
  0x000001f8c6b82800 JavaThread "Execution worker for ':' Thread 3" [_thread_blocked, id=8884, stack(0x0000002619300000,0x0000002619400000)]
  0x000001f8c6b89800 JavaThread "Cache worker for execution history cache (D:\ANDROID PROJECTS\Module3\.gradle\7.3.3\executionHistory)" [_thread_blocked, id=952, stack(0x0000002619400000,0x0000002619500000)]
  0x000001f8c6b83800 JavaThread "WorkerExecutor Queue" [_thread_blocked, id=3472, stack(0x0000002619500000,0x0000002619600000)]
  0x000001f8c6b8a000 JavaThread "WorkerExecutor Queue Thread 2" [_thread_blocked, id=7060, stack(0x0000002619600000,0x0000002619700000)]
  0x000001f8c6b84800 JavaThread "WorkerExecutor Queue Thread 3" [_thread_blocked, id=2268, stack(0x0000002619700000,0x0000002619800000)]

Other Threads:
=>0x000001f8c2de6000 VMThread "VM Thread" [stack: 0x0000002613f00000,0x0000002614000000] [id=7396]
  0x000001f8c3913800 WatcherThread [stack: 0x0000002614900000,0x0000002614a00000] [id=3484]
  0x000001f8a8ab3800 GCTaskThread "GC Thread#0" [stack: 0x0000002613a00000,0x0000002613b00000] [id=2812]
  0x000001f8c3eb7000 GCTaskThread "GC Thread#1" [stack: 0x0000002614b00000,0x0000002614c00000] [id=1864]
  0x000001f8c6cc2000 GCTaskThread "GC Thread#2" [stack: 0x0000002615600000,0x0000002615700000] [id=9844]
  0x000001f8c527c000 GCTaskThread "GC Thread#3" [stack: 0x0000002615700000,0x0000002615800000] [id=3044]
  0x000001f8a8ae4000 ConcurrentGCThread "G1 Main Marker" [stack: 0x0000002613b00000,0x0000002613c00000] [id=4112]
  0x000001f8a8ae6800 ConcurrentGCThread "G1 Conc#0" [stack: 0x0000002613c00000,0x0000002613d00000] [id=716]
  0x000001f8a8b3e800 ConcurrentGCThread "G1 Refine#0" [stack: 0x0000002613d00000,0x0000002613e00000] [id=6748]
  0x000001f8a8b3f800 ConcurrentGCThread "G1 Young RemSet Sampling" [stack: 0x0000002613e00000,0x0000002613f00000] [id=4648]

Threads with active compile tasks:
C2 CompilerThread0 357135 15223       4       org.gradle.internal.instantiation.generator.AbstractClassGenerator$InjectionAnnotationValidator::validateMethod (502 bytes)

VM state:at safepoint (normal execution)

VM Mutex/Monitor currently owned by a thread:  ([mutex/lock_event])
[0x000001f8a8a97600] Threads_lock - owner thread: 0x000001f8c2de6000
[0x000001f8a8a96520] Heap_lock - owner thread: 0x000001f8c6b83800

Heap address: 0x0000000080000000, size: 2048 MB, Compressed Oops mode: 32-bit
Narrow klass base: 0x0000000000000000, Narrow klass shift: 3
Compressed class space size: 1073741824 Address: 0x0000000100000000

Heap:
 garbage-first heap   total 235520K, used 158893K [0x0000000080000000, 0x0000000100000000)
  region size 1024K, 2 young (2048K), 2 survivors (2048K)
 Metaspace       used 113806K, capacity 117120K, committed 117452K, reserved 1150976K
  class space    used 14308K, capacity 15479K, committed 15564K, reserved 1048576K
Heap Regions: E=young(eden), S=young(survivor), O=old, HS=humongous(starts), HC=humongous(continues), CS=collection set, F=free, A=archive, TAMS=top-at-mark-start (previous, next)
|   0|0x0000000080000000, 0x0000000080100000, 0x0000000080100000|100%| O|  |TAMS 0x0000000080100000, 0x0000000080000000| Untracked 
|   1|0x0000000080100000, 0x0000000080200000, 0x0000000080200000|100%| O|  |TAMS 0x0000000080200000, 0x0000000080100000| Untracked 
|   2|0x0000000080200000, 0x0000000080300000, 0x0000000080300000|100%| O|  |TAMS 0x0000000080300000, 0x0000000080200000| Untracked 
|   3|0x0000000080300000, 0x0000000080400000, 0x0000000080400000|100%|HS|  |TAMS 0x0000000080400000, 0x0000000080300000| Complete 
|   4|0x0000000080400000, 0x0000000080500000, 0x0000000080500000|100%|HC|  |TAMS 0x0000000080500000, 0x0000000080400000| Complete 
|   5|0x0000000080500000, 0x0000000080600000, 0x0000000080600000|100%|HC|  |TAMS 0x0000000080600000, 0x0000000080500000| Complete 
|   6|0x0000000080600000, 0x0000000080700000, 0x0000000080700000|100%| O|  |TAMS 0x0000000080700000, 0x0000000080600000| Untracked 
|   7|0x0000000080700000, 0x0000000080800000, 0x0000000080800000|100%| O|  |TAMS 0x0000000080800000, 0x0000000080700000| Untracked 
|   8|0x0000000080800000, 0x0000000080900000, 0x0000000080900000|100%| O|  |TAMS 0x0000000080900000, 0x0000000080800000| Untracked 
|   9|0x0000000080900000, 0x0000000080a00000, 0x0000000080a00000|100%| O|  |TAMS 0x0000000080a00000, 0x0000000080900000| Untracked 
|  10|0x0000000080a00000, 0x0000000080b00000, 0x0000000080b00000|100%| O|  |TAMS 0x0000000080b00000, 0x0000000080a00000| Untracked 
|  11|0x0000000080b00000, 0x0000000080c00000, 0x0000000080c00000|100%| O|  |TAMS 0x0000000080c00000, 0x0000000080b00000| Untracked 
|  12|0x0000000080c00000, 0x0000000080d00000, 0x0000000080d00000|100%| O|  |TAMS 0x0000000080d00000, 0x0000000080c00000| Untracked 
|  13|0x0000000080d00000, 0x0000000080e00000, 0x0000000080e00000|100%| O|  |TAMS 0x0000000080e00000, 0x0000000080d00000| Untracked 
|  14|0x0000000080e00000, 0x0000000080f00000, 0x0000000080f00000|100%| O|  |TAMS 0x0000000080f00000, 0x0000000080e00000| Untracked 
|  15|0x0000000080f00000, 0x0000000081000000, 0x0000000081000000|100%| O|  |TAMS 0x0000000081000000, 0x0000000080f00000| Complete 
|  16|0x0000000081000000, 0x0000000081100000, 0x0000000081100000|100%|HS|  |TAMS 0x0000000081100000, 0x0000000081000000| Complete 
|  17|0x0000000081100000, 0x0000000081200000, 0x0000000081200000|100%|HC|  |TAMS 0x0000000081200000, 0x0000000081100000| Complete 
|  18|0x0000000081200000, 0x0000000081300000, 0x0000000081300000|100%|HS|  |TAMS 0x0000000081300000, 0x0000000081200000| Complete 
|  19|0x0000000081300000, 0x0000000081400000, 0x0000000081400000|100%|HC|  |TAMS 0x0000000081400000, 0x0000000081300000| Complete 
|  20|0x0000000081400000, 0x0000000081500000, 0x0000000081500000|100%|HC|  |TAMS 0x0000000081500000, 0x0000000081400000| Complete 
|  21|0x0000000081500000, 0x0000000081600000, 0x0000000081600000|100%|HS|  |TAMS 0x0000000081600000, 0x0000000081500000| Complete 
|  22|0x0000000081600000, 0x0000000081700000, 0x0000000081700000|100%|HS|  |TAMS 0x0000000081700000, 0x0000000081600000| Complete 
|  23|0x0000000081700000, 0x0000000081800000, 0x0000000081800000|100%|HC|  |TAMS 0x0000000081800000, 0x0000000081700000| Complete 
|  24|0x0000000081800000, 0x0000000081900000, 0x0000000081900000|100%|HC|  |TAMS 0x0000000081900000, 0x0000000081800000| Complete 
|  25|0x0000000081900000, 0x0000000081a00000, 0x0000000081a00000|100%|HC|  |TAMS 0x0000000081a00000, 0x0000000081900000| Complete 
|  26|0x0000000081a00000, 0x0000000081b00000, 0x0000000081b00000|100%| O|  |TAMS 0x0000000081b00000, 0x0000000081a00000| Untracked 
|  27|0x0000000081b00000, 0x0000000081c00000, 0x0000000081c00000|100%| O|  |TAMS 0x0000000081c00000, 0x0000000081b00000| Untracked 
|  28|0x0000000081c00000, 0x0000000081d00000, 0x0000000081d00000|100%| O|  |TAMS 0x0000000081d00000, 0x0000000081c00000| Untracked 
|  29|0x0000000081d00000, 0x0000000081e00000, 0x0000000081e00000|100%| O|  |TAMS 0x0000000081e00000, 0x0000000081d00000| Untracked 
|  30|0x0000000081e00000, 0x0000000081f00000, 0x0000000081f00000|100%| O|  |TAMS 0x0000000081f00000, 0x0000000081e00000| Complete 
|  31|0x0000000081f00000, 0x0000000082000000, 0x0000000082000000|100%| O|  |TAMS 0x0000000082000000, 0x0000000081f00000| Untracked 
|  32|0x0000000082000000, 0x0000000082100000, 0x0000000082100000|100%| O|  |TAMS 0x0000000082100000, 0x0000000082000000| Complete 
|  33|0x0000000082100000, 0x0000000082200000, 0x0000000082200000|100%|HS|  |TAMS 0x0000000082200000, 0x0000000082100000| Complete 
|  34|0x0000000082200000, 0x0000000082300000, 0x0000000082300000|100%| O|  |TAMS 0x0000000082300000, 0x0000000082200000| Untracked 
|  35|0x0000000082300000, 0x0000000082400000, 0x0000000082400000|100%| O|  |TAMS 0x0000000082400000, 0x0000000082300000| Untracked 
|  36|0x0000000082400000, 0x0000000082500000, 0x0000000082500000|100%| O|  |TAMS 0x0000000082500000, 0x0000000082400000| Untracked 
|  37|0x0000000082500000, 0x0000000082600000, 0x0000000082600000|100%| O|  |TAMS 0x0000000082600000, 0x0000000082500000| Untracked 
|  38|0x0000000082600000, 0x0000000082700000, 0x0000000082700000|100%| O|  |TAMS 0x0000000082700000, 0x0000000082600000| Untracked 
|  39|0x0000000082700000, 0x0000000082800000, 0x0000000082800000|100%| O|  |TAMS 0x0000000082800000, 0x0000000082700000| Untracked 
|  40|0x0000000082800000, 0x0000000082900000, 0x0000000082900000|100%| O|  |TAMS 0x0000000082900000, 0x0000000082800000| Untracked 
|  41|0x0000000082900000, 0x0000000082a00000, 0x0000000082a00000|100%|HS|  |TAMS 0x0000000082a00000, 0x0000000082900000| Complete 
|  42|0x0000000082a00000, 0x0000000082b00000, 0x0000000082b00000|100%|HC|  |TAMS 0x0000000082b00000, 0x0000000082a00000| Complete 
|  43|0x0000000082b00000, 0x0000000082c00000, 0x0000000082c00000|100%|HC|  |TAMS 0x0000000082c00000, 0x0000000082b00000| Complete 
|  44|0x0000000082c00000, 0x0000000082d00000, 0x0000000082d00000|100%| O|  |TAMS 0x0000000082d00000, 0x0000000082c00000| Untracked 
|  45|0x0000000082d00000, 0x0000000082e00000, 0x0000000082e00000|100%| O|  |TAMS 0x0000000082e00000, 0x0000000082d00000| Untracked 
|  46|0x0000000082e00000, 0x0000000082f00000, 0x0000000082f00000|100%| O|  |TAMS 0x0000000082f00000, 0x0000000082e00000| Untracked 
|  47|0x0000000082f00000, 0x0000000083000000, 0x0000000083000000|100%| O|  |TAMS 0x0000000083000000, 0x0000000082f00000| Untracked 
|  48|0x0000000083000000, 0x0000000083100000, 0x0000000083100000|100%| O|  |TAMS 0x0000000083100000, 0x0000000083000000| Complete 
|  49|0x0000000083100000, 0x0000000083200000, 0x0000000083200000|100%|HS|  |TAMS 0x0000000083200000, 0x0000000083100000| Complete 
|  50|0x0000000083200000, 0x0000000083300000, 0x0000000083300000|100%|HC|  |TAMS 0x0000000083300000, 0x0000000083200000| Complete 
|  51|0x0000000083300000, 0x0000000083400000, 0x0000000083400000|100%|HC|  |TAMS 0x0000000083400000, 0x0000000083300000| Complete 
|  52|0x0000000083400000, 0x0000000083500000, 0x0000000083500000|100%|HC|  |TAMS 0x0000000083500000, 0x0000000083400000| Complete 
|  53|0x0000000083500000, 0x0000000083600000, 0x0000000083600000|100%| O|  |TAMS 0x0000000083600000, 0x0000000083500000| Untracked 
|  54|0x0000000083600000, 0x0000000083700000, 0x0000000083700000|100%| O|  |TAMS 0x0000000083700000, 0x0000000083600000| Complete 
|  55|0x0000000083700000, 0x0000000083800000, 0x0000000083800000|100%| O|  |TAMS 0x0000000083800000, 0x0000000083700000| Complete 
|  56|0x0000000083800000, 0x0000000083900000, 0x0000000083900000|100%|HS|  |TAMS 0x0000000083900000, 0x0000000083800000| Complete 
|  57|0x0000000083900000, 0x0000000083a00000, 0x0000000083a00000|100%|HS|  |TAMS 0x0000000083a00000, 0x0000000083900000| Complete 
|  58|0x0000000083a00000, 0x0000000083b00000, 0x0000000083b00000|100%|HS|  |TAMS 0x0000000083b00000, 0x0000000083a00000| Complete 
|  59|0x0000000083b00000, 0x0000000083c00000, 0x0000000083c00000|100%| O|  |TAMS 0x0000000083c00000, 0x0000000083b00000| Untracked 
|  60|0x0000000083c00000, 0x0000000083d00000, 0x0000000083d00000|100%| O|  |TAMS 0x0000000083d00000, 0x0000000083c00000| Complete 
|  61|0x0000000083d00000, 0x0000000083e00000, 0x0000000083e00000|100%|HS|  |TAMS 0x0000000083e00000, 0x0000000083d00000| Complete 
|  62|0x0000000083e00000, 0x0000000083f00000, 0x0000000083f00000|100%|HC|  |TAMS 0x0000000083f00000, 0x0000000083e00000| Complete 
|  63|0x0000000083f00000, 0x0000000084000000, 0x0000000084000000|100%|HC|  |TAMS 0x0000000084000000, 0x0000000083f00000| Complete 
|  64|0x0000000084000000, 0x0000000084100000, 0x0000000084100000|100%|HS|  |TAMS 0x0000000084100000, 0x0000000084000000| Complete 
|  65|0x0000000084100000, 0x0000000084200000, 0x0000000084200000|100%|HC|  |TAMS 0x0000000084200000, 0x0000000084100000| Complete 
|  66|0x0000000084200000, 0x0000000084300000, 0x0000000084300000|100%| O|  |TAMS 0x0000000084300000, 0x0000000084200000| Untracked 
|  67|0x0000000084300000, 0x0000000084400000, 0x0000000084400000|100%| O|  |TAMS 0x0000000084400000, 0x0000000084300000| Untracked 
|  68|0x0000000084400000, 0x0000000084500000, 0x0000000084500000|100%| O|  |TAMS 0x0000000084500000, 0x0000000084400000| Complete 
|  69|0x0000000084500000, 0x0000000084600000, 0x0000000084600000|100%| O|  |TAMS 0x0000000084600000, 0x0000000084500000| Untracked 
|  70|0x0000000084600000, 0x0000000084700000, 0x0000000084700000|100%| O|  |TAMS 0x0000000084700000, 0x0000000084600000| Untracked 
|  71|0x0000000084700000, 0x0000000084800000, 0x0000000084800000|100%| O|  |TAMS 0x0000000084800000, 0x0000000084700000| Complete 
|  72|0x0000000084800000, 0x0000000084900000, 0x0000000084900000|100%| O|  |TAMS 0x0000000084900000, 0x0000000084800000| Untracked 
|  73|0x0000000084900000, 0x0000000084a00000, 0x0000000084a00000|100%| O|  |TAMS 0x0000000084a00000, 0x0000000084900000| Untracked 
|  74|0x0000000084a00000, 0x0000000084b00000, 0x0000000084b00000|100%| O|  |TAMS 0x0000000084b00000, 0x0000000084a00000| Complete 
|  75|0x0000000084b00000, 0x0000000084c00000, 0x0000000084c00000|100%| O|  |TAMS 0x0000000084c00000, 0x0000000084b00000| Untracked 
|  76|0x0000000084c00000, 0x0000000084d00000, 0x0000000084d00000|100%| O|  |TAMS 0x0000000084d00000, 0x0000000084c00000| Untracked 
|  77|0x0000000084d00000, 0x0000000084e00000, 0x0000000084e00000|100%| O|  |TAMS 0x0000000084e00000, 0x0000000084d00000| Complete 
|  78|0x0000000084e00000, 0x0000000084f00000, 0x0000000084f00000|100%| O|  |TAMS 0x0000000084f00000, 0x0000000084e00000| Untracked 
|  79|0x0000000084f00000, 0x0000000085000000, 0x0000000085000000|100%| O|  |TAMS 0x0000000085000000, 0x0000000084f00000| Untracked 
|  80|0x0000000085000000, 0x0000000085100000, 0x0000000085100000|100%| O|  |TAMS 0x0000000085100000, 0x0000000085000000| Complete 
|  81|0x0000000085100000, 0x0000000085200000, 0x0000000085200000|100%| O|  |TAMS 0x0000000085200000, 0x0000000085100000| Complete 
|  82|0x0000000085200000, 0x0000000085300000, 0x0000000085300000|100%| O|  |TAMS 0x0000000085300000, 0x0000000085200000| Untracked 
|  83|0x0000000085300000, 0x0000000085400000, 0x0000000085400000|100%| O|  |TAMS 0x0000000085400000, 0x0000000085300000| Untracked 
|  84|0x0000000085400000, 0x0000000085500000, 0x0000000085500000|100%| O|  |TAMS 0x0000000085500000, 0x0000000085400000| Untracked 
|  85|0x0000000085500000, 0x0000000085600000, 0x0000000085600000|100%|HS|  |TAMS 0x0000000085600000, 0x0000000085500000| Complete 
|  86|0x0000000085600000, 0x0000000085700000, 0x0000000085700000|100%|HC|  |TAMS 0x0000000085700000, 0x0000000085600000| Complete 
|  87|0x0000000085700000, 0x0000000085800000, 0x0000000085800000|100%|HS|  |TAMS 0x0000000085800000, 0x0000000085700000| Complete 
|  88|0x0000000085800000, 0x0000000085900000, 0x0000000085900000|100%|HC|  |TAMS 0x0000000085900000, 0x0000000085800000| Complete 
|  89|0x0000000085900000, 0x0000000085a00000, 0x0000000085a00000|100%|HC|  |TAMS 0x0000000085a00000, 0x0000000085900000| Complete 
|  90|0x0000000085a00000, 0x0000000085b00000, 0x0000000085b00000|100%|HS|  |TAMS 0x0000000085b00000, 0x0000000085a00000| Complete 
|  91|0x0000000085b00000, 0x0000000085c00000, 0x0000000085c00000|100%|HS|  |TAMS 0x0000000085c00000, 0x0000000085b00000| Complete 
|  92|0x0000000085c00000, 0x0000000085d00000, 0x0000000085d00000|100%|HC|  |TAMS 0x0000000085d00000, 0x0000000085c00000| Complete 
|  93|0x0000000085d00000, 0x0000000085e00000, 0x0000000085e00000|100%|HC|  |TAMS 0x0000000085e00000, 0x0000000085d00000| Complete 
|  94|0x0000000085e00000, 0x0000000085f00000, 0x0000000085f00000|100%|HC|  |TAMS 0x0000000085f00000, 0x0000000085e00000| Complete 
|  95|0x0000000085f00000, 0x0000000086000000, 0x0000000086000000|100%| O|  |TAMS 0x0000000086000000, 0x0000000085f00000| Complete 
|  96|0x0000000086000000, 0x0000000086100000, 0x0000000086100000|100%| O|  |TAMS 0x0000000086100000, 0x0000000086000000| Untracked 
|  97|0x0000000086100000, 0x0000000086200000, 0x0000000086200000|100%| O|  |TAMS 0x0000000086200000, 0x0000000086100000| Complete 
|  98|0x0000000086200000, 0x0000000086300000, 0x0000000086300000|100%| O|  |TAMS 0x000000008627ae00, 0x0000000086200000| Untracked 
|  99|0x0000000086300000, 0x0000000086400000, 0x0000000086400000|100%| O|  |TAMS 0x0000000086400000, 0x0000000086300000| Untracked 
| 100|0x0000000086400000, 0x0000000086500000, 0x0000000086500000|100%| O|  |TAMS 0x0000000086500000, 0x0000000086400000| Complete 
| 101|0x0000000086500000, 0x0000000086600000, 0x0000000086600000|100%| O|  |TAMS 0x0000000086600000, 0x0000000086500000| Untracked 
| 102|0x0000000086600000, 0x0000000086700000, 0x0000000086700000|100%| O|  |TAMS 0x0000000086700000, 0x0000000086600000| Complete 
| 103|0x0000000086700000, 0x0000000086800000, 0x0000000086800000|100%| O|  |TAMS 0x0000000086800000, 0x0000000086700000| Complete 
| 104|0x0000000086800000, 0x0000000086900000, 0x0000000086900000|100%| O|  |TAMS 0x0000000086800000, 0x0000000086800000| Untracked 
| 105|0x0000000086900000, 0x0000000086a00000, 0x0000000086a00000|100%| O|  |TAMS 0x0000000086a00000, 0x0000000086900000| Untracked 
| 106|0x0000000086a00000, 0x0000000086b00000, 0x0000000086b00000|100%| O|  |TAMS 0x0000000086b00000, 0x0000000086a00000| Complete 
| 107|0x0000000086b00000, 0x0000000086c00000, 0x0000000086c00000|100%| O|  |TAMS 0x0000000086c00000, 0x0000000086b00000| Untracked 
| 108|0x0000000086c00000, 0x0000000086d00000, 0x0000000086d00000|100%| O|  |TAMS 0x0000000086d00000, 0x0000000086c00000| Complete 
| 109|0x0000000086d00000, 0x0000000086e00000, 0x0000000086e00000|100%| O|  |TAMS 0x0000000086e00000, 0x0000000086d00000| Complete 
| 110|0x0000000086e00000, 0x0000000086e2b600, 0x0000000086f00000| 16%| O|  |TAMS 0x0000000086e00000, 0x0000000086e00000| Untracked 
| 111|0x0000000086f00000, 0x0000000087000000, 0x0000000087000000|100%| O|  |TAMS 0x0000000087000000, 0x0000000086f00000| Complete 
| 112|0x0000000087000000, 0x0000000087100000, 0x0000000087100000|100%| O|  |TAMS 0x0000000087100000, 0x0000000087000000| Complete 
| 113|0x0000000087100000, 0x0000000087200000, 0x0000000087200000|100%| O|  |TAMS 0x0000000087200000, 0x0000000087100000| Complete 
| 114|0x0000000087200000, 0x0000000087300000, 0x0000000087300000|100%| O|  |TAMS 0x0000000087300000, 0x0000000087200000| Complete 
| 115|0x0000000087300000, 0x0000000087400000, 0x0000000087400000|100%| O|  |TAMS 0x0000000087400000, 0x0000000087300000| Complete 
| 116|0x0000000087400000, 0x0000000087500000, 0x0000000087500000|100%| O|  |TAMS 0x0000000087500000, 0x0000000087400000| Complete 
| 117|0x0000000087500000, 0x0000000087600000, 0x0000000087600000|100%| O|  |TAMS 0x0000000087600000, 0x0000000087500000| Complete 
| 118|0x0000000087600000, 0x0000000087700000, 0x0000000087700000|100%| O|  |TAMS 0x0000000087700000, 0x0000000087600000| Complete 
| 119|0x0000000087700000, 0x0000000087800000, 0x0000000087800000|100%| O|  |TAMS 0x0000000087800000, 0x0000000087700000| Complete 
| 120|0x0000000087800000, 0x0000000087900000, 0x0000000087900000|100%| O|  |TAMS 0x0000000087900000, 0x0000000087800000| Complete 
| 121|0x0000000087900000, 0x0000000087a00000, 0x0000000087a00000|100%| O|  |TAMS 0x0000000087a00000, 0x0000000087900000| Complete 
| 122|0x0000000087a00000, 0x0000000087b00000, 0x0000000087b00000|100%| O|  |TAMS 0x0000000087b00000, 0x0000000087a00000| Complete 
| 123|0x0000000087b00000, 0x0000000087c00000, 0x0000000087c00000|100%| O|  |TAMS 0x0000000087c00000, 0x0000000087b00000| Complete 
| 124|0x0000000087c00000, 0x0000000087d00000, 0x0000000087d00000|100%| O|  |TAMS 0x0000000087d00000, 0x0000000087c00000| Complete 
| 125|0x0000000087d00000, 0x0000000087e00000, 0x0000000087e00000|100%| O|  |TAMS 0x0000000087e00000, 0x0000000087d00000| Complete 
| 126|0x0000000087e00000, 0x0000000087f00000, 0x0000000087f00000|100%| O|  |TAMS 0x0000000087f00000, 0x0000000087e00000| Untracked 
| 127|0x0000000087f00000, 0x0000000088000000, 0x0000000088000000|100%| O|  |TAMS 0x0000000088000000, 0x0000000087f00000| Untracked 
| 128|0x0000000088000000, 0x0000000088100000, 0x0000000088100000|100%| O|  |TAMS 0x0000000088100000, 0x0000000088000000| Complete 
| 129|0x0000000088100000, 0x0000000088200000, 0x0000000088200000|100%| O|  |TAMS 0x0000000088200000, 0x0000000088100000| Complete 
| 130|0x0000000088200000, 0x0000000088300000, 0x0000000088300000|100%| O|  |TAMS 0x0000000088300000, 0x0000000088200000| Complete 
| 131|0x0000000088300000, 0x0000000088400000, 0x0000000088400000|100%| O|  |TAMS 0x0000000088400000, 0x0000000088300000| Complete 
| 132|0x0000000088400000, 0x0000000088500000, 0x0000000088500000|100%| O|  |TAMS 0x0000000088500000, 0x0000000088400000| Complete 
| 133|0x0000000088500000, 0x0000000088600000, 0x0000000088600000|100%| O|  |TAMS 0x0000000088600000, 0x0000000088500000| Complete 
| 134|0x0000000088600000, 0x0000000088700000, 0x0000000088700000|100%| O|  |TAMS 0x0000000088700000, 0x0000000088600000| Untracked 
| 135|0x0000000088700000, 0x0000000088800000, 0x0000000088800000|100%| O|  |TAMS 0x0000000088800000, 0x0000000088700000| Complete 
| 136|0x0000000088800000, 0x0000000088900000, 0x0000000088900000|100%| O|  |TAMS 0x0000000088900000, 0x0000000088800000| Untracked 
| 137|0x0000000088900000, 0x0000000088a00000, 0x0000000088a00000|100%| O|  |TAMS 0x0000000088a00000, 0x0000000088900000| Complete 
| 138|0x0000000088a00000, 0x0000000088b00000, 0x0000000088b00000|100%| O|  |TAMS 0x0000000088b00000, 0x0000000088a00000| Untracked 
| 139|0x0000000088b00000, 0x0000000088c00000, 0x0000000088c00000|100%| O|  |TAMS 0x0000000088c00000, 0x0000000088b00000| Untracked 
| 140|0x0000000088c00000, 0x0000000088d00000, 0x0000000088d00000|100%| O|  |TAMS 0x0000000088d00000, 0x0000000088c00000| Untracked 
| 141|0x0000000088d00000, 0x0000000088e00000, 0x0000000088e00000|100%| O|  |TAMS 0x0000000088e00000, 0x0000000088d00000| Untracked 
| 142|0x0000000088e00000, 0x0000000088f00000, 0x0000000088f00000|100%| O|  |TAMS 0x0000000088f00000, 0x0000000088e00000| Untracked 
| 143|0x0000000088f00000, 0x0000000089000000, 0x0000000089000000|100%| O|  |TAMS 0x0000000089000000, 0x0000000088f00000| Untracked 
| 144|0x0000000089000000, 0x0000000089100000, 0x0000000089100000|100%| O|  |TAMS 0x0000000089100000, 0x0000000089000000| Untracked 
| 145|0x0000000089100000, 0x0000000089200000, 0x0000000089200000|100%| O|  |TAMS 0x0000000089200000, 0x0000000089100000| Untracked 
| 146|0x0000000089200000, 0x0000000089300000, 0x0000000089300000|100%| O|  |TAMS 0x0000000089300000, 0x0000000089200000| Untracked 
| 147|0x0000000089300000, 0x0000000089400000, 0x0000000089400000|100%| O|  |TAMS 0x0000000089400000, 0x0000000089300000| Untracked 
| 148|0x0000000089400000, 0x0000000089500000, 0x0000000089500000|100%| O|  |TAMS 0x0000000089500000, 0x0000000089400000| Untracked 
| 149|0x0000000089500000, 0x0000000089600000, 0x0000000089600000|100%| O|  |TAMS 0x0000000089600000, 0x0000000089500000| Complete 
| 150|0x0000000089600000, 0x0000000089700000, 0x0000000089700000|100%| O|  |TAMS 0x0000000089700000, 0x0000000089600000| Complete 
| 151|0x0000000089700000, 0x0000000089700000, 0x0000000089800000|  0%| F|  |TAMS 0x0000000089700000, 0x0000000089700000| Untracked 
| 152|0x0000000089800000, 0x0000000089800000, 0x0000000089900000|  0%| F|  |TAMS 0x0000000089800000, 0x0000000089800000| Untracked 
| 153|0x0000000089900000, 0x0000000089a00000, 0x0000000089a00000|100%| O|  |TAMS 0x0000000089a00000, 0x0000000089900000| Untracked 
| 154|0x0000000089a00000, 0x0000000089a00000, 0x0000000089b00000|  0%| F|  |TAMS 0x0000000089a00000, 0x0000000089a00000| Untracked 
| 155|0x0000000089b00000, 0x0000000089b00000, 0x0000000089c00000|  0%| F|  |TAMS 0x0000000089b00000, 0x0000000089b00000| Untracked 
| 156|0x0000000089c00000, 0x0000000089c00000, 0x0000000089d00000|  0%| F|  |TAMS 0x0000000089c00000, 0x0000000089c00000| Untracked 
| 157|0x0000000089d00000, 0x0000000089d00000, 0x0000000089e00000|  0%| F|  |TAMS 0x0000000089d00000, 0x0000000089d00000| Untracked 
| 158|0x0000000089e00000, 0x0000000089f00000, 0x0000000089f00000|100%| O|  |TAMS 0x0000000089f00000, 0x0000000089e00000| Untracked 
| 159|0x0000000089f00000, 0x0000000089f00000, 0x000000008a000000|  0%| F|  |TAMS 0x0000000089f00000, 0x0000000089f00000| Untracked 
| 160|0x000000008a000000, 0x000000008a000000, 0x000000008a100000|  0%| F|  |TAMS 0x000000008a000000, 0x000000008a000000| Untracked 
| 161|0x000000008a100000, 0x000000008a100000, 0x000000008a200000|  0%| F|  |TAMS 0x000000008a100000, 0x000000008a100000| Untracked 
| 162|0x000000008a200000, 0x000000008a200000, 0x000000008a300000|  0%| F|  |TAMS 0x000000008a200000, 0x000000008a200000| Untracked 
| 163|0x000000008a300000, 0x000000008a300000, 0x000000008a400000|  0%| F|  |TAMS 0x000000008a300000, 0x000000008a300000| Untracked 
| 164|0x000000008a400000, 0x000000008a400000, 0x000000008a500000|  0%| F|  |TAMS 0x000000008a400000, 0x000000008a400000| Untracked 
| 165|0x000000008a500000, 0x000000008a500000, 0x000000008a600000|  0%| F|  |TAMS 0x000000008a500000, 0x000000008a500000| Untracked 
| 166|0x000000008a600000, 0x000000008a600000, 0x000000008a700000|  0%| F|  |TAMS 0x000000008a600000, 0x000000008a600000| Untracked 
| 167|0x000000008a700000, 0x000000008a700000, 0x000000008a800000|  0%| F|  |TAMS 0x000000008a700000, 0x000000008a700000| Untracked 
| 168|0x000000008a800000, 0x000000008a800000, 0x000000008a900000|  0%| F|  |TAMS 0x000000008a800000, 0x000000008a800000| Untracked 
| 169|0x000000008a900000, 0x000000008a900000, 0x000000008aa00000|  0%| F|  |TAMS 0x000000008a900000, 0x000000008a900000| Untracked 
| 170|0x000000008aa00000, 0x000000008aa00000, 0x000000008ab00000|  0%| F|  |TAMS 0x000000008aa00000, 0x000000008aa00000| Untracked 
| 171|0x000000008ab00000, 0x000000008ac00000, 0x000000008ac00000|100%| O|  |TAMS 0x000000008ac00000, 0x000000008ab00000| Complete 
| 172|0x000000008ac00000, 0x000000008ac00000, 0x000000008ad00000|  0%| F|  |TAMS 0x000000008ac00000, 0x000000008ac00000| Untracked 
| 173|0x000000008ad00000, 0x000000008ad00000, 0x000000008ae00000|  0%| F|  |TAMS 0x000000008ad00000, 0x000000008ad00000| Untracked 
| 174|0x000000008ae00000, 0x000000008ae00000, 0x000000008af00000|  0%| F|  |TAMS 0x000000008ae00000, 0x000000008ae00000| Untracked 
| 175|0x000000008af00000, 0x000000008af00000, 0x000000008b000000|  0%| F|  |TAMS 0x000000008af00000, 0x000000008af00000| Untracked 
| 176|0x000000008b000000, 0x000000008b000000, 0x000000008b100000|  0%| F|  |TAMS 0x000000008b000000, 0x000000008b000000| Untracked 
| 177|0x000000008b100000, 0x000000008b200000, 0x000000008b200000|100%| S|CS|TAMS 0x000000008b100000, 0x000000008b100000| Complete 
| 178|0x000000008b200000, 0x000000008b300000, 0x000000008b300000|100%| S|CS|TAMS 0x000000008b200000, 0x000000008b200000| Complete 
| 179|0x000000008b300000, 0x000000008b300000, 0x000000008b400000|  0%| F|  |TAMS 0x000000008b300000, 0x000000008b300000| Untracked 
| 180|0x000000008b400000, 0x000000008b400000, 0x000000008b500000|  0%| F|  |TAMS 0x000000008b400000, 0x000000008b400000| Untracked 
| 181|0x000000008b500000, 0x000000008b500000, 0x000000008b600000|  0%| F|  |TAMS 0x000000008b500000, 0x000000008b500000| Untracked 
| 182|0x000000008b600000, 0x000000008b600000, 0x000000008b700000|  0%| F|  |TAMS 0x000000008b600000, 0x000000008b600000| Untracked 
| 183|0x000000008b700000, 0x000000008b700000, 0x000000008b800000|  0%| F|  |TAMS 0x000000008b700000, 0x000000008b700000| Untracked 
| 184|0x000000008b800000, 0x000000008b800000, 0x000000008b900000|  0%| F|  |TAMS 0x000000008b800000, 0x000000008b800000| Untracked 
| 185|0x000000008b900000, 0x000000008b900000, 0x000000008ba00000|  0%| F|  |TAMS 0x000000008b900000, 0x000000008b900000| Untracked 
| 186|0x000000008ba00000, 0x000000008ba00000, 0x000000008bb00000|  0%| F|  |TAMS 0x000000008ba00000, 0x000000008ba00000| Untracked 
| 187|0x000000008bb00000, 0x000000008bb00000, 0x000000008bc00000|  0%| F|  |TAMS 0x000000008bb00000, 0x000000008bb00000| Untracked 
| 188|0x000000008bc00000, 0x000000008bc00000, 0x000000008bd00000|  0%| F|  |TAMS 0x000000008bc00000, 0x000000008bc00000| Untracked 
| 189|0x000000008bd00000, 0x000000008bd00000, 0x000000008be00000|  0%| F|  |TAMS 0x000000008bd00000, 0x000000008bd00000| Untracked 
| 190|0x000000008be00000, 0x000000008be00000, 0x000000008bf00000|  0%| F|  |TAMS 0x000000008be00000, 0x000000008be00000| Untracked 

Card table byte_map: [0x000001f8bbfe0000,0x000001f8bc3e0000] _byte_map_base: 0x000001f8bbbe0000

Marking Bits (Prev, Next): (CMBitMap*) 0x000001f8a8adb548, (CMBitMap*) 0x000001f8a8adb580
 Prev Bits: [0x000001f8bc7e0000, 0x000001f8be7e0000)
 Next Bits: [0x000001f8be7e0000, 0x000001f8c07e0000)

Polling page: 0x000001f8a7290000

Metaspace:

Usage:
  Non-class:     99.26 MB capacity,    97.17 MB ( 98%) used,     1.75 MB (  2%) free+waste,   350.56 KB ( <1%) overhead. 
      Class:     15.12 MB capacity,    13.97 MB ( 92%) used,  1014.52 KB (  7%) free+waste,   155.56 KB (  1%) overhead. 
       Both:    114.38 MB capacity,   111.14 MB ( 97%) used,     2.74 MB (  2%) free+waste,   506.13 KB ( <1%) overhead. 

Virtual space:
  Non-class space:      100.00 MB reserved,      99.50 MB (>99%) committed 
      Class space:        1.00 GB reserved,      15.20 MB (  1%) committed 
             Both:        1.10 GB reserved,     114.70 MB ( 10%) committed 

Chunk freelists:
   Non-Class:  55.00 KB
       Class:  9.00 KB
        Both:  64.00 KB

MaxMetaspaceSize: 17179869184.00 GB
CompressedClassSpaceSize: 1.00 GB
Initial GC threshold: 20.80 MB
Current GC threshold: 189.71 MB
CDS: off

CodeHeap 'non-profiled nmethods': size=120064Kb used=8448Kb max_used=8448Kb free=111615Kb
 bounds [0x000001f8b4070000, 0x000001f8b48c0000, 0x000001f8bb5b0000]
CodeHeap 'profiled nmethods': size=120000Kb used=33389Kb max_used=33389Kb free=86610Kb
 bounds [0x000001f8acb40000, 0x000001f8aebe0000, 0x000001f8b4070000]
CodeHeap 'non-nmethods': size=5696Kb used=2455Kb max_used=2522Kb free=3241Kb
 bounds [0x000001f8ac5b0000, 0x000001f8ac830000, 0x000001f8acb40000]
 total_blobs=16302 nmethods=15324 adapters=888
 compilation: enabled
              stopped_count=0, restarted_count=0
 full_count=0

Compilation events (20 events):
Event: 357.064 Thread 0x000001f8c2e54800 15645       2       com.ctc.wstx.util.BaseNsContext::getNamespaceURI (52 bytes)
Event: 357.065 Thread 0x000001f8c2e54800 nmethod 15645 0x000001f8aebd6b10 code [0x000001f8aebd6d20, 0x000001f8aebd7078]
Event: 357.065 Thread 0x000001f8c2e54800 15643       2       kotlin.collections.SetsKt__SetsKt::setOf (22 bytes)
Event: 357.066 Thread 0x000001f8c2e54800 nmethod 15643 0x000001f8aebd7210 code [0x000001f8aebd7400, 0x000001f8aebd76a8]
Event: 357.066 Thread 0x000001f8c2e54800 15644       2       com.android.aaptcompiler.TableExtractor$parseXml$raw$1$isNotWrappingChar$1::invoke (12 bytes)
Event: 357.066 Thread 0x000001f8c2e54800 nmethod 15644 0x000001f8aebd7890 code [0x000001f8aebd7a40, 0x000001f8aebd7b88]
Event: 357.067 Thread 0x000001f8c2e54800 15646       2       com.android.aaptcompiler.StringPool$Ref::<init> (38 bytes)
Event: 357.068 Thread 0x000001f8c2e54800 nmethod 15646 0x000001f8aebd7c90 code [0x000001f8aebd7e80, 0x000001f8aebd8198]
Event: 357.068 Thread 0x000001f8c2e54800 15647       2       com.google.common.io.CountingOutputStream::write (22 bytes)
Event: 357.069 Thread 0x000001f8c2e54800 nmethod 15647 0x000001f8aebd8390 code [0x000001f8aebd8540, 0x000001f8aebd8688]
Event: 357.069 Thread 0x000001f8c2e54800 15648       2       com.google.common.collect.RegularImmutableMap::makeImmutable (44 bytes)
Event: 357.069 Thread 0x000001f8c2e54800 nmethod 15648 0x000001f8aebd8790 code [0x000001f8aebd8960, 0x000001f8aebd8cb8]
Event: 357.070 Thread 0x000001f8c2e54800 15649       1       org.gradle.internal.fingerprint.impl.AbstractFingerprintingStrategy::getDirectorySensitivity (5 bytes)
Event: 357.070 Thread 0x000001f8c2e54800 nmethod 15649 0x000001f8b48afd90 code [0x000001f8b48aff40, 0x000001f8b48afff8]
Event: 357.072 Thread 0x000001f8c2e54800 15650       2       com.android.aaptcompiler.StringPool$Context::<init> (39 bytes)
Event: 357.073 Thread 0x000001f8c2e54800 nmethod 15650 0x000001f8aebd8e10 code [0x000001f8aebd9020, 0x000001f8aebd9428]
Event: 357.073 Thread 0x000001f8c2e54800 15651       2       com.android.aaptcompiler.StringPool$Context::<init> (21 bytes)
Event: 357.074 Thread 0x000001f8c2e54800 nmethod 15651 0x000001f8aebd9690 code [0x000001f8aebd9880, 0x000001f8aebd9b98]
Event: 357.074 Thread 0x000001f8c2e54800 15652       2       com.android.aaptcompiler.StringPool::makeRefImpl (227 bytes)
Event: 357.076 Thread 0x000001f8c2e54800 nmethod 15652 0x000001f8aebd9d90 code [0x000001f8aebda0e0, 0x000001f8aebdada8]

GC Heap History (20 events):
Event: 353.491 GC heap after
{Heap after GC invocations=78 (full 0):
 garbage-first heap   total 195584K, used 138575K [0x0000000080000000, 0x0000000100000000)
  region size 1024K, 3 young (3072K), 3 survivors (3072K)
 Metaspace       used 108763K, capacity 112068K, committed 112332K, reserved 1146880K
  class space    used 13825K, capacity 14967K, committed 15052K, reserved 1048576K
}
Event: 354.285 GC heap before
{Heap before GC invocations=79 (full 0):
 garbage-first heap   total 195584K, used 166223K [0x0000000080000000, 0x0000000100000000)
  region size 1024K, 28 young (28672K), 3 survivors (3072K)
 Metaspace       used 109773K, capacity 113110K, committed 113228K, reserved 1146880K
  class space    used 13938K, capacity 15083K, committed 15180K, reserved 1048576K
}
Event: 354.327 GC heap after
{Heap after GC invocations=80 (full 0):
 garbage-first heap   total 195584K, used 151703K [0x0000000080000000, 0x0000000100000000)
  region size 1024K, 4 young (4096K), 4 survivors (4096K)
 Metaspace       used 109773K, capacity 113110K, committed 113228K, reserved 1146880K
  class space    used 13938K, capacity 15083K, committed 15180K, reserved 1048576K
}
Event: 354.433 GC heap before
{Heap before GC invocations=80 (full 0):
 garbage-first heap   total 195584K, used 156823K [0x0000000080000000, 0x0000000100000000)
  region size 1024K, 9 young (9216K), 4 survivors (4096K)
 Metaspace       used 109978K, capacity 113302K, committed 113484K, reserved 1146880K
  class space    used 13963K, capacity 15147K, committed 15180K, reserved 1048576K
}
Event: 354.622 GC heap after
{Heap after GC invocations=81 (full 0):
 garbage-first heap   total 195584K, used 151833K [0x0000000080000000, 0x0000000100000000)
  region size 1024K, 2 young (2048K), 2 survivors (2048K)
 Metaspace       used 109978K, capacity 113302K, committed 113484K, reserved 1146880K
  class space    used 13963K, capacity 15147K, committed 15180K, reserved 1048576K
}
Event: 354.876 GC heap before
{Heap before GC invocations=81 (full 0):
 garbage-first heap   total 195584K, used 161049K [0x0000000080000000, 0x0000000100000000)
  region size 1024K, 13 young (13312K), 2 survivors (2048K)
 Metaspace       used 110180K, capacity 113494K, committed 113740K, reserved 1148928K
  class space    used 13975K, capacity 15147K, committed 15180K, reserved 1048576K
}
Event: 354.891 GC heap after
{Heap after GC invocations=82 (full 0):
 garbage-first heap   total 195584K, used 154978K [0x0000000080000000, 0x0000000100000000)
  region size 1024K, 2 young (2048K), 2 survivors (2048K)
 Metaspace       used 110180K, capacity 113494K, committed 113740K, reserved 1148928K
  class space    used 13975K, capacity 15147K, committed 15180K, reserved 1048576K
}
Event: 355.371 GC heap before
{Heap before GC invocations=82 (full 0):
 garbage-first heap   total 195584K, used 173410K [0x0000000080000000, 0x0000000100000000)
  region size 1024K, 12 young (12288K), 2 survivors (2048K)
 Metaspace       used 110237K, capacity 113561K, committed 113740K, reserved 1148928K
  class space    used 13980K, capacity 15148K, committed 15180K, reserved 1048576K
}
Event: 355.385 GC heap after
{Heap after GC invocations=83 (full 0):
 garbage-first heap   total 195584K, used 158095K [0x0000000080000000, 0x0000000100000000)
  region size 1024K, 2 young (2048K), 2 survivors (2048K)
 Metaspace       used 110237K, capacity 113561K, committed 113740K, reserved 1148928K
  class space    used 13980K, capacity 15148K, committed 15180K, reserved 1048576K
}
Event: 355.507 GC heap before
{Heap before GC invocations=83 (full 0):
 garbage-first heap   total 195584K, used 167311K [0x0000000080000000, 0x0000000100000000)
  region size 1024K, 11 young (11264K), 2 survivors (2048K)
 Metaspace       used 110237K, capacity 113561K, committed 113740K, reserved 1148928K
  class space    used 13980K, capacity 15148K, committed 15180K, reserved 1048576K
}
Event: 355.519 GC heap after
{Heap after GC invocations=84 (full 0):
 garbage-first heap   total 195584K, used 159056K [0x0000000080000000, 0x0000000100000000)
  region size 1024K, 2 young (2048K), 2 survivors (2048K)
 Metaspace       used 110237K, capacity 113561K, committed 113740K, reserved 1148928K
  class space    used 13980K, capacity 15148K, committed 15180K, reserved 1048576K
}
Event: 355.683 GC heap before
{Heap before GC invocations=85 (full 0):
 garbage-first heap   total 195584K, used 168272K [0x0000000080000000, 0x0000000100000000)
  region size 1024K, 11 young (11264K), 2 survivors (2048K)
 Metaspace       used 110297K, capacity 113629K, committed 113740K, reserved 1148928K
  class space    used 13988K, capacity 15149K, committed 15180K, reserved 1048576K
}
Event: 355.689 GC heap after
{Heap after GC invocations=86 (full 0):
 garbage-first heap   total 195584K, used 159070K [0x0000000080000000, 0x0000000100000000)
  region size 1024K, 1 young (1024K), 1 survivors (1024K)
 Metaspace       used 110297K, capacity 113629K, committed 113740K, reserved 1148928K
  class space    used 13988K, capacity 15149K, committed 15180K, reserved 1048576K
}
Event: 355.953 GC heap before
{Heap before GC invocations=86 (full 0):
 garbage-first heap   total 195584K, used 181598K [0x0000000080000000, 0x0000000100000000)
  region size 1024K, 9 young (9216K), 1 survivors (1024K)
 Metaspace       used 110374K, capacity 113705K, committed 113740K, reserved 1148928K
  class space    used 13992K, capacity 15151K, committed 15180K, reserved 1048576K
}
Event: 355.964 GC heap after
{Heap after GC invocations=87 (full 0):
 garbage-first heap   total 195584K, used 157712K [0x0000000080000000, 0x0000000100000000)
  region size 1024K, 2 young (2048K), 2 survivors (2048K)
 Metaspace       used 110374K, capacity 113705K, committed 113740K, reserved 1148928K
  class space    used 13992K, capacity 15151K, committed 15180K, reserved 1048576K
}
Event: 356.131 GC heap before
{Heap before GC invocations=87 (full 0):
 garbage-first heap   total 195584K, used 166928K [0x0000000080000000, 0x0000000100000000)
  region size 1024K, 12 young (12288K), 2 survivors (2048K)
 Metaspace       used 111245K, capacity 114483K, committed 114636K, reserved 1148928K
  class space    used 14074K, capacity 15231K, committed 15308K, reserved 1048576K
}
Event: 356.142 GC heap after
{Heap after GC invocations=88 (full 0):
 garbage-first heap   total 195584K, used 158875K [0x0000000080000000, 0x0000000100000000)
  region size 1024K, 2 young (2048K), 2 survivors (2048K)
 Metaspace       used 111245K, capacity 114483K, committed 114636K, reserved 1148928K
  class space    used 14074K, capacity 15231K, committed 15308K, reserved 1048576K
}
Event: 356.772 GC heap before
{Heap before GC invocations=88 (full 0):
 garbage-first heap   total 195584K, used 166043K [0x0000000080000000, 0x0000000100000000)
  region size 1024K, 12 young (12288K), 2 survivors (2048K)
 Metaspace       used 113174K, capacity 116391K, committed 116556K, reserved 1150976K
  class space    used 14236K, capacity 15368K, committed 15436K, reserved 1048576K
}
Event: 356.783 GC heap after
{Heap after GC invocations=89 (full 0):
 garbage-first heap   total 195584K, used 157696K [0x0000000080000000, 0x0000000100000000)
  region size 1024K, 2 young (2048K), 2 survivors (2048K)
 Metaspace       used 113174K, capacity 116391K, committed 116556K, reserved 1150976K
  class space    used 14236K, capacity 15368K, committed 15436K, reserved 1048576K
}
Event: 357.077 GC heap before
{Heap before GC invocations=90 (full 0):
 garbage-first heap   total 195584K, used 166912K [0x0000000080000000, 0x0000000100000000)
  region size 1024K, 12 young (12288K), 2 survivors (2048K)
 Metaspace       used 113806K, capacity 117120K, committed 117452K, reserved 1150976K
  class space    used 14308K, capacity 15479K, committed 15564K, reserved 1048576K
}

Deoptimization events (20 events):
Event: 356.993 Thread 0x000001f8c6b89800 Uncommon trap: trap_request=0xffffff4d fr.pc=0x000001f8b4686230 relative=0x00000000000003d0
Event: 356.993 Thread 0x000001f8c6b89800 Uncommon trap: reason=unstable_if action=reinterpret pc=0x000001f8b4686230 method=java.io.BufferedOutputStream.write([BII)V @ 6 c2
Event: 356.993 Thread 0x000001f8c6b89800 DEOPT PACKING pc=0x000001f8b4686230 sp=0x00000026194fdd70
Event: 356.994 Thread 0x000001f8c6b89800 DEOPT UNPACKING pc=0x000001f8ac5fa1af sp=0x00000026194fdcb0 mode 2
Event: 357.002 Thread 0x000001f8c6b83800 DEOPT PACKING pc=0x000001f8aeb3c06b sp=0x00000026195fc740
Event: 357.002 Thread 0x000001f8c6b83800 DEOPT UNPACKING pc=0x000001f8ac5fa95e sp=0x00000026195fbc30 mode 0
Event: 357.011 Thread 0x000001f8c6b83800 DEOPT PACKING pc=0x000001f8aeba437f sp=0x00000026195fc740
Event: 357.011 Thread 0x000001f8c6b83800 DEOPT UNPACKING pc=0x000001f8ac5fa95e sp=0x00000026195fbc80 mode 0
Event: 357.027 Thread 0x000001f8c6b83800 DEOPT PACKING pc=0x000001f8aeb6cb90 sp=0x00000026195fc790
Event: 357.027 Thread 0x000001f8c6b83800 DEOPT UNPACKING pc=0x000001f8ac5fa95e sp=0x00000026195fbd08 mode 0
Event: 357.055 Thread 0x000001f8c6b83800 DEOPT PACKING pc=0x000001f8aeba9992 sp=0x00000026195fcc00
Event: 357.055 Thread 0x000001f8c6b83800 DEOPT UNPACKING pc=0x000001f8ac5fa95e sp=0x00000026195fc128 mode 0
Event: 357.071 Thread 0x000001f8c6b85000 Uncommon trap: trap_request=0xffffffde fr.pc=0x000001f8b4874954 relative=0x0000000000000b14
Event: 357.071 Thread 0x000001f8c6b85000 Uncommon trap: reason=class_check action=maybe_recompile pc=0x000001f8b4874954 method=java.util.Iterator.forEachRemaining(Ljava/util/function/Consumer;)V @ 6 c2
Event: 357.071 Thread 0x000001f8c6b85000 DEOPT PACKING pc=0x000001f8b4874954 sp=0x00000026191fb3d0
Event: 357.071 Thread 0x000001f8c6b85000 DEOPT UNPACKING pc=0x000001f8ac5fa1af sp=0x00000026191fb3a0 mode 2
Event: 357.071 Thread 0x000001f8c6b85000 Uncommon trap: trap_request=0xffffffde fr.pc=0x000001f8b4874954 relative=0x0000000000000b14
Event: 357.071 Thread 0x000001f8c6b85000 Uncommon trap: reason=class_check action=maybe_recompile pc=0x000001f8b4874954 method=java.util.Iterator.forEachRemaining(Ljava/util/function/Consumer;)V @ 6 c2
Event: 357.071 Thread 0x000001f8c6b85000 DEOPT PACKING pc=0x000001f8b4874954 sp=0x00000026191fb3d0
Event: 357.071 Thread 0x000001f8c6b85000 DEOPT UNPACKING pc=0x000001f8ac5fa1af sp=0x00000026191fb3a0 mode 2

Classes redefined (0 events):
No events

Internal exceptions (20 events):
Event: 349.899 Thread 0x000001f8c7268800 Exception <a 'sun/nio/fs/WindowsException'{0x000000008b0fc980}> (0x000000008b0fc980) thrown at [./src/hotspot/share/prims/jni.cpp, line 615]
Event: 350.559 Thread 0x000001f8c7268800 Exception <a 'sun/nio/fs/WindowsException'{0x000000008ba67fe8}> (0x000000008ba67fe8) thrown at [./src/hotspot/share/prims/jni.cpp, line 615]
Event: 350.579 Thread 0x000001f8c7268800 Exception <a 'sun/nio/fs/WindowsException'{0x000000008b90cb70}> (0x000000008b90cb70) thrown at [./src/hotspot/share/prims/jni.cpp, line 615]
Event: 350.579 Thread 0x000001f8c7268800 Exception <a 'sun/nio/fs/WindowsException'{0x000000008b90def8}> (0x000000008b90def8) thrown at [./src/hotspot/share/prims/jni.cpp, line 615]
Event: 350.579 Thread 0x000001f8c7268800 Exception <a 'sun/nio/fs/WindowsException'{0x000000008b90f2d0}> (0x000000008b90f2d0) thrown at [./src/hotspot/share/prims/jni.cpp, line 615]
Event: 350.580 Thread 0x000001f8c7268800 Exception <a 'sun/nio/fs/WindowsException'{0x000000008b9106a8}> (0x000000008b9106a8) thrown at [./src/hotspot/share/prims/jni.cpp, line 615]
Event: 350.731 Thread 0x000001f8c7268800 Exception <a 'java/lang/NoSuchMethodError'{0x000000008b40f898}: 'java.lang.Object java.lang.invoke.Invokers$Holder.linkToTargetMethod(java.lang.Object, int, int, java.lang.Object)'> (0x000000008b40f898) thrown at [./src/hotspot/share/interpreter/linkResolver.cpp, line 773]
Event: 351.060 Thread 0x000001f8c6b88800 Exception <a 'java/lang/NoSuchMethodError'{0x000000008a973350}: <clinit>> (0x000000008a973350) thrown at [./src/hotspot/share/prims/jni.cpp, line 1365]
Event: 351.063 Thread 0x000001f8c6b88800 Exception <a 'java/lang/NoSuchMethodError'{0x000000008a981c98}: <clinit>> (0x000000008a981c98) thrown at [./src/hotspot/share/prims/jni.cpp, line 1365]
Event: 351.066 Thread 0x000001f8c6b88800 Exception <a 'java/lang/NoSuchMethodError'{0x000000008a99c100}: <clinit>> (0x000000008a99c100) thrown at [./src/hotspot/share/prims/jni.cpp, line 1365]
Event: 351.084 Thread 0x000001f8c7274000 Implicit null exception at 0x000001f8b471d2e4 to 0x000001f8b471e8e8
Event: 351.164 Thread 0x000001f8c7268000 Exception <a 'java/lang/NoSuchMethodError'{0x000000008a8cc1c0}: <clinit>> (0x000000008a8cc1c0) thrown at [./src/hotspot/share/prims/jni.cpp, line 1365]
Event: 351.165 Thread 0x000001f8c6b82800 Exception <a 'java/lang/NoSuchMethodError'{0x000000008a8c68b0}: 'java.lang.Object java.lang.invoke.DirectMethodHandle$Holder.invokeInterface(java.lang.Object, java.lang.Object, int)'> (0x000000008a8c68b0) thrown at [./src/hotspot/share/interpreter/linkResolver.cpp, line 773]
Event: 351.169 Thread 0x000001f8c6b82800 Exception <a 'java/lang/NoSuchMethodError'{0x000000008a8de870}: 'void java.lang.invoke.DirectMethodHandle$Holder.invokeStatic(java.lang.Object, java.lang.Object, java.lang.Object, int)'> (0x000000008a8de870) thrown at [./src/hotspot/share/interpreter/linkResolver.cpp, line 773]
Event: 353.947 Thread 0x000001f8c6b87800 Implicit null exception at 0x000001f8b4832904 to 0x000001f8b4832afc
Event: 355.990 Thread 0x000001f8c6b87800 Exception <a 'java/lang/NoSuchMethodError'{0x000000008bd32510}: <clinit>> (0x000000008bd32510) thrown at [./src/hotspot/share/prims/jni.cpp, line 1365]
Event: 356.011 Thread 0x000001f8c6b87800 Exception <a 'java/lang/NoSuchMethodError'{0x000000008bc7a840}: <clinit>> (0x000000008bc7a840) thrown at [./src/hotspot/share/prims/jni.cpp, line 1365]
Event: 356.026 Thread 0x000001f8c6b87800 Exception <a 'java/lang/NoSuchMethodError'{0x000000008bb2df20}: <clinit>> (0x000000008bb2df20) thrown at [./src/hotspot/share/prims/jni.cpp, line 1365]
Event: 356.753 Thread 0x000001f8c6b85000 Exception <a 'sun/nio/fs/WindowsException'{0x000000008b5a8d08}> (0x000000008b5a8d08) thrown at [./src/hotspot/share/prims/jni.cpp, line 615]
Event: 356.983 Thread 0x000001f8c6b85000 Exception <a 'java/lang/NoSuchMethodError'{0x000000008b9bab50}: 'java.lang.Object java.lang.invoke.DirectMethodHandle$Holder.newInvokeSpecial(java.lang.Object, java.lang.Object, java.lang.Object, java.lang.Object)'> (0x000000008b9bab50) thrown at [./src/hotspot/share/interpreter/linkResolver.cpp, line 773]

Events (20 events):
Event: 356.985 loading class org/gradle/internal/execution/steps/RecordOutputsStep done
Event: 356.985 loading class org/gradle/internal/snapshot/FileSystemLocationSnapshot
Event: 356.985 loading class org/gradle/internal/snapshot/FileSystemLocationSnapshot done
Event: 356.985 loading class org/gradle/internal/snapshot/FileSystemLocationSnapshot
Event: 356.985 loading class org/gradle/internal/snapshot/FileSystemLocationSnapshot done
Event: 356.985 loading class org/gradle/internal/execution/history/impl/DefaultOutputFilesRepository
Event: 356.985 loading class org/gradle/internal/execution/history/impl/DefaultOutputFilesRepository done
Event: 356.986 loading class org/gradle/internal/execution/history/impl/DefaultOutputFilesRepository$1
Event: 356.986 loading class org/gradle/internal/execution/history/impl/DefaultOutputFilesRepository$1 done
Event: 356.987 loading class org/gradle/internal/execution/history/impl/FileSystemSnapshotSerializer$1
Event: 356.987 loading class org/gradle/internal/execution/history/impl/FileSystemSnapshotSerializer$1 done
Event: 356.990 loading class org/gradle/internal/execution/history/impl/FileSystemSnapshotSerializer$1$1
Event: 356.990 loading class org/gradle/internal/execution/history/impl/FileSystemSnapshotSerializer$1$1 done
Event: 356.993 Executing VM operation: RevokeBias
Event: 356.993 Executing VM operation: RevokeBias done
Event: 356.994 loading class org/gradle/internal/execution/steps/SkipUpToDateStep$2
Event: 356.994 loading class org/gradle/internal/execution/steps/SkipUpToDateStep$2 done
Event: 357.002 loading class com/google/common/collect/ImmutableList$SerializedForm
Event: 357.002 loading class com/google/common/collect/ImmutableList$SerializedForm done
Event: 357.077 Executing VM operation: G1CollectForAllocation


Dynamic libraries:
0x00007ff6408f0000 - 0x00007ff6408fa000 	C:\Program Files\Android\Android Studio\jre\bin\java.exe
0x00007ff839470000 - 0x00007ff839668000 	C:\WINDOWS\SYSTEM32\ntdll.dll
0x00007ff837aa0000 - 0x00007ff837b5d000 	C:\WINDOWS\System32\KERNEL32.DLL
0x00007ff836d40000 - 0x00007ff83700e000 	C:\WINDOWS\System32\KERNELBASE.dll
0x00007ff836c40000 - 0x00007ff836d40000 	C:\WINDOWS\System32\ucrtbase.dll
0x00007ff830770000 - 0x00007ff830787000 	C:\Program Files\Android\Android Studio\jre\bin\VCRUNTIME140.dll
0x00007ff832280000 - 0x00007ff832299000 	C:\Program Files\Android\Android Studio\jre\bin\jli.dll
0x00007ff839290000 - 0x00007ff839430000 	C:\WINDOWS\System32\USER32.dll
0x00007ff826ad0000 - 0x00007ff826d6a000 	C:\WINDOWS\WinSxS\amd64_microsoft.windows.common-controls_6595b64144ccf1df_6.0.19041.1110_none_60b5254171f9507e\COMCTL32.dll
0x00007ff8374a0000 - 0x00007ff8374c2000 	C:\WINDOWS\System32\win32u.dll
0x00007ff8383a0000 - 0x00007ff83843e000 	C:\WINDOWS\System32\msvcrt.dll
0x00007ff837a10000 - 0x00007ff837a3a000 	C:\WINDOWS\System32\GDI32.dll
0x00007ff8372f0000 - 0x00007ff8373fb000 	C:\WINDOWS\System32\gdi32full.dll
0x00007ff837400000 - 0x00007ff83749d000 	C:\WINDOWS\System32\msvcp_win.dll
0x00007ff837a70000 - 0x00007ff837aa0000 	C:\WINDOWS\System32\IMM32.DLL
0x00007ff8264b0000 - 0x00007ff82654d000 	C:\Program Files\Android\Android Studio\jre\bin\msvcp140.dll
0x00007ff803d60000 - 0x00007ff804845000 	C:\Program Files\Android\Android Studio\jre\bin\server\jvm.dll
0x00007ff838a30000 - 0x00007ff838ade000 	C:\WINDOWS\System32\ADVAPI32.dll
0x00007ff8376e0000 - 0x00007ff83777c000 	C:\WINDOWS\System32\sechost.dll
0x00007ff838140000 - 0x00007ff838265000 	C:\WINDOWS\System32\RPCRT4.dll
0x00007ff838390000 - 0x00007ff838398000 	C:\WINDOWS\System32\PSAPI.DLL
0x00007ff830a20000 - 0x00007ff830a29000 	C:\WINDOWS\SYSTEM32\WSOCK32.dll
0x00007ff826f30000 - 0x00007ff826f57000 	C:\WINDOWS\SYSTEM32\WINMM.dll
0x00007ff837bc0000 - 0x00007ff837c2b000 	C:\WINDOWS\System32\WS2_32.dll
0x00007ff834b70000 - 0x00007ff834b7a000 	C:\WINDOWS\SYSTEM32\VERSION.dll
0x00007ff834c70000 - 0x00007ff834c82000 	C:\WINDOWS\SYSTEM32\kernel.appcore.dll
0x00007ff8306f0000 - 0x00007ff830701000 	C:\Program Files\Android\Android Studio\jre\bin\verify.dll
0x00007ff824a00000 - 0x00007ff824be4000 	C:\WINDOWS\SYSTEM32\DBGHELP.DLL
0x00007ff824fb0000 - 0x00007ff824fdc000 	C:\WINDOWS\SYSTEM32\dbgcore.DLL
0x00007ff837210000 - 0x00007ff837292000 	C:\WINDOWS\System32\bcryptPrimitives.dll
0x00007ff830660000 - 0x00007ff830689000 	C:\Program Files\Android\Android Studio\jre\bin\java.dll
0x00007ff8306e0000 - 0x00007ff8306eb000 	C:\Program Files\Android\Android Studio\jre\bin\jimage.dll
0x00007ff830640000 - 0x00007ff830658000 	C:\Program Files\Android\Android Studio\jre\bin\zip.dll
0x00007ff838ae0000 - 0x00007ff839224000 	C:\WINDOWS\System32\SHELL32.dll
0x00007ff834c90000 - 0x00007ff835424000 	C:\WINDOWS\SYSTEM32\windows.storage.dll
0x00007ff837de0000 - 0x00007ff838134000 	C:\WINDOWS\System32\combase.dll
0x00007ff836520000 - 0x00007ff836550000 	C:\WINDOWS\SYSTEM32\Wldp.dll
0x00007ff837830000 - 0x00007ff8378dd000 	C:\WINDOWS\System32\SHCORE.dll
0x00007ff837b60000 - 0x00007ff837bb5000 	C:\WINDOWS\System32\shlwapi.dll
0x00007ff836ad0000 - 0x00007ff836aef000 	C:\WINDOWS\SYSTEM32\profapi.dll
0x00007ff830620000 - 0x00007ff83063a000 	C:\Program Files\Android\Android Studio\jre\bin\net.dll
0x00007ff829bb0000 - 0x00007ff829cba000 	C:\WINDOWS\SYSTEM32\WINHTTP.dll
0x00007ff836280000 - 0x00007ff8362ea000 	C:\WINDOWS\system32\mswsock.dll
0x00007ff830600000 - 0x00007ff830614000 	C:\Program Files\Android\Android Studio\jre\bin\nio.dll
0x00007ff8309f0000 - 0x00007ff830a17000 	C:\Users\LENOVO\.gradle\native\e1d6ef7f7dcc3fd88c89a11ec53ec762bb8ba0a96d01ffa2cd45eb1d1d8dd5c5\windows-amd64\native-platform.dll
0x00007ff826360000 - 0x00007ff8264a4000 	C:\Users\LENOVO\.gradle\native\5664cfc778a61ccfe75a443a1ab52a65af34e5dc3c78e0209fed803814484fcb\windows-amd64\native-platform-file-events.dll
0x00007ff8306d0000 - 0x00007ff8306da000 	C:\Program Files\Android\Android Studio\jre\bin\management.dll
0x00007ff8305f0000 - 0x00007ff8305fd000 	C:\Program Files\Android\Android Studio\jre\bin\management_ext.dll
0x00007ff836470000 - 0x00007ff836488000 	C:\WINDOWS\SYSTEM32\CRYPTSP.dll
0x00007ff835c00000 - 0x00007ff835c34000 	C:\WINDOWS\system32\rsaenh.dll
0x00007ff8371e0000 - 0x00007ff837207000 	C:\WINDOWS\System32\bcrypt.dll
0x00007ff836a50000 - 0x00007ff836a7e000 	C:\WINDOWS\SYSTEM32\USERENV.dll
0x00007ff836490000 - 0x00007ff83649c000 	C:\WINDOWS\SYSTEM32\CRYPTBASE.dll
0x00007ff835f70000 - 0x00007ff835fab000 	C:\WINDOWS\SYSTEM32\IPHLPAPI.DLL
0x00007ff837a40000 - 0x00007ff837a48000 	C:\WINDOWS\System32\NSI.dll
0x00007ff82b270000 - 0x00007ff82b287000 	C:\WINDOWS\SYSTEM32\dhcpcsvc6.DLL
0x00007ff82b980000 - 0x00007ff82b99d000 	C:\WINDOWS\SYSTEM32\dhcpcsvc.DLL
0x00007ff835fb0000 - 0x00007ff83607a000 	C:\WINDOWS\SYSTEM32\DNSAPI.dll
0x00007ff835890000 - 0x00007ff8358c3000 	C:\WINDOWS\SYSTEM32\ntmarta.dll

dbghelp: loaded successfully - version: 4.0.5 - missing functions: none
symbol engine: initialized successfully - sym options: 0x614 - pdb path: .;C:\Program Files\Android\Android Studio\jre\bin;C:\WINDOWS\SYSTEM32;C:\WINDOWS\WinSxS\amd64_microsoft.windows.common-controls_6595b64144ccf1df_6.0.19041.1110_none_60b5254171f9507e;C:\Program Files\Android\Android Studio\jre\bin\server;C:\Users\LENOVO\.gradle\native\e1d6ef7f7dcc3fd88c89a11ec53ec762bb8ba0a96d01ffa2cd45eb1d1d8dd5c5\windows-amd64;C:\Users\LENOVO\.gradle\native\5664cfc778a61ccfe75a443a1ab52a65af34e5dc3c78e0209fed803814484fcb\windows-amd64

VM Arguments:
jvm_args: --add-opens=java.base/java.util=ALL-UNNAMED --add-opens=java.base/java.lang=ALL-UNNAMED --add-opens=java.base/java.lang.invoke=ALL-UNNAMED --add-opens=java.base/java.util=ALL-UNNAMED --add-opens=java.prefs/java.util.prefs=ALL-UNNAMED --add-opens=java.prefs/java.util.prefs=ALL-UNNAMED --add-opens=java.base/java.nio.charset=ALL-UNNAMED --add-opens=java.base/java.net=ALL-UNNAMED --add-opens=java.base/java.util.concurrent.atomic=ALL-UNNAMED -Xmx2048m -Dfile.encoding=UTF-8 -Duser.country=US -Duser.language=en -Duser.variant 
java_command: org.gradle.launcher.daemon.bootstrap.GradleDaemon 7.3.3
java_class_path (initial): C:\Users\LENOVO\.gradle\wrapper\dists\gradle-7.3.3-bin\6a41zxkdtcxs8rphpq6y0069z\gradle-7.3.3\lib\gradle-launcher-7.3.3.jar
Launcher Type: SUN_STANDARD

[Global flags]
     intx CICompilerCount                          = 3                                         {product} {ergonomic}
     uint ConcGCThreads                            = 1                                         {product} {ergonomic}
     uint G1ConcRefinementThreads                  = 4                                         {product} {ergonomic}
   size_t G1HeapRegionSize                         = 1048576                                   {product} {ergonomic}
    uintx GCDrainStackTargetSize                   = 64                                        {product} {ergonomic}
   size_t InitialHeapSize                          = 67108864                                  {product} {ergonomic}
   size_t MarkStackSize                            = 4194304                                   {product} {ergonomic}
   size_t MaxHeapSize                              = 2147483648                                {product} {command line}
   size_t MaxNewSize                               = 1287651328                                {product} {ergonomic}
   size_t MinHeapDeltaBytes                        = 1048576                                   {product} {ergonomic}
    uintx NonNMethodCodeHeapSize                   = 5830732                                {pd product} {ergonomic}
    uintx NonProfiledCodeHeapSize                  = 122913754                              {pd product} {ergonomic}
    uintx ProfiledCodeHeapSize                     = 122913754                              {pd product} {ergonomic}
    uintx ReservedCodeCacheSize                    = 251658240                              {pd product} {ergonomic}
     bool SegmentedCodeCache                       = true                                      {product} {ergonomic}
     bool UseCompressedClassPointers               = true                                 {lp64_product} {ergonomic}
     bool UseCompressedOops                        = true                                 {lp64_product} {ergonomic}
     bool UseG1GC                                  = true                                      {product} {ergonomic}
     bool UseLargePagesIndividualAllocation        = false                                  {pd product} {ergonomic}

Logging:
Log output configuration:
 #0: stdout all=warning uptime,level,tags
 #1: stderr all=off uptime,level,tags

Environment Variables:
PATH=C:\WINDOWS\system32;C:\WINDOWS;C:\WINDOWS\System32\Wbem;C:\WINDOWS\System32\WindowsPowerShell\v1.0\;C:\WINDOWS\System32\OpenSSH\;C:\Users\LENOVO\AppData\Local\Microsoft\WindowsApps;C:\Users\LENOVO\AppData\Local\GitHubDesktop\bin;C:\Program Files\JetBrains\IntelliJ IDEA 2022.2\bin;
USERNAME=LENOVO
OS=Windows_NT
PROCESSOR_IDENTIFIER=Intel64 Family 6 Model 42 Stepping 7, GenuineIntel



---------------  S Y S T E M  ---------------

OS: Windows 10 , 64 bit Build 19041 (10.0.19041.1889)
OS uptime: 0 days 0:55 hours

CPU:total 4 (initial active 4) (2 cores per cpu, 2 threads per core) family 6 model 42 stepping 7 microcode 0x2f, cmov, cx8, fxsr, mmx, sse, sse2, sse3, ssse3, sse4.1, sse4.2, popcnt, avx, clmul, ht, tsc, tscinvbit

Memory: 4k page, system-wide physical 3996M (280M free)
TotalPageFile size 6044M (AvailPageFile size 45M)
current process WorkingSet (physical memory assigned to process): 370M, peak: 454M
current process commit charge ("private bytes"): 534M, peak: 571M

vm_info: OpenJDK 64-Bit Server VM (11.0.12+7-b1504.28-7817840) for windows-amd64 JRE (11.0.12+7-b1504.28-7817840), built on Oct 13 2021 22:12:33 by "builder" with MS VC++ 14.0 (VS2015)

END.
