#
# There is insufficient memory for the Java Runtime Environment to continue.
# Native memory allocation (malloc) failed to allocate 1048576 bytes for AllocateHeap
# Possible reasons:
#   The system is out of physical RAM or swap space
#   The process is running with CompressedOops enabled, and the Java Heap may be blocking the growth of the native heap
# Possible solutions:
#   Reduce memory load on the system
#   Increase physical memory or swap space
#   Check if swap backing store is full
#   Decrease Java heap size (-Xmx/-Xms)
#   Decrease number of Java threads
#   Decrease Java thread stack sizes (-Xss)
#   Set larger code cache with -XX:ReservedCodeCacheSize=
#   JVM is running with Unscaled Compressed Oops mode in which the Java heap is
#     placed in the first 4GB address space. The Java Heap base address is the
#     maximum limit for the native heap growth. Please use -XX:HeapBaseMinAddress
#     to set the Java Heap base and to place the Java Heap above 4GB virtual address.
# This output file may be truncated or incomplete.
#
#  Out of Memory Error (./src/hotspot/share/memory/allocation.cpp:46), pid=5604, tid=5700
#
# JRE version: OpenJDK Runtime Environment (11.0.12+7) (build 11.0.12+7-b1504.28-7817840)
# Java VM: OpenJDK 64-Bit Server VM (11.0.12+7-b1504.28-7817840, mixed mode, tiered, compressed oops, g1 gc, windows-amd64)
# No core dump will be written. Minidumps are not enabled by default on client versions of Windows
#

---------------  S U M M A R Y ------------

Command Line: org.jetbrains.kotlin.cli.jvm.K2JVMCompiler @D:\ANDROID PROJECTS\Module3\app\build\20220829_7310354980369688424.compiler.options

Host: Intel(R) Core(TM) i3-2348M CPU @ 2.30GHz, 4 cores, 3G,  Windows 10 , 64 bit Build 19041 (10.0.19041.1889)
Time: Mon Aug 29 15:56:53 2022 India Standard Time elapsed time: 2.697731 seconds (0d 0h 0m 2s)

---------------  T H R E A D  ---------------

Current thread (0x000002a4dc73c000):  VMThread "VM Thread" [stack: 0x000000fa93b00000,0x000000fa93c00000] [id=5700]

Stack: [0x000000fa93b00000,0x000000fa93c00000]
[error occurred during error reporting (printing stack bounds), id 0xc0000005, EXCEPTION_ACCESS_VIOLATION (0xc0000005) at pc=0x000002a4c862112d]

Native frames: (J=compiled Java code, j=interpreted, Vv=VM code, C=native code)
V  [jvm.dll+0x5fbcea]
V  [jvm.dll+0x731905]
V  [jvm.dll+0x732f1d]
V  [jvm.dll+0x733535]
V  [jvm.dll+0x7334eb]
V  [jvm.dll+0x5fb080]
V  [jvm.dll+0x5fb818]
C  [ntdll.dll+0xa229f]
C  [ntdll.dll+0x51454]
C  [ntdll.dll+0xa0dce]
C  0x000002a4c862112d

VM_Operation (0x000000fa935fd030): CollectForMetadataAllocation, mode: safepoint, requested by thread 0x000002a4c4b09000


---------------  P R O C E S S  ---------------

Threads class SMR info:
_java_thread_list=0x000002a4dd2502b0, length=10, elements={
0x000002a4c4b09000, 0x000002a4dc73d800, 0x000002a4dc763000, 0x000002a4dc77d000,
0x000002a4dc77f000, 0x000002a4dc780000, 0x000002a4dc786800, 0x000002a4dc78b000,
0x000002a4dc796000, 0x000002a4dd254000
}

Java Threads: ( => current thread )
  0x000002a4c4b09000 JavaThread "main" [_thread_blocked, id=8304, stack(0x000000fa93500000,0x000000fa93600000)]
  0x000002a4dc73d800 JavaThread "Reference Handler" daemon [_thread_blocked, id=4884, stack(0x000000fa93c00000,0x000000fa93d00000)]
  0x000002a4dc763000 JavaThread "Finalizer" daemon [_thread_blocked, id=4072, stack(0x000000fa93d00000,0x000000fa93e00000)]
  0x000002a4dc77d000 JavaThread "Signal Dispatcher" daemon [_thread_blocked, id=5784, stack(0x000000fa93e00000,0x000000fa93f00000)]
  0x000002a4dc77f000 JavaThread "Attach Listener" daemon [_thread_blocked, id=6940, stack(0x000000fa93f00000,0x000000fa94000000)]
  0x000002a4dc780000 JavaThread "Service Thread" daemon [_thread_blocked, id=8680, stack(0x000000fa94000000,0x000000fa94100000)]
  0x000002a4dc786800 JavaThread "C2 CompilerThread0" daemon [_thread_blocked, id=9180, stack(0x000000fa94100000,0x000000fa94200000)]
  0x000002a4dc78b000 JavaThread "C1 CompilerThread0" daemon [_thread_blocked, id=4080, stack(0x000000fa94200000,0x000000fa94300000)]
  0x000002a4dc796000 JavaThread "Sweeper thread" daemon [_thread_blocked, id=9324, stack(0x000000fa94300000,0x000000fa94400000)]
  0x000002a4dd254000 JavaThread "Common-Cleaner" daemon [_thread_blocked, id=5936, stack(0x000000fa94500000,0x000000fa94600000)]

Other Threads:
=>0x000002a4dc73c000 VMThread "VM Thread" [stack: 0x000000fa93b00000,0x000000fa93c00000] [id=5700]
  0x000002a4dd253000 WatcherThread [stack: 0x000000fa94400000,0x000000fa94500000] [id=7892]
  0x000002a4c4b21800 GCTaskThread "GC Thread#0" [stack: 0x000000fa93600000,0x000000fa93700000] [id=7780]
  0x000002a4dd813000 GCTaskThread "GC Thread#1" [stack: 0x000000fa94600000,0x000000fa94700000] [id=2732]
  0x000002a4c4b3c800 ConcurrentGCThread "G1 Main Marker" [stack: 0x000000fa93700000,0x000000fa93800000] [id=5048]
  0x000002a4c4b3d800 ConcurrentGCThread "G1 Conc#0" [stack: 0x000000fa93800000,0x000000fa93900000] [id=4624]
  0x000002a4c4bd0800 ConcurrentGCThread "G1 Refine#0" [stack: 0x000000fa93900000,0x000000fa93a00000] [id=1128]
  0x000002a4c4bd2000 ConcurrentGCThread "G1 Young RemSet Sampling" [stack: 0x000000fa93a00000,0x000000fa93b00000] [id=9788]

Threads with active compile tasks:

VM state:at safepoint (normal execution)

VM Mutex/Monitor currently owned by a thread:  ([mutex/lock_event])
[0x000002a4c4b05a40] Threads_lock - owner thread: 0x000002a4dc73c000
[0x000002a4c4b062b0] Heap_lock - owner thread: 0x000002a4c4b09000

Heap address: 0x00000000c1800000, size: 1000 MB, Compressed Oops mode: 32-bit
Narrow klass base: 0x0000000000000000, Narrow klass shift: 3
Compressed class space size: 1073741824 Address: 0x0000000100000000

Heap:
 garbage-first heap   total 65536K, used 18845K [0x00000000c1800000, 0x0000000100000000)
  region size 1024K, 4 young (4096K), 4 survivors (4096K)
 Metaspace       used 25559K, capacity 25899K, committed 25980K, reserved 1081344K
  class space    used 2745K, capacity 2901K, committed 2940K, reserved 1048576K
Heap Regions: E=young(eden), S=young(survivor), O=old, HS=humongous(starts), HC=humongous(continues), CS=collection set, F=free, A=archive, TAMS=top-at-mark-start (previous, next)
|   0|0x00000000c1800000, 0x00000000c1900000, 0x00000000c1900000|100%|HS|  |TAMS 0x00000000c1900000, 0x00000000c1900000| Complete 
|   1|0x00000000c1900000, 0x00000000c1a00000, 0x00000000c1a00000|100%|HC|  |TAMS 0x00000000c1a00000, 0x00000000c1a00000| Complete 
|   2|0x00000000c1a00000, 0x00000000c1b00000, 0x00000000c1b00000|100%|HC|  |TAMS 0x00000000c1b00000, 0x00000000c1b00000| Complete 
|   3|0x00000000c1b00000, 0x00000000c1c00000, 0x00000000c1c00000|100%| O|  |TAMS 0x00000000c1c00000, 0x00000000c1c00000| Untracked 
|   4|0x00000000c1c00000, 0x00000000c1d00000, 0x00000000c1d00000|100%| O|  |TAMS 0x00000000c1d00000, 0x00000000c1d00000| Untracked 
|   5|0x00000000c1d00000, 0x00000000c1e00000, 0x00000000c1e00000|100%| O|  |TAMS 0x00000000c1e00000, 0x00000000c1e00000| Untracked 
|   6|0x00000000c1e00000, 0x00000000c1f00000, 0x00000000c1f00000|100%| O|  |TAMS 0x00000000c1f00000, 0x00000000c1f00000| Untracked 
|   7|0x00000000c1f00000, 0x00000000c2000000, 0x00000000c2000000|100%| O|  |TAMS 0x00000000c2000000, 0x00000000c2000000| Untracked 
|   8|0x00000000c2000000, 0x00000000c2100000, 0x00000000c2100000|100%| O|  |TAMS 0x00000000c20ee400, 0x00000000c2100000| Untracked 
|   9|0x00000000c2100000, 0x00000000c2200000, 0x00000000c2200000|100%|HS|  |TAMS 0x00000000c2100000, 0x00000000c2200000| Complete 
|  10|0x00000000c2200000, 0x00000000c2300000, 0x00000000c2300000|100%|HC|  |TAMS 0x00000000c2200000, 0x00000000c2300000| Complete 
|  11|0x00000000c2300000, 0x00000000c2400000, 0x00000000c2400000|100%|HC|  |TAMS 0x00000000c2300000, 0x00000000c2400000| Complete 
|  12|0x00000000c2400000, 0x00000000c2500000, 0x00000000c2500000|100%| O|  |TAMS 0x00000000c2400000, 0x00000000c2500000| Untracked 
|  13|0x00000000c2500000, 0x00000000c2600000, 0x00000000c2600000|100%| O|  |TAMS 0x00000000c2500000, 0x00000000c2600000| Untracked 
|  14|0x00000000c2600000, 0x00000000c2667400, 0x00000000c2700000| 40%| O|  |TAMS 0x00000000c2600000, 0x00000000c2667400| Untracked 
|  15|0x00000000c2700000, 0x00000000c2700000, 0x00000000c2800000|  0%| F|  |TAMS 0x00000000c2700000, 0x00000000c2700000| Untracked 
|  16|0x00000000c2800000, 0x00000000c2800000, 0x00000000c2900000|  0%| F|  |TAMS 0x00000000c2800000, 0x00000000c2800000| Untracked 
|  17|0x00000000c2900000, 0x00000000c2900000, 0x00000000c2a00000|  0%| F|  |TAMS 0x00000000c2900000, 0x00000000c2900000| Untracked 
|  18|0x00000000c2a00000, 0x00000000c2a00000, 0x00000000c2b00000|  0%| F|  |TAMS 0x00000000c2a00000, 0x00000000c2a00000| Untracked 
|  19|0x00000000c2b00000, 0x00000000c2b00000, 0x00000000c2c00000|  0%| F|  |TAMS 0x00000000c2b00000, 0x00000000c2b00000| Untracked 
|  20|0x00000000c2c00000, 0x00000000c2c00000, 0x00000000c2d00000|  0%| F|  |TAMS 0x00000000c2c00000, 0x00000000c2c00000| Untracked 
|  21|0x00000000c2d00000, 0x00000000c2d00000, 0x00000000c2e00000|  0%| F|  |TAMS 0x00000000c2d00000, 0x00000000c2d00000| Untracked 
|  22|0x00000000c2e00000, 0x00000000c2e00000, 0x00000000c2f00000|  0%| F|  |TAMS 0x00000000c2e00000, 0x00000000c2e00000| Untracked 
|  23|0x00000000c2f00000, 0x00000000c2f00000, 0x00000000c3000000|  0%| F|  |TAMS 0x00000000c2f00000, 0x00000000c2f00000| Untracked 
|  24|0x00000000c3000000, 0x00000000c3000000, 0x00000000c3100000|  0%| F|  |TAMS 0x00000000c3000000, 0x00000000c3000000| Untracked 
|  25|0x00000000c3100000, 0x00000000c3100000, 0x00000000c3200000|  0%| F|  |TAMS 0x00000000c3100000, 0x00000000c3100000| Untracked 
|  26|0x00000000c3200000, 0x00000000c3200000, 0x00000000c3300000|  0%| F|  |TAMS 0x00000000c3200000, 0x00000000c3200000| Untracked 
|  27|0x00000000c3300000, 0x00000000c3300000, 0x00000000c3400000|  0%| F|  |TAMS 0x00000000c3300000, 0x00000000c3300000| Untracked 
|  28|0x00000000c3400000, 0x00000000c3400000, 0x00000000c3500000|  0%| F|  |TAMS 0x00000000c3400000, 0x00000000c3400000| Untracked 
|  29|0x00000000c3500000, 0x00000000c3500000, 0x00000000c3600000|  0%| F|  |TAMS 0x00000000c3500000, 0x00000000c3500000| Untracked 
|  30|0x00000000c3600000, 0x00000000c3600000, 0x00000000c3700000|  0%| F|  |TAMS 0x00000000c3600000, 0x00000000c3600000| Untracked 
|  31|0x00000000c3700000, 0x00000000c3700000, 0x00000000c3800000|  0%| F|  |TAMS 0x00000000c3700000, 0x00000000c3700000| Untracked 
|  32|0x00000000c3800000, 0x00000000c3800000, 0x00000000c3900000|  0%| F|  |TAMS 0x00000000c3800000, 0x00000000c3800000| Untracked 
|  33|0x00000000c3900000, 0x00000000c3900000, 0x00000000c3a00000|  0%| F|  |TAMS 0x00000000c3900000, 0x00000000c3900000| Untracked 
|  34|0x00000000c3a00000, 0x00000000c3a00000, 0x00000000c3b00000|  0%| F|  |TAMS 0x00000000c3a00000, 0x00000000c3a00000| Untracked 
|  35|0x00000000c3b00000, 0x00000000c3b00000, 0x00000000c3c00000|  0%| F|  |TAMS 0x00000000c3b00000, 0x00000000c3b00000| Untracked 
|  36|0x00000000c3c00000, 0x00000000c3c00000, 0x00000000c3d00000|  0%| F|  |TAMS 0x00000000c3c00000, 0x00000000c3c00000| Untracked 
|  37|0x00000000c3d00000, 0x00000000c3d00000, 0x00000000c3e00000|  0%| F|  |TAMS 0x00000000c3d00000, 0x00000000c3d00000| Untracked 
|  38|0x00000000c3e00000, 0x00000000c3e00000, 0x00000000c3f00000|  0%| F|  |TAMS 0x00000000c3e00000, 0x00000000c3e00000| Untracked 
|  39|0x00000000c3f00000, 0x00000000c3f00000, 0x00000000c4000000|  0%| F|  |TAMS 0x00000000c3f00000, 0x00000000c3f00000| Untracked 
|  40|0x00000000c4000000, 0x00000000c4000000, 0x00000000c4100000|  0%| F|  |TAMS 0x00000000c4000000, 0x00000000c4000000| Untracked 
|  41|0x00000000c4100000, 0x00000000c4100000, 0x00000000c4200000|  0%| F|  |TAMS 0x00000000c4100000, 0x00000000c4100000| Untracked 
|  42|0x00000000c4200000, 0x00000000c4200000, 0x00000000c4300000|  0%| F|  |TAMS 0x00000000c4200000, 0x00000000c4200000| Untracked 
|  43|0x00000000c4300000, 0x00000000c4400000, 0x00000000c4400000|100%| S|CS|TAMS 0x00000000c4300000, 0x00000000c4300000| Complete 
|  44|0x00000000c4400000, 0x00000000c4500000, 0x00000000c4500000|100%| S|CS|TAMS 0x00000000c4400000, 0x00000000c4400000| Complete 
|  45|0x00000000c4500000, 0x00000000c4600000, 0x00000000c4600000|100%| S|CS|TAMS 0x00000000c4500000, 0x00000000c4500000| Complete 
|  46|0x00000000c4600000, 0x00000000c4700000, 0x00000000c4700000|100%| S|CS|TAMS 0x00000000c4600000, 0x00000000c4600000| Complete 
|  47|0x00000000c4700000, 0x00000000c4700000, 0x00000000c4800000|  0%| F|  |TAMS 0x00000000c4700000, 0x00000000c4700000| Untracked 
|  48|0x00000000c4800000, 0x00000000c4800000, 0x00000000c4900000|  0%| F|  |TAMS 0x00000000c4800000, 0x00000000c4800000| Untracked 
|  49|0x00000000c4900000, 0x00000000c4900000, 0x00000000c4a00000|  0%| F|  |TAMS 0x00000000c4900000, 0x00000000c4900000| Untracked 
|  50|0x00000000c4a00000, 0x00000000c4a00000, 0x00000000c4b00000|  0%| F|  |TAMS 0x00000000c4a00000, 0x00000000c4a00000| Untracked 
|  51|0x00000000c4b00000, 0x00000000c4b00000, 0x00000000c4c00000|  0%| F|  |TAMS 0x00000000c4b00000, 0x00000000c4b00000| Untracked 
|  52|0x00000000c4c00000, 0x00000000c4c00000, 0x00000000c4d00000|  0%| F|  |TAMS 0x00000000c4c00000, 0x00000000c4c00000| Untracked 
|  53|0x00000000c4d00000, 0x00000000c4d00000, 0x00000000c4e00000|  0%| F|  |TAMS 0x00000000c4d00000, 0x00000000c4d00000| Untracked 
|  54|0x00000000c4e00000, 0x00000000c4e00000, 0x00000000c4f00000|  0%| F|  |TAMS 0x00000000c4e00000, 0x00000000c4e00000| Untracked 
|  55|0x00000000c4f00000, 0x00000000c4f00000, 0x00000000c5000000|  0%| F|  |TAMS 0x00000000c4f00000, 0x00000000c4f00000| Untracked 
|  56|0x00000000c5000000, 0x00000000c5000000, 0x00000000c5100000|  0%| F|  |TAMS 0x00000000c5000000, 0x00000000c5000000| Untracked 
|  57|0x00000000c5100000, 0x00000000c5100000, 0x00000000c5200000|  0%| F|  |TAMS 0x00000000c5100000, 0x00000000c5100000| Untracked 
|  58|0x00000000c5200000, 0x00000000c5200000, 0x00000000c5300000|  0%| F|  |TAMS 0x00000000c5200000, 0x00000000c5200000| Untracked 
|  59|0x00000000c5300000, 0x00000000c5300000, 0x00000000c5400000|  0%| F|  |TAMS 0x00000000c5300000, 0x00000000c5300000| Untracked 
|  60|0x00000000c5400000, 0x00000000c5400000, 0x00000000c5500000|  0%| F|  |TAMS 0x00000000c5400000, 0x00000000c5400000| Untracked 
|  61|0x00000000c5500000, 0x00000000c5500000, 0x00000000c5600000|  0%| F|  |TAMS 0x00000000c5500000, 0x00000000c5500000| Untracked 
|  62|0x00000000c5600000, 0x00000000c5600000, 0x00000000c5700000|  0%| F|  |TAMS 0x00000000c5600000, 0x00000000c5600000| Untracked 
|  63|0x00000000c5700000, 0x00000000c5700000, 0x00000000c5800000|  0%| F|  |TAMS 0x00000000c5700000, 0x00000000c5700000| Untracked 

Card table byte_map: [0x000002a4d7e40000,0x000002a4d8040000] _byte_map_base: 0x000002a4d7834000

Marking Bits (Prev, Next): (CMBitMap*) 0x000002a4c4b37980, (CMBitMap*) 0x000002a4c4b37948
 Prev Bits: [0x000002a4d91e0000, 0x000002a4da180000)
 Next Bits: [0x000002a4d8240000, 0x000002a4d91e0000)

Polling page: 0x000002a4c31f0000

Metaspace:

Usage:
  Non-class:     22.46 MB capacity,    22.28 MB (>99%) used,   147.29 KB ( <1%) free+waste,    37.13 KB ( <1%) overhead. 
      Class:      2.83 MB capacity,     2.68 MB ( 95%) used,   138.35 KB (  5%) free+waste,    17.13 KB ( <1%) overhead. 
       Both:     25.29 MB capacity,    24.96 MB ( 99%) used,   285.64 KB (  1%) free+waste,    54.25 KB ( <1%) overhead. 

Virtual space:
  Non-class space:       32.00 MB reserved,      22.50 MB ( 70%) committed 
      Class space:        1.00 GB reserved,       2.87 MB ( <1%) committed 
             Both:        1.03 GB reserved,      25.37 MB (  2%) committed 

Chunk freelists:
   Non-Class:  42.00 KB
       Class:  11.00 KB
        Both:  53.00 KB

MaxMetaspaceSize: 17179869184.00 GB
CompressedClassSpaceSize: 1.00 GB
Initial GC threshold: 20.80 MB
Current GC threshold: 35.53 MB
CDS: off

CodeHeap 'non-profiled nmethods': size=120064Kb used=682Kb max_used=682Kb free=119381Kb
 bounds [0x000002a4d00e0000, 0x000002a4d0350000, 0x000002a4d7620000]
CodeHeap 'profiled nmethods': size=120000Kb used=3865Kb max_used=3865Kb free=116134Kb
 bounds [0x000002a4c8bb0000, 0x000002a4c8f80000, 0x000002a4d00e0000]
CodeHeap 'non-nmethods': size=5696Kb used=1232Kb max_used=1247Kb free=4463Kb
 bounds [0x000002a4c8620000, 0x000002a4c8890000, 0x000002a4c8bb0000]
 total_blobs=2487 nmethods=1984 adapters=415
 compilation: enabled
              stopped_count=0, restarted_count=0
 full_count=0

Compilation events (20 events):
Event: 2.653 Thread 0x000002a4dc78b000 nmethod 1968 0x000002a4c8f73890 code [0x000002a4c8f73a60, 0x000002a4c8f73c78]
Event: 2.653 Thread 0x000002a4dc78b000 1967       3       java.lang.invoke.LambdaForm::returnType (26 bytes)
Event: 2.653 Thread 0x000002a4dc78b000 nmethod 1967 0x000002a4c8f73d90 code [0x000002a4c8f73f40, 0x000002a4c8f740b8]
Event: 2.653 Thread 0x000002a4dc78b000 1976       3       jdk.internal.org.objectweb.asm.Type::getArgumentTypes (131 bytes)
Event: 2.654 Thread 0x000002a4dc78b000 nmethod 1976 0x000002a4c8f74190 code [0x000002a4c8f743e0, 0x000002a4c8f74ee8]
Event: 2.654 Thread 0x000002a4dc78b000 1977       3       java.lang.invoke.LambdaFormBuffer::indexOf (33 bytes)
Event: 2.655 Thread 0x000002a4dc78b000 nmethod 1977 0x000002a4c8f75290 code [0x000002a4c8f75460, 0x000002a4c8f757f8]
Event: 2.655 Thread 0x000002a4dc78b000 1979       3       java.lang.invoke.ClassSpecializer$Factory$1Var::slotSize (8 bytes)
Event: 2.655 Thread 0x000002a4dc78b000 nmethod 1979 0x000002a4c8f75910 code [0x000002a4c8f75ac0, 0x000002a4c8f75c98]
Event: 2.655 Thread 0x000002a4dc78b000 1980       3       jdk.internal.org.objectweb.asm.Frame::<init> (5 bytes)
Event: 2.656 Thread 0x000002a4dc78b000 nmethod 1980 0x000002a4c8f75d90 code [0x000002a4c8f75f40, 0x000002a4c8f76098]
Event: 2.656 Thread 0x000002a4dc78b000 1982       3       sun.invoke.util.VerifyType::isNullType (18 bytes)
Event: 2.657 Thread 0x000002a4dc78b000 nmethod 1982 0x000002a4c8f76190 code [0x000002a4c8f76340, 0x000002a4c8f764d8]
Event: 2.671 Thread 0x000002a4dc786800 nmethod 1920 0x000002a4d0188790 code [0x000002a4d0188960, 0x000002a4d01897f8]
Event: 2.672 Thread 0x000002a4dc786800 1947       4       java.util.ImmutableCollections$ListN::get (7 bytes)
Event: 2.672 Thread 0x000002a4dc786800 nmethod 1947 0x000002a4d0189f90 code [0x000002a4d018a120, 0x000002a4d018a1b8]
Event: 2.673 Thread 0x000002a4dc786800 1984       4       jdk.internal.org.objectweb.asm.ByteVector::putShort (52 bytes)
Event: 2.675 Thread 0x000002a4dc786800 nmethod 1984 0x000002a4d018a290 code [0x000002a4d018a440, 0x000002a4d018a5c8]
Event: 2.675 Thread 0x000002a4dc786800 1953       4       java.util.ImmutableCollections$ListN::size (6 bytes)
Event: 2.675 Thread 0x000002a4dc786800 nmethod 1953 0x000002a4d018a710 code [0x000002a4d018a8a0, 0x000002a4d018a918]

GC Heap History (10 events):
Event: 0.649 GC heap before
{Heap before GC invocations=0 (full 0):
 garbage-first heap   total 65536K, used 17408K [0x00000000c1800000, 0x0000000100000000)
  region size 1024K, 14 young (14336K), 0 survivors (0K)
 Metaspace       used 9865K, capacity 10002K, committed 10112K, reserved 1058816K
  class space    used 839K, capacity 885K, committed 896K, reserved 1048576K
}
Event: 0.653 GC heap after
{Heap after GC invocations=1 (full 0):
 garbage-first heap   total 65536K, used 5228K [0x00000000c1800000, 0x0000000100000000)
  region size 1024K, 2 young (2048K), 2 survivors (2048K)
 Metaspace       used 9865K, capacity 10002K, committed 10112K, reserved 1058816K
  class space    used 839K, capacity 885K, committed 896K, reserved 1048576K
}
Event: 1.846 GC heap before
{Heap before GC invocations=1 (full 0):
 garbage-first heap   total 65536K, used 42092K [0x00000000c1800000, 0x0000000100000000)
  region size 1024K, 38 young (38912K), 2 survivors (2048K)
 Metaspace       used 17959K, capacity 18156K, committed 18304K, reserved 1064960K
  class space    used 1805K, capacity 1865K, committed 1920K, reserved 1048576K
}
Event: 1.865 GC heap after
{Heap after GC invocations=2 (full 0):
 garbage-first heap   total 65536K, used 9308K [0x00000000c1800000, 0x0000000100000000)
  region size 1024K, 5 young (5120K), 5 survivors (5120K)
 Metaspace       used 17959K, capacity 18156K, committed 18304K, reserved 1064960K
  class space    used 1805K, capacity 1865K, committed 1920K, reserved 1048576K
}
Event: 1.994 GC heap before
{Heap before GC invocations=2 (full 0):
 garbage-first heap   total 65536K, used 14428K [0x00000000c1800000, 0x0000000100000000)
  region size 1024K, 10 young (10240K), 5 survivors (5120K)
 Metaspace       used 19373K, capacity 19586K, committed 19840K, reserved 1067008K
  class space    used 2025K, capacity 2130K, committed 2176K, reserved 1048576K
}
Event: 2.008 GC heap after
{Heap after GC invocations=3 (full 0):
 garbage-first heap   total 65536K, used 9804K [0x00000000c1800000, 0x0000000100000000)
  region size 1024K, 1 young (1024K), 1 survivors (1024K)
 Metaspace       used 19373K, capacity 19586K, committed 19840K, reserved 1067008K
  class space    used 2025K, capacity 2130K, committed 2176K, reserved 1048576K
}
Event: 2.133 GC heap before
{Heap before GC invocations=3 (full 0):
 garbage-first heap   total 65536K, used 14924K [0x00000000c1800000, 0x0000000100000000)
  region size 1024K, 7 young (7168K), 1 survivors (1024K)
 Metaspace       used 20987K, capacity 21190K, committed 21248K, reserved 1069056K
  class space    used 2225K, capacity 2304K, committed 2304K, reserved 1048576K
}
Event: 2.135 GC heap after
{Heap after GC invocations=4 (full 0):
 garbage-first heap   total 65536K, used 9672K [0x00000000c1800000, 0x0000000100000000)
  region size 1024K, 1 young (1024K), 1 survivors (1024K)
 Metaspace       used 20987K, capacity 21190K, committed 21248K, reserved 1069056K
  class space    used 2225K, capacity 2304K, committed 2304K, reserved 1048576K
}
Event: 2.676 GC heap before
{Heap before GC invocations=5 (full 0):
 garbage-first heap   total 65536K, used 27080K [0x00000000c1800000, 0x0000000100000000)
  region size 1024K, 17 young (17408K), 1 survivors (1024K)
 Metaspace       used 25559K, capacity 25899K, committed 25980K, reserved 1079296K
  class space    used 2745K, capacity 2901K, committed 2940K, reserved 1048576K
}
Event: 2.694 GC heap after
{Heap after GC invocations=6 (full 0):
 garbage-first heap   total 65536K, used 18845K [0x00000000c1800000, 0x0000000100000000)
  region size 1024K, 4 young (4096K), 4 survivors (4096K)
 Metaspace       used 25559K, capacity 25899K, committed 25980K, reserved 1079296K
  class space    used 2745K, capacity 2901K, committed 2940K, reserved 1048576K
}

Deoptimization events (20 events):
Event: 2.606 Thread 0x000002a4c4b09000 Uncommon trap: trap_request=0xffffff6e fr.pc=0x000002a4d016c3f0 relative=0x0000000000001330
Event: 2.606 Thread 0x000002a4c4b09000 Uncommon trap: reason=speculate_class_check action=maybe_recompile pc=0x000002a4d016c3f0 method=java.util.zip.InflaterInputStream.read([BII)I @ 100 c2
Event: 2.606 Thread 0x000002a4c4b09000 DEOPT PACKING pc=0x000002a4d016c3f0 sp=0x000000fa935fe7d0
Event: 2.606 Thread 0x000002a4c4b09000 DEOPT UNPACKING pc=0x000002a4c866a1af sp=0x000000fa935fe830 mode 2
Event: 2.646 Thread 0x000002a4c4b09000 Uncommon trap: trap_request=0xffffffde fr.pc=0x000002a4d0122f84 relative=0x0000000000000064
Event: 2.646 Thread 0x000002a4c4b09000 Uncommon trap: reason=class_check action=maybe_recompile pc=0x000002a4d0122f84 method=java.util.Collections$UnmodifiableCollection.size()I @ 4 c2
Event: 2.646 Thread 0x000002a4c4b09000 DEOPT PACKING pc=0x000002a4d0122f84 sp=0x000000fa935fc3c0
Event: 2.646 Thread 0x000002a4c4b09000 DEOPT UNPACKING pc=0x000002a4c866a1af sp=0x000000fa935fc350 mode 2
Event: 2.646 Thread 0x000002a4c4b09000 Uncommon trap: trap_request=0xffffffde fr.pc=0x000002a4d0122f84 relative=0x0000000000000064
Event: 2.646 Thread 0x000002a4c4b09000 Uncommon trap: reason=class_check action=maybe_recompile pc=0x000002a4d0122f84 method=java.util.Collections$UnmodifiableCollection.size()I @ 4 c2
Event: 2.646 Thread 0x000002a4c4b09000 DEOPT PACKING pc=0x000002a4d0122f84 sp=0x000000fa935fc3c0
Event: 2.647 Thread 0x000002a4c4b09000 DEOPT UNPACKING pc=0x000002a4c866a1af sp=0x000000fa935fc350 mode 2
Event: 2.647 Thread 0x000002a4c4b09000 Uncommon trap: trap_request=0xffffffde fr.pc=0x000002a4d0122f84 relative=0x0000000000000064
Event: 2.647 Thread 0x000002a4c4b09000 Uncommon trap: reason=class_check action=maybe_recompile pc=0x000002a4d0122f84 method=java.util.Collections$UnmodifiableCollection.size()I @ 4 c2
Event: 2.647 Thread 0x000002a4c4b09000 DEOPT PACKING pc=0x000002a4d0122f84 sp=0x000000fa935fc3c0
Event: 2.647 Thread 0x000002a4c4b09000 DEOPT UNPACKING pc=0x000002a4c866a1af sp=0x000000fa935fc350 mode 2
Event: 2.647 Thread 0x000002a4c4b09000 Uncommon trap: trap_request=0xffffffde fr.pc=0x000002a4d0122f84 relative=0x0000000000000064
Event: 2.647 Thread 0x000002a4c4b09000 Uncommon trap: reason=class_check action=maybe_recompile pc=0x000002a4d0122f84 method=java.util.Collections$UnmodifiableCollection.size()I @ 4 c2
Event: 2.647 Thread 0x000002a4c4b09000 DEOPT PACKING pc=0x000002a4d0122f84 sp=0x000000fa935fc3c0
Event: 2.647 Thread 0x000002a4c4b09000 DEOPT UNPACKING pc=0x000002a4c866a1af sp=0x000000fa935fc350 mode 2

Classes redefined (0 events):
No events

Internal exceptions (20 events):
Event: 1.685 Thread 0x000002a4c4b09000 Exception <a 'java/lang/NoSuchMethodError'{0x00000000c358d560}: 'int java.lang.invoke.DelegatingMethodHandle$Holder.reinvoke_L(java.lang.Object, java.lang.Object, java.lang.Object, long, java.lang.Object, java.lang.Object)'> (0x00000000c358d560) thrown at [./src/hotspot/share/interpreter/linkResolver.cpp, line 773]
Event: 1.687 Thread 0x000002a4c4b09000 Exception <a 'java/lang/NoSuchMethodError'{0x00000000c359a9c8}: 'void java.lang.invoke.DelegatingMethodHandle$Holder.reinvoke_L(java.lang.Object, java.lang.Object, java.lang.Object, long, java.lang.Object)'> (0x00000000c359a9c8) thrown at [./src/hotspot/share/interpreter/linkResolver.cpp, line 773]
Event: 1.689 Thread 0x000002a4c4b09000 Exception <a 'java/lang/NoSuchMethodError'{0x00000000c35a4248}: 'java.lang.Object java.lang.invoke.DirectMethodHandle$Holder.invokeSpecial(java.lang.Object, java.lang.Object, java.lang.Object, java.lang.Object, long)'> (0x00000000c35a4248) thrown at [./src/hotspot/share/interpreter/linkResolver.cpp, line 773]
Event: 1.689 Thread 0x000002a4c4b09000 Exception <a 'java/lang/NoSuchMethodError'{0x00000000c35a77a0}: 'java.lang.Object java.lang.invoke.DelegatingMethodHandle$Holder.reinvoke_L(java.lang.Object, java.lang.Object, java.lang.Object, long)'> (0x00000000c35a77a0) thrown at [./src/hotspot/share/interpreter/linkResolver.cpp, line 773]
Event: 1.693 Thread 0x000002a4c4b09000 Exception <a 'java/lang/NoSuchMethodError'{0x00000000c35c1c48}: 'long java.lang.invoke.Invokers$Holder.invoke_MT(java.lang.Object, java.lang.Object, java.lang.Object, java.lang.Object)'> (0x00000000c35c1c48) thrown at [./src/hotspot/share/interpreter/linkResolver.cpp, line 773]
Event: 1.694 Thread 0x000002a4c4b09000 Exception <a 'java/lang/NoSuchMethodError'{0x00000000c35c52c8}: 'long java.lang.invoke.DelegatingMethodHandle$Holder.reinvoke_L(java.lang.Object, java.lang.Object, java.lang.Object)'> (0x00000000c35c52c8) thrown at [./src/hotspot/share/interpreter/linkResolver.cpp, line 773]
Event: 1.696 Thread 0x000002a4c4b09000 Exception <a 'java/lang/NoSuchMethodError'{0x00000000c35cef88}: 'int java.lang.invoke.DirectMethodHandle$Holder.invokeSpecial(java.lang.Object, java.lang.Object, java.lang.Object, java.lang.Object)'> (0x00000000c35cef88) thrown at [./src/hotspot/share/interpreter/linkResolver.cpp, line 773]
Event: 1.701 Thread 0x000002a4c4b09000 Exception <a 'java/lang/NoSuchMethodError'{0x00000000c35ddd68}: 'int java.lang.invoke.DelegatingMethodHandle$Holder.reinvoke_L(java.lang.Object, java.lang.Object, java.lang.Object, long, int)'> (0x00000000c35ddd68) thrown at [./src/hotspot/share/interpreter/linkResolver.cpp, line 773]
Event: 1.904 Thread 0x000002a4c4b09000 Exception <a 'java/lang/NoSuchMethodError'{0x00000000c5645630}: 'int java.lang.invoke.DirectMethodHandle$Holder.invokeSpecialIFC(java.lang.Object, java.lang.Object, int)'> (0x00000000c5645630) thrown at [./src/hotspot/share/interpreter/linkResolver.cpp, line 773]
Event: 2.095 Thread 0x000002a4c4b09000 Exception <a 'java/lang/NoSuchMethodError'{0x00000000c546a220}: 'java.lang.Object java.lang.invoke.DirectMethodHandle$Holder.invokeStaticInit(java.lang.Object, int)'> (0x00000000c546a220) thrown at [./src/hotspot/share/interpreter/linkResolver.cpp, line 773]
Event: 2.137 Thread 0x000002a4c4b09000 Exception <a 'java/lang/NoSuchMethodError'{0x00000000c5705ff8}: 'long java.lang.invoke.DirectMethodHandle$Holder.invokeStatic(java.lang.Object)'> (0x00000000c5705ff8) thrown at [./src/hotspot/share/interpreter/linkResolver.cpp, line 773]
Event: 2.137 Thread 0x000002a4c4b09000 Exception <a 'java/lang/NoSuchMethodError'{0x00000000c5708e50}: 'long java.lang.invoke.DirectMethodHandle$Holder.invokeStaticInit(java.lang.Object)'> (0x00000000c5708e50) thrown at [./src/hotspot/share/interpreter/linkResolver.cpp, line 773]
Event: 2.251 Thread 0x000002a4c4b09000 Exception <a 'java/lang/NoSuchMethodError'{0x00000000c54ce7a8}: 'int java.lang.invoke.DirectMethodHandle$Holder.invokeStaticInit(java.lang.Object, java.lang.Object, java.lang.Object)'> (0x00000000c54ce7a8) thrown at [./src/hotspot/share/interpreter/linkResolver.cpp, line 773]
Event: 2.257 Thread 0x000002a4c4b09000 Exception <a 'java/lang/NoSuchMethodError'{0x00000000c54f9e88}: 'int java.lang.invoke.DirectMethodHandle$Holder.invokeStaticInit(java.lang.Object, java.lang.Object)'> (0x00000000c54f9e88) thrown at [./src/hotspot/share/interpreter/linkResolver.cpp, line 773]
Event: 2.340 Thread 0x000002a4c4b09000 Exception <a 'java/lang/NoSuchMethodError'{0x00000000c510b490}: 'void java.lang.invoke.DirectMethodHandle$Holder.invokeSpecial(java.lang.Object, java.lang.Object)'> (0x00000000c510b490) thrown at [./src/hotspot/share/interpreter/linkResolver.cpp, line 773]
Event: 2.636 Thread 0x000002a4c4b09000 Exception <a 'java/lang/NoSuchMethodError'{0x00000000c48a8388}: 'java.lang.Object java.lang.invoke.DirectMethodHandle$Holder.invokeStatic(java.lang.Object, java.lang.Object, java.lang.Object, java.lang.Object, java.lang.Object, java.lang.Object, java.lang.Object, java.lang.Object, java.lang.Object, java.lang.Object, java.lang.Object, java.lang.Object, java.lang.Object, java.lang.Object, java.lang.Object)'> (0x00000000c48a8388) thrown at [./src/hotspot/share/interpreter/linkResolver.cpp, line 773]
Event: 2.640 Thread 0x000002a4c4b09000 Exception <a 'java/lang/NoSuchMethodError'{0x00000000c48b6390}: 'java.lang.Object java.lang.invoke.DirectMethodHandle$Holder.invokeStatic(java.lang.Object, java.lang.Object, java.lang.Object, java.lang.Object, java.lang.Object, java.lang.Object, java.lang.Object, java.lang.Object, java.lang.Object, java.lang.Object, java.lang.Object, java.lang.Object, java.lang.Object, java.lang.Object, java.lang.Object, java.lang.Object)'> (0x00000000c48b6390) thrown at [./src/hotspot/share/interpreter/linkResolver.cpp, l
Event: 2.643 Thread 0x000002a4c4b09000 Exception <a 'java/lang/NoSuchMethodError'{0x00000000c48c42a8}: 'java.lang.Object java.lang.invoke.DirectMethodHandle$Holder.invokeSpecial(java.lang.Object, java.lang.Object, int, int, java.lang.Object, java.lang.Object, java.lang.Object)'> (0x00000000c48c42a8) thrown at [./src/hotspot/share/interpreter/linkResolver.cpp, line 773]
Event: 2.643 Thread 0x000002a4c4b09000 Exception <a 'java/lang/NoSuchMethodError'{0x00000000c48c7ae0}: 'java.lang.Object java.lang.invoke.DelegatingMethodHandle$Holder.reinvoke_L(java.lang.Object, int, int, java.lang.Object, java.lang.Object, java.lang.Object)'> (0x00000000c48c7ae0) thrown at [./src/hotspot/share/interpreter/linkResolver.cpp, line 773]
Event: 2.644 Thread 0x000002a4c4b09000 Exception <a 'java/lang/NoSuchMethodError'{0x00000000c48cbe68}: 'java.lang.Object java.lang.invoke.DirectMethodHandle$Holder.invokeStatic(java.lang.Object, java.lang.Object, java.lang.Object, java.lang.Object, int)'> (0x00000000c48cbe68) thrown at [./src/hotspot/share/interpreter/linkResolver.cpp, line 773]

Events (20 events):
Event: 2.672 loading class com/sun/org/apache/xerces/internal/xni/XMLLocator
Event: 2.672 loading class com/sun/org/apache/xerces/internal/xni/XMLLocator done
Event: 2.673 loading class com/sun/org/apache/xerces/internal/impl/XMLEntityScanner done
Event: 2.673 loading class com/sun/org/apache/xerces/internal/impl/XMLEntityScanner$1
Event: 2.673 loading class com/sun/org/apache/xerces/internal/impl/XMLEntityScanner$1 done
Event: 2.673 loading class com/sun/xml/internal/stream/StaxErrorReporter
Event: 2.674 loading class com/sun/org/apache/xerces/internal/impl/XMLErrorReporter
Event: 2.674 loading class com/sun/org/apache/xerces/internal/impl/XMLErrorReporter done
Event: 2.674 loading class com/sun/xml/internal/stream/StaxErrorReporter done
Event: 2.674 loading class com/sun/org/apache/xerces/internal/impl/msg/XMLMessageFormatter
Event: 2.674 loading class com/sun/org/apache/xerces/internal/util/MessageFormatter
Event: 2.674 loading class com/sun/org/apache/xerces/internal/util/MessageFormatter done
Event: 2.674 loading class com/sun/org/apache/xerces/internal/impl/msg/XMLMessageFormatter done
Event: 2.674 loading class com/sun/org/apache/xerces/internal/utils/XMLLimitAnalyzer
Event: 2.675 loading class com/sun/org/apache/xerces/internal/utils/XMLLimitAnalyzer done
Event: 2.675 loading class com/sun/org/apache/xerces/internal/util/XMLSymbols
Event: 2.675 loading class com/sun/org/apache/xerces/internal/util/XMLSymbols done
Event: 2.675 loading class com/sun/xml/internal/stream/Entity$ScannedEntity
Event: 2.675 loading class com/sun/xml/internal/stream/Entity
Event: 2.675 Executing VM operation: CollectForMetadataAllocation


Dynamic libraries:
0x00007ff6408f0000 - 0x00007ff6408fa000 	C:\Program Files\Android\Android Studio\jre\bin\java.exe
0x00007ff839470000 - 0x00007ff839668000 	C:\WINDOWS\SYSTEM32\ntdll.dll
0x00007ff837aa0000 - 0x00007ff837b5d000 	C:\WINDOWS\System32\KERNEL32.DLL
0x00007ff836d40000 - 0x00007ff83700e000 	C:\WINDOWS\System32\KERNELBASE.dll
0x00007ff836c40000 - 0x00007ff836d40000 	C:\WINDOWS\System32\ucrtbase.dll
0x00007ff8321b0000 - 0x00007ff8321c7000 	C:\Program Files\Android\Android Studio\jre\bin\VCRUNTIME140.dll
0x00007ff832280000 - 0x00007ff832299000 	C:\Program Files\Android\Android Studio\jre\bin\jli.dll
0x00007ff839290000 - 0x00007ff839430000 	C:\WINDOWS\System32\USER32.dll
0x00007ff826ad0000 - 0x00007ff826d6a000 	C:\WINDOWS\WinSxS\amd64_microsoft.windows.common-controls_6595b64144ccf1df_6.0.19041.1110_none_60b5254171f9507e\COMCTL32.dll
0x00007ff8374a0000 - 0x00007ff8374c2000 	C:\WINDOWS\System32\win32u.dll
0x00007ff8383a0000 - 0x00007ff83843e000 	C:\WINDOWS\System32\msvcrt.dll
0x00007ff837a10000 - 0x00007ff837a3a000 	C:\WINDOWS\System32\GDI32.dll
0x00007ff8372f0000 - 0x00007ff8373fb000 	C:\WINDOWS\System32\gdi32full.dll
0x00007ff837400000 - 0x00007ff83749d000 	C:\WINDOWS\System32\msvcp_win.dll
0x00007ff837a70000 - 0x00007ff837aa0000 	C:\WINDOWS\System32\IMM32.DLL
0x00007ff815250000 - 0x00007ff8152ed000 	C:\Program Files\Android\Android Studio\jre\bin\msvcp140.dll
0x00007ff803d60000 - 0x00007ff804845000 	C:\Program Files\Android\Android Studio\jre\bin\server\jvm.dll
0x00007ff838a30000 - 0x00007ff838ade000 	C:\WINDOWS\System32\ADVAPI32.dll
0x00007ff8376e0000 - 0x00007ff83777c000 	C:\WINDOWS\System32\sechost.dll
0x00007ff838140000 - 0x00007ff838265000 	C:\WINDOWS\System32\RPCRT4.dll
0x00007ff838390000 - 0x00007ff838398000 	C:\WINDOWS\System32\PSAPI.DLL
0x00007ff830a20000 - 0x00007ff830a29000 	C:\WINDOWS\SYSTEM32\WSOCK32.dll
0x00007ff826f30000 - 0x00007ff826f57000 	C:\WINDOWS\SYSTEM32\WINMM.dll
0x00007ff834b70000 - 0x00007ff834b7a000 	C:\WINDOWS\SYSTEM32\VERSION.dll
0x00007ff837bc0000 - 0x00007ff837c2b000 	C:\WINDOWS\System32\WS2_32.dll
0x00007ff834c70000 - 0x00007ff834c82000 	C:\WINDOWS\SYSTEM32\kernel.appcore.dll
0x00007ff8306f0000 - 0x00007ff830701000 	C:\Program Files\Android\Android Studio\jre\bin\verify.dll
0x00007ff824a00000 - 0x00007ff824be4000 	C:\WINDOWS\SYSTEM32\DBGHELP.DLL
0x00007ff824fb0000 - 0x00007ff824fdc000 	C:\WINDOWS\SYSTEM32\dbgcore.DLL
0x00007ff837210000 - 0x00007ff837292000 	C:\WINDOWS\System32\bcryptPrimitives.dll
0x00007ff830660000 - 0x00007ff830689000 	C:\Program Files\Android\Android Studio\jre\bin\java.dll
0x00007ff8306e0000 - 0x00007ff8306eb000 	C:\Program Files\Android\Android Studio\jre\bin\jimage.dll
0x00007ff830640000 - 0x00007ff830658000 	C:\Program Files\Android\Android Studio\jre\bin\zip.dll
0x00007ff838ae0000 - 0x00007ff839224000 	C:\WINDOWS\System32\SHELL32.dll
0x00007ff834c90000 - 0x00007ff835424000 	C:\WINDOWS\SYSTEM32\windows.storage.dll
0x00007ff837de0000 - 0x00007ff838134000 	C:\WINDOWS\System32\combase.dll
0x00007ff836520000 - 0x00007ff836550000 	C:\WINDOWS\SYSTEM32\Wldp.dll
0x00007ff837830000 - 0x00007ff8378dd000 	C:\WINDOWS\System32\SHCORE.dll
0x00007ff837b60000 - 0x00007ff837bb5000 	C:\WINDOWS\System32\shlwapi.dll
0x00007ff836ad0000 - 0x00007ff836aef000 	C:\WINDOWS\SYSTEM32\profapi.dll
0x00007ff830620000 - 0x00007ff83063a000 	C:\Program Files\Android\Android Studio\jre\bin\net.dll
0x00007ff829bb0000 - 0x00007ff829cba000 	C:\WINDOWS\SYSTEM32\WINHTTP.dll
0x00007ff836280000 - 0x00007ff8362ea000 	C:\WINDOWS\system32\mswsock.dll
0x00007ff830600000 - 0x00007ff830614000 	C:\Program Files\Android\Android Studio\jre\bin\nio.dll

dbghelp: loaded successfully - version: 4.0.5 - missing functions: none
symbol engine: initialized successfully - sym options: 0x614 - pdb path: .;C:\Program Files\Android\Android Studio\jre\bin;C:\WINDOWS\SYSTEM32;C:\WINDOWS\WinSxS\amd64_microsoft.windows.common-controls_6595b64144ccf1df_6.0.19041.1110_none_60b5254171f9507e;C:\Program Files\Android\Android Studio\jre\bin\server

VM Arguments:
java_command: org.jetbrains.kotlin.cli.jvm.K2JVMCompiler @D:\ANDROID PROJECTS\Module3\app\build\20220829_7310354980369688424.compiler.options
java_class_path (initial): C:\Users\LENOVO\.gradle\caches\modules-2\files-2.1\org.jetbrains.kotlin\kotlin-compiler-embeddable\1.7.10\909803167c98606fcf22b4c848647c68e351d48d\kotlin-compiler-embeddable-1.7.10.jar;C:\Users\LENOVO\.gradle\caches\modules-2\files-2.1\org.jetbrains.kotlin\kotlin-reflect\1.7.10\165e600dfea6185cf5efa700756294cc4904dbeb\kotlin-reflect-1.7.10.jar;C:\Users\LENOVO\.gradle\caches\modules-2\files-2.1\org.jetbrains.kotlin\kotlin-stdlib\1.7.10\d2abf9e77736acc4450dc4a3f707fa2c10f5099d\kotlin-stdlib-1.7.10.jar;C:\Users\LENOVO\.gradle\caches\modules-2\files-2.1\org.jetbrains.kotlin\kotlin-script-runtime\1.7.10\c99c87a6988d8fd8d5142e9ed5c9f34a7cf561ee\kotlin-script-runtime-1.7.10.jar;C:\Users\LENOVO\.gradle\caches\modules-2\files-2.1\org.jetbrains.kotlin\kotlin-daemon-embeddable\1.7.10\3a9f7aef7080d3ae63126cbba4f827ed664f32fa\kotlin-daemon-embeddable-1.7.10.jar;C:\Users\LENOVO\.gradle\caches\modules-2\files-2.1\org.jetbrains.intellij.deps\trove4j\1.0.20200330\3afb14d5f9ceb459d724e907a21145e8ff394f02\trove4j-1.0.20200330.jar;C:\Users\LENOVO\.gradle\caches\modules-2\files-2.1\net.java.dev.jna\jna\5.6.0\330f2244e9030119ab3030fc3fededc86713d9cc\jna-5.6.0.jar;C:\Users\LENOVO\.gradle\caches\modules-2\files-2.1\org.jetbrains.kotlin\kotlin-stdlib-common\1.7.10\bac80c520d0a9e3f3673bc2658c6ed02ef45a76a\kotlin-stdlib-common-1.7.10.jar;C:\Users\LENOVO\.gradle\caches\modules-2\files-2.1\org.jetbrains\annotations\13.0\919f0dfe192fb4e063e7dacadee7f8bb9a2672a9\annotations-13.0.jar
Launcher Type: SUN_STANDARD

[Global flags]
     intx CICompilerCount                          = 3                                         {product} {ergonomic}
     uint ConcGCThreads                            = 1                                         {product} {ergonomic}
     uint G1ConcRefinementThreads                  = 4                                         {product} {ergonomic}
   size_t G1HeapRegionSize                         = 1048576                                   {product} {ergonomic}
    uintx GCDrainStackTargetSize                   = 64                                        {product} {ergonomic}
   size_t InitialHeapSize                          = 67108864                                  {product} {ergonomic}
   size_t MarkStackSize                            = 4194304                                   {product} {ergonomic}
   size_t MaxHeapSize                              = 1048576000                                {product} {ergonomic}
   size_t MaxNewSize                               = 629145600                                 {product} {ergonomic}
   size_t MinHeapDeltaBytes                        = 1048576                                   {product} {ergonomic}
    uintx NonNMethodCodeHeapSize                   = 5830732                                {pd product} {ergonomic}
    uintx NonProfiledCodeHeapSize                  = 122913754                              {pd product} {ergonomic}
    uintx ProfiledCodeHeapSize                     = 122913754                              {pd product} {ergonomic}
    uintx ReservedCodeCacheSize                    = 251658240                              {pd product} {ergonomic}
     bool SegmentedCodeCache                       = true                                      {product} {ergonomic}
     bool UseCompressedClassPointers               = true                                 {lp64_product} {ergonomic}
     bool UseCompressedOops                        = true                                 {lp64_product} {ergonomic}
     bool UseG1GC                                  = true                                      {product} {ergonomic}
     bool UseLargePagesIndividualAllocation        = false                                  {pd product} {ergonomic}

Logging:
Log output configuration:
 #0: stdout all=warning uptime,level,tags
 #1: stderr all=off uptime,level,tags

Environment Variables:
PATH=C:\WINDOWS\system32;C:\WINDOWS;C:\WINDOWS\System32\Wbem;C:\WINDOWS\System32\WindowsPowerShell\v1.0\;C:\WINDOWS\System32\OpenSSH\;C:\Users\LENOVO\AppData\Local\Microsoft\WindowsApps;C:\Users\LENOVO\AppData\Local\GitHubDesktop\bin;C:\Program Files\JetBrains\IntelliJ IDEA 2022.2\bin;
USERNAME=LENOVO
OS=Windows_NT
PROCESSOR_IDENTIFIER=Intel64 Family 6 Model 42 Stepping 7, GenuineIntel



---------------  S Y S T E M  ---------------

OS: Windows 10 , 64 bit Build 19041 (10.0.19041.1889)
OS uptime: 0 days 0:59 hours

CPU:total 4 (initial active 4) (2 cores per cpu, 2 threads per core) family 6 model 42 stepping 7 microcode 0x2f, cmov, cx8, fxsr, mmx, sse, sse2, sse3, ssse3, sse4.1, sse4.2, popcnt, avx, clmul, ht, tsc, tscinvbit

Memory: 4k page, system-wide physical 3996M (312M free)
TotalPageFile size 6044M (AvailPageFile size 5M)
current process WorkingSet (physical memory assigned to process): 141M, peak: 141M
current process commit charge ("private bytes"): 175M, peak: 176M

vm_info: OpenJDK 64-Bit Server VM (11.0.12+7-b1504.28-7817840) for windows-amd64 JRE (11.0.12+7-b1504.28-7817840), built on Oct 13 2021 22:12:33 by "builder" with MS VC++ 14.0 (VS2015)

END.
