#
# There is insufficient memory for the Java Runtime Environment to continue.
# Native memory allocation (malloc) failed to allocate 992736 bytes for Chunk::new
# Possible reasons:
#   The system is out of physical RAM or swap space
#   The process is running with CompressedOops enabled, and the Java Heap may be blocking the growth of the native heap
# Possible solutions:
#   Reduce memory load on the system
#   Increase physical memory or swap space
#   Check if swap backing store is full
#   Decrease Java heap size (-Xmx/-Xms)
#   Decrease number of Java threads
#   Decrease Java thread stack sizes (-Xss)
#   Set larger code cache with -XX:ReservedCodeCacheSize=
#   JVM is running with Unscaled Compressed Oops mode in which the Java heap is
#     placed in the first 4GB address space. The Java Heap base address is the
#     maximum limit for the native heap growth. Please use -XX:HeapBaseMinAddress
#     to set the Java Heap base and to place the Java Heap above 4GB virtual address.
# This output file may be truncated or incomplete.
#
#  Out of Memory Error (./src/hotspot/share/memory/arena.cpp:197), pid=9304, tid=7724
#
# JRE version: OpenJDK Runtime Environment (11.0.12+7) (build 11.0.12+7-b1504.28-7817840)
# Java VM: OpenJDK 64-Bit Server VM (11.0.12+7-b1504.28-7817840, mixed mode, tiered, compressed oops, g1 gc, windows-amd64)
# No core dump will be written. Minidumps are not enabled by default on client versions of Windows
#

---------------  S U M M A R Y ------------

Command Line: --add-opens=java.base/java.util=ALL-UNNAMED --add-opens=java.base/java.lang=ALL-UNNAMED --add-opens=java.base/java.lang.invoke=ALL-UNNAMED --add-opens=java.base/java.util=ALL-UNNAMED --add-opens=java.prefs/java.util.prefs=ALL-UNNAMED --add-opens=java.prefs/java.util.prefs=ALL-UNNAMED --add-opens=java.base/java.nio.charset=ALL-UNNAMED --add-opens=java.base/java.net=ALL-UNNAMED --add-opens=java.base/java.util.concurrent.atomic=ALL-UNNAMED -Xmx2048m -Dfile.encoding=UTF-8 -Duser.country=US -Duser.language=en -Duser.variant org.gradle.launcher.daemon.bootstrap.GradleDaemon 7.3.3

Host: Intel(R) Core(TM) i3-2348M CPU @ 2.30GHz, 4 cores, 3G,  Windows 10 , 64 bit Build 19041 (10.0.19041.1889)
Time: Mon Aug 29 15:54:38 2022 India Standard Time elapsed time: 66.402968 seconds (0d 0h 1m 6s)

---------------  T H R E A D  ---------------

Current thread (0x00000202ecc8d000):  JavaThread "C2 CompilerThread0" daemon [_thread_in_native, id=7724, stack(0x0000005b35300000,0x0000005b35400000)]


Current CompileTask:
C2:  66403 12950   !   4       java.net.URL::<init> (543 bytes)

Stack: [0x0000005b35300000,0x0000005b35400000]
Native frames: (J=compiled Java code, j=interpreted, Vv=VM code, C=native code)
V  [jvm.dll+0x5fbcea]
V  [jvm.dll+0x731905]
V  [jvm.dll+0x732f1d]
V  [jvm.dll+0x7335d3]
V  [jvm.dll+0x247bf8]
V  [jvm.dll+0xc018c]
V  [jvm.dll+0xc06cc]
V  [jvm.dll+0x2bcc04]
V  [jvm.dll+0x5113a8]
V  [jvm.dll+0x208303]
V  [jvm.dll+0x201fe0]
V  [jvm.dll+0x1ff71f]
V  [jvm.dll+0x18868c]
V  [jvm.dll+0x20e0d7]
V  [jvm.dll+0x20c901]
V  [jvm.dll+0x6f9b7f]
V  [jvm.dll+0x6f26a5]
V  [jvm.dll+0x5fabf6]
C  [ucrtbase.dll+0x21bb2]
C  [KERNEL32.DLL+0x17034]
C  [ntdll.dll+0x52651]


---------------  P R O C E S S  ---------------

Threads class SMR info:
_java_thread_list=0x00000202f2d20d70, length=86, elements={
0x00000202d306d000, 0x00000202ecc29000, 0x00000202ecc34800, 0x00000202ecc84000,
0x00000202ecc85000, 0x00000202ecc87000, 0x00000202ecc8d000, 0x00000202ecc9a000,
0x00000202ecc9b800, 0x00000202ed701000, 0x00000202ef698800, 0x00000202ef866800,
0x00000202ef444800, 0x00000202ee3de000, 0x00000202efa62000, 0x00000202eea5c000,
0x00000202ef4ac800, 0x00000202ef4ad800, 0x00000202ef85d000, 0x00000202ef859000,
0x00000202ef85a800, 0x00000202ef85b800, 0x00000202ef85c000, 0x00000202ef858000,
0x00000202ef85e000, 0x00000202ef85e800, 0x00000202f2ba2800, 0x00000202f2ba4000,
0x00000202f2ba1800, 0x00000202f2ba9800, 0x00000202f2baa800, 0x00000202f2ba6800,
0x00000202f2bad000, 0x00000202f2ba8000, 0x00000202f2bae000, 0x00000202f2ba9000,
0x00000202f2baf800, 0x00000202f2bb0000, 0x00000202ef859800, 0x00000202f0ec5000,
0x00000202f0ec2000, 0x00000202f0ec6000, 0x00000202f0ec3000, 0x00000202f0ec8800,
0x00000202f0ec3800, 0x00000202f0eca000, 0x00000202f0ec7000, 0x00000202f0ec4800,
0x00000202f0ecb000, 0x00000202f0ecc800, 0x00000202f0ec9800, 0x00000202f0ec7800,
0x00000202f0ecb800, 0x00000202f0ecd800, 0x00000202f0ece000, 0x00000202f0ecf000,
0x00000202f0ed0800, 0x00000202f0ed0000, 0x00000202ef458800, 0x00000202ef456000,
0x00000202ef457800, 0x00000202ef456800, 0x00000202ef454000, 0x00000202ef452800,
0x00000202ef459000, 0x00000202ef453800, 0x00000202ef45a000, 0x00000202ef45a800,
0x00000202ef455000, 0x00000202ef45f800, 0x00000202ef45d000, 0x00000202ef45f000,
0x00000202ef460800, 0x00000202ef45e000, 0x00000202ef461000, 0x00000202ef45b800,
0x00000202ef45c800, 0x00000202f1234000, 0x00000202f1236000, 0x00000202f1231000,
0x00000202f1232000, 0x00000202f1230000, 0x00000202f1237800, 0x00000202f1236800,
0x00000202f1238800, 0x00000202f1235000
}

Java Threads: ( => current thread )
  0x00000202d306d000 JavaThread "main" [_thread_blocked, id=9872, stack(0x0000005b34700000,0x0000005b34800000)]
  0x00000202ecc29000 JavaThread "Reference Handler" daemon [_thread_blocked, id=7648, stack(0x0000005b34e00000,0x0000005b34f00000)]
  0x00000202ecc34800 JavaThread "Finalizer" daemon [_thread_blocked, id=3124, stack(0x0000005b34f00000,0x0000005b35000000)]
  0x00000202ecc84000 JavaThread "Signal Dispatcher" daemon [_thread_blocked, id=2384, stack(0x0000005b35000000,0x0000005b35100000)]
  0x00000202ecc85000 JavaThread "Attach Listener" daemon [_thread_blocked, id=9176, stack(0x0000005b35100000,0x0000005b35200000)]
  0x00000202ecc87000 JavaThread "Service Thread" daemon [_thread_blocked, id=6840, stack(0x0000005b35200000,0x0000005b35300000)]
=>0x00000202ecc8d000 JavaThread "C2 CompilerThread0" daemon [_thread_in_native, id=7724, stack(0x0000005b35300000,0x0000005b35400000)]
  0x00000202ecc9a000 JavaThread "C1 CompilerThread0" daemon [_thread_in_native, id=9716, stack(0x0000005b35400000,0x0000005b35500000)]
  0x00000202ecc9b800 JavaThread "Sweeper thread" daemon [_thread_blocked, id=2264, stack(0x0000005b35500000,0x0000005b35600000)]
  0x00000202ed701000 JavaThread "Common-Cleaner" daemon [_thread_blocked, id=1820, stack(0x0000005b35600000,0x0000005b35700000)]
  0x00000202ef698800 JavaThread "Daemon health stats" [_thread_blocked, id=6492, stack(0x0000005b35a00000,0x0000005b35b00000)]
  0x00000202ef866800 JavaThread "Incoming local TCP Connector on port 56435" [_thread_in_native, id=8516, stack(0x0000005b35800000,0x0000005b35900000)]
  0x00000202ef444800 JavaThread "Daemon periodic checks" [_thread_blocked, id=4212, stack(0x0000005b35b00000,0x0000005b35c00000)]
  0x00000202ee3de000 JavaThread "Daemon" [_thread_blocked, id=7784, stack(0x0000005b35c00000,0x0000005b35d00000)]
  0x00000202efa62000 JavaThread "Handler for socket connection from /127.0.0.1:56435 to /127.0.0.1:56436" [_thread_in_native, id=9808, stack(0x0000005b35d00000,0x0000005b35e00000)]
  0x00000202eea5c000 JavaThread "Cancel handler" [_thread_blocked, id=9868, stack(0x0000005b35e00000,0x0000005b35f00000)]
  0x00000202ef4ac800 JavaThread "Daemon worker" [_thread_blocked, id=9004, stack(0x0000005b35f00000,0x0000005b36000000)]
  0x00000202ef4ad800 JavaThread "Asynchronous log dispatcher for DefaultDaemonConnection: socket connection from /127.0.0.1:56435 to /127.0.0.1:56436" [_thread_blocked, id=5528, stack(0x0000005b36000000,0x0000005b36100000)]
  0x00000202ef85d000 JavaThread "Daemon client event forwarder" [_thread_blocked, id=724, stack(0x0000005b36200000,0x0000005b36300000)]
  0x00000202ef859000 JavaThread "Cache worker for journal cache (C:\Users\LENOVO\.gradle\caches\journal-1)" [_thread_blocked, id=2152, stack(0x0000005b36500000,0x0000005b36600000)]
  0x00000202ef85a800 JavaThread "File lock request listener" [_thread_in_native, id=9000, stack(0x0000005b36600000,0x0000005b36700000)]
  0x00000202ef85b800 JavaThread "Cache worker for file hash cache (C:\Users\LENOVO\.gradle\caches\7.3.3\fileHashes)" [_thread_blocked, id=972, stack(0x0000005b36700000,0x0000005b36800000)]
  0x00000202ef85c000 JavaThread "Cache worker for file hash cache (D:\ANDROID PROJECTS\Module3\.gradle\7.3.3\fileHashes)" [_thread_blocked, id=7100, stack(0x0000005b36900000,0x0000005b36a00000)]
  0x00000202ef858000 JavaThread "File watcher server" daemon [_thread_in_native, id=5732, stack(0x0000005b36a00000,0x0000005b36b00000)]
  0x00000202ef85e000 JavaThread "File watcher consumer" daemon [_thread_blocked, id=6384, stack(0x0000005b36b00000,0x0000005b36c00000)]
  0x00000202ef85e800 JavaThread "Cache worker for checksums cache (D:\ANDROID PROJECTS\Module3\.gradle\7.3.3\checksums)" [_thread_blocked, id=6800, stack(0x0000005b36c00000,0x0000005b36d00000)]
  0x00000202f2ba2800 JavaThread "Cache worker for cache directory md-supplier (C:\Users\LENOVO\.gradle\caches\7.3.3\md-supplier)" [_thread_blocked, id=3384, stack(0x0000005b36d00000,0x0000005b36e00000)]
  0x00000202f2ba4000 JavaThread "Cache worker for cache directory md-rule (C:\Users\LENOVO\.gradle\caches\7.3.3\md-rule)" [_thread_blocked, id=2220, stack(0x0000005b36e00000,0x0000005b36f00000)]
  0x00000202f2ba1800 JavaThread "Cache worker for execution history cache (C:\Users\LENOVO\.gradle\caches\7.3.3\executionHistory)" [_thread_blocked, id=6676, stack(0x0000005b36f00000,0x0000005b37000000)]
  0x00000202f2ba9800 JavaThread "jar transforms" [_thread_blocked, id=2696, stack(0x0000005b37000000,0x0000005b37100000)]
  0x00000202f2baa800 JavaThread "Cache worker for file content cache (C:\Users\LENOVO\.gradle\caches\7.3.3\fileContent)" [_thread_blocked, id=2764, stack(0x0000005b37100000,0x0000005b37200000)]
  0x00000202f2ba6800 JavaThread "jar transforms Thread 2" [_thread_blocked, id=4284, stack(0x0000005b37200000,0x0000005b37300000)]
  0x00000202f2bad000 JavaThread "Cache worker for dependencies-accessors (D:\ANDROID PROJECTS\Module3\.gradle\7.3.3\dependencies-accessors)" [_thread_blocked, id=3388, stack(0x0000005b37300000,0x0000005b37400000)]
  0x00000202f2ba8000 JavaThread "jar transforms Thread 3" [_thread_blocked, id=2960, stack(0x0000005b37400000,0x0000005b37500000)]
  0x00000202f2bae000 JavaThread "Cache worker for Build Output Cleanup Cache (D:\ANDROID PROJECTS\Module3\.gradle\buildOutputCleanup)" [_thread_blocked, id=7096, stack(0x0000005b36800000,0x0000005b36900000)]
  0x00000202f2ba9000 JavaThread "Unconstrained build operations" [_thread_blocked, id=2036, stack(0x0000005b37600000,0x0000005b37700000)]
  0x00000202f2baf800 JavaThread "Unconstrained build operations Thread 2" [_thread_blocked, id=2636, stack(0x0000005b37700000,0x0000005b37800000)]
  0x00000202f2bb0000 JavaThread "Unconstrained build operations Thread 3" [_thread_blocked, id=6868, stack(0x0000005b37800000,0x0000005b37900000)]
  0x00000202ef859800 JavaThread "Unconstrained build operations Thread 4" [_thread_blocked, id=3840, stack(0x0000005b37900000,0x0000005b37a00000)]
  0x00000202f0ec5000 JavaThread "Unconstrained build operations Thread 5" [_thread_blocked, id=6496, stack(0x0000005b37a00000,0x0000005b37b00000)]
  0x00000202f0ec2000 JavaThread "Unconstrained build operations Thread 6" [_thread_blocked, id=6916, stack(0x0000005b37b00000,0x0000005b37c00000)]
  0x00000202f0ec6000 JavaThread "Unconstrained build operations Thread 7" [_thread_blocked, id=8228, stack(0x0000005b37c00000,0x0000005b37d00000)]
  0x00000202f0ec3000 JavaThread "Unconstrained build operations Thread 8" [_thread_blocked, id=7328, stack(0x0000005b37d00000,0x0000005b37e00000)]
  0x00000202f0ec8800 JavaThread "Unconstrained build operations Thread 9" [_thread_blocked, id=5024, stack(0x0000005b37e00000,0x0000005b37f00000)]
  0x00000202f0ec3800 JavaThread "Unconstrained build operations Thread 10" [_thread_blocked, id=2852, stack(0x0000005b37f00000,0x0000005b38000000)]
  0x00000202f0eca000 JavaThread "Unconstrained build operations Thread 11" [_thread_blocked, id=5556, stack(0x0000005b38000000,0x0000005b38100000)]
  0x00000202f0ec7000 JavaThread "Unconstrained build operations Thread 12" [_thread_blocked, id=3908, stack(0x0000005b38100000,0x0000005b38200000)]
  0x00000202f0ec4800 JavaThread "Unconstrained build operations Thread 13" [_thread_blocked, id=8468, stack(0x0000005b38200000,0x0000005b38300000)]
  0x00000202f0ecb000 JavaThread "Unconstrained build operations Thread 14" [_thread_blocked, id=9860, stack(0x0000005b38300000,0x0000005b38400000)]
  0x00000202f0ecc800 JavaThread "Unconstrained build operations Thread 15" [_thread_blocked, id=8948, stack(0x0000005b38400000,0x0000005b38500000)]
  0x00000202f0ec9800 JavaThread "Unconstrained build operations Thread 16" [_thread_blocked, id=8876, stack(0x0000005b38500000,0x0000005b38600000)]
  0x00000202f0ec7800 JavaThread "Unconstrained build operations Thread 17" [_thread_blocked, id=9864, stack(0x0000005b38600000,0x0000005b38700000)]
  0x00000202f0ecb800 JavaThread "Unconstrained build operations Thread 18" [_thread_blocked, id=1892, stack(0x0000005b38700000,0x0000005b38800000)]
  0x00000202f0ecd800 JavaThread "Unconstrained build operations Thread 19" [_thread_blocked, id=5448, stack(0x0000005b38800000,0x0000005b38900000)]
  0x00000202f0ece000 JavaThread "Unconstrained build operations Thread 20" [_thread_blocked, id=7144, stack(0x0000005b38900000,0x0000005b38a00000)]
  0x00000202f0ecf000 JavaThread "Unconstrained build operations Thread 21" [_thread_blocked, id=9960, stack(0x0000005b38a00000,0x0000005b38b00000)]
  0x00000202f0ed0800 JavaThread "Unconstrained build operations Thread 22" [_thread_blocked, id=5608, stack(0x0000005b38b00000,0x0000005b38c00000)]
  0x00000202f0ed0000 JavaThread "Unconstrained build operations Thread 23" [_thread_blocked, id=5952, stack(0x0000005b38c00000,0x0000005b38d00000)]
  0x00000202ef458800 JavaThread "Unconstrained build operations Thread 24" [_thread_blocked, id=8104, stack(0x0000005b38d00000,0x0000005b38e00000)]
  0x00000202ef456000 JavaThread "Unconstrained build operations Thread 25" [_thread_blocked, id=8660, stack(0x0000005b38e00000,0x0000005b38f00000)]
  0x00000202ef457800 JavaThread "Unconstrained build operations Thread 26" [_thread_blocked, id=10148, stack(0x0000005b38f00000,0x0000005b39000000)]
  0x00000202ef456800 JavaThread "Unconstrained build operations Thread 27" [_thread_blocked, id=8576, stack(0x0000005b39000000,0x0000005b39100000)]
  0x00000202ef454000 JavaThread "Unconstrained build operations Thread 28" [_thread_blocked, id=8784, stack(0x0000005b39100000,0x0000005b39200000)]
  0x00000202ef452800 JavaThread "Unconstrained build operations Thread 29" [_thread_blocked, id=8856, stack(0x0000005b39200000,0x0000005b39300000)]
  0x00000202ef459000 JavaThread "Unconstrained build operations Thread 30" [_thread_blocked, id=4028, stack(0x0000005b39300000,0x0000005b39400000)]
  0x00000202ef453800 JavaThread "Unconstrained build operations Thread 31" [_thread_blocked, id=6956, stack(0x0000005b39400000,0x0000005b39500000)]
  0x00000202ef45a000 JavaThread "Unconstrained build operations Thread 32" [_thread_blocked, id=7508, stack(0x0000005b39500000,0x0000005b39600000)]
  0x00000202ef45a800 JavaThread "Unconstrained build operations Thread 33" [_thread_blocked, id=976, stack(0x0000005b39600000,0x0000005b39700000)]
  0x00000202ef455000 JavaThread "Unconstrained build operations Thread 34" [_thread_blocked, id=7312, stack(0x0000005b39700000,0x0000005b39800000)]
  0x00000202ef45f800 JavaThread "Unconstrained build operations Thread 35" [_thread_blocked, id=900, stack(0x0000005b39800000,0x0000005b39900000)]
  0x00000202ef45d000 JavaThread "Unconstrained build operations Thread 36" [_thread_blocked, id=5360, stack(0x0000005b39900000,0x0000005b39a00000)]
  0x00000202ef45f000 JavaThread "Unconstrained build operations Thread 37" [_thread_blocked, id=7344, stack(0x0000005b39a00000,0x0000005b39b00000)]
  0x00000202ef460800 JavaThread "Unconstrained build operations Thread 38" [_thread_blocked, id=5524, stack(0x0000005b39b00000,0x0000005b39c00000)]
  0x00000202ef45e000 JavaThread "Unconstrained build operations Thread 39" [_thread_blocked, id=9416, stack(0x0000005b39c00000,0x0000005b39d00000)]
  0x00000202ef461000 JavaThread "Unconstrained build operations Thread 40" [_thread_blocked, id=9492, stack(0x0000005b39d00000,0x0000005b39e00000)]
  0x00000202ef45b800 JavaThread "jar transforms Thread 4" [_thread_blocked, id=2968, stack(0x0000005b39e00000,0x0000005b39f00000)]
  0x00000202ef45c800 JavaThread "Memory manager" [_thread_blocked, id=7764, stack(0x0000005b39f00000,0x0000005b3a000000)]
  0x00000202f1234000 JavaThread "build event listener" [_thread_blocked, id=1524, stack(0x0000005b3a100000,0x0000005b3a200000)]
  0x00000202f1236000 JavaThread "Execution worker for ':'" [_thread_blocked, id=8056, stack(0x0000005b3a200000,0x0000005b3a300000)]
  0x00000202f1231000 JavaThread "Execution worker for ':' Thread 2" [_thread_blocked, id=1364, stack(0x0000005b3a300000,0x0000005b3a400000)]
  0x00000202f1232000 JavaThread "Execution worker for ':' Thread 3" [_thread_blocked, id=7528, stack(0x0000005b3a400000,0x0000005b3a500000)]
  0x00000202f1230000 JavaThread "Cache worker for execution history cache (D:\ANDROID PROJECTS\Module3\.gradle\7.3.3\executionHistory)" [_thread_blocked, id=1976, stack(0x0000005b3a500000,0x0000005b3a600000)]
  0x00000202f1237800 JavaThread "WorkerExecutor Queue" [_thread_blocked, id=7592, stack(0x0000005b3a700000,0x0000005b3a800000)]
  0x00000202f1236800 JavaThread "WorkerExecutor Queue Thread 2" [_thread_blocked, id=6196, stack(0x0000005b3a800000,0x0000005b3a900000)]
  0x00000202f1238800 JavaThread "WorkerExecutor Queue Thread 3" [_thread_blocked, id=3216, stack(0x0000005b3a900000,0x0000005b3aa00000)]
  0x00000202f1235000 JavaThread "WorkerExecutor Queue Thread 4" [_thread_blocked, id=1136, stack(0x0000005b3aa00000,0x0000005b3ab00000)]

Other Threads:
  0x00000202ecc23000 VMThread "VM Thread" [stack: 0x0000005b34d00000,0x0000005b34e00000] [id=9332]
  0x00000202ed712000 WatcherThread [stack: 0x0000005b35700000,0x0000005b35800000] [id=3344]
  0x00000202d3086000 GCTaskThread "GC Thread#0" [stack: 0x0000005b34800000,0x0000005b34900000] [id=5716]
  0x00000202ed79e800 GCTaskThread "GC Thread#1" [stack: 0x0000005b35900000,0x0000005b35a00000] [id=9328]
  0x00000202ef553800 GCTaskThread "GC Thread#2" [stack: 0x0000005b36300000,0x0000005b36400000] [id=2300]
  0x00000202efc1c000 GCTaskThread "GC Thread#3" [stack: 0x0000005b36400000,0x0000005b36500000] [id=6960]
  0x00000202d30b6800 ConcurrentGCThread "G1 Main Marker" [stack: 0x0000005b34900000,0x0000005b34a00000] [id=8740]
  0x00000202d30b8000 ConcurrentGCThread "G1 Conc#0" [stack: 0x0000005b34a00000,0x0000005b34b00000] [id=1644]
  0x00000202d3110000 ConcurrentGCThread "G1 Refine#0" [stack: 0x0000005b34b00000,0x0000005b34c00000] [id=10108]
  0x00000202f0ca8000 ConcurrentGCThread "G1 Refine#1" [stack: 0x0000005b3a600000,0x0000005b3a700000] [id=3020]
  0x00000202d3111000 ConcurrentGCThread "G1 Young RemSet Sampling" [stack: 0x0000005b34c00000,0x0000005b34d00000] [id=7548]

Threads with active compile tasks:
C2 CompilerThread0  66974 12950   !   4       java.net.URL::<init> (543 bytes)
C1 CompilerThread0  66974 13037       3       kotlin.reflect.jvm.internal.impl.descriptors.runtime.components.ReflectClassStructure::processAnnotationArgumentValue (625 bytes)

VM state:at safepoint (normal execution)

VM Mutex/Monitor currently owned by a thread:  ([mutex/lock_event])
[0x00000202d30686e0] Threads_lock - owner thread: 0x00000202ecc23000
[0x00000202d3068920] Heap_lock - owner thread: 0x00000202f1235000

Heap address: 0x0000000080000000, size: 2048 MB, Compressed Oops mode: 32-bit
Narrow klass base: 0x0000000000000000, Narrow klass shift: 3
Compressed class space size: 1073741824 Address: 0x0000000100000000

Heap:
 garbage-first heap   total 270336K, used 173846K [0x0000000080000000, 0x0000000100000000)
  region size 1024K, 74 young (75776K), 1 survivors (1024K)
 Metaspace       used 99888K, capacity 102105K, committed 102232K, reserved 1144832K
  class space    used 12533K, capacity 13365K, committed 13440K, reserved 1048576K
Heap Regions: E=young(eden), S=young(survivor), O=old, HS=humongous(starts), HC=humongous(continues), CS=collection set, F=free, A=archive, TAMS=top-at-mark-start (previous, next)
|   0|0x0000000080000000, 0x0000000080100000, 0x0000000080100000|100%| O|  |TAMS 0x0000000080100000, 0x0000000080100000| Untracked 
|   1|0x0000000080100000, 0x0000000080200000, 0x0000000080200000|100%| O|  |TAMS 0x0000000080200000, 0x0000000080200000| Untracked 
|   2|0x0000000080200000, 0x0000000080300000, 0x0000000080300000|100%| O|  |TAMS 0x0000000080300000, 0x0000000080300000| Untracked 
|   3|0x0000000080300000, 0x0000000080400000, 0x0000000080400000|100%|HS|  |TAMS 0x0000000080400000, 0x0000000080400000| Complete 
|   4|0x0000000080400000, 0x0000000080500000, 0x0000000080500000|100%|HC|  |TAMS 0x0000000080500000, 0x0000000080500000| Complete 
|   5|0x0000000080500000, 0x0000000080600000, 0x0000000080600000|100%|HC|  |TAMS 0x0000000080600000, 0x0000000080600000| Complete 
|   6|0x0000000080600000, 0x0000000080700000, 0x0000000080700000|100%| O|  |TAMS 0x0000000080700000, 0x0000000080700000| Untracked 
|   7|0x0000000080700000, 0x0000000080800000, 0x0000000080800000|100%| O|  |TAMS 0x0000000080800000, 0x0000000080800000| Untracked 
|   8|0x0000000080800000, 0x0000000080900000, 0x0000000080900000|100%| O|  |TAMS 0x0000000080900000, 0x0000000080900000| Untracked 
|   9|0x0000000080900000, 0x0000000080a00000, 0x0000000080a00000|100%| O|  |TAMS 0x0000000080a00000, 0x0000000080a00000| Untracked 
|  10|0x0000000080a00000, 0x0000000080b00000, 0x0000000080b00000|100%| O|  |TAMS 0x0000000080b00000, 0x0000000080b00000| Untracked 
|  11|0x0000000080b00000, 0x0000000080c00000, 0x0000000080c00000|100%| O|  |TAMS 0x0000000080c00000, 0x0000000080c00000| Untracked 
|  12|0x0000000080c00000, 0x0000000080d00000, 0x0000000080d00000|100%| O|  |TAMS 0x0000000080d00000, 0x0000000080d00000| Untracked 
|  13|0x0000000080d00000, 0x0000000080e00000, 0x0000000080e00000|100%| O|  |TAMS 0x0000000080e00000, 0x0000000080e00000| Untracked 
|  14|0x0000000080e00000, 0x0000000080f00000, 0x0000000080f00000|100%| O|  |TAMS 0x0000000080f00000, 0x0000000080f00000| Untracked 
|  15|0x0000000080f00000, 0x0000000081000000, 0x0000000081000000|100%| O|  |TAMS 0x0000000081000000, 0x0000000081000000| Untracked 
|  16|0x0000000081000000, 0x0000000081100000, 0x0000000081100000|100%| O|  |TAMS 0x0000000081100000, 0x0000000081100000| Untracked 
|  17|0x0000000081100000, 0x0000000081200000, 0x0000000081200000|100%| O|  |TAMS 0x0000000081200000, 0x0000000081200000| Untracked 
|  18|0x0000000081200000, 0x0000000081300000, 0x0000000081300000|100%| O|  |TAMS 0x0000000081300000, 0x0000000081300000| Untracked 
|  19|0x0000000081300000, 0x0000000081400000, 0x0000000081400000|100%| O|  |TAMS 0x0000000081400000, 0x0000000081400000| Untracked 
|  20|0x0000000081400000, 0x0000000081500000, 0x0000000081500000|100%| O|  |TAMS 0x0000000081500000, 0x0000000081500000| Untracked 
|  21|0x0000000081500000, 0x0000000081600000, 0x0000000081600000|100%| O|  |TAMS 0x0000000081600000, 0x0000000081600000| Untracked 
|  22|0x0000000081600000, 0x0000000081700000, 0x0000000081700000|100%| O|  |TAMS 0x0000000081700000, 0x0000000081700000| Untracked 
|  23|0x0000000081700000, 0x0000000081800000, 0x0000000081800000|100%| O|  |TAMS 0x0000000081800000, 0x0000000081800000| Untracked 
|  24|0x0000000081800000, 0x0000000081900000, 0x0000000081900000|100%| O|  |TAMS 0x0000000081900000, 0x0000000081900000| Untracked 
|  25|0x0000000081900000, 0x0000000081a00000, 0x0000000081a00000|100%|HS|  |TAMS 0x0000000081a00000, 0x0000000081a00000| Complete 
|  26|0x0000000081a00000, 0x0000000081b00000, 0x0000000081b00000|100%| O|  |TAMS 0x0000000081b00000, 0x0000000081b00000| Untracked 
|  27|0x0000000081b00000, 0x0000000081c00000, 0x0000000081c00000|100%| O|  |TAMS 0x0000000081c00000, 0x0000000081c00000| Untracked 
|  28|0x0000000081c00000, 0x0000000081d00000, 0x0000000081d00000|100%| O|  |TAMS 0x0000000081d00000, 0x0000000081d00000| Untracked 
|  29|0x0000000081d00000, 0x0000000081e00000, 0x0000000081e00000|100%|HS|  |TAMS 0x0000000081e00000, 0x0000000081e00000| Complete 
|  30|0x0000000081e00000, 0x0000000081f00000, 0x0000000081f00000|100%|HS|  |TAMS 0x0000000081f00000, 0x0000000081f00000| Complete 
|  31|0x0000000081f00000, 0x0000000082000000, 0x0000000082000000|100%|HS|  |TAMS 0x0000000082000000, 0x0000000082000000| Complete 
|  32|0x0000000082000000, 0x0000000082100000, 0x0000000082100000|100%|HC|  |TAMS 0x0000000082100000, 0x0000000082100000| Complete 
|  33|0x0000000082100000, 0x0000000082200000, 0x0000000082200000|100%|HC|  |TAMS 0x0000000082200000, 0x0000000082200000| Complete 
|  34|0x0000000082200000, 0x0000000082300000, 0x0000000082300000|100%|HS|  |TAMS 0x0000000082300000, 0x0000000082300000| Complete 
|  35|0x0000000082300000, 0x0000000082400000, 0x0000000082400000|100%|HC|  |TAMS 0x0000000082400000, 0x0000000082400000| Complete 
|  36|0x0000000082400000, 0x0000000082500000, 0x0000000082500000|100%| O|  |TAMS 0x0000000082500000, 0x0000000082500000| Untracked 
|  37|0x0000000082500000, 0x0000000082600000, 0x0000000082600000|100%| O|  |TAMS 0x0000000082600000, 0x0000000082600000| Untracked 
|  38|0x0000000082600000, 0x0000000082700000, 0x0000000082700000|100%| O|  |TAMS 0x0000000082700000, 0x0000000082700000| Untracked 
|  39|0x0000000082700000, 0x0000000082800000, 0x0000000082800000|100%| O|  |TAMS 0x0000000082800000, 0x0000000082800000| Untracked 
|  40|0x0000000082800000, 0x0000000082900000, 0x0000000082900000|100%| O|  |TAMS 0x0000000082900000, 0x0000000082900000| Untracked 
|  41|0x0000000082900000, 0x0000000082a00000, 0x0000000082a00000|100%| O|  |TAMS 0x0000000082a00000, 0x0000000082a00000| Untracked 
|  42|0x0000000082a00000, 0x0000000082b00000, 0x0000000082b00000|100%| O|  |TAMS 0x0000000082b00000, 0x0000000082b00000| Untracked 
|  43|0x0000000082b00000, 0x0000000082c00000, 0x0000000082c00000|100%| O|  |TAMS 0x0000000082c00000, 0x0000000082c00000| Untracked 
|  44|0x0000000082c00000, 0x0000000082d00000, 0x0000000082d00000|100%| O|  |TAMS 0x0000000082d00000, 0x0000000082d00000| Untracked 
|  45|0x0000000082d00000, 0x0000000082e00000, 0x0000000082e00000|100%| O|  |TAMS 0x0000000082e00000, 0x0000000082e00000| Untracked 
|  46|0x0000000082e00000, 0x0000000082f00000, 0x0000000082f00000|100%| O|  |TAMS 0x0000000082f00000, 0x0000000082f00000| Untracked 
|  47|0x0000000082f00000, 0x0000000083000000, 0x0000000083000000|100%| O|  |TAMS 0x0000000083000000, 0x0000000083000000| Untracked 
|  48|0x0000000083000000, 0x0000000083100000, 0x0000000083100000|100%| O|  |TAMS 0x0000000083100000, 0x0000000083100000| Untracked 
|  49|0x0000000083100000, 0x0000000083200000, 0x0000000083200000|100%| O|  |TAMS 0x0000000083200000, 0x0000000083200000| Untracked 
|  50|0x0000000083200000, 0x0000000083300000, 0x0000000083300000|100%| O|  |TAMS 0x0000000083300000, 0x0000000083300000| Untracked 
|  51|0x0000000083300000, 0x0000000083400000, 0x0000000083400000|100%| O|  |TAMS 0x0000000083400000, 0x0000000083400000| Untracked 
|  52|0x0000000083400000, 0x0000000083500000, 0x0000000083500000|100%| O|  |TAMS 0x0000000083500000, 0x0000000083500000| Untracked 
|  53|0x0000000083500000, 0x0000000083600000, 0x0000000083600000|100%| O|  |TAMS 0x0000000083600000, 0x0000000083600000| Untracked 
|  54|0x0000000083600000, 0x0000000083700000, 0x0000000083700000|100%| O|  |TAMS 0x0000000083700000, 0x0000000083700000| Untracked 
|  55|0x0000000083700000, 0x0000000083800000, 0x0000000083800000|100%| O|  |TAMS 0x0000000083800000, 0x0000000083800000| Untracked 
|  56|0x0000000083800000, 0x0000000083900000, 0x0000000083900000|100%| O|  |TAMS 0x0000000083900000, 0x0000000083900000| Untracked 
|  57|0x0000000083900000, 0x0000000083a00000, 0x0000000083a00000|100%| O|  |TAMS 0x0000000083a00000, 0x0000000083a00000| Untracked 
|  58|0x0000000083a00000, 0x0000000083b00000, 0x0000000083b00000|100%| O|  |TAMS 0x0000000083b00000, 0x0000000083b00000| Untracked 
|  59|0x0000000083b00000, 0x0000000083c00000, 0x0000000083c00000|100%| O|  |TAMS 0x0000000083c00000, 0x0000000083c00000| Untracked 
|  60|0x0000000083c00000, 0x0000000083d00000, 0x0000000083d00000|100%| O|  |TAMS 0x0000000083d00000, 0x0000000083d00000| Untracked 
|  61|0x0000000083d00000, 0x0000000083e00000, 0x0000000083e00000|100%| O|  |TAMS 0x0000000083e00000, 0x0000000083e00000| Untracked 
|  62|0x0000000083e00000, 0x0000000083f00000, 0x0000000083f00000|100%| O|  |TAMS 0x0000000083f00000, 0x0000000083f00000| Untracked 
|  63|0x0000000083f00000, 0x0000000084000000, 0x0000000084000000|100%| O|  |TAMS 0x0000000084000000, 0x0000000084000000| Untracked 
|  64|0x0000000084000000, 0x0000000084100000, 0x0000000084100000|100%| O|  |TAMS 0x0000000084100000, 0x0000000084100000| Untracked 
|  65|0x0000000084100000, 0x0000000084200000, 0x0000000084200000|100%| O|  |TAMS 0x0000000084200000, 0x0000000084200000| Untracked 
|  66|0x0000000084200000, 0x0000000084300000, 0x0000000084300000|100%| O|  |TAMS 0x0000000084200000, 0x0000000084300000| Untracked 
|  67|0x0000000084300000, 0x0000000084400000, 0x0000000084400000|100%| O|  |TAMS 0x0000000084400000, 0x0000000084400000| Untracked 
|  68|0x0000000084400000, 0x0000000084500000, 0x0000000084500000|100%| O|  |TAMS 0x0000000084500000, 0x0000000084500000| Untracked 
|  69|0x0000000084500000, 0x0000000084600000, 0x0000000084600000|100%| O|  |TAMS 0x0000000084600000, 0x0000000084600000| Untracked 
|  70|0x0000000084600000, 0x0000000084700000, 0x0000000084700000|100%| O|  |TAMS 0x0000000084700000, 0x0000000084700000| Untracked 
|  71|0x0000000084700000, 0x0000000084800000, 0x0000000084800000|100%| O|  |TAMS 0x0000000084800000, 0x0000000084800000| Untracked 
|  72|0x0000000084800000, 0x0000000084900000, 0x0000000084900000|100%| O|  |TAMS 0x0000000084800000, 0x0000000084900000| Untracked 
|  73|0x0000000084900000, 0x0000000084900000, 0x0000000084a00000|  0%| F|  |TAMS 0x0000000084900000, 0x0000000084900000| Untracked 
|  74|0x0000000084a00000, 0x0000000084b00000, 0x0000000084b00000|100%| O|  |TAMS 0x0000000084a00000, 0x0000000084b00000| Untracked 
|  75|0x0000000084b00000, 0x0000000084c00000, 0x0000000084c00000|100%| O|  |TAMS 0x0000000084b00000, 0x0000000084c00000| Untracked 
|  76|0x0000000084c00000, 0x0000000084cf2a00, 0x0000000084d00000| 94%| O|  |TAMS 0x0000000084c00000, 0x0000000084d00000| Untracked 
|  77|0x0000000084d00000, 0x0000000084d00000, 0x0000000084e00000|  0%| F|  |TAMS 0x0000000084d00000, 0x0000000084d00000| Untracked 
|  78|0x0000000084e00000, 0x0000000084e00000, 0x0000000084f00000|  0%| F|  |TAMS 0x0000000084e00000, 0x0000000084e00000| Untracked 
|  79|0x0000000084f00000, 0x0000000084f00000, 0x0000000085000000|  0%| F|  |TAMS 0x0000000084f00000, 0x0000000084f00000| Untracked 
|  80|0x0000000085000000, 0x0000000085000000, 0x0000000085100000|  0%| F|  |TAMS 0x0000000085000000, 0x0000000085000000| Untracked 
|  81|0x0000000085100000, 0x0000000085100000, 0x0000000085200000|  0%| F|  |TAMS 0x0000000085100000, 0x0000000085100000| Untracked 
|  82|0x0000000085200000, 0x0000000085300000, 0x0000000085300000|100%| O|  |TAMS 0x0000000085300000, 0x0000000085300000| Untracked 
|  83|0x0000000085300000, 0x0000000085400000, 0x0000000085400000|100%| O|  |TAMS 0x0000000085400000, 0x0000000085400000| Untracked 
|  84|0x0000000085400000, 0x0000000085400000, 0x0000000085500000|  0%| F|  |TAMS 0x0000000085400000, 0x0000000085400000| Untracked 
|  85|0x0000000085500000, 0x0000000085500000, 0x0000000085600000|  0%| F|  |TAMS 0x0000000085500000, 0x0000000085500000| Untracked 
|  86|0x0000000085600000, 0x0000000085600000, 0x0000000085700000|  0%| F|  |TAMS 0x0000000085600000, 0x0000000085600000| Untracked 
|  87|0x0000000085700000, 0x0000000085700000, 0x0000000085800000|  0%| F|  |TAMS 0x0000000085700000, 0x0000000085700000| Untracked 
|  88|0x0000000085800000, 0x0000000085900000, 0x0000000085900000|100%| O|  |TAMS 0x0000000085900000, 0x0000000085900000| Untracked 
|  89|0x0000000085900000, 0x0000000085a00000, 0x0000000085a00000|100%| O|  |TAMS 0x0000000085a00000, 0x0000000085a00000| Untracked 
|  90|0x0000000085a00000, 0x0000000085a00000, 0x0000000085b00000|  0%| F|  |TAMS 0x0000000085a00000, 0x0000000085a00000| Untracked 
|  91|0x0000000085b00000, 0x0000000085c00000, 0x0000000085c00000|100%| O|  |TAMS 0x0000000085c00000, 0x0000000085c00000| Untracked 
|  92|0x0000000085c00000, 0x0000000085d00000, 0x0000000085d00000|100%| O|  |TAMS 0x0000000085d00000, 0x0000000085d00000| Untracked 
|  93|0x0000000085d00000, 0x0000000085e00000, 0x0000000085e00000|100%| O|  |TAMS 0x0000000085e00000, 0x0000000085e00000| Untracked 
|  94|0x0000000085e00000, 0x0000000085f00000, 0x0000000085f00000|100%| O|  |TAMS 0x0000000085f00000, 0x0000000085f00000| Untracked 
|  95|0x0000000085f00000, 0x0000000086000000, 0x0000000086000000|100%| O|  |TAMS 0x0000000086000000, 0x0000000086000000| Untracked 
|  96|0x0000000086000000, 0x0000000086100000, 0x0000000086100000|100%| O|  |TAMS 0x0000000086100000, 0x0000000086100000| Untracked 
|  97|0x0000000086100000, 0x0000000086200000, 0x0000000086200000|100%| O|  |TAMS 0x0000000086200000, 0x0000000086200000| Untracked 
|  98|0x0000000086200000, 0x0000000086300000, 0x0000000086300000|100%| O|  |TAMS 0x0000000086300000, 0x0000000086300000| Untracked 
|  99|0x0000000086300000, 0x0000000086400000, 0x0000000086400000|100%| O|  |TAMS 0x0000000086400000, 0x0000000086400000| Untracked 
| 100|0x0000000086400000, 0x0000000086400000, 0x0000000086500000|  0%| F|  |TAMS 0x0000000086400000, 0x0000000086400000| Untracked 
| 101|0x0000000086500000, 0x0000000086600000, 0x0000000086600000|100%| O|  |TAMS 0x0000000086600000, 0x0000000086600000| Untracked 
| 102|0x0000000086600000, 0x0000000086700000, 0x0000000086700000|100%| O|  |TAMS 0x0000000086700000, 0x0000000086700000| Untracked 
| 103|0x0000000086700000, 0x0000000086800000, 0x0000000086800000|100%| O|  |TAMS 0x0000000086800000, 0x0000000086800000| Untracked 
| 104|0x0000000086800000, 0x0000000086900000, 0x0000000086900000|100%| O|  |TAMS 0x0000000086900000, 0x0000000086900000| Untracked 
| 105|0x0000000086900000, 0x0000000086900000, 0x0000000086a00000|  0%| F|  |TAMS 0x0000000086900000, 0x0000000086900000| Untracked 
| 106|0x0000000086a00000, 0x0000000086a00000, 0x0000000086b00000|  0%| F|  |TAMS 0x0000000086a00000, 0x0000000086a00000| Untracked 
| 107|0x0000000086b00000, 0x0000000086b00000, 0x0000000086c00000|  0%| F|  |TAMS 0x0000000086b00000, 0x0000000086b00000| Untracked 
| 108|0x0000000086c00000, 0x0000000086c00000, 0x0000000086d00000|  0%| F|  |TAMS 0x0000000086c00000, 0x0000000086c00000| Untracked 
| 109|0x0000000086d00000, 0x0000000086d00000, 0x0000000086e00000|  0%| F|  |TAMS 0x0000000086d00000, 0x0000000086d00000| Untracked 
| 110|0x0000000086e00000, 0x0000000086e00000, 0x0000000086f00000|  0%| F|  |TAMS 0x0000000086e00000, 0x0000000086e00000| Untracked 
| 111|0x0000000086f00000, 0x0000000086f00000, 0x0000000087000000|  0%| F|  |TAMS 0x0000000086f00000, 0x0000000086f00000| Untracked 
| 112|0x0000000087000000, 0x0000000087000000, 0x0000000087100000|  0%| F|  |TAMS 0x0000000087000000, 0x0000000087000000| Untracked 
| 113|0x0000000087100000, 0x0000000087100000, 0x0000000087200000|  0%| F|  |TAMS 0x0000000087100000, 0x0000000087100000| Untracked 
| 114|0x0000000087200000, 0x0000000087200000, 0x0000000087300000|  0%| F|  |TAMS 0x0000000087200000, 0x0000000087200000| Untracked 
| 115|0x0000000087300000, 0x0000000087300000, 0x0000000087400000|  0%| F|  |TAMS 0x0000000087300000, 0x0000000087300000| Untracked 
| 116|0x0000000087400000, 0x0000000087400000, 0x0000000087500000|  0%| F|  |TAMS 0x0000000087400000, 0x0000000087400000| Untracked 
| 117|0x0000000087500000, 0x0000000087500000, 0x0000000087600000|  0%| F|  |TAMS 0x0000000087500000, 0x0000000087500000| Untracked 
| 118|0x0000000087600000, 0x0000000087600000, 0x0000000087700000|  0%| F|  |TAMS 0x0000000087600000, 0x0000000087600000| Untracked 
| 119|0x0000000087700000, 0x0000000087800000, 0x0000000087800000|100%| O|  |TAMS 0x0000000087800000, 0x0000000087800000| Untracked 
| 120|0x0000000087800000, 0x0000000087800000, 0x0000000087900000|  0%| F|  |TAMS 0x0000000087800000, 0x0000000087800000| Untracked 
| 121|0x0000000087900000, 0x0000000087900000, 0x0000000087a00000|  0%| F|  |TAMS 0x0000000087900000, 0x0000000087900000| Untracked 
| 122|0x0000000087a00000, 0x0000000087a00000, 0x0000000087b00000|  0%| F|  |TAMS 0x0000000087a00000, 0x0000000087a00000| Untracked 
| 123|0x0000000087b00000, 0x0000000087b00000, 0x0000000087c00000|  0%| F|  |TAMS 0x0000000087b00000, 0x0000000087b00000| Untracked 
| 124|0x0000000087c00000, 0x0000000087c00000, 0x0000000087d00000|  0%| F|  |TAMS 0x0000000087c00000, 0x0000000087c00000| Untracked 
| 125|0x0000000087d00000, 0x0000000087d00000, 0x0000000087e00000|  0%| F|  |TAMS 0x0000000087d00000, 0x0000000087d00000| Untracked 
| 126|0x0000000087e00000, 0x0000000087e00000, 0x0000000087f00000|  0%| F|  |TAMS 0x0000000087e00000, 0x0000000087e00000| Untracked 
| 127|0x0000000087f00000, 0x0000000087f00000, 0x0000000088000000|  0%| F|  |TAMS 0x0000000087f00000, 0x0000000087f00000| Untracked 
| 128|0x0000000088000000, 0x0000000088000000, 0x0000000088100000|  0%| F|  |TAMS 0x0000000088000000, 0x0000000088000000| Untracked 
| 129|0x0000000088100000, 0x0000000088100000, 0x0000000088200000|  0%| F|  |TAMS 0x0000000088100000, 0x0000000088100000| Untracked 
| 130|0x0000000088200000, 0x0000000088200000, 0x0000000088300000|  0%| F|  |TAMS 0x0000000088200000, 0x0000000088200000| Untracked 
| 131|0x0000000088300000, 0x0000000088300000, 0x0000000088400000|  0%| F|  |TAMS 0x0000000088300000, 0x0000000088300000| Untracked 
| 132|0x0000000088400000, 0x0000000088400000, 0x0000000088500000|  0%| F|  |TAMS 0x0000000088400000, 0x0000000088400000| Untracked 
| 133|0x0000000088500000, 0x0000000088500000, 0x0000000088600000|  0%| F|  |TAMS 0x0000000088500000, 0x0000000088500000| Untracked 
| 134|0x0000000088600000, 0x0000000088600000, 0x0000000088700000|  0%| F|  |TAMS 0x0000000088600000, 0x0000000088600000| Untracked 
| 135|0x0000000088700000, 0x0000000088700000, 0x0000000088800000|  0%| F|  |TAMS 0x0000000088700000, 0x0000000088700000| Untracked 
| 136|0x0000000088800000, 0x0000000088800000, 0x0000000088900000|  0%| F|  |TAMS 0x0000000088800000, 0x0000000088800000| Untracked 
| 137|0x0000000088900000, 0x0000000088900000, 0x0000000088a00000|  0%| F|  |TAMS 0x0000000088900000, 0x0000000088900000| Untracked 
| 138|0x0000000088a00000, 0x0000000088a00000, 0x0000000088b00000|  0%| F|  |TAMS 0x0000000088a00000, 0x0000000088a00000| Untracked 
| 139|0x0000000088b00000, 0x0000000088b00000, 0x0000000088c00000|  0%| F|  |TAMS 0x0000000088b00000, 0x0000000088b00000| Untracked 
| 140|0x0000000088c00000, 0x0000000088c00000, 0x0000000088d00000|  0%| F|  |TAMS 0x0000000088c00000, 0x0000000088c00000| Untracked 
| 141|0x0000000088d00000, 0x0000000088d00000, 0x0000000088e00000|  0%| F|  |TAMS 0x0000000088d00000, 0x0000000088d00000| Untracked 
| 142|0x0000000088e00000, 0x0000000088e00000, 0x0000000088f00000|  0%| F|  |TAMS 0x0000000088e00000, 0x0000000088e00000| Untracked 
| 143|0x0000000088f00000, 0x0000000088f00000, 0x0000000089000000|  0%| F|  |TAMS 0x0000000088f00000, 0x0000000088f00000| Untracked 
| 144|0x0000000089000000, 0x0000000089000000, 0x0000000089100000|  0%| F|  |TAMS 0x0000000089000000, 0x0000000089000000| Untracked 
| 145|0x0000000089100000, 0x0000000089100000, 0x0000000089200000|  0%| F|  |TAMS 0x0000000089100000, 0x0000000089100000| Untracked 
| 146|0x0000000089200000, 0x0000000089200000, 0x0000000089300000|  0%| F|  |TAMS 0x0000000089200000, 0x0000000089200000| Untracked 
| 147|0x0000000089300000, 0x0000000089300000, 0x0000000089400000|  0%| F|  |TAMS 0x0000000089300000, 0x0000000089300000| Untracked 
| 148|0x0000000089400000, 0x0000000089400000, 0x0000000089500000|  0%| F|  |TAMS 0x0000000089400000, 0x0000000089400000| Untracked 
| 149|0x0000000089500000, 0x0000000089500000, 0x0000000089600000|  0%| F|  |TAMS 0x0000000089500000, 0x0000000089500000| Untracked 
| 150|0x0000000089600000, 0x0000000089600000, 0x0000000089700000|  0%| F|  |TAMS 0x0000000089600000, 0x0000000089600000| Untracked 
| 151|0x0000000089700000, 0x0000000089700000, 0x0000000089800000|  0%| F|  |TAMS 0x0000000089700000, 0x0000000089700000| Untracked 
| 152|0x0000000089800000, 0x0000000089800000, 0x0000000089900000|  0%| F|  |TAMS 0x0000000089800000, 0x0000000089800000| Untracked 
| 153|0x0000000089900000, 0x0000000089900000, 0x0000000089a00000|  0%| F|  |TAMS 0x0000000089900000, 0x0000000089900000| Untracked 
| 154|0x0000000089a00000, 0x0000000089a00000, 0x0000000089b00000|  0%| F|  |TAMS 0x0000000089a00000, 0x0000000089a00000| Untracked 
| 155|0x0000000089b00000, 0x0000000089ba2900, 0x0000000089c00000| 63%| E|CS|TAMS 0x0000000089b00000, 0x0000000089ba2900| Complete 
| 156|0x0000000089c00000, 0x0000000089d00000, 0x0000000089d00000|100%| E|CS|TAMS 0x0000000089c00000, 0x0000000089d00000| Complete 
| 157|0x0000000089d00000, 0x0000000089e00000, 0x0000000089e00000|100%| E|CS|TAMS 0x0000000089d00000, 0x0000000089e00000| Complete 
| 158|0x0000000089e00000, 0x0000000089f00000, 0x0000000089f00000|100%| E|CS|TAMS 0x0000000089e00000, 0x0000000089f00000| Complete 
| 159|0x0000000089f00000, 0x0000000089f00000, 0x000000008a000000|  0%| F|  |TAMS 0x0000000089f00000, 0x0000000089f00000| Untracked 
| 160|0x000000008a000000, 0x000000008a000000, 0x000000008a100000|  0%| F|  |TAMS 0x000000008a000000, 0x000000008a000000| Untracked 
| 161|0x000000008a100000, 0x000000008a100000, 0x000000008a200000|  0%| F|  |TAMS 0x000000008a100000, 0x000000008a100000| Untracked 
| 162|0x000000008a200000, 0x000000008a200000, 0x000000008a300000|  0%| F|  |TAMS 0x000000008a200000, 0x000000008a200000| Untracked 
| 163|0x000000008a300000, 0x000000008a300000, 0x000000008a400000|  0%| F|  |TAMS 0x000000008a300000, 0x000000008a300000| Untracked 
| 164|0x000000008a400000, 0x000000008a400000, 0x000000008a500000|  0%| F|  |TAMS 0x000000008a400000, 0x000000008a400000| Untracked 
| 165|0x000000008a500000, 0x000000008a500000, 0x000000008a600000|  0%| F|  |TAMS 0x000000008a500000, 0x000000008a500000| Untracked 
| 166|0x000000008a600000, 0x000000008a600000, 0x000000008a700000|  0%| F|  |TAMS 0x000000008a600000, 0x000000008a600000| Untracked 
| 167|0x000000008a700000, 0x000000008a700000, 0x000000008a800000|  0%| F|  |TAMS 0x000000008a700000, 0x000000008a700000| Untracked 
| 168|0x000000008a800000, 0x000000008a800000, 0x000000008a900000|  0%| F|  |TAMS 0x000000008a800000, 0x000000008a800000| Untracked 
| 169|0x000000008a900000, 0x000000008a900000, 0x000000008aa00000|  0%| F|  |TAMS 0x000000008a900000, 0x000000008a900000| Untracked 
| 170|0x000000008aa00000, 0x000000008aa00000, 0x000000008ab00000|  0%| F|  |TAMS 0x000000008aa00000, 0x000000008aa00000| Untracked 
| 171|0x000000008ab00000, 0x000000008ab00000, 0x000000008ac00000|  0%| F|  |TAMS 0x000000008ab00000, 0x000000008ab00000| Untracked 
| 172|0x000000008ac00000, 0x000000008ac00000, 0x000000008ad00000|  0%| F|  |TAMS 0x000000008ac00000, 0x000000008ac00000| Untracked 
| 173|0x000000008ad00000, 0x000000008ad00000, 0x000000008ae00000|  0%| F|  |TAMS 0x000000008ad00000, 0x000000008ad00000| Untracked 
| 174|0x000000008ae00000, 0x000000008ae00000, 0x000000008af00000|  0%| F|  |TAMS 0x000000008ae00000, 0x000000008ae00000| Untracked 
| 175|0x000000008af00000, 0x000000008af00000, 0x000000008b000000|  0%| F|  |TAMS 0x000000008af00000, 0x000000008af00000| Untracked 
| 176|0x000000008b000000, 0x000000008b000000, 0x000000008b100000|  0%| F|  |TAMS 0x000000008b000000, 0x000000008b000000| Untracked 
| 177|0x000000008b100000, 0x000000008b100000, 0x000000008b200000|  0%| F|  |TAMS 0x000000008b100000, 0x000000008b100000| Untracked 
| 178|0x000000008b200000, 0x000000008b200000, 0x000000008b300000|  0%| F|  |TAMS 0x000000008b200000, 0x000000008b200000| Untracked 
| 179|0x000000008b300000, 0x000000008b300000, 0x000000008b400000|  0%| F|  |TAMS 0x000000008b300000, 0x000000008b300000| Untracked 
| 180|0x000000008b400000, 0x000000008b400000, 0x000000008b500000|  0%| F|  |TAMS 0x000000008b400000, 0x000000008b400000| Untracked 
| 181|0x000000008b500000, 0x000000008b500000, 0x000000008b600000|  0%| F|  |TAMS 0x000000008b500000, 0x000000008b500000| Untracked 
| 182|0x000000008b600000, 0x000000008b600000, 0x000000008b700000|  0%| F|  |TAMS 0x000000008b600000, 0x000000008b600000| Untracked 
| 183|0x000000008b700000, 0x000000008b700000, 0x000000008b800000|  0%| F|  |TAMS 0x000000008b700000, 0x000000008b700000| Untracked 
| 184|0x000000008b800000, 0x000000008b800000, 0x000000008b900000|  0%| F|  |TAMS 0x000000008b800000, 0x000000008b800000| Untracked 
| 185|0x000000008b900000, 0x000000008b900000, 0x000000008ba00000|  0%| F|  |TAMS 0x000000008b900000, 0x000000008b900000| Untracked 
| 186|0x000000008ba00000, 0x000000008ba00000, 0x000000008bb00000|  0%| F|  |TAMS 0x000000008ba00000, 0x000000008ba00000| Untracked 
| 187|0x000000008bb00000, 0x000000008bb00000, 0x000000008bc00000|  0%| F|  |TAMS 0x000000008bb00000, 0x000000008bb00000| Untracked 
| 188|0x000000008bc00000, 0x000000008bc00000, 0x000000008bd00000|  0%| F|  |TAMS 0x000000008bc00000, 0x000000008bc00000| Untracked 
| 189|0x000000008bd00000, 0x000000008bd00000, 0x000000008be00000|  0%| F|  |TAMS 0x000000008bd00000, 0x000000008bd00000| Untracked 
| 190|0x000000008be00000, 0x000000008bf00000, 0x000000008bf00000|100%| S|  |TAMS 0x000000008be00000, 0x000000008be00000| Complete 
| 191|0x000000008bf00000, 0x000000008bf305b0, 0x000000008c000000| 18%| E|CS|TAMS 0x000000008bf00000, 0x000000008bf305b0| Complete 
| 192|0x000000008c000000, 0x000000008c100000, 0x000000008c100000|100%| E|CS|TAMS 0x000000008c000000, 0x000000008c100000| Complete 
| 193|0x000000008c100000, 0x000000008c200000, 0x000000008c200000|100%| E|CS|TAMS 0x000000008c100000, 0x000000008c200000| Complete 
| 194|0x000000008c200000, 0x000000008c300000, 0x000000008c300000|100%| E|CS|TAMS 0x000000008c200000, 0x000000008c300000| Complete 
| 195|0x000000008c300000, 0x000000008c400000, 0x000000008c400000|100%| E|CS|TAMS 0x000000008c300000, 0x000000008c400000| Complete 
| 196|0x000000008c400000, 0x000000008c500000, 0x000000008c500000|100%| E|CS|TAMS 0x000000008c400000, 0x000000008c500000| Complete 
| 197|0x000000008c500000, 0x000000008c600000, 0x000000008c600000|100%| E|CS|TAMS 0x000000008c500000, 0x000000008c600000| Complete 
| 198|0x000000008c600000, 0x000000008c700000, 0x000000008c700000|100%| E|CS|TAMS 0x000000008c600000, 0x000000008c700000| Complete 
| 199|0x000000008c700000, 0x000000008c800000, 0x000000008c800000|100%| E|CS|TAMS 0x000000008c700000, 0x000000008c800000| Complete 
| 200|0x000000008c800000, 0x000000008c900000, 0x000000008c900000|100%| E|CS|TAMS 0x000000008c800000, 0x000000008c900000| Complete 
| 201|0x000000008c900000, 0x000000008ca00000, 0x000000008ca00000|100%| E|CS|TAMS 0x000000008c900000, 0x000000008ca00000| Complete 
| 202|0x000000008ca00000, 0x000000008cb00000, 0x000000008cb00000|100%| E|CS|TAMS 0x000000008ca00000, 0x000000008cb00000| Complete 
| 203|0x000000008cb00000, 0x000000008cc00000, 0x000000008cc00000|100%| E|CS|TAMS 0x000000008cb00000, 0x000000008cc00000| Complete 
| 204|0x000000008cc00000, 0x000000008cd00000, 0x000000008cd00000|100%| E|CS|TAMS 0x000000008cc00000, 0x000000008cd00000| Complete 
| 205|0x000000008cd00000, 0x000000008ce00000, 0x000000008ce00000|100%| E|CS|TAMS 0x000000008cd00000, 0x000000008ce00000| Complete 
| 206|0x000000008ce00000, 0x000000008cf00000, 0x000000008cf00000|100%| E|CS|TAMS 0x000000008ce00000, 0x000000008cf00000| Complete 
| 207|0x000000008cf00000, 0x000000008d000000, 0x000000008d000000|100%| E|CS|TAMS 0x000000008cf00000, 0x000000008d000000| Complete 
| 208|0x000000008d000000, 0x000000008d100000, 0x000000008d100000|100%| E|CS|TAMS 0x000000008d000000, 0x000000008d100000| Complete 
| 209|0x000000008d100000, 0x000000008d200000, 0x000000008d200000|100%| E|CS|TAMS 0x000000008d100000, 0x000000008d200000| Complete 
| 210|0x000000008d200000, 0x000000008d300000, 0x000000008d300000|100%| E|CS|TAMS 0x000000008d200000, 0x000000008d300000| Complete 
| 211|0x000000008d300000, 0x000000008d400000, 0x000000008d400000|100%| E|CS|TAMS 0x000000008d300000, 0x000000008d400000| Complete 
| 212|0x000000008d400000, 0x000000008d500000, 0x000000008d500000|100%| E|CS|TAMS 0x000000008d400000, 0x000000008d500000| Complete 
| 213|0x000000008d500000, 0x000000008d600000, 0x000000008d600000|100%| E|CS|TAMS 0x000000008d500000, 0x000000008d600000| Complete 
| 214|0x000000008d600000, 0x000000008d700000, 0x000000008d700000|100%| E|CS|TAMS 0x000000008d600000, 0x000000008d700000| Complete 
| 215|0x000000008d700000, 0x000000008d800000, 0x000000008d800000|100%| E|CS|TAMS 0x000000008d700000, 0x000000008d800000| Complete 
| 216|0x000000008d800000, 0x000000008d900000, 0x000000008d900000|100%| E|CS|TAMS 0x000000008d800000, 0x000000008d900000| Complete 
| 217|0x000000008d900000, 0x000000008da00000, 0x000000008da00000|100%| E|CS|TAMS 0x000000008d900000, 0x000000008da00000| Complete 
| 218|0x000000008da00000, 0x000000008db00000, 0x000000008db00000|100%| E|CS|TAMS 0x000000008da00000, 0x000000008db00000| Complete 
| 219|0x000000008db00000, 0x000000008dc00000, 0x000000008dc00000|100%| E|CS|TAMS 0x000000008db00000, 0x000000008dc00000| Complete 
| 220|0x000000008dc00000, 0x000000008dd00000, 0x000000008dd00000|100%| E|CS|TAMS 0x000000008dc00000, 0x000000008dd00000| Complete 
| 221|0x000000008dd00000, 0x000000008de00000, 0x000000008de00000|100%| E|CS|TAMS 0x000000008dd00000, 0x000000008de00000| Complete 
| 222|0x000000008de00000, 0x000000008df00000, 0x000000008df00000|100%| E|CS|TAMS 0x000000008de00000, 0x000000008df00000| Complete 
| 223|0x000000008df00000, 0x000000008e000000, 0x000000008e000000|100%| E|CS|TAMS 0x000000008df00000, 0x000000008e000000| Complete 
| 224|0x000000008e000000, 0x000000008e100000, 0x000000008e100000|100%| E|CS|TAMS 0x000000008e000000, 0x000000008e100000| Complete 
| 225|0x000000008e100000, 0x000000008e200000, 0x000000008e200000|100%| E|CS|TAMS 0x000000008e100000, 0x000000008e200000| Complete 
| 226|0x000000008e200000, 0x000000008e300000, 0x000000008e300000|100%| E|CS|TAMS 0x000000008e200000, 0x000000008e300000| Complete 
| 227|0x000000008e300000, 0x000000008e400000, 0x000000008e400000|100%| E|CS|TAMS 0x000000008e300000, 0x000000008e400000| Complete 
| 228|0x000000008e400000, 0x000000008e500000, 0x000000008e500000|100%| E|CS|TAMS 0x000000008e400000, 0x000000008e500000| Complete 
| 229|0x000000008e500000, 0x000000008e600000, 0x000000008e600000|100%| E|CS|TAMS 0x000000008e500000, 0x000000008e600000| Complete 
| 230|0x000000008e600000, 0x000000008e700000, 0x000000008e700000|100%| E|CS|TAMS 0x000000008e600000, 0x000000008e700000| Complete 
| 231|0x000000008e700000, 0x000000008e800000, 0x000000008e800000|100%| E|CS|TAMS 0x000000008e700000, 0x000000008e800000| Complete 
| 232|0x000000008e800000, 0x000000008e900000, 0x000000008e900000|100%| E|CS|TAMS 0x000000008e800000, 0x000000008e900000| Complete 
| 233|0x000000008e900000, 0x000000008ea00000, 0x000000008ea00000|100%| E|CS|TAMS 0x000000008e900000, 0x000000008ea00000| Complete 
| 234|0x000000008ea00000, 0x000000008eb00000, 0x000000008eb00000|100%| E|CS|TAMS 0x000000008ea00000, 0x000000008eb00000| Complete 
| 235|0x000000008eb00000, 0x000000008ec00000, 0x000000008ec00000|100%| E|CS|TAMS 0x000000008eb00000, 0x000000008ec00000| Complete 
| 236|0x000000008ec00000, 0x000000008ed00000, 0x000000008ed00000|100%| E|CS|TAMS 0x000000008ec00000, 0x000000008ed00000| Complete 
| 237|0x000000008ed00000, 0x000000008ee00000, 0x000000008ee00000|100%| E|CS|TAMS 0x000000008ed00000, 0x000000008ee00000| Complete 
| 238|0x000000008ee00000, 0x000000008ef00000, 0x000000008ef00000|100%| E|CS|TAMS 0x000000008ee00000, 0x000000008ef00000| Complete 
| 239|0x000000008ef00000, 0x000000008f000000, 0x000000008f000000|100%| E|CS|TAMS 0x000000008ef00000, 0x000000008f000000| Complete 
| 240|0x000000008f000000, 0x000000008f100000, 0x000000008f100000|100%| E|CS|TAMS 0x000000008f000000, 0x000000008f100000| Complete 
| 241|0x000000008f100000, 0x000000008f200000, 0x000000008f200000|100%| E|CS|TAMS 0x000000008f100000, 0x000000008f200000| Complete 
| 242|0x000000008f200000, 0x000000008f300000, 0x000000008f300000|100%| E|CS|TAMS 0x000000008f200000, 0x000000008f300000| Complete 
| 243|0x000000008f300000, 0x000000008f400000, 0x000000008f400000|100%| E|CS|TAMS 0x000000008f300000, 0x000000008f400000| Complete 
| 244|0x000000008f400000, 0x000000008f500000, 0x000000008f500000|100%| E|CS|TAMS 0x000000008f400000, 0x000000008f500000| Complete 
| 245|0x000000008f500000, 0x000000008f600000, 0x000000008f600000|100%| E|CS|TAMS 0x000000008f500000, 0x000000008f600000| Complete 
| 246|0x000000008f600000, 0x000000008f700000, 0x000000008f700000|100%| E|CS|TAMS 0x000000008f600000, 0x000000008f700000| Complete 
| 247|0x000000008f700000, 0x000000008f800000, 0x000000008f800000|100%| E|CS|TAMS 0x000000008f700000, 0x000000008f800000| Complete 
| 248|0x000000008f800000, 0x000000008f900000, 0x000000008f900000|100%| E|CS|TAMS 0x000000008f800000, 0x000000008f900000| Complete 
| 249|0x000000008f900000, 0x000000008fa00000, 0x000000008fa00000|100%| E|CS|TAMS 0x000000008f900000, 0x000000008fa00000| Complete 
| 250|0x000000008fa00000, 0x000000008fb00000, 0x000000008fb00000|100%| E|CS|TAMS 0x000000008fa00000, 0x000000008fb00000| Complete 
| 251|0x000000008fb00000, 0x000000008fc00000, 0x000000008fc00000|100%| E|CS|TAMS 0x000000008fb00000, 0x000000008fc00000| Complete 
| 252|0x000000008fc00000, 0x000000008fd00000, 0x000000008fd00000|100%| E|CS|TAMS 0x000000008fc00000, 0x000000008fd00000| Complete 
| 253|0x000000008fd00000, 0x000000008fe00000, 0x000000008fe00000|100%| E|CS|TAMS 0x000000008fd00000, 0x000000008fe00000| Complete 
| 254|0x000000008fe00000, 0x000000008ff00000, 0x000000008ff00000|100%| E|CS|TAMS 0x000000008fe00000, 0x000000008ff00000| Complete 
| 255|0x000000008ff00000, 0x0000000090000000, 0x0000000090000000|100%| E|CS|TAMS 0x000000008ff00000, 0x0000000090000000| Complete 
| 256|0x0000000090000000, 0x0000000090100000, 0x0000000090100000|100%| E|CS|TAMS 0x0000000090000000, 0x0000000090100000| Complete 
| 257|0x0000000090100000, 0x0000000090200000, 0x0000000090200000|100%| E|CS|TAMS 0x0000000090100000, 0x0000000090200000| Complete 
| 258|0x0000000090200000, 0x0000000090300000, 0x0000000090300000|100%| E|CS|TAMS 0x0000000090200000, 0x0000000090300000| Complete 
| 259|0x0000000090300000, 0x0000000090400000, 0x0000000090400000|100%| E|CS|TAMS 0x0000000090300000, 0x0000000090400000| Complete 
| 260|0x0000000090400000, 0x0000000090500000, 0x0000000090500000|100%| E|CS|TAMS 0x0000000090400000, 0x0000000090500000| Complete 
| 261|0x0000000090500000, 0x0000000090600000, 0x0000000090600000|100%| E|CS|TAMS 0x0000000090500000, 0x0000000090600000| Complete 
| 262|0x0000000090600000, 0x0000000090700000, 0x0000000090700000|100%| E|CS|TAMS 0x0000000090600000, 0x0000000090700000| Complete 
| 263|0x0000000090700000, 0x0000000090800000, 0x0000000090800000|100%| E|CS|TAMS 0x0000000090700000, 0x0000000090800000| Complete 

Card table byte_map: [0x00000202e5f80000,0x00000202e6380000] _byte_map_base: 0x00000202e5b80000

Marking Bits (Prev, Next): (CMBitMap*) 0x00000202d30adcb8, (CMBitMap*) 0x00000202d30adcf0
 Prev Bits: [0x00000202e6780000, 0x00000202e8780000)
 Next Bits: [0x00000202e8780000, 0x00000202ea780000)

Polling page: 0x00000202d0fa0000

Metaspace:

Usage:
  Non-class:     86.66 MB capacity,    85.31 MB ( 98%) used,     1.09 MB (  1%) free+waste,   269.88 KB ( <1%) overhead. 
      Class:     13.05 MB capacity,    12.24 MB ( 94%) used,   713.01 KB (  5%) free+waste,   118.56 KB ( <1%) overhead. 
       Both:     99.71 MB capacity,    97.55 MB ( 98%) used,     1.79 MB (  2%) free+waste,   388.44 KB ( <1%) overhead. 

Virtual space:
  Non-class space:       94.00 MB reserved,      86.71 MB ( 92%) committed 
      Class space:        1.00 GB reserved,      13.13 MB (  1%) committed 
             Both:        1.09 GB reserved,      99.84 MB (  9%) committed 

Chunk freelists:
   Non-Class:  52.00 KB
       Class:  11.00 KB
        Both:  63.00 KB

MaxMetaspaceSize: 17179869184.00 GB
CompressedClassSpaceSize: 1.00 GB
Initial GC threshold: 20.80 MB
Current GC threshold: 157.02 MB
CDS: off

CodeHeap 'non-profiled nmethods': size=120064Kb used=6474Kb max_used=6474Kb free=113589Kb
 bounds [0x00000202de640000, 0x00000202deca0000, 0x00000202e5b80000]
CodeHeap 'profiled nmethods': size=120000Kb used=27237Kb max_used=27237Kb free=92762Kb
 bounds [0x00000202d7110000, 0x00000202d8bb0000, 0x00000202de640000]
CodeHeap 'non-nmethods': size=5696Kb used=2396Kb max_used=2430Kb free=3299Kb
 bounds [0x00000202d6b80000, 0x00000202d6df0000, 0x00000202d7110000]
 total_blobs=13673 nmethods=12756 adapters=829
 compilation: enabled
              stopped_count=0, restarted_count=0
 full_count=0

Compilation events (20 events):
Event: 65.777 Thread 0x00000202ecc8d000 nmethod 12938 0x00000202dec89690 code [0x00000202dec89840, 0x00000202dec89b78]
Event: 65.777 Thread 0x00000202ecc8d000 12939       4       sun.net.www.protocol.jar.Handler::parseContextSpec (150 bytes)
Event: 65.780 Thread 0x00000202ecc9a000 12945       3       kotlin.reflect.jvm.internal.impl.renderer.DescriptorRendererOptionsImpl::property (21 bytes)
Event: 65.781 Thread 0x00000202ecc9a000 nmethod 12945 0x00000202d8b87c90 code [0x00000202d8b87e60, 0x00000202d8b881f8]
Event: 65.781 Thread 0x00000202ecc9a000 12946       3       kotlin.reflect.jvm.internal.impl.renderer.DescriptorRendererOptionsImpl$property$$inlined$vetoable$1::<init> (16 bytes)
Event: 65.781 Thread 0x00000202ecc9a000 nmethod 12946 0x00000202d8b88310 code [0x00000202d8b884e0, 0x00000202d8b887b8]
Event: 65.800 Thread 0x00000202ecc8d000 nmethod 12939 0x00000202dec89e90 code [0x00000202dec8a060, 0x00000202dec8a708]
Event: 65.800 Thread 0x00000202ecc8d000 12940       4       sun.net.www.ParseUtil::canonizeString (38 bytes)
Event: 65.805 Thread 0x00000202ecc8d000 nmethod 12940 0x00000202dec8ab10 code [0x00000202dec8aca0, 0x00000202dec8ae38]
Event: 65.819 Thread 0x00000202ecc8d000 12947       4       java.lang.String::equalsIgnoreCase (45 bytes)
Event: 65.841 Thread 0x00000202ecc8d000 nmethod 12947 0x00000202dec8b010 code [0x00000202dec8b1e0, 0x00000202dec8b898]
Event: 65.941 Thread 0x00000202ecc8d000 12948       4       jdk.internal.loader.URLClassPath$JarLoader$2::getInputStream (15 bytes)
Event: 66.087 Thread 0x00000202ecc8d000 nmethod 12948 0x00000202dec8bd90 code [0x00000202dec8c060, 0x00000202dec8e030]
Event: 66.094 Thread 0x00000202ecc8d000 12949       4       jdk.internal.loader.BuiltinClassLoader::loadClass (22 bytes)
Event: 66.096 Thread 0x00000202ecc8d000 nmethod 12949 0x00000202dec8ec90 code [0x00000202dec8ee40, 0x00000202dec8ef78]
Event: 66.100 Thread 0x00000202ecc8d000 12950   !   4       java.net.URL::<init> (543 bytes)
Event: 66.139 Thread 0x00000202ecc9a000 12951       3       kotlin.reflect.jvm.internal.impl.name.FqNameUnsafe::<init> (28 bytes)
Event: 66.140 Thread 0x00000202ecc9a000 nmethod 12951 0x00000202d8b88890 code [0x00000202d8b88a60, 0x00000202d8b88d68]
Event: 66.274 Thread 0x00000202ecc9a000 12955       3       kotlin.reflect.jvm.internal.impl.name.FqName::isRoot (8 bytes)
Event: 66.274 Thread 0x00000202ecc9a000 nmethod 12955 0x00000202d8b88e90 code [0x00000202d8b89060, 0x00000202d8b89298]

GC Heap History (20 events):
Event: 35.605 GC heap before
{Heap before GC invocations=24 (full 0):
 garbage-first heap   total 187392K, used 139012K [0x0000000080000000, 0x0000000100000000)
  region size 1024K, 81 young (82944K), 9 survivors (9216K)
 Metaspace       used 82065K, capacity 83808K, committed 84056K, reserved 1122304K
  class space    used 10705K, capacity 11369K, committed 11392K, reserved 1048576K
}
Event: 35.640 GC heap after
{Heap after GC invocations=25 (full 0):
 garbage-first heap   total 187392K, used 69996K [0x0000000080000000, 0x0000000100000000)
  region size 1024K, 9 young (9216K), 9 survivors (9216K)
 Metaspace       used 82065K, capacity 83808K, committed 84056K, reserved 1122304K
  class space    used 10705K, capacity 11369K, committed 11392K, reserved 1048576K
}
Event: 38.749 GC heap before
{Heap before GC invocations=25 (full 0):
 garbage-first heap   total 187392K, used 143724K [0x0000000080000000, 0x0000000100000000)
  region size 1024K, 82 young (83968K), 9 survivors (9216K)
 Metaspace       used 85097K, capacity 87112K, committed 87256K, reserved 1124352K
  class space    used 11142K, capacity 11947K, committed 12032K, reserved 1048576K
}
Event: 38.796 GC heap after
{Heap after GC invocations=26 (full 0):
 garbage-first heap   total 187392K, used 75776K [0x0000000080000000, 0x0000000100000000)
  region size 1024K, 10 young (10240K), 10 survivors (10240K)
 Metaspace       used 85097K, capacity 87112K, committed 87256K, reserved 1124352K
  class space    used 11142K, capacity 11947K, committed 12032K, reserved 1048576K
}
Event: 42.437 GC heap before
{Heap before GC invocations=26 (full 0):
 garbage-first heap   total 187392K, used 151552K [0x0000000080000000, 0x0000000100000000)
  region size 1024K, 82 young (83968K), 10 survivors (10240K)
 Metaspace       used 87338K, capacity 89423K, committed 89560K, reserved 1126400K
  class space    used 11339K, capacity 12162K, committed 12288K, reserved 1048576K
}
Event: 42.493 GC heap after
{Heap after GC invocations=27 (full 0):
 garbage-first heap   total 187392K, used 93724K [0x0000000080000000, 0x0000000100000000)
  region size 1024K, 11 young (11264K), 11 survivors (11264K)
 Metaspace       used 87338K, capacity 89423K, committed 89560K, reserved 1126400K
  class space    used 11339K, capacity 12162K, committed 12288K, reserved 1048576K
}
Event: 43.452 GC heap before
{Heap before GC invocations=27 (full 0):
 garbage-first heap   total 187392K, used 128540K [0x0000000080000000, 0x0000000100000000)
  region size 1024K, 45 young (46080K), 11 survivors (11264K)
 Metaspace       used 88918K, capacity 90980K, committed 91224K, reserved 1128448K
  class space    used 11513K, capacity 12318K, committed 12416K, reserved 1048576K
}
Event: 43.530 GC heap after
{Heap after GC invocations=28 (full 0):
 garbage-first heap   total 187392K, used 101376K [0x0000000080000000, 0x0000000100000000)
  region size 1024K, 6 young (6144K), 6 survivors (6144K)
 Metaspace       used 88918K, capacity 90980K, committed 91224K, reserved 1128448K
  class space    used 11513K, capacity 12318K, committed 12416K, reserved 1048576K
}
Event: 46.029 GC heap before
{Heap before GC invocations=29 (full 0):
 garbage-first heap   total 187392K, used 141312K [0x0000000080000000, 0x0000000100000000)
  region size 1024K, 40 young (40960K), 6 survivors (6144K)
 Metaspace       used 89084K, capacity 91215K, committed 91480K, reserved 1128448K
  class space    used 11524K, capacity 12353K, committed 12416K, reserved 1048576K
}
Event: 46.126 GC heap after
{Heap after GC invocations=30 (full 0):
 garbage-first heap   total 187392K, used 107520K [0x0000000080000000, 0x0000000100000000)
  region size 1024K, 6 young (6144K), 6 survivors (6144K)
 Metaspace       used 89084K, capacity 91215K, committed 91480K, reserved 1128448K
  class space    used 11524K, capacity 12353K, committed 12416K, reserved 1048576K
}
Event: 48.401 GC heap before
{Heap before GC invocations=31 (full 0):
 garbage-first heap   total 187392K, used 159744K [0x0000000080000000, 0x0000000100000000)
  region size 1024K, 43 young (44032K), 6 survivors (6144K)
 Metaspace       used 91857K, capacity 93933K, committed 94296K, reserved 1130496K
  class space    used 11729K, capacity 12533K, committed 12672K, reserved 1048576K
}
Event: 48.499 GC heap after
{Heap after GC invocations=32 (full 0):
 garbage-first heap   total 225280K, used 113372K [0x0000000080000000, 0x0000000100000000)
  region size 1024K, 6 young (6144K), 6 survivors (6144K)
 Metaspace       used 91857K, capacity 93933K, committed 94296K, reserved 1130496K
  class space    used 11729K, capacity 12533K, committed 12672K, reserved 1048576K
}
Event: 50.962 GC heap before
{Heap before GC invocations=32 (full 0):
 garbage-first heap   total 225280K, used 159452K [0x0000000080000000, 0x0000000100000000)
  region size 1024K, 52 young (53248K), 6 survivors (6144K)
 Metaspace       used 93485K, capacity 95566K, committed 95832K, reserved 1132544K
  class space    used 11837K, capacity 12629K, committed 12672K, reserved 1048576K
}
Event: 51.043 GC heap after
{Heap after GC invocations=33 (full 0):
 garbage-first heap   total 225280K, used 117283K [0x0000000080000000, 0x0000000100000000)
  region size 1024K, 4 young (4096K), 4 survivors (4096K)
 Metaspace       used 93485K, capacity 95566K, committed 95832K, reserved 1132544K
  class space    used 11837K, capacity 12629K, committed 12672K, reserved 1048576K
}
Event: 54.138 GC heap before
{Heap before GC invocations=34 (full 0):
 garbage-first heap   total 225280K, used 150051K [0x0000000080000000, 0x0000000100000000)
  region size 1024K, 53 young (54272K), 4 survivors (4096K)
 Metaspace       used 95127K, capacity 97287K, committed 97624K, reserved 1134592K
  class space    used 11998K, capacity 12809K, committed 12928K, reserved 1048576K
}
Event: 54.217 GC heap after
{Heap after GC invocations=35 (full 0):
 garbage-first heap   total 225280K, used 102916K [0x0000000080000000, 0x0000000100000000)
  region size 1024K, 6 young (6144K), 6 survivors (6144K)
 Metaspace       used 95127K, capacity 97287K, committed 97624K, reserved 1134592K
  class space    used 11998K, capacity 12809K, committed 12928K, reserved 1048576K
}
Event: 54.722 GC heap before
{Heap before GC invocations=35 (full 0):
 garbage-first heap   total 225280K, used 107012K [0x0000000080000000, 0x0000000100000000)
  region size 1024K, 11 young (11264K), 6 survivors (6144K)
 Metaspace       used 95329K, capacity 97491K, committed 97624K, reserved 1134592K
  class space    used 12022K, capacity 12824K, committed 12928K, reserved 1048576K
}
Event: 54.767 GC heap after
{Heap after GC invocations=36 (full 0):
 garbage-first heap   total 225280K, used 97161K [0x0000000080000000, 0x0000000100000000)
  region size 1024K, 1 young (1024K), 1 survivors (1024K)
 Metaspace       used 95329K, capacity 97491K, committed 97624K, reserved 1134592K
  class space    used 12022K, capacity 12824K, committed 12928K, reserved 1048576K
}
Event: 64.291 GC heap before
{Heap before GC invocations=36 (full 0):
 garbage-first heap   total 225280K, used 157577K [0x0000000080000000, 0x0000000100000000)
  region size 1024K, 61 young (62464K), 1 survivors (1024K)
 Metaspace       used 95799K, capacity 98041K, committed 98136K, reserved 1134592K
  class space    used 12039K, capacity 12875K, committed 12928K, reserved 1048576K
}
Event: 64.307 GC heap after
{Heap after GC invocations=37 (full 0):
 garbage-first heap   total 270336K, used 99924K [0x0000000080000000, 0x0000000100000000)
  region size 1024K, 4 young (4096K), 4 survivors (4096K)
 Metaspace       used 95799K, capacity 98041K, committed 98136K, reserved 1134592K
  class space    used 12039K, capacity 12875K, committed 12928K, reserved 1048576K
}

Deoptimization events (20 events):
Event: 65.219 Thread 0x00000202f1236000 Uncommon trap: trap_request=0xffffffc6 fr.pc=0x00000202dec200e8 relative=0x0000000000000488
Event: 65.219 Thread 0x00000202f1236000 Uncommon trap: reason=bimorphic_or_optimized_type_check action=maybe_recompile pc=0x00000202dec200e8 method=java.util.Collections.indexedBinarySearch(Ljava/util/List;Ljava/lang/Object;Ljava/util/Comparator;)I @ 3 c2
Event: 65.219 Thread 0x00000202f1236000 DEOPT PACKING pc=0x00000202dec200e8 sp=0x0000005b3a2faa20
Event: 65.219 Thread 0x00000202f1236000 DEOPT UNPACKING pc=0x00000202d6bca1af sp=0x0000005b3a2fa968 mode 2
Event: 65.219 Thread 0x00000202f1236000 Uncommon trap: trap_request=0xffffffc6 fr.pc=0x00000202dec1f5ec relative=0x000000000000040c
Event: 65.219 Thread 0x00000202f1236000 Uncommon trap: reason=bimorphic_or_optimized_type_check action=maybe_recompile pc=0x00000202dec1f5ec method=java.util.Collections.indexedBinarySearch(Ljava/util/List;Ljava/lang/Object;Ljava/util/Comparator;)I @ 3 c2
Event: 65.219 Thread 0x00000202f1236000 DEOPT PACKING pc=0x00000202dec1f5ec sp=0x0000005b3a2fa9c0
Event: 65.219 Thread 0x00000202f1236000 DEOPT UNPACKING pc=0x00000202d6bca1af sp=0x0000005b3a2fa968 mode 2
Event: 65.329 Thread 0x00000202f1236000 DEOPT PACKING pc=0x00000202d8906f22 sp=0x0000005b3a2fa220
Event: 65.329 Thread 0x00000202f1236000 DEOPT UNPACKING pc=0x00000202d6bca95e sp=0x0000005b3a2f96e8 mode 0
Event: 65.329 Thread 0x00000202f1236000 DEOPT PACKING pc=0x00000202d8906f22 sp=0x0000005b3a2fa220
Event: 65.329 Thread 0x00000202f1236000 DEOPT UNPACKING pc=0x00000202d6bca95e sp=0x0000005b3a2f96e8 mode 0
Event: 65.362 Thread 0x00000202f1235000 Uncommon trap: trap_request=0xffffffde fr.pc=0x00000202dec2fa08 relative=0x0000000000000b68
Event: 65.362 Thread 0x00000202f1235000 Uncommon trap: reason=class_check action=maybe_recompile pc=0x00000202dec2fa08 method=org.gradle.tooling.internal.provider.runner.ClientBuildEventGenerator.started(Lorg/gradle/internal/operations/BuildOperationDescriptor;Lorg/gradle/internal/operations/Op
Event: 65.362 Thread 0x00000202f1235000 DEOPT PACKING pc=0x00000202dec2fa08 sp=0x0000005b3aafdfb0
Event: 65.362 Thread 0x00000202f1235000 DEOPT UNPACKING pc=0x00000202d6bca1af sp=0x0000005b3aafdee8 mode 2
Event: 65.362 Thread 0x00000202f1235000 Uncommon trap: trap_request=0xffffffde fr.pc=0x00000202dec2fa08 relative=0x0000000000000b68
Event: 65.362 Thread 0x00000202f1235000 Uncommon trap: reason=class_check action=maybe_recompile pc=0x00000202dec2fa08 method=org.gradle.tooling.internal.provider.runner.ClientBuildEventGenerator.started(Lorg/gradle/internal/operations/BuildOperationDescriptor;Lorg/gradle/internal/operations/Op
Event: 65.362 Thread 0x00000202f1235000 DEOPT PACKING pc=0x00000202dec2fa08 sp=0x0000005b3aafdfb0
Event: 65.362 Thread 0x00000202f1235000 DEOPT UNPACKING pc=0x00000202d6bca1af sp=0x0000005b3aafdee8 mode 2

Classes redefined (0 events):
No events

Internal exceptions (20 events):
Event: 45.978 Thread 0x00000202f1231000 Implicit null exception at 0x00000202deb73335 to 0x00000202deb77ca4
Event: 46.273 Thread 0x00000202f1231000 Implicit null exception at 0x00000202deb73335 to 0x00000202deb77ca4
Event: 46.418 Thread 0x00000202f1231000 Exception <a 'java/lang/NoSuchMethodError'{0x000000008b47f570}: <clinit>> (0x000000008b47f570) thrown at [./src/hotspot/share/prims/jni.cpp, line 1365]
Event: 46.505 Thread 0x00000202f1231000 Exception <a 'java/lang/NoSuchMethodError'{0x000000008b3e8a80}: <clinit>> (0x000000008b3e8a80) thrown at [./src/hotspot/share/prims/jni.cpp, line 1365]
Event: 46.619 Thread 0x00000202f1231000 Exception <a 'java/lang/NoSuchMethodError'{0x000000008b0b8770}: <clinit>> (0x000000008b0b8770) thrown at [./src/hotspot/share/prims/jni.cpp, line 1365]
Event: 51.248 Thread 0x00000202f1238800 Implicit null exception at 0x00000202debcb57e to 0x00000202debccacc
Event: 54.225 Thread 0x00000202f1238800 Implicit null exception at 0x00000202deb42868 to 0x00000202deb42c70
Event: 54.229 Thread 0x00000202f1238800 Implicit null exception at 0x00000202deb42868 to 0x00000202deb42c70
Event: 54.229 Thread 0x00000202f1238800 Implicit null exception at 0x00000202deb42868 to 0x00000202deb42c70
Event: 54.229 Thread 0x00000202f1238800 Implicit null exception at 0x00000202deb42868 to 0x00000202deb42c70
Event: 54.488 Thread 0x00000202f1232000 Exception <a 'java/lang/NoSuchMethodError'{0x000000008d917cb8}: 'java.lang.Object java.lang.invoke.DirectMethodHandle$Holder.newInvokeSpecial(java.lang.Object, java.lang.Object, java.lang.Object, java.lang.Object)'> (0x000000008d917cb8) thrown at [./src/hotspot/share/interpreter/linkResolver.cpp, line 773]
Event: 64.116 Thread 0x00000202f1236000 Exception <a 'java/lang/NoSuchMethodError'{0x000000008a5a56c0}: <clinit>> (0x000000008a5a56c0) thrown at [./src/hotspot/share/prims/jni.cpp, line 1365]
Event: 64.116 Thread 0x00000202f1236000 Exception <a 'java/lang/NoSuchMethodError'{0x000000008a5a6cb0}: <clinit>> (0x000000008a5a6cb0) thrown at [./src/hotspot/share/prims/jni.cpp, line 1365]
Event: 64.116 Thread 0x00000202f1236000 Exception <a 'java/lang/NoSuchMethodError'{0x000000008a5a98b0}: <clinit>> (0x000000008a5a98b0) thrown at [./src/hotspot/share/prims/jni.cpp, line 1365]
Event: 64.118 Thread 0x00000202f1236000 Exception <a 'java/lang/NoSuchMethodError'{0x000000008a5c07d0}: <clinit>> (0x000000008a5c07d0) thrown at [./src/hotspot/share/prims/jni.cpp, line 1365]
Event: 64.118 Thread 0x00000202f1236000 Exception <a 'java/lang/NoSuchMethodError'{0x000000008a5c1a08}: <clinit>> (0x000000008a5c1a08) thrown at [./src/hotspot/share/prims/jni.cpp, line 1365]
Event: 64.241 Thread 0x00000202f1236000 Implicit null exception at 0x00000202dec61168 to 0x00000202dec6183c
Event: 65.346 Thread 0x00000202f1236000 Exception <a 'java/lang/NoSuchMethodError'{0x000000008f35e758}: <clinit>> (0x000000008f35e758) thrown at [./src/hotspot/share/prims/jni.cpp, line 1365]
Event: 65.353 Thread 0x00000202f1236000 Exception <a 'java/lang/NoSuchMethodError'{0x000000008f38ee98}: <clinit>> (0x000000008f38ee98) thrown at [./src/hotspot/share/prims/jni.cpp, line 1365]
Event: 65.359 Thread 0x00000202f1236000 Exception <a 'java/lang/NoSuchMethodError'{0x000000008f3a1610}: <clinit>> (0x000000008f3a1610) thrown at [./src/hotspot/share/prims/jni.cpp, line 1365]

Events (20 events):
Event: 66.360 loading class kotlin/reflect/jvm/internal/impl/metadata/ProtoBuf$Class$Kind$1
Event: 66.360 loading class kotlin/reflect/jvm/internal/impl/metadata/ProtoBuf$Class$Kind$1 done
Event: 66.360 loading class kotlin/reflect/jvm/internal/impl/metadata/ProtoBuf$MemberKind
Event: 66.360 loading class kotlin/reflect/jvm/internal/impl/metadata/ProtoBuf$MemberKind done
Event: 66.361 loading class kotlin/reflect/jvm/internal/impl/metadata/ProtoBuf$MemberKind$1
Event: 66.361 loading class kotlin/reflect/jvm/internal/impl/metadata/ProtoBuf$MemberKind$1 done
Event: 66.361 loading class kotlin/reflect/jvm/internal/impl/serialization/deserialization/ProtoEnumFlags$WhenMappings
Event: 66.361 loading class kotlin/reflect/jvm/internal/impl/serialization/deserialization/ProtoEnumFlags$WhenMappings done
Event: 66.362 loading class kotlin/reflect/jvm/internal/impl/types/Variance
Event: 66.362 loading class kotlin/reflect/jvm/internal/impl/types/Variance done
Event: 66.362 loading class kotlin/reflect/jvm/internal/impl/serialization/deserialization/ProtoEnumFlagsUtilsKt
Event: 66.362 loading class kotlin/reflect/jvm/internal/impl/serialization/deserialization/ProtoEnumFlagsUtilsKt done
Event: 66.363 loading class kotlin/reflect/jvm/internal/impl/serialization/deserialization/ProtoEnumFlagsUtilsKt$WhenMappings
Event: 66.363 loading class kotlin/reflect/jvm/internal/impl/serialization/deserialization/ProtoEnumFlagsUtilsKt$WhenMappings done
Event: 66.363 loading class kotlin/reflect/jvm/internal/impl/metadata/deserialization/VersionSpecificBehaviorKt
Event: 66.363 loading class kotlin/reflect/jvm/internal/impl/metadata/deserialization/VersionSpecificBehaviorKt done
Event: 66.363 loading class kotlin/reflect/jvm/internal/impl/serialization/deserialization/descriptors/DeserializedTypeParameterDescriptor
Event: 66.363 loading class kotlin/reflect/jvm/internal/impl/serialization/deserialization/descriptors/DeserializedTypeParameterDescriptor done
Event: 66.365 loading class kotlin/reflect/jvm/internal/impl/descriptors/impl/AbstractLazyTypeParameterDescriptor
Event: 66.365 loading class kotlin/reflect/jvm/internal/impl/descriptors/impl/AbstractLazyTypeParameterDescriptor done


Dynamic libraries:
0x00007ff6408f0000 - 0x00007ff6408fa000 	C:\Program Files\Android\Android Studio\jre\bin\java.exe
0x00007ff839470000 - 0x00007ff839668000 	C:\WINDOWS\SYSTEM32\ntdll.dll
0x00007ff837aa0000 - 0x00007ff837b5d000 	C:\WINDOWS\System32\KERNEL32.DLL
0x00007ff836d40000 - 0x00007ff83700e000 	C:\WINDOWS\System32\KERNELBASE.dll
0x00007ff836c40000 - 0x00007ff836d40000 	C:\WINDOWS\System32\ucrtbase.dll
0x00007ff8321b0000 - 0x00007ff8321c7000 	C:\Program Files\Android\Android Studio\jre\bin\VCRUNTIME140.dll
0x00007ff832280000 - 0x00007ff832299000 	C:\Program Files\Android\Android Studio\jre\bin\jli.dll
0x00007ff839290000 - 0x00007ff839430000 	C:\WINDOWS\System32\USER32.dll
0x00007ff8374a0000 - 0x00007ff8374c2000 	C:\WINDOWS\System32\win32u.dll
0x00007ff837a10000 - 0x00007ff837a3a000 	C:\WINDOWS\System32\GDI32.dll
0x00007ff826ad0000 - 0x00007ff826d6a000 	C:\WINDOWS\WinSxS\amd64_microsoft.windows.common-controls_6595b64144ccf1df_6.0.19041.1110_none_60b5254171f9507e\COMCTL32.dll
0x00007ff8372f0000 - 0x00007ff8373fb000 	C:\WINDOWS\System32\gdi32full.dll
0x00007ff8383a0000 - 0x00007ff83843e000 	C:\WINDOWS\System32\msvcrt.dll
0x00007ff837400000 - 0x00007ff83749d000 	C:\WINDOWS\System32\msvcp_win.dll
0x00007ff837a70000 - 0x00007ff837aa0000 	C:\WINDOWS\System32\IMM32.DLL
0x00007ff8264b0000 - 0x00007ff82654d000 	C:\Program Files\Android\Android Studio\jre\bin\msvcp140.dll
0x00007ff803d60000 - 0x00007ff804845000 	C:\Program Files\Android\Android Studio\jre\bin\server\jvm.dll
0x00007ff838a30000 - 0x00007ff838ade000 	C:\WINDOWS\System32\ADVAPI32.dll
0x00007ff8376e0000 - 0x00007ff83777c000 	C:\WINDOWS\System32\sechost.dll
0x00007ff838140000 - 0x00007ff838265000 	C:\WINDOWS\System32\RPCRT4.dll
0x00007ff838390000 - 0x00007ff838398000 	C:\WINDOWS\System32\PSAPI.DLL
0x00007ff830a20000 - 0x00007ff830a29000 	C:\WINDOWS\SYSTEM32\WSOCK32.dll
0x00007ff826f30000 - 0x00007ff826f57000 	C:\WINDOWS\SYSTEM32\WINMM.dll
0x00007ff837bc0000 - 0x00007ff837c2b000 	C:\WINDOWS\System32\WS2_32.dll
0x00007ff834b70000 - 0x00007ff834b7a000 	C:\WINDOWS\SYSTEM32\VERSION.dll
0x00007ff834c70000 - 0x00007ff834c82000 	C:\WINDOWS\SYSTEM32\kernel.appcore.dll
0x00007ff8306f0000 - 0x00007ff830701000 	C:\Program Files\Android\Android Studio\jre\bin\verify.dll
0x00007ff824a00000 - 0x00007ff824be4000 	C:\WINDOWS\SYSTEM32\DBGHELP.DLL
0x00007ff824fb0000 - 0x00007ff824fdc000 	C:\WINDOWS\SYSTEM32\dbgcore.DLL
0x00007ff837210000 - 0x00007ff837292000 	C:\WINDOWS\System32\bcryptPrimitives.dll
0x00007ff830660000 - 0x00007ff830689000 	C:\Program Files\Android\Android Studio\jre\bin\java.dll
0x00007ff8306e0000 - 0x00007ff8306eb000 	C:\Program Files\Android\Android Studio\jre\bin\jimage.dll
0x00007ff830640000 - 0x00007ff830658000 	C:\Program Files\Android\Android Studio\jre\bin\zip.dll
0x00007ff838ae0000 - 0x00007ff839224000 	C:\WINDOWS\System32\SHELL32.dll
0x00007ff834c90000 - 0x00007ff835424000 	C:\WINDOWS\SYSTEM32\windows.storage.dll
0x00007ff837de0000 - 0x00007ff838134000 	C:\WINDOWS\System32\combase.dll
0x00007ff836520000 - 0x00007ff836550000 	C:\WINDOWS\SYSTEM32\Wldp.dll
0x00007ff837830000 - 0x00007ff8378dd000 	C:\WINDOWS\System32\SHCORE.dll
0x00007ff837b60000 - 0x00007ff837bb5000 	C:\WINDOWS\System32\shlwapi.dll
0x00007ff836ad0000 - 0x00007ff836aef000 	C:\WINDOWS\SYSTEM32\profapi.dll
0x00007ff830620000 - 0x00007ff83063a000 	C:\Program Files\Android\Android Studio\jre\bin\net.dll
0x00007ff829bb0000 - 0x00007ff829cba000 	C:\WINDOWS\SYSTEM32\WINHTTP.dll
0x00007ff836280000 - 0x00007ff8362ea000 	C:\WINDOWS\system32\mswsock.dll
0x00007ff830600000 - 0x00007ff830614000 	C:\Program Files\Android\Android Studio\jre\bin\nio.dll
0x00007ff8309f0000 - 0x00007ff830a17000 	C:\Users\LENOVO\.gradle\native\e1d6ef7f7dcc3fd88c89a11ec53ec762bb8ba0a96d01ffa2cd45eb1d1d8dd5c5\windows-amd64\native-platform.dll
0x00007ff826360000 - 0x00007ff8264a4000 	C:\Users\LENOVO\.gradle\native\5664cfc778a61ccfe75a443a1ab52a65af34e5dc3c78e0209fed803814484fcb\windows-amd64\native-platform-file-events.dll
0x00007ff8306d0000 - 0x00007ff8306da000 	C:\Program Files\Android\Android Studio\jre\bin\management.dll
0x00007ff8305f0000 - 0x00007ff8305fd000 	C:\Program Files\Android\Android Studio\jre\bin\management_ext.dll
0x00007ff836470000 - 0x00007ff836488000 	C:\WINDOWS\SYSTEM32\CRYPTSP.dll
0x00007ff835c00000 - 0x00007ff835c34000 	C:\WINDOWS\system32\rsaenh.dll
0x00007ff8371e0000 - 0x00007ff837207000 	C:\WINDOWS\System32\bcrypt.dll
0x00007ff836a50000 - 0x00007ff836a7e000 	C:\WINDOWS\SYSTEM32\USERENV.dll
0x00007ff836490000 - 0x00007ff83649c000 	C:\WINDOWS\SYSTEM32\CRYPTBASE.dll
0x00007ff835f70000 - 0x00007ff835fab000 	C:\WINDOWS\SYSTEM32\IPHLPAPI.DLL
0x00007ff837a40000 - 0x00007ff837a48000 	C:\WINDOWS\System32\NSI.dll
0x00007ff82b270000 - 0x00007ff82b287000 	C:\WINDOWS\SYSTEM32\dhcpcsvc6.DLL
0x00007ff82b980000 - 0x00007ff82b99d000 	C:\WINDOWS\SYSTEM32\dhcpcsvc.DLL
0x00007ff835fb0000 - 0x00007ff83607a000 	C:\WINDOWS\SYSTEM32\DNSAPI.dll

dbghelp: loaded successfully - version: 4.0.5 - missing functions: none
symbol engine: initialized successfully - sym options: 0x614 - pdb path: .;C:\Program Files\Android\Android Studio\jre\bin;C:\WINDOWS\SYSTEM32;C:\WINDOWS\WinSxS\amd64_microsoft.windows.common-controls_6595b64144ccf1df_6.0.19041.1110_none_60b5254171f9507e;C:\Program Files\Android\Android Studio\jre\bin\server;C:\Users\LENOVO\.gradle\native\e1d6ef7f7dcc3fd88c89a11ec53ec762bb8ba0a96d01ffa2cd45eb1d1d8dd5c5\windows-amd64;C:\Users\LENOVO\.gradle\native\5664cfc778a61ccfe75a443a1ab52a65af34e5dc3c78e0209fed803814484fcb\windows-amd64

VM Arguments:
jvm_args: --add-opens=java.base/java.util=ALL-UNNAMED --add-opens=java.base/java.lang=ALL-UNNAMED --add-opens=java.base/java.lang.invoke=ALL-UNNAMED --add-opens=java.base/java.util=ALL-UNNAMED --add-opens=java.prefs/java.util.prefs=ALL-UNNAMED --add-opens=java.prefs/java.util.prefs=ALL-UNNAMED --add-opens=java.base/java.nio.charset=ALL-UNNAMED --add-opens=java.base/java.net=ALL-UNNAMED --add-opens=java.base/java.util.concurrent.atomic=ALL-UNNAMED -Xmx2048m -Dfile.encoding=UTF-8 -Duser.country=US -Duser.language=en -Duser.variant 
java_command: org.gradle.launcher.daemon.bootstrap.GradleDaemon 7.3.3
java_class_path (initial): C:\Users\LENOVO\.gradle\wrapper\dists\gradle-7.3.3-bin\6a41zxkdtcxs8rphpq6y0069z\gradle-7.3.3\lib\gradle-launcher-7.3.3.jar
Launcher Type: SUN_STANDARD

[Global flags]
     intx CICompilerCount                          = 3                                         {product} {ergonomic}
     uint ConcGCThreads                            = 1                                         {product} {ergonomic}
     uint G1ConcRefinementThreads                  = 4                                         {product} {ergonomic}
   size_t G1HeapRegionSize                         = 1048576                                   {product} {ergonomic}
    uintx GCDrainStackTargetSize                   = 64                                        {product} {ergonomic}
   size_t InitialHeapSize                          = 67108864                                  {product} {ergonomic}
   size_t MarkStackSize                            = 4194304                                   {product} {ergonomic}
   size_t MaxHeapSize                              = 2147483648                                {product} {command line}
   size_t MaxNewSize                               = 1287651328                                {product} {ergonomic}
   size_t MinHeapDeltaBytes                        = 1048576                                   {product} {ergonomic}
    uintx NonNMethodCodeHeapSize                   = 5830732                                {pd product} {ergonomic}
    uintx NonProfiledCodeHeapSize                  = 122913754                              {pd product} {ergonomic}
    uintx ProfiledCodeHeapSize                     = 122913754                              {pd product} {ergonomic}
    uintx ReservedCodeCacheSize                    = 251658240                              {pd product} {ergonomic}
     bool SegmentedCodeCache                       = true                                      {product} {ergonomic}
     bool UseCompressedClassPointers               = true                                 {lp64_product} {ergonomic}
     bool UseCompressedOops                        = true                                 {lp64_product} {ergonomic}
     bool UseG1GC                                  = true                                      {product} {ergonomic}
     bool UseLargePagesIndividualAllocation        = false                                  {pd product} {ergonomic}

Logging:
Log output configuration:
 #0: stdout all=warning uptime,level,tags
 #1: stderr all=off uptime,level,tags

Environment Variables:
PATH=C:\WINDOWS\system32;C:\WINDOWS;C:\WINDOWS\System32\Wbem;C:\WINDOWS\System32\WindowsPowerShell\v1.0\;C:\WINDOWS\System32\OpenSSH\;C:\Users\LENOVO\AppData\Local\Microsoft\WindowsApps;C:\Users\LENOVO\AppData\Local\GitHubDesktop\bin;C:\Program Files\JetBrains\IntelliJ IDEA 2022.2\bin;
USERNAME=LENOVO
OS=Windows_NT
PROCESSOR_IDENTIFIER=Intel64 Family 6 Model 42 Stepping 7, GenuineIntel



---------------  S Y S T E M  ---------------

OS: Windows 10 , 64 bit Build 19041 (10.0.19041.1889)
OS uptime: 0 days 0:57 hours

CPU:total 4 (initial active 4) (2 cores per cpu, 2 threads per core) family 6 model 42 stepping 7 microcode 0x2f, cmov, cx8, fxsr, mmx, sse, sse2, sse3, ssse3, sse4.1, sse4.2, popcnt, avx, clmul, ht, tsc, tscinvbit

Memory: 4k page, system-wide physical 3996M (249M free)
TotalPageFile size 6044M (AvailPageFile size 0M)
current process WorkingSet (physical memory assigned to process): 499M, peak: 504M
current process commit charge ("private bytes"): 553M, peak: 559M

vm_info: OpenJDK 64-Bit Server VM (11.0.12+7-b1504.28-7817840) for windows-amd64 JRE (11.0.12+7-b1504.28-7817840), built on Oct 13 2021 22:12:33 by "builder" with MS VC++ 14.0 (VS2015)

END.
