#
# There is insufficient memory for the Java Runtime Environment to continue.
# Native memory allocation (malloc) failed to allocate 32744 bytes for ChunkPool::allocate
# Possible reasons:
#   The system is out of physical RAM or swap space
#   The process is running with CompressedOops enabled, and the Java Heap may be blocking the growth of the native heap
# Possible solutions:
#   Reduce memory load on the system
#   Increase physical memory or swap space
#   Check if swap backing store is full
#   Decrease Java heap size (-Xmx/-Xms)
#   Decrease number of Java threads
#   Decrease Java thread stack sizes (-Xss)
#   Set larger code cache with -XX:ReservedCodeCacheSize=
#   JVM is running with Unscaled Compressed Oops mode in which the Java heap is
#     placed in the first 4GB address space. The Java Heap base address is the
#     maximum limit for the native heap growth. Please use -XX:HeapBaseMinAddress
#     to set the Java Heap base and to place the Java Heap above 4GB virtual address.
# This output file may be truncated or incomplete.
#
#  Out of Memory Error (./src/hotspot/share/memory/arena.cpp:81), pid=4364, tid=1204
#
# JRE version: OpenJDK Runtime Environment (11.0.12+7) (build 11.0.12+7-b1504.28-7817840)
# Java VM: OpenJDK 64-Bit Server VM (11.0.12+7-b1504.28-7817840, mixed mode, tiered, compressed oops, g1 gc, windows-amd64)
# No core dump will be written. Minidumps are not enabled by default on client versions of Windows
#

---------------  S U M M A R Y ------------

Command Line: org.jetbrains.kotlin.cli.jvm.K2JVMCompiler @D:\ANDROID PROJECTS\9 AUGUST TASK\app\build\20220906_11936241824493262470.compiler.options

Host: Intel(R) Core(TM) i3-2348M CPU @ 2.30GHz, 4 cores, 3G,  Windows 10 , 64 bit Build 19041 (10.0.19041.1889)
Time: Tue Sep  6 09:55:43 2022 India Standard Time elapsed time: 1.029103 seconds (0d 0h 0m 1s)

---------------  T H R E A D  ---------------

Current thread (0x000001611bc1a800):  JavaThread "main" [_thread_in_vm, id=1204, stack(0x0000001c2c600000,0x0000001c2c700000)]

Stack: [0x0000001c2c600000,0x0000001c2c700000]
Native frames: (J=compiled Java code, j=interpreted, Vv=VM code, C=native code)
V  [jvm.dll+0x5fbcea]
V  [jvm.dll+0x731905]
V  [jvm.dll+0x732f1d]
V  [jvm.dll+0x7335d3]
V  [jvm.dll+0x247bf8]
V  [jvm.dll+0xc041b]
V  [jvm.dll+0xc06cc]
V  [jvm.dll+0x37de6f]
V  [jvm.dll+0x3f0c6b]
C  0x000001612720722b

Java frames: (J=compiled Java code, j=interpreted, Vv=VM code)
J 315  java.lang.ClassLoader.findLoadedClass0(Ljava/lang/String;)Ljava/lang/Class; java.base@11.0.12 (0 bytes) @ 0x000001612720718f [0x0000016127207140+0x000000000000004f]
J 258 c1 jdk.internal.loader.BuiltinClassLoader.loadClassOrNull(Ljava/lang/String;Z)Ljava/lang/Class; java.base@11.0.12 (143 bytes) @ 0x000001611fd1138c [0x000001611fd10f00+0x000000000000048c]
J 409 c1 jdk.internal.loader.ClassLoaders$AppClassLoader.loadClass(Ljava/lang/String;Z)Ljava/lang/Class; java.base@11.0.12 (40 bytes) @ 0x000001611fd5d984 [0x000001611fd5d3e0+0x00000000000005a4]
J 334 c1 java.lang.ClassLoader.loadClass(Ljava/lang/String;)Ljava/lang/Class; java.base@11.0.12 (7 bytes) @ 0x000001611fd2f53c [0x000001611fd2f440+0x00000000000000fc]
v  ~StubRoutines::call_stub
j  kotlin.reflect.jvm.internal.impl.serialization.deserialization.builtins.BuiltInsLoaderImpl.createBuiltInPackageFragmentProvider(Lkotlin/reflect/jvm/internal/impl/storage/StorageManager;Lkotlin/reflect/jvm/internal/impl/descriptors/ModuleDescriptor;Ljava/util/Set;Ljava/lang/Iterable;Lkotlin/reflect/jvm/internal/impl/descriptors/deserialization/PlatformDependentDeclarationFilter;Lkotlin/reflect/jvm/internal/impl/descriptors/deserialization/AdditionalClassPartsProvider;ZLkotlin/jvm/functions/Function1;)Lkotlin/reflect/jvm/internal/impl/descriptors/PackageFragmentProvider;+214
j  kotlin.reflect.jvm.internal.impl.serialization.deserialization.builtins.BuiltInsLoaderImpl.createPackageFragmentProvider(Lkotlin/reflect/jvm/internal/impl/storage/StorageManager;Lkotlin/reflect/jvm/internal/impl/descriptors/ModuleDescriptor;Ljava/lang/Iterable;Lkotlin/reflect/jvm/internal/impl/descriptors/deserialization/PlatformDependentDeclarationFilter;Lkotlin/reflect/jvm/internal/impl/descriptors/deserialization/AdditionalClassPartsProvider;Z)Lkotlin/reflect/jvm/internal/impl/descriptors/PackageFragmentProvider;+59
j  kotlin.reflect.jvm.internal.impl.builtins.KotlinBuiltIns.createBuiltInsModule(Z)V+51
j  kotlin.reflect.jvm.internal.impl.builtins.DefaultBuiltIns.<init>(Z)V+23
j  kotlin.reflect.jvm.internal.impl.builtins.DefaultBuiltIns.<init>(ZILkotlin/jvm/internal/DefaultConstructorMarker;)V+10
j  kotlin.reflect.jvm.internal.impl.builtins.DefaultBuiltIns.<clinit>()V+18
v  ~StubRoutines::call_stub
j  kotlin.reflect.jvm.internal.impl.types.error.ErrorModuleDescriptor.<clinit>()V+46
v  ~StubRoutines::call_stub
j  kotlin.reflect.jvm.internal.impl.types.error.ErrorUtils.<clinit>()V+10
v  ~StubRoutines::call_stub
j  kotlin.reflect.jvm.internal.impl.types.TypeUtils.<clinit>()V+23
v  ~StubRoutines::call_stub
j  kotlin.reflect.jvm.internal.impl.descriptors.impl.AbstractClassDescriptor$1.invoke()Lkotlin/reflect/jvm/internal/impl/types/SimpleType;+19
j  kotlin.reflect.jvm.internal.impl.descriptors.impl.AbstractClassDescriptor$1.invoke()Ljava/lang/Object;+1
j  kotlin.reflect.jvm.internal.impl.storage.LockBasedStorageManager$LockBasedLazyValue.invoke()Ljava/lang/Object;+156
j  kotlin.reflect.jvm.internal.impl.storage.LockBasedStorageManager$LockBasedNotNullLazyValue.invoke()Ljava/lang/Object;+1
j  kotlin.reflect.jvm.internal.impl.descriptors.impl.AbstractClassDescriptor.getDefaultType()Lkotlin/reflect/jvm/internal/impl/types/SimpleType;+4
j  kotlin.reflect.jvm.internal.impl.builtins.jvm.JvmBuiltInsCustomizer.createMockJavaIoSerializableType(Lkotlin/reflect/jvm/internal/impl/storage/StorageManager;)Lkotlin/reflect/jvm/internal/impl/types/KotlinType;+100
j  kotlin.reflect.jvm.internal.impl.builtins.jvm.JvmBuiltInsCustomizer.<init>(Lkotlin/reflect/jvm/internal/impl/descriptors/ModuleDescriptor;Lkotlin/reflect/jvm/internal/impl/storage/StorageManager;Lkotlin/jvm/functions/Function0;)V+48
j  kotlin.reflect.jvm.internal.impl.builtins.jvm.JvmBuiltIns$customizer$2.invoke()Lkotlin/reflect/jvm/internal/impl/builtins/jvm/JvmBuiltInsCustomizer;+38
j  kotlin.reflect.jvm.internal.impl.builtins.jvm.JvmBuiltIns$customizer$2.invoke()Ljava/lang/Object;+1
j  kotlin.reflect.jvm.internal.impl.storage.LockBasedStorageManager$LockBasedLazyValue.invoke()Ljava/lang/Object;+156
j  kotlin.reflect.jvm.internal.impl.storage.LockBasedStorageManager$LockBasedNotNullLazyValue.invoke()Ljava/lang/Object;+1
j  kotlin.reflect.jvm.internal.impl.storage.StorageKt.getValue(Lkotlin/reflect/jvm/internal/impl/storage/NotNullLazyValue;Ljava/lang/Object;Lkotlin/reflect/KProperty;)Ljava/lang/Object;+13
j  kotlin.reflect.jvm.internal.impl.builtins.jvm.JvmBuiltIns.getCustomizer()Lkotlin/reflect/jvm/internal/impl/builtins/jvm/JvmBuiltInsCustomizer;+10
j  kotlin.reflect.jvm.internal.impl.load.kotlin.DeserializationComponentsForJava.<init>(Lkotlin/reflect/jvm/internal/impl/storage/StorageManager;Lkotlin/reflect/jvm/internal/impl/descriptors/ModuleDescriptor;Lkotlin/reflect/jvm/internal/impl/serialization/deserialization/DeserializationConfiguration;Lkotlin/reflect/jvm/internal/impl/load/kotlin/JavaClassDataFinder;Lkotlin/reflect/jvm/internal/impl/load/kotlin/BinaryClassAnnotationAndConstantLoaderImpl;Lkotlin/reflect/jvm/internal/impl/load/java/lazy/LazyJavaPackageFragmentProvider;Lkotlin/reflect/jvm/internal/impl/descriptors/NotFoundClasses;Lkotlin/reflect/jvm/internal/impl/serialization/deserialization/ErrorReporter;Lkotlin/reflect/jvm/internal/impl/incremental/components/LookupTracker;Lkotlin/reflect/jvm/internal/impl/serialization/deserialization/ContractDeserializer;Lkotlin/reflect/jvm/internal/impl/types/checker/NewKotlinTypeChecker;Lkotlin/reflect/jvm/internal/impl/types/extensions/TypeAttributeTranslators;)V+168
j  kotlin.reflect.jvm.internal.impl.load.kotlin.DeserializationComponentsForJavaKt.makeDeserializationComponentsForJava(Lkotlin/reflect/jvm/internal/impl/descriptors/ModuleDescriptor;Lkotlin/reflect/jvm/internal/impl/storage/StorageManager;Lkotlin/reflect/jvm/internal/impl/descriptors/NotFoundClasses;Lkotlin/reflect/jvm/internal/impl/load/java/lazy/LazyJavaPackageFragmentProvider;Lkotlin/reflect/jvm/internal/impl/load/kotlin/KotlinClassFinder;Lkotlin/reflect/jvm/internal/impl/load/kotlin/DeserializedDescriptorResolver;Lkotlin/reflect/jvm/internal/impl/serialization/deserialization/ErrorReporter;)Lkotlin/reflect/jvm/internal/impl/load/kotlin/DeserializationComponentsForJava;+126
j  kotlin.reflect.jvm.internal.impl.load.kotlin.DeserializationComponentsForJava$Companion.createModuleData(Lkotlin/reflect/jvm/internal/impl/load/kotlin/KotlinClassFinder;Lkotlin/reflect/jvm/internal/impl/load/kotlin/KotlinClassFinder;Lkotlin/reflect/jvm/internal/impl/load/java/JavaClassFinder;Ljava/lang/String;Lkotlin/reflect/jvm/internal/impl/serialization/deserialization/ErrorReporter;Lkotlin/reflect/jvm/internal/impl/load/java/sources/JavaSourceElementFactory;)Lkotlin/reflect/jvm/internal/impl/load/kotlin/DeserializationComponentsForJava$Companion$ModuleData;+235
j  kotlin.reflect.jvm.internal.impl.descriptors.runtime.components.RuntimeModuleData$Companion.create(Ljava/lang/ClassLoader;)Lkotlin/reflect/jvm/internal/impl/descriptors/runtime/components/RuntimeModuleData;+85
j  kotlin.reflect.jvm.internal.ModuleByClassLoaderKt.getOrCreateModule(Ljava/lang/Class;)Lkotlin/reflect/jvm/internal/impl/descriptors/runtime/components/RuntimeModuleData;+72
j  kotlin.reflect.jvm.internal.KDeclarationContainerImpl$Data$moduleData$2.invoke()Lkotlin/reflect/jvm/internal/impl/descriptors/runtime/components/RuntimeModuleData;+7
j  kotlin.reflect.jvm.internal.KDeclarationContainerImpl$Data$moduleData$2.invoke()Ljava/lang/Object;+1
j  kotlin.reflect.jvm.internal.ReflectProperties$LazySoftVal.invoke()Ljava/lang/Object;+28
j  kotlin.reflect.jvm.internal.ReflectProperties$Val.getValue(Ljava/lang/Object;Ljava/lang/Object;)Ljava/lang/Object;+1
j  kotlin.reflect.jvm.internal.KDeclarationContainerImpl$Data.getModuleData()Lkotlin/reflect/jvm/internal/impl/descriptors/runtime/components/RuntimeModuleData;+10
j  kotlin.reflect.jvm.internal.KClassImpl$Data$descriptor$2.invoke()Lkotlin/reflect/jvm/internal/impl/descriptors/ClassDescriptor;+21
j  kotlin.reflect.jvm.internal.KClassImpl$Data$descriptor$2.invoke()Ljava/lang/Object;+1
j  kotlin.reflect.jvm.internal.ReflectProperties$LazySoftVal.invoke()Ljava/lang/Object;+28
j  kotlin.reflect.jvm.internal.ReflectProperties$Val.getValue(Ljava/lang/Object;Ljava/lang/Object;)Ljava/lang/Object;+1
j  kotlin.reflect.jvm.internal.KClassImpl$Data.getDescriptor()Lkotlin/reflect/jvm/internal/impl/descriptors/ClassDescriptor;+10
j  kotlin.reflect.jvm.internal.KClassImpl.getDescriptor()Lkotlin/reflect/jvm/internal/impl/descriptors/ClassDescriptor;+10
j  kotlin.reflect.jvm.internal.KClassImpl.getMemberScope$kotlin_reflection()Lkotlin/reflect/jvm/internal/impl/resolve/scopes/MemberScope;+1
j  kotlin.reflect.jvm.internal.KClassImpl$Data$declaredNonStaticMembers$2.invoke()Ljava/util/Collection;+8
j  kotlin.reflect.jvm.internal.KClassImpl$Data$declaredNonStaticMembers$2.invoke()Ljava/lang/Object;+1
j  kotlin.reflect.jvm.internal.ReflectProperties$LazySoftVal.invoke()Ljava/lang/Object;+28
j  kotlin.reflect.jvm.internal.ReflectProperties$Val.getValue(Ljava/lang/Object;Ljava/lang/Object;)Ljava/lang/Object;+1
j  kotlin.reflect.jvm.internal.KClassImpl$Data.getDeclaredNonStaticMembers()Ljava/util/Collection;+11
j  kotlin.reflect.jvm.internal.KClassImpl$Data$allNonStaticMembers$2.invoke()Ljava/util/List;+4
j  kotlin.reflect.jvm.internal.KClassImpl$Data$allNonStaticMembers$2.invoke()Ljava/lang/Object;+1
j  kotlin.reflect.jvm.internal.ReflectProperties$LazySoftVal.invoke()Ljava/lang/Object;+28
j  kotlin.reflect.jvm.internal.ReflectProperties$Val.getValue(Ljava/lang/Object;Ljava/lang/Object;)Ljava/lang/Object;+1
j  kotlin.reflect.jvm.internal.KClassImpl$Data.getAllNonStaticMembers()Ljava/util/Collection;+11
j  kotlin.reflect.full.KClasses.getMemberProperties(Lkotlin/reflect/KClass;)Ljava/util/Collection;+19
j  org.jetbrains.kotlin.cli.common.arguments.ParseCommandLineArgumentsKt.parsePreprocessedCommandLineArguments(Ljava/util/List;Lorg/jetbrains/kotlin/cli/common/arguments/CommonToolArguments;Lorg/jetbrains/kotlin/cli/common/arguments/ArgumentParseErrors;Z)V+7
j  org.jetbrains.kotlin.cli.common.arguments.ParseCommandLineArgumentsKt.parseCommandLineArguments(Ljava/util/List;Lorg/jetbrains/kotlin/cli/common/arguments/CommonToolArguments;Z)V+71
j  org.jetbrains.kotlin.cli.common.arguments.ParseCommandLineArgumentsKt.parseCommandLineArguments$default(Ljava/util/List;Lorg/jetbrains/kotlin/cli/common/arguments/CommonToolArguments;ZILjava/lang/Object;)V+11
j  org.jetbrains.kotlin.cli.common.CLITool.exec(Ljava/io/PrintStream;Lorg/jetbrains/kotlin/config/Services;Lorg/jetbrains/kotlin/cli/common/messages/MessageRenderer;[Ljava/lang/String;)Lorg/jetbrains/kotlin/cli/common/ExitCode;+41
j  org.jetbrains.kotlin.cli.common.CLITool.exec(Ljava/io/PrintStream;Lorg/jetbrains/kotlin/cli/common/messages/MessageRenderer;[Ljava/lang/String;)Lorg/jetbrains/kotlin/cli/common/ExitCode;+25
j  org.jetbrains.kotlin.cli.common.CLITool$Companion.doMainNoExit(Lorg/jetbrains/kotlin/cli/common/CLITool;[Ljava/lang/String;Lorg/jetbrains/kotlin/cli/common/messages/MessageRenderer;)Lorg/jetbrains/kotlin/cli/common/ExitCode;+39
j  org.jetbrains.kotlin.cli.common.CLITool$Companion.doMainNoExit$default(Lorg/jetbrains/kotlin/cli/common/CLITool$Companion;Lorg/jetbrains/kotlin/cli/common/CLITool;[Ljava/lang/String;Lorg/jetbrains/kotlin/cli/common/messages/MessageRenderer;ILjava/lang/Object;)Lorg/jetbrains/kotlin/cli/common/ExitCode;+16
j  org.jetbrains.kotlin.cli.common.CLITool$Companion.doMain(Lorg/jetbrains/kotlin/cli/common/CLITool;[Ljava/lang/String;)V+57
j  org.jetbrains.kotlin.cli.jvm.K2JVMCompiler$Companion.main([Ljava/lang/String;)V+20
j  org.jetbrains.kotlin.cli.jvm.K2JVMCompiler.main([Ljava/lang/String;)V+4
v  ~StubRoutines::call_stub

---------------  P R O C E S S  ---------------

Threads class SMR info:
_java_thread_list=0x00000161340ccce0, length=10, elements={
0x000001611bc1a800, 0x0000016134032000, 0x0000016134037800, 0x0000016134053800,
0x0000016134055800, 0x0000016134056800, 0x000001613405a000, 0x00000161340a9800,
0x00000161340ae000, 0x0000016134328000
}

Java Threads: ( => current thread )
=>0x000001611bc1a800 JavaThread "main" [_thread_in_vm, id=1204, stack(0x0000001c2c600000,0x0000001c2c700000)]
  0x0000016134032000 JavaThread "Reference Handler" daemon [_thread_blocked, id=4396, stack(0x0000001c2cd00000,0x0000001c2ce00000)]
  0x0000016134037800 JavaThread "Finalizer" daemon [_thread_blocked, id=4156, stack(0x0000001c2ce00000,0x0000001c2cf00000)]
  0x0000016134053800 JavaThread "Signal Dispatcher" daemon [_thread_blocked, id=5228, stack(0x0000001c2cf00000,0x0000001c2d000000)]
  0x0000016134055800 JavaThread "Attach Listener" daemon [_thread_blocked, id=4732, stack(0x0000001c2d000000,0x0000001c2d100000)]
  0x0000016134056800 JavaThread "Service Thread" daemon [_thread_blocked, id=5728, stack(0x0000001c2d100000,0x0000001c2d200000)]
  0x000001613405a000 JavaThread "C2 CompilerThread0" daemon [_thread_in_native, id=10072, stack(0x0000001c2d200000,0x0000001c2d300000)]
  0x00000161340a9800 JavaThread "C1 CompilerThread0" daemon [_thread_blocked, id=8712, stack(0x0000001c2d300000,0x0000001c2d400000)]
  0x00000161340ae000 JavaThread "Sweeper thread" daemon [_thread_blocked, id=2816, stack(0x0000001c2d400000,0x0000001c2d500000)]
  0x0000016134328000 JavaThread "Common-Cleaner" daemon [_thread_blocked, id=3668, stack(0x0000001c2d600000,0x0000001c2d700000)]

Other Threads:
  0x000001613400e800 VMThread "VM Thread" [stack: 0x0000001c2cc00000,0x0000001c2cd00000] [id=1000]
  0x000001613431f000 WatcherThread [stack: 0x0000001c2d500000,0x0000001c2d600000] [id=10516]
  0x000001611bc32000 GCTaskThread "GC Thread#0" [stack: 0x0000001c2c700000,0x0000001c2c800000] [id=4760]
  0x0000016134884000 GCTaskThread "GC Thread#1" [stack: 0x0000001c2d700000,0x0000001c2d800000] [id=4424]
  0x000001611bc4b800 ConcurrentGCThread "G1 Main Marker" [stack: 0x0000001c2c800000,0x0000001c2c900000] [id=10736]
  0x000001611bc4e000 ConcurrentGCThread "G1 Conc#0" [stack: 0x0000001c2c900000,0x0000001c2ca00000] [id=7852]
  0x000001611bca8000 ConcurrentGCThread "G1 Refine#0" [stack: 0x0000001c2ca00000,0x0000001c2cb00000] [id=5512]
  0x000001611bca9800 ConcurrentGCThread "G1 Young RemSet Sampling" [stack: 0x0000001c2cb00000,0x0000001c2cc00000] [id=9084]

Threads with active compile tasks:
C2 CompilerThread0   1042  665       4       java.util.AbstractList::<init> (10 bytes)

VM state:not at safepoint (normal execution)

VM Mutex/Monitor currently owned by a thread: None

Heap address: 0x00000000c1800000, size: 1000 MB, Compressed Oops mode: 32-bit
Narrow klass base: 0x0000000000000000, Narrow klass shift: 3
Compressed class space size: 1073741824 Address: 0x0000000100000000

Heap:
 garbage-first heap   total 65536K, used 13428K [0x00000000c1800000, 0x0000000100000000)
  region size 1024K, 11 young (11264K), 2 survivors (2048K)
 Metaspace       used 11744K, capacity 11794K, committed 11904K, reserved 1060864K
  class space    used 1057K, capacity 1077K, committed 1152K, reserved 1048576K
Heap Regions: E=young(eden), S=young(survivor), O=old, HS=humongous(starts), HC=humongous(continues), CS=collection set, F=free, A=archive, TAMS=top-at-mark-start (previous, next)
|   0|0x00000000c1800000, 0x00000000c1900000, 0x00000000c1900000|100%|HS|  |TAMS 0x00000000c1800000, 0x00000000c1800000| Complete 
|   1|0x00000000c1900000, 0x00000000c1a00000, 0x00000000c1a00000|100%|HC|  |TAMS 0x00000000c1900000, 0x00000000c1900000| Complete 
|   2|0x00000000c1a00000, 0x00000000c1b00000, 0x00000000c1b00000|100%|HC|  |TAMS 0x00000000c1a00000, 0x00000000c1a00000| Complete 
|   3|0x00000000c1b00000, 0x00000000c1b00000, 0x00000000c1c00000|  0%| F|  |TAMS 0x00000000c1b00000, 0x00000000c1b00000| Untracked 
|   4|0x00000000c1c00000, 0x00000000c1c1d200, 0x00000000c1d00000| 11%| O|  |TAMS 0x00000000c1c00000, 0x00000000c1c00000| Untracked 
|   5|0x00000000c1d00000, 0x00000000c1d00000, 0x00000000c1e00000|  0%| F|  |TAMS 0x00000000c1d00000, 0x00000000c1d00000| Untracked 
|   6|0x00000000c1e00000, 0x00000000c1e00000, 0x00000000c1f00000|  0%| F|  |TAMS 0x00000000c1e00000, 0x00000000c1e00000| Untracked 
|   7|0x00000000c1f00000, 0x00000000c1f00000, 0x00000000c2000000|  0%| F|  |TAMS 0x00000000c1f00000, 0x00000000c1f00000| Untracked 
|   8|0x00000000c2000000, 0x00000000c2000000, 0x00000000c2100000|  0%| F|  |TAMS 0x00000000c2000000, 0x00000000c2000000| Untracked 
|   9|0x00000000c2100000, 0x00000000c2100000, 0x00000000c2200000|  0%| F|  |TAMS 0x00000000c2100000, 0x00000000c2100000| Untracked 
|  10|0x00000000c2200000, 0x00000000c2200000, 0x00000000c2300000|  0%| F|  |TAMS 0x00000000c2200000, 0x00000000c2200000| Untracked 
|  11|0x00000000c2300000, 0x00000000c2300000, 0x00000000c2400000|  0%| F|  |TAMS 0x00000000c2300000, 0x00000000c2300000| Untracked 
|  12|0x00000000c2400000, 0x00000000c2400000, 0x00000000c2500000|  0%| F|  |TAMS 0x00000000c2400000, 0x00000000c2400000| Untracked 
|  13|0x00000000c2500000, 0x00000000c2500000, 0x00000000c2600000|  0%| F|  |TAMS 0x00000000c2500000, 0x00000000c2500000| Untracked 
|  14|0x00000000c2600000, 0x00000000c2600000, 0x00000000c2700000|  0%| F|  |TAMS 0x00000000c2600000, 0x00000000c2600000| Untracked 
|  15|0x00000000c2700000, 0x00000000c2700000, 0x00000000c2800000|  0%| F|  |TAMS 0x00000000c2700000, 0x00000000c2700000| Untracked 
|  16|0x00000000c2800000, 0x00000000c2800000, 0x00000000c2900000|  0%| F|  |TAMS 0x00000000c2800000, 0x00000000c2800000| Untracked 
|  17|0x00000000c2900000, 0x00000000c2900000, 0x00000000c2a00000|  0%| F|  |TAMS 0x00000000c2900000, 0x00000000c2900000| Untracked 
|  18|0x00000000c2a00000, 0x00000000c2a00000, 0x00000000c2b00000|  0%| F|  |TAMS 0x00000000c2a00000, 0x00000000c2a00000| Untracked 
|  19|0x00000000c2b00000, 0x00000000c2b00000, 0x00000000c2c00000|  0%| F|  |TAMS 0x00000000c2b00000, 0x00000000c2b00000| Untracked 
|  20|0x00000000c2c00000, 0x00000000c2c00000, 0x00000000c2d00000|  0%| F|  |TAMS 0x00000000c2c00000, 0x00000000c2c00000| Untracked 
|  21|0x00000000c2d00000, 0x00000000c2d00000, 0x00000000c2e00000|  0%| F|  |TAMS 0x00000000c2d00000, 0x00000000c2d00000| Untracked 
|  22|0x00000000c2e00000, 0x00000000c2e00000, 0x00000000c2f00000|  0%| F|  |TAMS 0x00000000c2e00000, 0x00000000c2e00000| Untracked 
|  23|0x00000000c2f00000, 0x00000000c2f00000, 0x00000000c3000000|  0%| F|  |TAMS 0x00000000c2f00000, 0x00000000c2f00000| Untracked 
|  24|0x00000000c3000000, 0x00000000c3000000, 0x00000000c3100000|  0%| F|  |TAMS 0x00000000c3000000, 0x00000000c3000000| Untracked 
|  25|0x00000000c3100000, 0x00000000c3100000, 0x00000000c3200000|  0%| F|  |TAMS 0x00000000c3100000, 0x00000000c3100000| Untracked 
|  26|0x00000000c3200000, 0x00000000c3200000, 0x00000000c3300000|  0%| F|  |TAMS 0x00000000c3200000, 0x00000000c3200000| Untracked 
|  27|0x00000000c3300000, 0x00000000c3300000, 0x00000000c3400000|  0%| F|  |TAMS 0x00000000c3300000, 0x00000000c3300000| Untracked 
|  28|0x00000000c3400000, 0x00000000c3400000, 0x00000000c3500000|  0%| F|  |TAMS 0x00000000c3400000, 0x00000000c3400000| Untracked 
|  29|0x00000000c3500000, 0x00000000c3500000, 0x00000000c3600000|  0%| F|  |TAMS 0x00000000c3500000, 0x00000000c3500000| Untracked 
|  30|0x00000000c3600000, 0x00000000c3600000, 0x00000000c3700000|  0%| F|  |TAMS 0x00000000c3600000, 0x00000000c3600000| Untracked 
|  31|0x00000000c3700000, 0x00000000c3700000, 0x00000000c3800000|  0%| F|  |TAMS 0x00000000c3700000, 0x00000000c3700000| Untracked 
|  32|0x00000000c3800000, 0x00000000c3800000, 0x00000000c3900000|  0%| F|  |TAMS 0x00000000c3800000, 0x00000000c3800000| Untracked 
|  33|0x00000000c3900000, 0x00000000c3900000, 0x00000000c3a00000|  0%| F|  |TAMS 0x00000000c3900000, 0x00000000c3900000| Untracked 
|  34|0x00000000c3a00000, 0x00000000c3a00000, 0x00000000c3b00000|  0%| F|  |TAMS 0x00000000c3a00000, 0x00000000c3a00000| Untracked 
|  35|0x00000000c3b00000, 0x00000000c3b00000, 0x00000000c3c00000|  0%| F|  |TAMS 0x00000000c3b00000, 0x00000000c3b00000| Untracked 
|  36|0x00000000c3c00000, 0x00000000c3c00000, 0x00000000c3d00000|  0%| F|  |TAMS 0x00000000c3c00000, 0x00000000c3c00000| Untracked 
|  37|0x00000000c3d00000, 0x00000000c3d00000, 0x00000000c3e00000|  0%| F|  |TAMS 0x00000000c3d00000, 0x00000000c3d00000| Untracked 
|  38|0x00000000c3e00000, 0x00000000c3e00000, 0x00000000c3f00000|  0%| F|  |TAMS 0x00000000c3e00000, 0x00000000c3e00000| Untracked 
|  39|0x00000000c3f00000, 0x00000000c3f00000, 0x00000000c4000000|  0%| F|  |TAMS 0x00000000c3f00000, 0x00000000c3f00000| Untracked 
|  40|0x00000000c4000000, 0x00000000c4000000, 0x00000000c4100000|  0%| F|  |TAMS 0x00000000c4000000, 0x00000000c4000000| Untracked 
|  41|0x00000000c4100000, 0x00000000c4100000, 0x00000000c4200000|  0%| F|  |TAMS 0x00000000c4100000, 0x00000000c4100000| Untracked 
|  42|0x00000000c4200000, 0x00000000c4200000, 0x00000000c4300000|  0%| F|  |TAMS 0x00000000c4200000, 0x00000000c4200000| Untracked 
|  43|0x00000000c4300000, 0x00000000c4300000, 0x00000000c4400000|  0%| F|  |TAMS 0x00000000c4300000, 0x00000000c4300000| Untracked 
|  44|0x00000000c4400000, 0x00000000c4400000, 0x00000000c4500000|  0%| F|  |TAMS 0x00000000c4400000, 0x00000000c4400000| Untracked 
|  45|0x00000000c4500000, 0x00000000c4500000, 0x00000000c4600000|  0%| F|  |TAMS 0x00000000c4500000, 0x00000000c4500000| Untracked 
|  46|0x00000000c4600000, 0x00000000c4600000, 0x00000000c4700000|  0%| F|  |TAMS 0x00000000c4600000, 0x00000000c4600000| Untracked 
|  47|0x00000000c4700000, 0x00000000c4700000, 0x00000000c4800000|  0%| F|  |TAMS 0x00000000c4700000, 0x00000000c4700000| Untracked 
|  48|0x00000000c4800000, 0x00000000c4900000, 0x00000000c4900000|100%| S|CS|TAMS 0x00000000c4800000, 0x00000000c4800000| Complete 
|  49|0x00000000c4900000, 0x00000000c4a00000, 0x00000000c4a00000|100%| S|CS|TAMS 0x00000000c4900000, 0x00000000c4900000| Complete 
|  50|0x00000000c4a00000, 0x00000000c4a00000, 0x00000000c4b00000|  0%| F|  |TAMS 0x00000000c4a00000, 0x00000000c4a00000| Untracked 
|  51|0x00000000c4b00000, 0x00000000c4b00000, 0x00000000c4c00000|  0%| F|  |TAMS 0x00000000c4b00000, 0x00000000c4b00000| Untracked 
|  52|0x00000000c4c00000, 0x00000000c4c00000, 0x00000000c4d00000|  0%| F|  |TAMS 0x00000000c4c00000, 0x00000000c4c00000| Untracked 
|  53|0x00000000c4d00000, 0x00000000c4d00000, 0x00000000c4e00000|  0%| F|  |TAMS 0x00000000c4d00000, 0x00000000c4d00000| Untracked 
|  54|0x00000000c4e00000, 0x00000000c4e00000, 0x00000000c4f00000|  0%| F|  |TAMS 0x00000000c4e00000, 0x00000000c4e00000| Untracked 
|  55|0x00000000c4f00000, 0x00000000c4f80800, 0x00000000c5000000| 50%| E|  |TAMS 0x00000000c4f00000, 0x00000000c4f00000| Complete 
|  56|0x00000000c5000000, 0x00000000c5100000, 0x00000000c5100000|100%| E|CS|TAMS 0x00000000c5000000, 0x00000000c5000000| Complete 
|  57|0x00000000c5100000, 0x00000000c5200000, 0x00000000c5200000|100%| E|CS|TAMS 0x00000000c5100000, 0x00000000c5100000| Complete 
|  58|0x00000000c5200000, 0x00000000c5300000, 0x00000000c5300000|100%| E|CS|TAMS 0x00000000c5200000, 0x00000000c5200000| Complete 
|  59|0x00000000c5300000, 0x00000000c5400000, 0x00000000c5400000|100%| E|CS|TAMS 0x00000000c5300000, 0x00000000c5300000| Complete 
|  60|0x00000000c5400000, 0x00000000c5500000, 0x00000000c5500000|100%| E|CS|TAMS 0x00000000c5400000, 0x00000000c5400000| Complete 
|  61|0x00000000c5500000, 0x00000000c5600000, 0x00000000c5600000|100%| E|CS|TAMS 0x00000000c5500000, 0x00000000c5500000| Complete 
|  62|0x00000000c5600000, 0x00000000c5700000, 0x00000000c5700000|100%| E|CS|TAMS 0x00000000c5600000, 0x00000000c5600000| Complete 
|  63|0x00000000c5700000, 0x00000000c5800000, 0x00000000c5800000|100%| E|CS|TAMS 0x00000000c5700000, 0x00000000c5700000| Complete 

Card table byte_map: [0x000001612ef50000,0x000001612f150000] _byte_map_base: 0x000001612e944000

Marking Bits (Prev, Next): (CMBitMap*) 0x000001611bc46f88, (CMBitMap*) 0x000001611bc46fc0
 Prev Bits: [0x000001612f350000, 0x00000161302f0000)
 Next Bits: [0x00000161302f0000, 0x0000016131290000)

Polling page: 0x000001611a2d0000

Metaspace:

Usage:
  Non-class:     10.47 MB capacity,    10.44 MB (>99%) used,    22.78 KB ( <1%) free+waste,     7.38 KB ( <1%) overhead. 
      Class:      1.05 MB capacity,     1.03 MB ( 98%) used,    17.40 KB (  2%) free+waste,     2.19 KB ( <1%) overhead. 
       Both:     11.52 MB capacity,    11.47 MB (>99%) used,    40.18 KB ( <1%) free+waste,     9.56 KB ( <1%) overhead. 

Virtual space:
  Non-class space:       12.00 MB reserved,      10.50 MB ( 88%) committed 
      Class space:        1.00 GB reserved,       1.13 MB ( <1%) committed 
             Both:        1.01 GB reserved,      11.63 MB (  1%) committed 

Chunk freelists:
   Non-Class:  35.00 KB
       Class:  11.00 KB
        Both:  46.00 KB

MaxMetaspaceSize: 17179869184.00 GB
CompressedClassSpaceSize: 1.00 GB
Initial GC threshold: 20.80 MB
Current GC threshold: 20.80 MB
CDS: off

CodeHeap 'non-profiled nmethods': size=120064Kb used=183Kb max_used=183Kb free=119880Kb
 bounds [0x00000161271f0000, 0x0000016127460000, 0x000001612e730000]
CodeHeap 'profiled nmethods': size=120000Kb used=1220Kb max_used=1220Kb free=118779Kb
 bounds [0x000001611fcc0000, 0x000001611ff30000, 0x00000161271f0000]
CodeHeap 'non-nmethods': size=5696Kb used=1132Kb max_used=1145Kb free=4563Kb
 bounds [0x000001611f730000, 0x000001611f9a0000, 0x000001611fcc0000]
 total_blobs=1043 nmethods=664 adapters=292
 compilation: enabled
              stopped_count=0, restarted_count=0
 full_count=0

Compilation events (20 events):
Event: 0.986 Thread 0x00000161340a9800  639       3       java.lang.StringBuilder::append (6 bytes)
Event: 0.986 Thread 0x00000161340a9800 nmethod 639 0x000001611fdd6210 code [0x000001611fdd63e0, 0x000001611fdd6588]
Event: 0.989 Thread 0x00000161340a9800  640       3       java.lang.StringUTF16::compress (50 bytes)
Event: 0.989 Thread 0x00000161340a9800 nmethod 640 0x000001611fdd6690 code [0x000001611fdd6860, 0x000001611fdd6a98]
Event: 0.991 Thread 0x00000161340a9800  641       3       java.lang.AbstractStringBuilder::appendChars (133 bytes)
Event: 0.992 Thread 0x00000161340a9800 nmethod 641 0x000001611fdd6c10 code [0x000001611fdd6e20, 0x000001611fdd7458]
Event: 0.992 Thread 0x00000161340a9800  642       3       kotlin.reflect.jvm.internal.impl.protobuf.CodedInputStream::readTag (41 bytes)
Event: 0.992 Thread 0x00000161340a9800 nmethod 642 0x000001611fdd7710 code [0x000001611fdd7900, 0x000001611fdd7ca8]
Event: 0.992 Thread 0x00000161340a9800  643       3       kotlin.reflect.jvm.internal.impl.protobuf.CodedInputStream::readBytes (101 bytes)
Event: 0.993 Thread 0x00000161340a9800 nmethod 643 0x000001611fdd7e10 code [0x000001611fdd8060, 0x000001611fdd89f8]
Event: 0.993 Thread 0x00000161340a9800  646   !   3       kotlin.reflect.jvm.internal.impl.metadata.ProtoBuf$Function::<init> (1410 bytes)
Event: 0.994 Thread 0x000001613405a000  651       4       kotlin.jvm.internal.Intrinsics::checkNotNullParameter (9 bytes)
Event: 0.995 Thread 0x000001613405a000 nmethod 651 0x000001612721c110 code [0x000001612721c2a0, 0x000001612721c2f8]
Event: 0.996 Thread 0x000001613405a000  655       4       java.io.WinNTFileSystem::isSlash (18 bytes)
Event: 0.997 Thread 0x000001613405a000 nmethod 655 0x000001612721c410 code [0x000001612721c5a0, 0x000001612721c618]
Event: 0.998 Thread 0x000001613405a000  656       4       kotlin.reflect.jvm.internal.impl.protobuf.CodedInputStream::recomputeBufferSizeAfterLimit (63 bytes)
Event: 0.998 Thread 0x000001613405a000 nmethod 656 0x000001612721c710 code [0x000001612721c8a0, 0x000001612721c938]
Event: 0.999 Thread 0x000001613405a000  658       4       java.util.ArrayList::get (15 bytes)
Event: 1.001 Thread 0x000001613405a000 nmethod 658 0x000001612721ca10 code [0x000001612721cba0, 0x000001612721cc78]
Event: 1.008 Thread 0x000001613405a000  665       4       java.util.AbstractList::<init> (10 bytes)

GC Heap History (2 events):
Event: 0.780 GC heap before
{Heap before GC invocations=0 (full 0):
 garbage-first heap   total 65536K, used 17408K [0x00000000c1800000, 0x0000000100000000)
  region size 1024K, 14 young (14336K), 0 survivors (0K)
 Metaspace       used 9866K, capacity 10002K, committed 10112K, reserved 1058816K
  class space    used 839K, capacity 885K, committed 896K, reserved 1048576K
}
Event: 0.787 GC heap after
{Heap after GC invocations=1 (full 0):
 garbage-first heap   total 65536K, used 5236K [0x00000000c1800000, 0x0000000100000000)
  region size 1024K, 2 young (2048K), 2 survivors (2048K)
 Metaspace       used 9866K, capacity 10002K, committed 10112K, reserved 1058816K
  class space    used 839K, capacity 885K, committed 896K, reserved 1048576K
}

Deoptimization events (20 events):
Event: 0.289 Thread 0x000001611bc1a800 DEOPT PACKING pc=0x000001611fce2f0e sp=0x0000001c2c6fab20
Event: 0.289 Thread 0x000001611bc1a800 DEOPT UNPACKING pc=0x000001611f77a95e sp=0x0000001c2c6f9fc0 mode 0
Event: 0.289 Thread 0x000001611bc1a800 DEOPT PACKING pc=0x000001611fce2f0e sp=0x0000001c2c6fab20
Event: 0.289 Thread 0x000001611bc1a800 DEOPT UNPACKING pc=0x000001611f77a95e sp=0x0000001c2c6f9fc0 mode 0
Event: 0.289 Thread 0x000001611bc1a800 DEOPT PACKING pc=0x000001611fce2f0e sp=0x0000001c2c6fab20
Event: 0.289 Thread 0x000001611bc1a800 DEOPT UNPACKING pc=0x000001611f77a95e sp=0x0000001c2c6f9fc0 mode 0
Event: 0.290 Thread 0x000001611bc1a800 DEOPT PACKING pc=0x000001611fce2f0e sp=0x0000001c2c6fab20
Event: 0.290 Thread 0x000001611bc1a800 DEOPT UNPACKING pc=0x000001611f77a95e sp=0x0000001c2c6f9fc0 mode 0
Event: 0.504 Thread 0x000001611bc1a800 DEOPT PACKING pc=0x000001611fd097a2 sp=0x0000001c2c6fd390
Event: 0.504 Thread 0x000001611bc1a800 DEOPT UNPACKING pc=0x000001611f77a95e sp=0x0000001c2c6fc7f8 mode 0
Event: 0.523 Thread 0x000001611bc1a800 DEOPT PACKING pc=0x000001611fce6850 sp=0x0000001c2c6f1400
Event: 0.523 Thread 0x000001611bc1a800 DEOPT UNPACKING pc=0x000001611f77a95e sp=0x0000001c2c6f0888 mode 0
Event: 0.991 Thread 0x000001611bc1a800 Uncommon trap: trap_request=0xffffff4d fr.pc=0x000001612721b180 relative=0x0000000000000380
Event: 0.991 Thread 0x000001611bc1a800 Uncommon trap: reason=unstable_if action=reinterpret pc=0x000001612721b180 method=kotlin.reflect.jvm.internal.impl.protobuf.CodedInputStream.isAtEnd()Z @ 16 c2
Event: 0.991 Thread 0x000001611bc1a800 DEOPT PACKING pc=0x000001612721b180 sp=0x0000001c2c6fab50
Event: 0.991 Thread 0x000001611bc1a800 DEOPT UNPACKING pc=0x000001611f77a1af sp=0x0000001c2c6faad0 mode 2
Event: 1.003 Thread 0x000001611bc1a800 Uncommon trap: trap_request=0xffffff4d fr.pc=0x0000016127218660 relative=0x0000000000000120
Event: 1.003 Thread 0x000001611bc1a800 Uncommon trap: reason=unstable_if action=reinterpret pc=0x0000016127218660 method=kotlin.reflect.jvm.internal.impl.protobuf.CodedInputStream.readRawVarint32()I @ 69 c2
Event: 1.003 Thread 0x000001611bc1a800 DEOPT PACKING pc=0x0000016127218660 sp=0x0000001c2c6fa5a0
Event: 1.003 Thread 0x000001611bc1a800 DEOPT UNPACKING pc=0x000001611f77a1af sp=0x0000001c2c6fa528 mode 2

Classes redefined (0 events):
No events

Internal exceptions (0 events):
No events

Events (20 events):
Event: 0.983 loading class kotlin/Triple
Event: 0.983 loading class kotlin/Triple done
Event: 0.984 loading class java/util/LinkedList$ListItr
Event: 0.984 loading class java/util/LinkedList$ListItr done
Event: 0.986 loading class java/io/FilePermission
Event: 0.987 loading class java/io/FilePermission done
Event: 0.987 loading class java/io/FilePermission$1
Event: 0.987 loading class jdk/internal/misc/JavaIOFilePermissionAccess
Event: 0.987 loading class jdk/internal/misc/JavaIOFilePermissionAccess done
Event: 0.987 loading class java/io/FilePermission$1 done
Event: 0.987 loading class sun/security/util/FilePermCompat
Event: 0.987 loading class sun/security/util/FilePermCompat done
Event: 0.987 loading class sun/security/util/SecurityProperties
Event: 0.987 loading class sun/security/util/SecurityProperties done
Event: 0.987 loading class java/security/Security
Event: 0.988 loading class java/security/Security done
Event: 0.988 loading class java/security/Security$1
Event: 0.988 loading class java/security/Security$1 done
Event: 0.988 loading class java/util/Properties$LineReader
Event: 0.988 loading class java/util/Properties$LineReader done


Dynamic libraries:
0x00007ff75f760000 - 0x00007ff75f76a000 	C:\Program Files\Android\Android Studio\jre\bin\java.exe
0x00007ffa009f0000 - 0x00007ffa00be8000 	C:\WINDOWS\SYSTEM32\ntdll.dll
0x00007ffa000c0000 - 0x00007ffa0017d000 	C:\WINDOWS\System32\KERNEL32.DLL
0x00007ff9fe750000 - 0x00007ff9fea1e000 	C:\WINDOWS\System32\KERNELBASE.dll
0x00007ff9fe490000 - 0x00007ff9fe590000 	C:\WINDOWS\System32\ucrtbase.dll
0x00007ff9f90f0000 - 0x00007ff9f9107000 	C:\Program Files\Android\Android Studio\jre\bin\VCRUNTIME140.dll
0x00007ff9f7700000 - 0x00007ff9f7719000 	C:\Program Files\Android\Android Studio\jre\bin\jli.dll
0x00007ff9ff270000 - 0x00007ff9ff410000 	C:\WINDOWS\System32\USER32.dll
0x00007ff9ee8e0000 - 0x00007ff9eeb7a000 	C:\WINDOWS\WinSxS\amd64_microsoft.windows.common-controls_6595b64144ccf1df_6.0.19041.1110_none_60b5254171f9507e\COMCTL32.dll
0x00007ff9fea20000 - 0x00007ff9fea42000 	C:\WINDOWS\System32\win32u.dll
0x00007ff9febe0000 - 0x00007ff9fec7e000 	C:\WINDOWS\System32\msvcrt.dll
0x00007ff9ff630000 - 0x00007ff9ff65a000 	C:\WINDOWS\System32\GDI32.dll
0x00007ff9fe590000 - 0x00007ff9fe69b000 	C:\WINDOWS\System32\gdi32full.dll
0x00007ff9fe3f0000 - 0x00007ff9fe48d000 	C:\WINDOWS\System32\msvcp_win.dll
0x00007ff9ffee0000 - 0x00007ff9fff10000 	C:\WINDOWS\System32\IMM32.DLL
0x00007ff9eb080000 - 0x00007ff9eb11d000 	C:\Program Files\Android\Android Studio\jre\bin\msvcp140.dll
0x00007ff9c8490000 - 0x00007ff9c8f75000 	C:\Program Files\Android\Android Studio\jre\bin\server\jvm.dll
0x00007ff9fea50000 - 0x00007ff9feafe000 	C:\WINDOWS\System32\ADVAPI32.dll
0x00007ff9ff590000 - 0x00007ff9ff62c000 	C:\WINDOWS\System32\sechost.dll
0x00007ff9ffdb0000 - 0x00007ff9ffed5000 	C:\WINDOWS\System32\RPCRT4.dll
0x00007ff9fed50000 - 0x00007ff9fed58000 	C:\WINDOWS\System32\PSAPI.DLL
0x00007ff9e7890000 - 0x00007ff9e7899000 	C:\WINDOWS\SYSTEM32\WSOCK32.dll
0x00007ff9eeb80000 - 0x00007ff9eeba7000 	C:\WINDOWS\SYSTEM32\WINMM.dll
0x00007ff9ee310000 - 0x00007ff9ee31a000 	C:\WINDOWS\SYSTEM32\VERSION.dll
0x00007ff9fece0000 - 0x00007ff9fed4b000 	C:\WINDOWS\System32\WS2_32.dll
0x00007ff9fc000000 - 0x00007ff9fc012000 	C:\WINDOWS\SYSTEM32\kernel.appcore.dll
0x00007ff9c9f00000 - 0x00007ff9c9f11000 	C:\Program Files\Android\Android Studio\jre\bin\verify.dll
0x00007ff9ed4c0000 - 0x00007ff9ed6a4000 	C:\WINDOWS\SYSTEM32\DBGHELP.DLL
0x00007ff9ed490000 - 0x00007ff9ed4bc000 	C:\WINDOWS\SYSTEM32\dbgcore.DLL
0x00007ff9fe360000 - 0x00007ff9fe3e2000 	C:\WINDOWS\System32\bcryptPrimitives.dll
0x00007ff9c9ed0000 - 0x00007ff9c9ef9000 	C:\Program Files\Android\Android Studio\jre\bin\java.dll
0x00007ff9e6a90000 - 0x00007ff9e6a9b000 	C:\Program Files\Android\Android Studio\jre\bin\jimage.dll
0x00007ff9c9eb0000 - 0x00007ff9c9ec8000 	C:\Program Files\Android\Android Studio\jre\bin\zip.dll
0x00007ff9ff660000 - 0x00007ff9ffda3000 	C:\WINDOWS\System32\SHELL32.dll
0x00007ff9fc200000 - 0x00007ff9fc995000 	C:\WINDOWS\SYSTEM32\windows.storage.dll
0x00007ff9feeb0000 - 0x00007ff9ff204000 	C:\WINDOWS\System32\combase.dll
0x00007ff9fdaa0000 - 0x00007ff9fdad0000 	C:\WINDOWS\SYSTEM32\Wldp.dll
0x00007ff9fed70000 - 0x00007ff9fee1d000 	C:\WINDOWS\System32\SHCORE.dll
0x00007ff9feb00000 - 0x00007ff9feb55000 	C:\WINDOWS\System32\shlwapi.dll
0x00007ff9fe050000 - 0x00007ff9fe06f000 	C:\WINDOWS\SYSTEM32\profapi.dll
0x00007ff9c9d10000 - 0x00007ff9c9d2a000 	C:\Program Files\Android\Android Studio\jre\bin\net.dll
0x00007ff9f0f40000 - 0x00007ff9f104a000 	C:\WINDOWS\SYSTEM32\WINHTTP.dll
0x00007ff9fd800000 - 0x00007ff9fd86a000 	C:\WINDOWS\system32\mswsock.dll
0x00007ff9c9cf0000 - 0x00007ff9c9d04000 	C:\Program Files\Android\Android Studio\jre\bin\nio.dll

dbghelp: loaded successfully - version: 4.0.5 - missing functions: none
symbol engine: initialized successfully - sym options: 0x614 - pdb path: .;C:\Program Files\Android\Android Studio\jre\bin;C:\WINDOWS\SYSTEM32;C:\WINDOWS\WinSxS\amd64_microsoft.windows.common-controls_6595b64144ccf1df_6.0.19041.1110_none_60b5254171f9507e;C:\Program Files\Android\Android Studio\jre\bin\server

VM Arguments:
java_command: org.jetbrains.kotlin.cli.jvm.K2JVMCompiler @D:\ANDROID PROJECTS\9 AUGUST TASK\app\build\20220906_11936241824493262470.compiler.options
java_class_path (initial): C:\Users\LENOVO\.gradle\caches\modules-2\files-2.1\org.jetbrains.kotlin\kotlin-compiler-embeddable\1.7.10\909803167c98606fcf22b4c848647c68e351d48d\kotlin-compiler-embeddable-1.7.10.jar;C:\Users\LENOVO\.gradle\caches\modules-2\files-2.1\org.jetbrains.kotlin\kotlin-reflect\1.7.10\165e600dfea6185cf5efa700756294cc4904dbeb\kotlin-reflect-1.7.10.jar;C:\Users\LENOVO\.gradle\caches\modules-2\files-2.1\org.jetbrains.kotlin\kotlin-stdlib\1.7.10\d2abf9e77736acc4450dc4a3f707fa2c10f5099d\kotlin-stdlib-1.7.10.jar;C:\Users\LENOVO\.gradle\caches\modules-2\files-2.1\org.jetbrains.kotlin\kotlin-script-runtime\1.7.10\c99c87a6988d8fd8d5142e9ed5c9f34a7cf561ee\kotlin-script-runtime-1.7.10.jar;C:\Users\LENOVO\.gradle\caches\modules-2\files-2.1\org.jetbrains.kotlin\kotlin-daemon-embeddable\1.7.10\3a9f7aef7080d3ae63126cbba4f827ed664f32fa\kotlin-daemon-embeddable-1.7.10.jar;C:\Users\LENOVO\.gradle\caches\modules-2\files-2.1\org.jetbrains.intellij.deps\trove4j\1.0.20200330\3afb14d5f9ceb459d724e907a21145e8ff394f02\trove4j-1.0.20200330.jar;C:\Users\LENOVO\.gradle\caches\modules-2\files-2.1\net.java.dev.jna\jna\5.6.0\330f2244e9030119ab3030fc3fededc86713d9cc\jna-5.6.0.jar;C:\Users\LENOVO\.gradle\caches\modules-2\files-2.1\org.jetbrains.kotlin\kotlin-stdlib-common\1.7.10\bac80c520d0a9e3f3673bc2658c6ed02ef45a76a\kotlin-stdlib-common-1.7.10.jar;C:\Users\LENOVO\.gradle\caches\modules-2\files-2.1\org.jetbrains\annotations\13.0\919f0dfe192fb4e063e7dacadee7f8bb9a2672a9\annotations-13.0.jar
Launcher Type: SUN_STANDARD

[Global flags]
     intx CICompilerCount                          = 3                                         {product} {ergonomic}
     uint ConcGCThreads                            = 1                                         {product} {ergonomic}
     uint G1ConcRefinementThreads                  = 4                                         {product} {ergonomic}
   size_t G1HeapRegionSize                         = 1048576                                   {product} {ergonomic}
    uintx GCDrainStackTargetSize                   = 64                                        {product} {ergonomic}
   size_t InitialHeapSize                          = 67108864                                  {product} {ergonomic}
   size_t MarkStackSize                            = 4194304                                   {product} {ergonomic}
   size_t MaxHeapSize                              = 1048576000                                {product} {ergonomic}
   size_t MaxNewSize                               = 629145600                                 {product} {ergonomic}
   size_t MinHeapDeltaBytes                        = 1048576                                   {product} {ergonomic}
    uintx NonNMethodCodeHeapSize                   = 5830732                                {pd product} {ergonomic}
    uintx NonProfiledCodeHeapSize                  = 122913754                              {pd product} {ergonomic}
    uintx ProfiledCodeHeapSize                     = 122913754                              {pd product} {ergonomic}
    uintx ReservedCodeCacheSize                    = 251658240                              {pd product} {ergonomic}
     bool SegmentedCodeCache                       = true                                      {product} {ergonomic}
     bool UseCompressedClassPointers               = true                                 {lp64_product} {ergonomic}
     bool UseCompressedOops                        = true                                 {lp64_product} {ergonomic}
     bool UseG1GC                                  = true                                      {product} {ergonomic}
     bool UseLargePagesIndividualAllocation        = false                                  {pd product} {ergonomic}

Logging:
Log output configuration:
 #0: stdout all=warning uptime,level,tags
 #1: stderr all=off uptime,level,tags

Environment Variables:
PATH=C:\WINDOWS\system32;C:\WINDOWS;C:\WINDOWS\System32\Wbem;C:\WINDOWS\System32\WindowsPowerShell\v1.0\;C:\WINDOWS\System32\OpenSSH\;C:\Users\LENOVO\AppData\Local\Microsoft\WindowsApps;C:\Users\LENOVO\AppData\Local\GitHubDesktop\bin;C:\Program Files\JetBrains\IntelliJ IDEA 2022.2\bin;;
USERNAME=LENOVO
OS=Windows_NT
PROCESSOR_IDENTIFIER=Intel64 Family 6 Model 42 Stepping 7, GenuineIntel



---------------  S Y S T E M  ---------------

OS: Windows 10 , 64 bit Build 19041 (10.0.19041.1889)
OS uptime: 0 days 6:55 hours

CPU:total 4 (initial active 4) (2 cores per cpu, 2 threads per core) family 6 model 42 stepping 7 microcode 0x2f, cmov, cx8, fxsr, mmx, sse, sse2, sse3, ssse3, sse4.1, sse4.2, popcnt, avx, clmul, ht, tsc, tscinvbit

Memory: 4k page, system-wide physical 3996M (275M free)
TotalPageFile size 6044M (AvailPageFile size 3M)
current process WorkingSet (physical memory assigned to process): 67M, peak: 67M
current process commit charge ("private bytes"): 142M, peak: 142M

vm_info: OpenJDK 64-Bit Server VM (11.0.12+7-b1504.28-7817840) for windows-amd64 JRE (11.0.12+7-b1504.28-7817840), built on Oct 13 2021 22:12:33 by "builder" with MS VC++ 14.0 (VS2015)

END.
