#
# There is insufficient memory for the Java Runtime Environment to continue.
# Native memory allocation (malloc) failed to allocate 1668336 bytes for Chunk::new
# Possible reasons:
#   The system is out of physical RAM or swap space
#   The process is running with CompressedOops enabled, and the Java Heap may be blocking the growth of the native heap
# Possible solutions:
#   Reduce memory load on the system
#   Increase physical memory or swap space
#   Check if swap backing store is full
#   Decrease Java heap size (-Xmx/-Xms)
#   Decrease number of Java threads
#   Decrease Java thread stack sizes (-Xss)
#   Set larger code cache with -XX:ReservedCodeCacheSize=
#   JVM is running with Unscaled Compressed Oops mode in which the Java heap is
#     placed in the first 4GB address space. The Java Heap base address is the
#     maximum limit for the native heap growth. Please use -XX:HeapBaseMinAddress
#     to set the Java Heap base and to place the Java Heap above 4GB virtual address.
# This output file may be truncated or incomplete.
#
#  Out of Memory Error (./src/hotspot/share/memory/arena.cpp:197), pid=2644, tid=5488
#
# JRE version: OpenJDK Runtime Environment (11.0.12+7) (build 11.0.12+7-b1504.28-7817840)
# Java VM: OpenJDK 64-Bit Server VM (11.0.12+7-b1504.28-7817840, mixed mode, tiered, compressed oops, g1 gc, windows-amd64)
# No core dump will be written. Minidumps are not enabled by default on client versions of Windows
#

---------------  S U M M A R Y ------------

Command Line: --add-opens=java.base/java.util=ALL-UNNAMED --add-opens=java.base/java.lang=ALL-UNNAMED --add-opens=java.base/java.lang.invoke=ALL-UNNAMED --add-opens=java.base/java.util=ALL-UNNAMED --add-opens=java.prefs/java.util.prefs=ALL-UNNAMED --add-opens=java.prefs/java.util.prefs=ALL-UNNAMED --add-opens=java.base/java.nio.charset=ALL-UNNAMED --add-opens=java.base/java.net=ALL-UNNAMED --add-opens=java.base/java.util.concurrent.atomic=ALL-UNNAMED -Xmx2048m -Dfile.encoding=UTF-8 -Duser.country=US -Duser.language=en -Duser.variant org.gradle.launcher.daemon.bootstrap.GradleDaemon 7.3.3

Host: Intel(R) Core(TM) i3-2348M CPU @ 2.30GHz, 4 cores, 3G,  Windows 10 , 64 bit Build 19041 (10.0.19041.1889)
Time: Thu Sep  8 01:01:47 2022 India Standard Time elapsed time: 117.840654 seconds (0d 0h 1m 57s)

---------------  T H R E A D  ---------------

Current thread (0x00000254b56ab800):  JavaThread "C2 CompilerThread1" daemon [_thread_in_native, id=5488, stack(0x000000ed3e600000,0x000000ed3e700000)]


Current CompileTask:
C2: 117841 12679       4       org.gradle.tooling.internal.adapter.ProtocolToModelAdapter$SafeMethodInvoker::invoke (118 bytes)

Stack: [0x000000ed3e600000,0x000000ed3e700000]
Native frames: (J=compiled Java code, j=interpreted, Vv=VM code, C=native code)
V  [jvm.dll+0x5fbcea]
V  [jvm.dll+0x731905]
V  [jvm.dll+0x732f1d]
V  [jvm.dll+0x7335d3]
V  [jvm.dll+0x247bf8]
V  [jvm.dll+0xc018c]
V  [jvm.dll+0xc06cc]
V  [jvm.dll+0x35b2db]
V  [jvm.dll+0x328803]
V  [jvm.dll+0x327cfa]
V  [jvm.dll+0x200602]
V  [jvm.dll+0x1ff794]
V  [jvm.dll+0x18868c]
V  [jvm.dll+0x20e0d7]
V  [jvm.dll+0x20c901]
V  [jvm.dll+0x6f9b7f]
V  [jvm.dll+0x6f26a5]
V  [jvm.dll+0x5fabf6]
C  [ucrtbase.dll+0x21bb2]
C  [KERNEL32.DLL+0x17034]
C  [ntdll.dll+0x526a1]


---------------  P R O C E S S  ---------------

Threads class SMR info:
_java_thread_list=0x00000254b9d11bf0, length=79, elements={
0x0000025493ff8800, 0x00000254ae338000, 0x00000254ae33a000, 0x00000254ae392800,
0x00000254ae394800, 0x00000254ae398000, 0x00000254ae39c000, 0x00000254ae3a3000,
0x00000254ae3a5000, 0x00000254aee0a800, 0x00000254b1761800, 0x00000254b0c85800,
0x00000254afbc5000, 0x00000254b0fae800, 0x00000254b0cde800, 0x00000254b10be000,
0x00000254b0248000, 0x00000254af987800, 0x00000254b1205000, 0x00000254b1207000,
0x00000254b1201000, 0x00000254b1204800, 0x00000254b1207800, 0x00000254b1202000,
0x00000254b1202800, 0x00000254b1203800, 0x00000254b06f1800, 0x00000254b06ef800,
0x00000254b06eb800, 0x00000254b06ec800, 0x00000254b06f2000, 0x00000254b06f3000,
0x00000254b06ed000, 0x00000254b06ee000, 0x00000254b06ef000, 0x00000254b06f5800,
0x00000254b06f8000, 0x00000254b06f8800, 0x00000254b06f6000, 0x00000254b06f7000,
0x00000254b06f9800, 0x00000254b06fa800, 0x00000254b3644000, 0x00000254b3640000,
0x00000254b363f800, 0x00000254b3641000, 0x00000254b3641800, 0x00000254b3647800,
0x00000254b3645000, 0x00000254b3643800, 0x00000254b3646800, 0x00000254b3648800,
0x00000254b3646000, 0x00000254b3642800, 0x00000254b364a000, 0x00000254b364d000,
0x00000254b364c800, 0x00000254b364e000, 0x00000254b364a800, 0x00000254b3649000,
0x00000254b364b800, 0x00000254b3229000, 0x00000254b3226800, 0x00000254b3225800,
0x00000254b3224000, 0x00000254b3225000, 0x00000254b3227800, 0x00000254b3223800,
0x00000254b322b800, 0x00000254b3228000, 0x00000254b322e800, 0x00000254b322e000,
0x00000254b322c800, 0x00000254b322d000, 0x00000254b322f800, 0x00000254b322a000,
0x00000254b322a800, 0x00000254b1206000, 0x00000254b56ab800
}

Java Threads: ( => current thread )
  0x0000025493ff8800 JavaThread "main" [_thread_blocked, id=2064, stack(0x000000ed3e800000,0x000000ed3e900000)]
  0x00000254ae338000 JavaThread "Reference Handler" daemon [_thread_blocked, id=5184, stack(0x000000ed3ef00000,0x000000ed3f000000)]
  0x00000254ae33a000 JavaThread "Finalizer" daemon [_thread_blocked, id=6000, stack(0x000000ed3f000000,0x000000ed3f100000)]
  0x00000254ae392800 JavaThread "Signal Dispatcher" daemon [_thread_blocked, id=4284, stack(0x000000ed3f100000,0x000000ed3f200000)]
  0x00000254ae394800 JavaThread "Attach Listener" daemon [_thread_blocked, id=8328, stack(0x000000ed3f200000,0x000000ed3f300000)]
  0x00000254ae398000 JavaThread "Service Thread" daemon [_thread_blocked, id=5752, stack(0x000000ed3f300000,0x000000ed3f400000)]
  0x00000254ae39c000 JavaThread "C2 CompilerThread0" daemon [_thread_blocked, id=5264, stack(0x000000ed3f400000,0x000000ed3f500000)]
  0x00000254ae3a3000 JavaThread "C1 CompilerThread0" daemon [_thread_blocked, id=4332, stack(0x000000ed3f500000,0x000000ed3f600000)]
  0x00000254ae3a5000 JavaThread "Sweeper thread" daemon [_thread_blocked, id=2620, stack(0x000000ed3f600000,0x000000ed3f700000)]
  0x00000254aee0a800 JavaThread "Common-Cleaner" daemon [_thread_blocked, id=1316, stack(0x000000ed3f700000,0x000000ed3f800000)]
  0x00000254b1761800 JavaThread "Daemon health stats" [_thread_blocked, id=6312, stack(0x000000ed3fb00000,0x000000ed3fc00000)]
  0x00000254b0c85800 JavaThread "Incoming local TCP Connector on port 61406" [_thread_in_native, id=9660, stack(0x000000ed3fa00000,0x000000ed3fb00000)]
  0x00000254afbc5000 JavaThread "Daemon periodic checks" [_thread_blocked, id=6788, stack(0x000000ed3fc00000,0x000000ed3fd00000)]
  0x00000254b0fae800 JavaThread "Daemon" [_thread_blocked, id=7532, stack(0x000000ed3fd00000,0x000000ed3fe00000)]
  0x00000254b0cde800 JavaThread "Handler for socket connection from /127.0.0.1:61406 to /127.0.0.1:61407" [_thread_in_native, id=10236, stack(0x000000ed3fe00000,0x000000ed3ff00000)]
  0x00000254b10be000 JavaThread "Cancel handler" [_thread_blocked, id=1480, stack(0x000000ed3ff00000,0x000000ed40000000)]
  0x00000254b0248000 JavaThread "Daemon worker" [_thread_in_vm, id=6508, stack(0x000000ed40000000,0x000000ed40100000)]
  0x00000254af987800 JavaThread "Asynchronous log dispatcher for DefaultDaemonConnection: socket connection from /127.0.0.1:61406 to /127.0.0.1:61407" [_thread_blocked, id=3892, stack(0x000000ed40100000,0x000000ed40200000)]
  0x00000254b1205000 JavaThread "Daemon client event forwarder" [_thread_blocked, id=7684, stack(0x000000ed40300000,0x000000ed40400000)]
  0x00000254b1207000 JavaThread "Cache worker for journal cache (C:\Users\LENOVO\.gradle\caches\journal-1)" [_thread_blocked, id=8540, stack(0x000000ed40600000,0x000000ed40700000)]
  0x00000254b1201000 JavaThread "File lock request listener" [_thread_in_native, id=204, stack(0x000000ed40700000,0x000000ed40800000)]
  0x00000254b1204800 JavaThread "Cache worker for file hash cache (C:\Users\LENOVO\.gradle\caches\7.3.3\fileHashes)" [_thread_blocked, id=5748, stack(0x000000ed40800000,0x000000ed40900000)]
  0x00000254b1207800 JavaThread "Cache worker for file hash cache (D:\ANDROID PROJECTS\TaskAugust30\.gradle\7.3.3\fileHashes)" [_thread_blocked, id=4252, stack(0x000000ed40900000,0x000000ed40a00000)]
  0x00000254b1202000 JavaThread "File watcher server" daemon [_thread_in_native, id=7420, stack(0x000000ed40a00000,0x000000ed40b00000)]
  0x00000254b1202800 JavaThread "File watcher consumer" daemon [_thread_blocked, id=9800, stack(0x000000ed40b00000,0x000000ed40c00000)]
  0x00000254b1203800 JavaThread "jar transforms" [_thread_blocked, id=1608, stack(0x000000ed40c00000,0x000000ed40d00000)]
  0x00000254b06f1800 JavaThread "jar transforms Thread 2" [_thread_blocked, id=8616, stack(0x000000ed40d00000,0x000000ed40e00000)]
  0x00000254b06ef800 JavaThread "jar transforms Thread 3" [_thread_blocked, id=8372, stack(0x000000ed40e00000,0x000000ed40f00000)]
  0x00000254b06eb800 JavaThread "jar transforms Thread 4" [_thread_blocked, id=9000, stack(0x000000ed40f00000,0x000000ed41000000)]
  0x00000254b06ec800 JavaThread "Cache worker for checksums cache (D:\ANDROID PROJECTS\TaskAugust30\.gradle\7.3.3\checksums)" [_thread_blocked, id=476, stack(0x000000ed41000000,0x000000ed41100000)]
  0x00000254b06f2000 JavaThread "Cache worker for cache directory md-supplier (C:\Users\LENOVO\.gradle\caches\7.3.3\md-supplier)" [_thread_blocked, id=9172, stack(0x000000ed41100000,0x000000ed41200000)]
  0x00000254b06f3000 JavaThread "Cache worker for cache directory md-rule (C:\Users\LENOVO\.gradle\caches\7.3.3\md-rule)" [_thread_blocked, id=8364, stack(0x000000ed41200000,0x000000ed41300000)]
  0x00000254b06ed000 JavaThread "Cache worker for execution history cache (C:\Users\LENOVO\.gradle\caches\7.3.3\executionHistory)" [_thread_blocked, id=5468, stack(0x000000ed41300000,0x000000ed41400000)]
  0x00000254b06ee000 JavaThread "Cache worker for file content cache (C:\Users\LENOVO\.gradle\caches\7.3.3\fileContent)" [_thread_blocked, id=6060, stack(0x000000ed41400000,0x000000ed41500000)]
  0x00000254b06ef000 JavaThread "Cache worker for dependencies-accessors (D:\ANDROID PROJECTS\TaskAugust30\.gradle\7.3.3\dependencies-accessors)" [_thread_blocked, id=8792, stack(0x000000ed41500000,0x000000ed41600000)]
  0x00000254b06f5800 JavaThread "Cache worker for Build Output Cleanup Cache (D:\ANDROID PROJECTS\TaskAugust30\.gradle\buildOutputCleanup)" [_thread_blocked, id=8840, stack(0x000000ed41600000,0x000000ed41700000)]
  0x00000254b06f8000 JavaThread "Unconstrained build operations" [_thread_blocked, id=9872, stack(0x000000ed41900000,0x000000ed41a00000)]
  0x00000254b06f8800 JavaThread "Unconstrained build operations Thread 2" [_thread_blocked, id=5532, stack(0x000000ed41a00000,0x000000ed41b00000)]
  0x00000254b06f6000 JavaThread "Unconstrained build operations Thread 3" [_thread_blocked, id=9924, stack(0x000000ed41b00000,0x000000ed41c00000)]
  0x00000254b06f7000 JavaThread "Unconstrained build operations Thread 4" [_thread_blocked, id=3952, stack(0x000000ed41c00000,0x000000ed41d00000)]
  0x00000254b06f9800 JavaThread "Unconstrained build operations Thread 5" [_thread_blocked, id=8764, stack(0x000000ed41d00000,0x000000ed41e00000)]
  0x00000254b06fa800 JavaThread "Unconstrained build operations Thread 6" [_thread_blocked, id=2508, stack(0x000000ed41e00000,0x000000ed41f00000)]
  0x00000254b3644000 JavaThread "Unconstrained build operations Thread 7" [_thread_blocked, id=3712, stack(0x000000ed41f00000,0x000000ed42000000)]
  0x00000254b3640000 JavaThread "Unconstrained build operations Thread 8" [_thread_blocked, id=6652, stack(0x000000ed42000000,0x000000ed42100000)]
  0x00000254b363f800 JavaThread "Unconstrained build operations Thread 9" [_thread_blocked, id=5400, stack(0x000000ed42100000,0x000000ed42200000)]
  0x00000254b3641000 JavaThread "Unconstrained build operations Thread 10" [_thread_blocked, id=5420, stack(0x000000ed42200000,0x000000ed42300000)]
  0x00000254b3641800 JavaThread "Unconstrained build operations Thread 11" [_thread_blocked, id=2368, stack(0x000000ed42300000,0x000000ed42400000)]
  0x00000254b3647800 JavaThread "Unconstrained build operations Thread 12" [_thread_blocked, id=3044, stack(0x000000ed42400000,0x000000ed42500000)]
  0x00000254b3645000 JavaThread "Unconstrained build operations Thread 13" [_thread_blocked, id=3276, stack(0x000000ed42500000,0x000000ed42600000)]
  0x00000254b3643800 JavaThread "Unconstrained build operations Thread 14" [_thread_blocked, id=8020, stack(0x000000ed42600000,0x000000ed42700000)]
  0x00000254b3646800 JavaThread "Unconstrained build operations Thread 15" [_thread_blocked, id=9336, stack(0x000000ed42700000,0x000000ed42800000)]
  0x00000254b3648800 JavaThread "Unconstrained build operations Thread 16" [_thread_blocked, id=6472, stack(0x000000ed42800000,0x000000ed42900000)]
  0x00000254b3646000 JavaThread "Unconstrained build operations Thread 17" [_thread_blocked, id=2228, stack(0x000000ed42900000,0x000000ed42a00000)]
  0x00000254b3642800 JavaThread "Unconstrained build operations Thread 18" [_thread_blocked, id=5260, stack(0x000000ed42a00000,0x000000ed42b00000)]
  0x00000254b364a000 JavaThread "Unconstrained build operations Thread 19" [_thread_blocked, id=6080, stack(0x000000ed42b00000,0x000000ed42c00000)]
  0x00000254b364d000 JavaThread "Unconstrained build operations Thread 20" [_thread_blocked, id=9344, stack(0x000000ed42c00000,0x000000ed42d00000)]
  0x00000254b364c800 JavaThread "Unconstrained build operations Thread 21" [_thread_blocked, id=3696, stack(0x000000ed42d00000,0x000000ed42e00000)]
  0x00000254b364e000 JavaThread "Unconstrained build operations Thread 22" [_thread_blocked, id=2940, stack(0x000000ed42e00000,0x000000ed42f00000)]
  0x00000254b364a800 JavaThread "Unconstrained build operations Thread 23" [_thread_blocked, id=1116, stack(0x000000ed42f00000,0x000000ed43000000)]
  0x00000254b3649000 JavaThread "Unconstrained build operations Thread 24" [_thread_blocked, id=5168, stack(0x000000ed43000000,0x000000ed43100000)]
  0x00000254b364b800 JavaThread "Unconstrained build operations Thread 25" [_thread_blocked, id=1492, stack(0x000000ed43100000,0x000000ed43200000)]
  0x00000254b3229000 JavaThread "Unconstrained build operations Thread 26" [_thread_blocked, id=8676, stack(0x000000ed43200000,0x000000ed43300000)]
  0x00000254b3226800 JavaThread "Unconstrained build operations Thread 27" [_thread_blocked, id=9976, stack(0x000000ed43300000,0x000000ed43400000)]
  0x00000254b3225800 JavaThread "Unconstrained build operations Thread 28" [_thread_blocked, id=8668, stack(0x000000ed43400000,0x000000ed43500000)]
  0x00000254b3224000 JavaThread "Unconstrained build operations Thread 29" [_thread_blocked, id=10132, stack(0x000000ed43500000,0x000000ed43600000)]
  0x00000254b3225000 JavaThread "Unconstrained build operations Thread 30" [_thread_blocked, id=248, stack(0x000000ed43600000,0x000000ed43700000)]
  0x00000254b3227800 JavaThread "Unconstrained build operations Thread 31" [_thread_blocked, id=608, stack(0x000000ed43700000,0x000000ed43800000)]
  0x00000254b3223800 JavaThread "Unconstrained build operations Thread 32" [_thread_blocked, id=4324, stack(0x000000ed43800000,0x000000ed43900000)]
  0x00000254b322b800 JavaThread "Unconstrained build operations Thread 33" [_thread_blocked, id=6520, stack(0x000000ed43900000,0x000000ed43a00000)]
  0x00000254b3228000 JavaThread "Unconstrained build operations Thread 34" [_thread_blocked, id=1144, stack(0x000000ed43a00000,0x000000ed43b00000)]
  0x00000254b322e800 JavaThread "Unconstrained build operations Thread 35" [_thread_blocked, id=7316, stack(0x000000ed43b00000,0x000000ed43c00000)]
  0x00000254b322e000 JavaThread "Unconstrained build operations Thread 36" [_thread_blocked, id=5792, stack(0x000000ed43c00000,0x000000ed43d00000)]
  0x00000254b322c800 JavaThread "Unconstrained build operations Thread 37" [_thread_blocked, id=6528, stack(0x000000ed43d00000,0x000000ed43e00000)]
  0x00000254b322d000 JavaThread "Unconstrained build operations Thread 38" [_thread_blocked, id=8776, stack(0x000000ed43e00000,0x000000ed43f00000)]
  0x00000254b322f800 JavaThread "Unconstrained build operations Thread 39" [_thread_blocked, id=4868, stack(0x000000ed43f00000,0x000000ed44000000)]
  0x00000254b322a000 JavaThread "Unconstrained build operations Thread 40" [_thread_blocked, id=6240, stack(0x000000ed44000000,0x000000ed44100000)]
  0x00000254b322a800 JavaThread "Memory manager" [_thread_blocked, id=988, stack(0x000000ed3e500000,0x000000ed3e600000)]
  0x00000254b1206000 JavaThread "Cache worker for execution history cache (D:\ANDROID PROJECTS\TaskAugust30\.gradle\7.3.3\executionHistory)" [_thread_blocked, id=6704, stack(0x000000ed44100000,0x000000ed44200000)]
=>0x00000254b56ab800 JavaThread "C2 CompilerThread1" daemon [_thread_in_native, id=5488, stack(0x000000ed3e600000,0x000000ed3e700000)]

Other Threads:
  0x00000254ae332800 VMThread "VM Thread" [stack: 0x000000ed3ee00000,0x000000ed3ef00000] [id=7344]
  0x00000254aee13800 WatcherThread [stack: 0x000000ed3f800000,0x000000ed3f900000] [id=3588]
  0x0000025494014000 GCTaskThread "GC Thread#0" [stack: 0x000000ed3e900000,0x000000ed3ea00000] [id=8748]
  0x00000254af318000 GCTaskThread "GC Thread#1" [stack: 0x000000ed3f900000,0x000000ed3fa00000] [id=3812]
  0x00000254b0f1a800 GCTaskThread "GC Thread#2" [stack: 0x000000ed40400000,0x000000ed40500000] [id=2764]
  0x00000254af335000 GCTaskThread "GC Thread#3" [stack: 0x000000ed40500000,0x000000ed40600000] [id=6680]
  0x0000025494043800 ConcurrentGCThread "G1 Main Marker" [stack: 0x000000ed3ea00000,0x000000ed3eb00000] [id=1180]
  0x0000025494046800 ConcurrentGCThread "G1 Conc#0" [stack: 0x000000ed3eb00000,0x000000ed3ec00000] [id=4548]
  0x000002549409f800 ConcurrentGCThread "G1 Refine#0" [stack: 0x000000ed3ec00000,0x000000ed3ed00000] [id=4328]
  0x00000254940a0800 ConcurrentGCThread "G1 Young RemSet Sampling" [stack: 0x000000ed3ed00000,0x000000ed3ee00000] [id=5056]

Threads with active compile tasks:
C2 CompilerThread1 118214 12679       4       org.gradle.tooling.internal.adapter.ProtocolToModelAdapter$SafeMethodInvoker::invoke (118 bytes)

VM state:not at safepoint (normal execution)

VM Mutex/Monitor currently owned by a thread: None

Heap address: 0x0000000080000000, size: 2048 MB, Compressed Oops mode: 32-bit
Narrow klass base: 0x0000000000000000, Narrow klass shift: 3
Compressed class space size: 1073741824 Address: 0x0000000100000000

Heap:
 garbage-first heap   total 199680K, used 166702K [0x0000000080000000, 0x0000000100000000)
  region size 1024K, 42 young (43008K), 4 survivors (4096K)
 Metaspace       used 103391K, capacity 105965K, committed 106240K, reserved 1140736K
  class space    used 13337K, capacity 14300K, committed 14336K, reserved 1048576K
Heap Regions: E=young(eden), S=young(survivor), O=old, HS=humongous(starts), HC=humongous(continues), CS=collection set, F=free, A=archive, TAMS=top-at-mark-start (previous, next)
|   0|0x0000000080000000, 0x0000000080100000, 0x0000000080100000|100%| O|  |TAMS 0x0000000080100000, 0x0000000080000000| Untracked 
|   1|0x0000000080100000, 0x0000000080200000, 0x0000000080200000|100%| O|  |TAMS 0x0000000080200000, 0x0000000080100000| Untracked 
|   2|0x0000000080200000, 0x0000000080300000, 0x0000000080300000|100%| O|  |TAMS 0x0000000080300000, 0x0000000080200000| Untracked 
|   3|0x0000000080300000, 0x0000000080400000, 0x0000000080400000|100%|HS|  |TAMS 0x0000000080400000, 0x0000000080300000| Complete 
|   4|0x0000000080400000, 0x0000000080500000, 0x0000000080500000|100%|HC|  |TAMS 0x0000000080500000, 0x0000000080400000| Complete 
|   5|0x0000000080500000, 0x0000000080600000, 0x0000000080600000|100%|HC|  |TAMS 0x0000000080600000, 0x0000000080500000| Complete 
|   6|0x0000000080600000, 0x0000000080700000, 0x0000000080700000|100%| O|  |TAMS 0x0000000080700000, 0x0000000080600000| Untracked 
|   7|0x0000000080700000, 0x0000000080800000, 0x0000000080800000|100%| O|  |TAMS 0x0000000080800000, 0x0000000080700000| Untracked 
|   8|0x0000000080800000, 0x0000000080900000, 0x0000000080900000|100%| O|  |TAMS 0x0000000080900000, 0x0000000080800000| Complete 
|   9|0x0000000080900000, 0x0000000080a00000, 0x0000000080a00000|100%| O|  |TAMS 0x0000000080a00000, 0x0000000080900000| Complete 
|  10|0x0000000080a00000, 0x0000000080b00000, 0x0000000080b00000|100%| O|  |TAMS 0x0000000080b00000, 0x0000000080a00000| Untracked 
|  11|0x0000000080b00000, 0x0000000080c00000, 0x0000000080c00000|100%| O|  |TAMS 0x0000000080c00000, 0x0000000080b00000| Untracked 
|  12|0x0000000080c00000, 0x0000000080d00000, 0x0000000080d00000|100%| O|  |TAMS 0x0000000080d00000, 0x0000000080c00000| Untracked 
|  13|0x0000000080d00000, 0x0000000080e00000, 0x0000000080e00000|100%| O|  |TAMS 0x0000000080e00000, 0x0000000080d00000| Untracked 
|  14|0x0000000080e00000, 0x0000000080f00000, 0x0000000080f00000|100%| O|  |TAMS 0x0000000080f00000, 0x0000000080e00000| Untracked 
|  15|0x0000000080f00000, 0x0000000081000000, 0x0000000081000000|100%| O|  |TAMS 0x0000000081000000, 0x0000000080f00000| Complete 
|  16|0x0000000081000000, 0x0000000081100000, 0x0000000081100000|100%| O|  |TAMS 0x0000000081100000, 0x0000000081000000| Complete 
|  17|0x0000000081100000, 0x0000000081200000, 0x0000000081200000|100%|HS|  |TAMS 0x0000000081200000, 0x0000000081100000| Complete 
|  18|0x0000000081200000, 0x0000000081300000, 0x0000000081300000|100%|HC|  |TAMS 0x0000000081300000, 0x0000000081200000| Complete 
|  19|0x0000000081300000, 0x0000000081400000, 0x0000000081400000|100%|HS|  |TAMS 0x0000000081400000, 0x0000000081300000| Complete 
|  20|0x0000000081400000, 0x0000000081500000, 0x0000000081500000|100%|HC|  |TAMS 0x0000000081500000, 0x0000000081400000| Complete 
|  21|0x0000000081500000, 0x0000000081600000, 0x0000000081600000|100%|HC|  |TAMS 0x0000000081600000, 0x0000000081500000| Complete 
|  22|0x0000000081600000, 0x0000000081700000, 0x0000000081700000|100%|HS|  |TAMS 0x0000000081700000, 0x0000000081600000| Complete 
|  23|0x0000000081700000, 0x0000000081800000, 0x0000000081800000|100%|HS|  |TAMS 0x0000000081800000, 0x0000000081700000| Complete 
|  24|0x0000000081800000, 0x0000000081900000, 0x0000000081900000|100%|HC|  |TAMS 0x0000000081900000, 0x0000000081800000| Complete 
|  25|0x0000000081900000, 0x0000000081a00000, 0x0000000081a00000|100%|HC|  |TAMS 0x0000000081a00000, 0x0000000081900000| Complete 
|  26|0x0000000081a00000, 0x0000000081b00000, 0x0000000081b00000|100%|HC|  |TAMS 0x0000000081b00000, 0x0000000081a00000| Complete 
|  27|0x0000000081b00000, 0x0000000081c00000, 0x0000000081c00000|100%| O|  |TAMS 0x0000000081c00000, 0x0000000081b00000| Untracked 
|  28|0x0000000081c00000, 0x0000000081d00000, 0x0000000081d00000|100%| O|  |TAMS 0x0000000081d00000, 0x0000000081c00000| Untracked 
|  29|0x0000000081d00000, 0x0000000081e00000, 0x0000000081e00000|100%| O|  |TAMS 0x0000000081e00000, 0x0000000081d00000| Untracked 
|  30|0x0000000081e00000, 0x0000000081f00000, 0x0000000081f00000|100%| O|  |TAMS 0x0000000081f00000, 0x0000000081e00000| Complete 
|  31|0x0000000081f00000, 0x0000000082000000, 0x0000000082000000|100%| O|  |TAMS 0x0000000082000000, 0x0000000081f00000| Untracked 
|  32|0x0000000082000000, 0x0000000082100000, 0x0000000082100000|100%| O|  |TAMS 0x0000000082100000, 0x0000000082000000| Untracked 
|  33|0x0000000082100000, 0x0000000082200000, 0x0000000082200000|100%| O|  |TAMS 0x0000000082200000, 0x0000000082100000| Untracked 
|  34|0x0000000082200000, 0x0000000082300000, 0x0000000082300000|100%| O|  |TAMS 0x0000000082300000, 0x0000000082200000| Untracked 
|  35|0x0000000082300000, 0x0000000082400000, 0x0000000082400000|100%| O|  |TAMS 0x0000000082400000, 0x0000000082300000| Complete 
|  36|0x0000000082400000, 0x0000000082500000, 0x0000000082500000|100%| O|  |TAMS 0x0000000082500000, 0x0000000082400000| Untracked 
|  37|0x0000000082500000, 0x0000000082600000, 0x0000000082600000|100%| O|  |TAMS 0x0000000082600000, 0x0000000082500000| Complete 
|  38|0x0000000082600000, 0x0000000082700000, 0x0000000082700000|100%| O|  |TAMS 0x0000000082700000, 0x0000000082600000| Complete 
|  39|0x0000000082700000, 0x0000000082800000, 0x0000000082800000|100%| O|  |TAMS 0x0000000082800000, 0x0000000082700000| Complete 
|  40|0x0000000082800000, 0x0000000082900000, 0x0000000082900000|100%| O|  |TAMS 0x0000000082900000, 0x0000000082800000| Complete 
|  41|0x0000000082900000, 0x0000000082a00000, 0x0000000082a00000|100%| O|  |TAMS 0x0000000082a00000, 0x0000000082900000| Complete 
|  42|0x0000000082a00000, 0x0000000082b00000, 0x0000000082b00000|100%| O|  |TAMS 0x0000000082b00000, 0x0000000082a00000| Untracked 
|  43|0x0000000082b00000, 0x0000000082c00000, 0x0000000082c00000|100%| O|  |TAMS 0x0000000082c00000, 0x0000000082b00000| Untracked 
|  44|0x0000000082c00000, 0x0000000082d00000, 0x0000000082d00000|100%| O|  |TAMS 0x0000000082d00000, 0x0000000082c00000| Complete 
|  45|0x0000000082d00000, 0x0000000082e00000, 0x0000000082e00000|100%| O|  |TAMS 0x0000000082e00000, 0x0000000082d00000| Untracked 
|  46|0x0000000082e00000, 0x0000000082f00000, 0x0000000082f00000|100%| O|  |TAMS 0x0000000082f00000, 0x0000000082e00000| Untracked 
|  47|0x0000000082f00000, 0x0000000083000000, 0x0000000083000000|100%| O|  |TAMS 0x0000000083000000, 0x0000000082f00000| Untracked 
|  48|0x0000000083000000, 0x0000000083100000, 0x0000000083100000|100%|HS|  |TAMS 0x0000000083100000, 0x0000000083000000| Complete 
|  49|0x0000000083100000, 0x0000000083200000, 0x0000000083200000|100%|HS|  |TAMS 0x0000000083200000, 0x0000000083100000| Complete 
|  50|0x0000000083200000, 0x0000000083300000, 0x0000000083300000|100%|HC|  |TAMS 0x0000000083300000, 0x0000000083200000| Complete 
|  51|0x0000000083300000, 0x0000000083400000, 0x0000000083400000|100%|HC|  |TAMS 0x0000000083400000, 0x0000000083300000| Complete 
|  52|0x0000000083400000, 0x0000000083500000, 0x0000000083500000|100%| O|  |TAMS 0x0000000083500000, 0x0000000083400000| Untracked 
|  53|0x0000000083500000, 0x0000000083600000, 0x0000000083600000|100%| O|  |TAMS 0x0000000083600000, 0x0000000083500000| Complete 
|  54|0x0000000083600000, 0x0000000083700000, 0x0000000083700000|100%|HS|  |TAMS 0x0000000083700000, 0x0000000083600000| Complete 
|  55|0x0000000083700000, 0x0000000083800000, 0x0000000083800000|100%|HC|  |TAMS 0x0000000083800000, 0x0000000083700000| Complete 
|  56|0x0000000083800000, 0x0000000083900000, 0x0000000083900000|100%|HC|  |TAMS 0x0000000083900000, 0x0000000083800000| Complete 
|  57|0x0000000083900000, 0x0000000083a00000, 0x0000000083a00000|100%|HC|  |TAMS 0x0000000083a00000, 0x0000000083900000| Complete 
|  58|0x0000000083a00000, 0x0000000083b00000, 0x0000000083b00000|100%| O|  |TAMS 0x0000000083b00000, 0x0000000083a00000| Complete 
|  59|0x0000000083b00000, 0x0000000083c00000, 0x0000000083c00000|100%|HS|  |TAMS 0x0000000083c00000, 0x0000000083b00000| Complete 
|  60|0x0000000083c00000, 0x0000000083d00000, 0x0000000083d00000|100%|HS|  |TAMS 0x0000000083d00000, 0x0000000083c00000| Complete 
|  61|0x0000000083d00000, 0x0000000083e00000, 0x0000000083e00000|100%|HS|  |TAMS 0x0000000083e00000, 0x0000000083d00000| Complete 
|  62|0x0000000083e00000, 0x0000000083f00000, 0x0000000083f00000|100%|HS|  |TAMS 0x0000000083f00000, 0x0000000083e00000| Complete 
|  63|0x0000000083f00000, 0x0000000084000000, 0x0000000084000000|100%|HC|  |TAMS 0x0000000084000000, 0x0000000083f00000| Complete 
|  64|0x0000000084000000, 0x0000000084100000, 0x0000000084100000|100%|HC|  |TAMS 0x0000000084100000, 0x0000000084000000| Complete 
|  65|0x0000000084100000, 0x0000000084200000, 0x0000000084200000|100%|HS|  |TAMS 0x0000000084200000, 0x0000000084100000| Complete 
|  66|0x0000000084200000, 0x0000000084300000, 0x0000000084300000|100%|HC|  |TAMS 0x0000000084300000, 0x0000000084200000| Complete 
|  67|0x0000000084300000, 0x0000000084400000, 0x0000000084400000|100%| O|  |TAMS 0x0000000084400000, 0x0000000084300000| Complete 
|  68|0x0000000084400000, 0x0000000084500000, 0x0000000084500000|100%| O|  |TAMS 0x0000000084500000, 0x0000000084400000| Complete 
|  69|0x0000000084500000, 0x0000000084600000, 0x0000000084600000|100%| O|  |TAMS 0x0000000084600000, 0x0000000084500000| Untracked 
|  70|0x0000000084600000, 0x0000000084700000, 0x0000000084700000|100%| O|  |TAMS 0x0000000084700000, 0x0000000084600000| Untracked 
|  71|0x0000000084700000, 0x0000000084800000, 0x0000000084800000|100%| O|  |TAMS 0x0000000084800000, 0x0000000084700000| Untracked 
|  72|0x0000000084800000, 0x0000000084900000, 0x0000000084900000|100%| O|  |TAMS 0x0000000084900000, 0x0000000084800000| Untracked 
|  73|0x0000000084900000, 0x0000000084a00000, 0x0000000084a00000|100%| O|  |TAMS 0x0000000084a00000, 0x0000000084900000| Untracked 
|  74|0x0000000084a00000, 0x0000000084b00000, 0x0000000084b00000|100%| O|  |TAMS 0x0000000084b00000, 0x0000000084a00000| Untracked 
|  75|0x0000000084b00000, 0x0000000084c00000, 0x0000000084c00000|100%| O|  |TAMS 0x0000000084c00000, 0x0000000084b00000| Untracked 
|  76|0x0000000084c00000, 0x0000000084d00000, 0x0000000084d00000|100%| O|  |TAMS 0x0000000084d00000, 0x0000000084c00000| Untracked 
|  77|0x0000000084d00000, 0x0000000084e00000, 0x0000000084e00000|100%| O|  |TAMS 0x0000000084e00000, 0x0000000084d00000| Untracked 
|  78|0x0000000084e00000, 0x0000000084f00000, 0x0000000084f00000|100%| O|  |TAMS 0x0000000084f00000, 0x0000000084e00000| Untracked 
|  79|0x0000000084f00000, 0x0000000085000000, 0x0000000085000000|100%| O|  |TAMS 0x0000000085000000, 0x0000000084f00000| Complete 
|  80|0x0000000085000000, 0x0000000085100000, 0x0000000085100000|100%| O|  |TAMS 0x0000000085100000, 0x0000000085000000| Untracked 
|  81|0x0000000085100000, 0x0000000085200000, 0x0000000085200000|100%| O|  |TAMS 0x0000000085200000, 0x0000000085100000| Untracked 
|  82|0x0000000085200000, 0x0000000085300000, 0x0000000085300000|100%| O|  |TAMS 0x0000000085300000, 0x0000000085200000| Untracked 
|  83|0x0000000085300000, 0x0000000085400000, 0x0000000085400000|100%| O|  |TAMS 0x0000000085400000, 0x0000000085300000| Untracked 
|  84|0x0000000085400000, 0x0000000085500000, 0x0000000085500000|100%| O|  |TAMS 0x0000000085500000, 0x0000000085400000| Untracked 
|  85|0x0000000085500000, 0x0000000085600000, 0x0000000085600000|100%| O|  |TAMS 0x0000000085600000, 0x0000000085500000| Untracked 
|  86|0x0000000085600000, 0x0000000085700000, 0x0000000085700000|100%| O|  |TAMS 0x0000000085700000, 0x0000000085600000| Complete 
|  87|0x0000000085700000, 0x0000000085800000, 0x0000000085800000|100%| O|  |TAMS 0x0000000085800000, 0x0000000085700000| Complete 
|  88|0x0000000085800000, 0x0000000085900000, 0x0000000085900000|100%| O|  |TAMS 0x0000000085900000, 0x0000000085800000| Untracked 
|  89|0x0000000085900000, 0x0000000085a00000, 0x0000000085a00000|100%| O|  |TAMS 0x0000000085a00000, 0x0000000085900000| Untracked 
|  90|0x0000000085a00000, 0x0000000085b00000, 0x0000000085b00000|100%| O|  |TAMS 0x0000000085b00000, 0x0000000085a00000| Complete 
|  91|0x0000000085b00000, 0x0000000085c00000, 0x0000000085c00000|100%| O|  |TAMS 0x0000000085c00000, 0x0000000085b00000| Untracked 
|  92|0x0000000085c00000, 0x0000000085d00000, 0x0000000085d00000|100%| O|  |TAMS 0x0000000085d00000, 0x0000000085c00000| Untracked 
|  93|0x0000000085d00000, 0x0000000085e00000, 0x0000000085e00000|100%| O|  |TAMS 0x0000000085e00000, 0x0000000085d00000| Untracked 
|  94|0x0000000085e00000, 0x0000000085f00000, 0x0000000085f00000|100%| O|  |TAMS 0x0000000085f00000, 0x0000000085e00000| Complete 
|  95|0x0000000085f00000, 0x0000000086000000, 0x0000000086000000|100%|HS|  |TAMS 0x0000000086000000, 0x0000000085f00000| Complete 
|  96|0x0000000086000000, 0x0000000086100000, 0x0000000086100000|100%|HC|  |TAMS 0x0000000086100000, 0x0000000086000000| Complete 
|  97|0x0000000086100000, 0x0000000086200000, 0x0000000086200000|100%|HS|  |TAMS 0x0000000086200000, 0x0000000086100000| Complete 
|  98|0x0000000086200000, 0x0000000086300000, 0x0000000086300000|100%|HC|  |TAMS 0x0000000086300000, 0x0000000086200000| Complete 
|  99|0x0000000086300000, 0x0000000086400000, 0x0000000086400000|100%|HC|  |TAMS 0x0000000086400000, 0x0000000086300000| Complete 
| 100|0x0000000086400000, 0x0000000086500000, 0x0000000086500000|100%|HS|  |TAMS 0x0000000086500000, 0x0000000086400000| Complete 
| 101|0x0000000086500000, 0x0000000086600000, 0x0000000086600000|100%|HS|  |TAMS 0x0000000086600000, 0x0000000086500000| Complete 
| 102|0x0000000086600000, 0x0000000086700000, 0x0000000086700000|100%|HC|  |TAMS 0x0000000086700000, 0x0000000086600000| Complete 
| 103|0x0000000086700000, 0x0000000086800000, 0x0000000086800000|100%|HC|  |TAMS 0x0000000086800000, 0x0000000086700000| Complete 
| 104|0x0000000086800000, 0x0000000086900000, 0x0000000086900000|100%|HC|  |TAMS 0x0000000086900000, 0x0000000086800000| Complete 
| 105|0x0000000086900000, 0x0000000086a00000, 0x0000000086a00000|100%| O|  |TAMS 0x0000000086a00000, 0x0000000086900000| Untracked 
| 106|0x0000000086a00000, 0x0000000086b00000, 0x0000000086b00000|100%| O|  |TAMS 0x0000000086b00000, 0x0000000086a00000| Complete 
| 107|0x0000000086b00000, 0x0000000086c00000, 0x0000000086c00000|100%| O|  |TAMS 0x0000000086c00000, 0x0000000086b00000| Complete 
| 108|0x0000000086c00000, 0x0000000086d00000, 0x0000000086d00000|100%| O|  |TAMS 0x0000000086d00000, 0x0000000086c00000| Untracked 
| 109|0x0000000086d00000, 0x0000000086e00000, 0x0000000086e00000|100%| O|  |TAMS 0x0000000086e00000, 0x0000000086d00000| Untracked 
| 110|0x0000000086e00000, 0x0000000086f00000, 0x0000000086f00000|100%| O|  |TAMS 0x0000000086f00000, 0x0000000086e00000| Untracked 
| 111|0x0000000086f00000, 0x0000000087000000, 0x0000000087000000|100%| O|  |TAMS 0x0000000087000000, 0x0000000086f00000| Untracked 
| 112|0x0000000087000000, 0x0000000087100000, 0x0000000087100000|100%| O|  |TAMS 0x0000000087100000, 0x0000000087000000| Untracked 
| 113|0x0000000087100000, 0x0000000087200000, 0x0000000087200000|100%| O|  |TAMS 0x0000000087200000, 0x0000000087100000| Untracked 
| 114|0x0000000087200000, 0x0000000087300000, 0x0000000087300000|100%| O|  |TAMS 0x0000000087300000, 0x0000000087200000| Untracked 
| 115|0x0000000087300000, 0x0000000087400000, 0x0000000087400000|100%| O|  |TAMS 0x0000000087400000, 0x0000000087300000| Untracked 
| 116|0x0000000087400000, 0x0000000087500000, 0x0000000087500000|100%| O|  |TAMS 0x0000000087500000, 0x0000000087400000| Untracked 
| 117|0x0000000087500000, 0x0000000087600000, 0x0000000087600000|100%| O|  |TAMS 0x0000000087600000, 0x0000000087500000| Untracked 
| 118|0x0000000087600000, 0x0000000087700000, 0x0000000087700000|100%| O|  |TAMS 0x0000000087700000, 0x0000000087600000| Untracked 
| 119|0x0000000087700000, 0x0000000087700000, 0x0000000087800000|  0%| F|  |TAMS 0x0000000087700000, 0x0000000087700000| Untracked 
| 120|0x0000000087800000, 0x0000000087800000, 0x0000000087900000|  0%| F|  |TAMS 0x0000000087800000, 0x0000000087800000| Untracked 
| 121|0x0000000087900000, 0x0000000087a00000, 0x0000000087a00000|100%| O|  |TAMS 0x0000000087a00000, 0x0000000087900000| Untracked 
| 122|0x0000000087a00000, 0x0000000087b00000, 0x0000000087b00000|100%| O|  |TAMS 0x0000000087b00000, 0x0000000087a00000| Complete 
| 123|0x0000000087b00000, 0x0000000087c00000, 0x0000000087c00000|100%| O|  |TAMS 0x0000000087c00000, 0x0000000087b00000| Complete 
| 124|0x0000000087c00000, 0x0000000087d00000, 0x0000000087d00000|100%| O|  |TAMS 0x0000000087d00000, 0x0000000087c00000| Complete 
| 125|0x0000000087d00000, 0x0000000087d00000, 0x0000000087e00000|  0%| F|  |TAMS 0x0000000087d00000, 0x0000000087d00000| Untracked 
| 126|0x0000000087e00000, 0x0000000087e00000, 0x0000000087f00000|  0%| F|  |TAMS 0x0000000087e00000, 0x0000000087e00000| Untracked 
| 127|0x0000000087f00000, 0x0000000087f00000, 0x0000000088000000|  0%| F|  |TAMS 0x0000000087f00000, 0x0000000087f00000| Untracked 
| 128|0x0000000088000000, 0x0000000088000000, 0x0000000088100000|  0%| F|  |TAMS 0x0000000088000000, 0x0000000088000000| Untracked 
| 129|0x0000000088100000, 0x0000000088100000, 0x0000000088200000|  0%| F|  |TAMS 0x0000000088100000, 0x0000000088100000| Untracked 
| 130|0x0000000088200000, 0x0000000088200000, 0x0000000088300000|  0%| F|  |TAMS 0x0000000088200000, 0x0000000088200000| Untracked 
| 131|0x0000000088300000, 0x0000000088300000, 0x0000000088400000|  0%| F|  |TAMS 0x0000000088300000, 0x0000000088300000| Untracked 
| 132|0x0000000088400000, 0x0000000088400000, 0x0000000088500000|  0%| F|  |TAMS 0x0000000088400000, 0x0000000088400000| Untracked 
| 133|0x0000000088500000, 0x0000000088500000, 0x0000000088600000|  0%| F|  |TAMS 0x0000000088500000, 0x0000000088500000| Untracked 
| 134|0x0000000088600000, 0x0000000088600000, 0x0000000088700000|  0%| F|  |TAMS 0x0000000088600000, 0x0000000088600000| Untracked 
| 135|0x0000000088700000, 0x0000000088700000, 0x0000000088800000|  0%| F|  |TAMS 0x0000000088700000, 0x0000000088700000| Untracked 
| 136|0x0000000088800000, 0x0000000088800000, 0x0000000088900000|  0%| F|  |TAMS 0x0000000088800000, 0x0000000088800000| Untracked 
| 137|0x0000000088900000, 0x0000000088900000, 0x0000000088a00000|  0%| F|  |TAMS 0x0000000088900000, 0x0000000088900000| Untracked 
| 138|0x0000000088a00000, 0x0000000088a00000, 0x0000000088b00000|  0%| F|  |TAMS 0x0000000088a00000, 0x0000000088a00000| Untracked 
| 139|0x0000000088b00000, 0x0000000088b00000, 0x0000000088c00000|  0%| F|  |TAMS 0x0000000088b00000, 0x0000000088b00000| Untracked 
| 140|0x0000000088c00000, 0x0000000088c00000, 0x0000000088d00000|  0%| F|  |TAMS 0x0000000088c00000, 0x0000000088c00000| Untracked 
| 141|0x0000000088d00000, 0x0000000088d00000, 0x0000000088e00000|  0%| F|  |TAMS 0x0000000088d00000, 0x0000000088d00000| Untracked 
| 142|0x0000000088e00000, 0x0000000088e00000, 0x0000000088f00000|  0%| F|  |TAMS 0x0000000088e00000, 0x0000000088e00000| Untracked 
| 143|0x0000000088f00000, 0x0000000088f00000, 0x0000000089000000|  0%| F|  |TAMS 0x0000000088f00000, 0x0000000088f00000| Untracked 
| 144|0x0000000089000000, 0x0000000089000000, 0x0000000089100000|  0%| F|  |TAMS 0x0000000089000000, 0x0000000089000000| Untracked 
| 145|0x0000000089100000, 0x0000000089100000, 0x0000000089200000|  0%| F|  |TAMS 0x0000000089100000, 0x0000000089100000| Untracked 
| 146|0x0000000089200000, 0x0000000089200000, 0x0000000089300000|  0%| F|  |TAMS 0x0000000089200000, 0x0000000089200000| Untracked 
| 147|0x0000000089300000, 0x0000000089300000, 0x0000000089400000|  0%| F|  |TAMS 0x0000000089300000, 0x0000000089300000| Untracked 
| 148|0x0000000089400000, 0x0000000089400000, 0x0000000089500000|  0%| F|  |TAMS 0x0000000089400000, 0x0000000089400000| Untracked 
| 149|0x0000000089500000, 0x00000000895cbaf0, 0x0000000089600000| 79%| S|CS|TAMS 0x0000000089500000, 0x0000000089500000| Complete 
| 150|0x0000000089600000, 0x0000000089700000, 0x0000000089700000|100%| S|CS|TAMS 0x0000000089600000, 0x0000000089600000| Complete 
| 151|0x0000000089700000, 0x0000000089800000, 0x0000000089800000|100%| S|CS|TAMS 0x0000000089700000, 0x0000000089700000| Complete 
| 152|0x0000000089800000, 0x0000000089900000, 0x0000000089900000|100%| S|CS|TAMS 0x0000000089800000, 0x0000000089800000| Complete 
| 153|0x0000000089900000, 0x0000000089900000, 0x0000000089a00000|  0%| F|  |TAMS 0x0000000089900000, 0x0000000089900000| Untracked 
| 154|0x0000000089a00000, 0x0000000089a00000, 0x0000000089b00000|  0%| F|  |TAMS 0x0000000089a00000, 0x0000000089a00000| Untracked 
| 155|0x0000000089b00000, 0x0000000089b00000, 0x0000000089c00000|  0%| F|  |TAMS 0x0000000089b00000, 0x0000000089b00000| Untracked 
| 156|0x0000000089c00000, 0x0000000089c00000, 0x0000000089d00000|  0%| F|  |TAMS 0x0000000089c00000, 0x0000000089c00000| Untracked 
| 157|0x0000000089d00000, 0x0000000089e00000, 0x0000000089e00000|100%| E|  |TAMS 0x0000000089d00000, 0x0000000089d00000| Complete 
| 158|0x0000000089e00000, 0x0000000089f00000, 0x0000000089f00000|100%| E|CS|TAMS 0x0000000089e00000, 0x0000000089e00000| Complete 
| 159|0x0000000089f00000, 0x000000008a000000, 0x000000008a000000|100%| E|CS|TAMS 0x0000000089f00000, 0x0000000089f00000| Complete 
| 160|0x000000008a000000, 0x000000008a100000, 0x000000008a100000|100%| E|CS|TAMS 0x000000008a000000, 0x000000008a000000| Complete 
| 161|0x000000008a100000, 0x000000008a200000, 0x000000008a200000|100%| E|CS|TAMS 0x000000008a100000, 0x000000008a100000| Complete 
| 162|0x000000008a200000, 0x000000008a300000, 0x000000008a300000|100%| E|  |TAMS 0x000000008a200000, 0x000000008a200000| Complete 
| 163|0x000000008a300000, 0x000000008a400000, 0x000000008a400000|100%| E|CS|TAMS 0x000000008a300000, 0x000000008a300000| Complete 
| 164|0x000000008a400000, 0x000000008a500000, 0x000000008a500000|100%| E|CS|TAMS 0x000000008a400000, 0x000000008a400000| Complete 
| 165|0x000000008a500000, 0x000000008a600000, 0x000000008a600000|100%| E|CS|TAMS 0x000000008a500000, 0x000000008a500000| Complete 
| 166|0x000000008a600000, 0x000000008a700000, 0x000000008a700000|100%| E|CS|TAMS 0x000000008a600000, 0x000000008a600000| Complete 
| 167|0x000000008a700000, 0x000000008a800000, 0x000000008a800000|100%| E|CS|TAMS 0x000000008a700000, 0x000000008a700000| Complete 
| 168|0x000000008a800000, 0x000000008a900000, 0x000000008a900000|100%| E|CS|TAMS 0x000000008a800000, 0x000000008a800000| Complete 
| 169|0x000000008a900000, 0x000000008aa00000, 0x000000008aa00000|100%| E|CS|TAMS 0x000000008a900000, 0x000000008a900000| Complete 
| 170|0x000000008aa00000, 0x000000008ab00000, 0x000000008ab00000|100%| E|CS|TAMS 0x000000008aa00000, 0x000000008aa00000| Complete 
| 171|0x000000008ab00000, 0x000000008ac00000, 0x000000008ac00000|100%| E|CS|TAMS 0x000000008ab00000, 0x000000008ab00000| Complete 
| 172|0x000000008ac00000, 0x000000008ad00000, 0x000000008ad00000|100%| E|CS|TAMS 0x000000008ac00000, 0x000000008ac00000| Complete 
| 173|0x000000008ad00000, 0x000000008ae00000, 0x000000008ae00000|100%| E|CS|TAMS 0x000000008ad00000, 0x000000008ad00000| Complete 
| 174|0x000000008ae00000, 0x000000008af00000, 0x000000008af00000|100%| E|CS|TAMS 0x000000008ae00000, 0x000000008ae00000| Complete 
| 175|0x000000008af00000, 0x000000008b000000, 0x000000008b000000|100%| E|CS|TAMS 0x000000008af00000, 0x000000008af00000| Complete 
| 176|0x000000008b000000, 0x000000008b100000, 0x000000008b100000|100%| E|CS|TAMS 0x000000008b000000, 0x000000008b000000| Complete 
| 177|0x000000008b100000, 0x000000008b200000, 0x000000008b200000|100%| E|CS|TAMS 0x000000008b100000, 0x000000008b100000| Complete 
| 178|0x000000008b200000, 0x000000008b300000, 0x000000008b300000|100%| E|CS|TAMS 0x000000008b200000, 0x000000008b200000| Complete 
| 179|0x000000008b300000, 0x000000008b400000, 0x000000008b400000|100%| E|CS|TAMS 0x000000008b300000, 0x000000008b300000| Complete 
| 180|0x000000008b400000, 0x000000008b500000, 0x000000008b500000|100%| E|CS|TAMS 0x000000008b400000, 0x000000008b400000| Complete 
| 181|0x000000008b500000, 0x000000008b600000, 0x000000008b600000|100%| E|CS|TAMS 0x000000008b500000, 0x000000008b500000| Complete 
| 182|0x000000008b600000, 0x000000008b700000, 0x000000008b700000|100%| E|CS|TAMS 0x000000008b600000, 0x000000008b600000| Complete 
| 183|0x000000008b700000, 0x000000008b800000, 0x000000008b800000|100%| E|CS|TAMS 0x000000008b700000, 0x000000008b700000| Complete 
| 184|0x000000008b800000, 0x000000008b900000, 0x000000008b900000|100%| E|CS|TAMS 0x000000008b800000, 0x000000008b800000| Complete 
| 185|0x000000008b900000, 0x000000008ba00000, 0x000000008ba00000|100%| E|CS|TAMS 0x000000008b900000, 0x000000008b900000| Complete 
| 186|0x000000008ba00000, 0x000000008bb00000, 0x000000008bb00000|100%| E|CS|TAMS 0x000000008ba00000, 0x000000008ba00000| Complete 
| 187|0x000000008bb00000, 0x000000008bc00000, 0x000000008bc00000|100%| E|CS|TAMS 0x000000008bb00000, 0x000000008bb00000| Complete 
| 188|0x000000008bc00000, 0x000000008bd00000, 0x000000008bd00000|100%| E|CS|TAMS 0x000000008bc00000, 0x000000008bc00000| Complete 
| 189|0x000000008bd00000, 0x000000008be00000, 0x000000008be00000|100%| E|CS|TAMS 0x000000008bd00000, 0x000000008bd00000| Complete 
| 190|0x000000008be00000, 0x000000008bf00000, 0x000000008bf00000|100%| E|CS|TAMS 0x000000008be00000, 0x000000008be00000| Complete 
| 191|0x000000008bf00000, 0x000000008c000000, 0x000000008c000000|100%| E|CS|TAMS 0x000000008bf00000, 0x000000008bf00000| Complete 
| 192|0x000000008c000000, 0x000000008c100000, 0x000000008c100000|100%| E|CS|TAMS 0x000000008c000000, 0x000000008c000000| Complete 
| 193|0x000000008c100000, 0x000000008c200000, 0x000000008c200000|100%| E|CS|TAMS 0x000000008c100000, 0x000000008c100000| Complete 
| 194|0x000000008c200000, 0x000000008c300000, 0x000000008c300000|100%| E|CS|TAMS 0x000000008c200000, 0x000000008c200000| Complete 

Card table byte_map: [0x00000254a7530000,0x00000254a7930000] _byte_map_base: 0x00000254a7130000

Marking Bits (Prev, Next): (CMBitMap*) 0x000002549403a8d0, (CMBitMap*) 0x000002549403a898
 Prev Bits: [0x00000254a9d30000, 0x00000254abd30000)
 Next Bits: [0x00000254a7d30000, 0x00000254a9d30000)

Polling page: 0x0000025492980000

Metaspace:

Usage:
  Non-class:     89.52 MB capacity,    87.97 MB ( 98%) used,     1.27 MB (  1%) free+waste,   285.38 KB ( <1%) overhead. 
      Class:     13.96 MB capacity,    13.03 MB ( 93%) used,   828.34 KB (  6%) free+waste,   129.69 KB ( <1%) overhead. 
       Both:    103.48 MB capacity,   101.00 MB ( 98%) used,     2.08 MB (  2%) free+waste,   415.06 KB ( <1%) overhead. 

Virtual space:
  Non-class space:       90.00 MB reserved,      89.75 MB (>99%) committed 
      Class space:        1.00 GB reserved,      14.00 MB (  1%) committed 
             Both:        1.09 GB reserved,     103.75 MB (  9%) committed 

Chunk freelists:
   Non-Class:  47.00 KB
       Class:  4.00 KB
        Both:  51.00 KB

MaxMetaspaceSize: 17179869184.00 GB
CompressedClassSpaceSize: 1.00 GB
Initial GC threshold: 20.80 MB
Current GC threshold: 170.63 MB
CDS: off

CodeHeap 'non-profiled nmethods': size=120064Kb used=8790Kb max_used=8790Kb free=111273Kb
 bounds [0x000002549f5d0000, 0x000002549fe70000, 0x00000254a6b10000]
CodeHeap 'profiled nmethods': size=120000Kb used=28161Kb max_used=28161Kb free=91838Kb
 bounds [0x00000254980a0000, 0x0000025499c30000, 0x000002549f5d0000]
CodeHeap 'non-nmethods': size=5696Kb used=2422Kb max_used=2475Kb free=3273Kb
 bounds [0x0000025497b10000, 0x0000025497d90000, 0x00000254980a0000]
 total_blobs=13404 nmethods=12459 adapters=855
 compilation: enabled
              stopped_count=0, restarted_count=0
 full_count=0

Compilation events (20 events):
Event: 117.510 Thread 0x00000254ae3a3000 12794       3       org.gradle.internal.classloader.ClassLoaderVisitor::visitSpec (1 bytes)
Event: 117.510 Thread 0x00000254ae3a3000 nmethod 12794 0x0000025499c0f210 code [0x0000025499c0f3c0, 0x0000025499c0f4b8]
Event: 117.521 Thread 0x00000254ae3a3000 12795       3       sun.nio.ch.NativeDispatcher::<init> (5 bytes)
Event: 117.521 Thread 0x00000254ae3a3000 nmethod 12795 0x0000025499c0f590 code [0x0000025499c0f740, 0x0000025499c0f898]
Event: 117.521 Thread 0x00000254ae3a3000 12796       3       sun.nio.ch.FileChannelImpl::open (16 bytes)
Event: 117.522 Thread 0x00000254ae3a3000 nmethod 12796 0x0000025499c0f990 code [0x0000025499c0fb40, 0x0000025499c0fce8]
Event: 117.522 Thread 0x00000254ae3a3000 12797       3       sun.nio.ch.FileChannelImpl::<init> (144 bytes)
Event: 117.524 Thread 0x00000254ae3a3000 nmethod 12797 0x0000025499c0fe10 code [0x0000025499c100c0, 0x0000025499c11198]
Event: 117.524 Thread 0x00000254ae3a3000 12798       3       java.nio.channels.FileChannel::<init> (5 bytes)
Event: 117.524 Thread 0x00000254ae3a3000 nmethod 12798 0x0000025499c11710 code [0x0000025499c118e0, 0x0000025499c11bb8]
Event: 117.530 Thread 0x00000254ae3a3000 12799       3       org.gradle.api.internal.artifacts.transform.DefaultTransformerInvocationFactory$ImmutableTransformerExecution::lambda$visitIdentityInputs$0 (53 bytes)
Event: 117.531 Thread 0x00000254ae3a3000 nmethod 12799 0x0000025499c11d10 code [0x0000025499c11f40, 0x0000025499c126e8]
Event: 117.531 Thread 0x00000254ae3a3000 12800   !   3       org.gradle.internal.resources.AbstractTrackedResourceLock::unlock (78 bytes)
Event: 117.534 Thread 0x00000254ae3a3000 nmethod 12800 0x0000025499c12a10 code [0x0000025499c12d20, 0x0000025499c13e48]
Event: 117.534 Thread 0x00000254ae3a3000 12801       3       org.gradle.internal.resources.DefaultResourceLockCoordinationService$DefaultResourceLockState::registerLocked (53 bytes)
Event: 117.535 Thread 0x00000254ae3a3000 nmethod 12801 0x0000025499c14510 code [0x0000025499c14740, 0x0000025499c14f58]
Event: 117.536 Thread 0x00000254ae3a3000 12802       3       org.gradle.cache.internal.btree.FileBackedBlockStore$BlockImpl::getPos (31 bytes)
Event: 117.537 Thread 0x00000254ae3a3000 nmethod 12802 0x0000025499c15210 code [0x0000025499c15400, 0x0000025499c158b8]
Event: 117.544 Thread 0x00000254ae3a3000 12803       3       com.google.common.collect.ImmutableSortedMap::createEntrySet (22 bytes)
Event: 117.544 Thread 0x00000254ae3a3000 nmethod 12803 0x0000025499c15a90 code [0x0000025499c15ca0, 0x0000025499c163a8]

GC Heap History (20 events):
Event: 93.075 GC heap before
{Heap before GC invocations=70 (full 0):
 garbage-first heap   total 199680K, used 128291K [0x0000000080000000, 0x0000000100000000)
  region size 1024K, 9 young (9216K), 3 survivors (3072K)
 Metaspace       used 95510K, capacity 97815K, committed 98048K, reserved 1134592K
  class space    used 12406K, capacity 13222K, committed 13312K, reserved 1048576K
}
Event: 93.084 GC heap after
{Heap after GC invocations=71 (full 0):
 garbage-first heap   total 199680K, used 121604K [0x0000000080000000, 0x0000000100000000)
  region size 1024K, 1 young (1024K), 1 survivors (1024K)
 Metaspace       used 95510K, capacity 97815K, committed 98048K, reserved 1134592K
  class space    used 12406K, capacity 13222K, committed 13312K, reserved 1048576K
}
Event: 94.928 GC heap before
{Heap before GC invocations=71 (full 0):
 garbage-first heap   total 199680K, used 153348K [0x0000000080000000, 0x0000000100000000)
  region size 1024K, 33 young (33792K), 1 survivors (1024K)
 Metaspace       used 98105K, capacity 100538K, committed 100736K, reserved 1136640K
  class space    used 12789K, capacity 13652K, committed 13696K, reserved 1048576K
}
Event: 94.943 GC heap after
{Heap after GC invocations=72 (full 0):
 garbage-first heap   total 199680K, used 123400K [0x0000000080000000, 0x0000000100000000)
  region size 1024K, 3 young (3072K), 3 survivors (3072K)
 Metaspace       used 98105K, capacity 100538K, committed 100736K, reserved 1136640K
  class space    used 12789K, capacity 13652K, committed 13696K, reserved 1048576K
}
Event: 96.569 GC heap before
{Heap before GC invocations=73 (full 0):
 garbage-first heap   total 199680K, used 163336K [0x0000000080000000, 0x0000000100000000)
  region size 1024K, 40 young (40960K), 3 survivors (3072K)
 Metaspace       used 98517K, capacity 100939K, committed 100992K, reserved 1136640K
  class space    used 12808K, capacity 13679K, committed 13696K, reserved 1048576K
}
Event: 96.582 GC heap after
{Heap after GC invocations=74 (full 0):
 garbage-first heap   total 199680K, used 128357K [0x0000000080000000, 0x0000000100000000)
  region size 1024K, 5 young (5120K), 5 survivors (5120K)
 Metaspace       used 98517K, capacity 100939K, committed 100992K, reserved 1136640K
  class space    used 12808K, capacity 13679K, committed 13696K, reserved 1048576K
}
Event: 98.109 GC heap before
{Heap before GC invocations=74 (full 0):
 garbage-first heap   total 199680K, used 165221K [0x0000000080000000, 0x0000000100000000)
  region size 1024K, 41 young (41984K), 5 survivors (5120K)
 Metaspace       used 98519K, capacity 100939K, committed 100992K, reserved 1136640K
  class space    used 12808K, capacity 13679K, committed 13696K, reserved 1048576K
}
Event: 98.133 GC heap after
{Heap after GC invocations=75 (full 0):
 garbage-first heap   total 199680K, used 129061K [0x0000000080000000, 0x0000000100000000)
  region size 1024K, 4 young (4096K), 4 survivors (4096K)
 Metaspace       used 98519K, capacity 100939K, committed 100992K, reserved 1136640K
  class space    used 12808K, capacity 13679K, committed 13696K, reserved 1048576K
}
Event: 99.041 GC heap before
{Heap before GC invocations=76 (full 0):
 garbage-first heap   total 199680K, used 165925K [0x0000000080000000, 0x0000000100000000)
  region size 1024K, 40 young (40960K), 4 survivors (4096K)
 Metaspace       used 98520K, capacity 100939K, committed 100992K, reserved 1136640K
  class space    used 12808K, capacity 13679K, committed 13696K, reserved 1048576K
}
Event: 99.059 GC heap after
{Heap after GC invocations=77 (full 0):
 garbage-first heap   total 199680K, used 129199K [0x0000000080000000, 0x0000000100000000)
  region size 1024K, 1 young (1024K), 1 survivors (1024K)
 Metaspace       used 98520K, capacity 100939K, committed 100992K, reserved 1136640K
  class space    used 12808K, capacity 13679K, committed 13696K, reserved 1048576K
}
Event: 101.604 GC heap before
{Heap before GC invocations=77 (full 0):
 garbage-first heap   total 199680K, used 167087K [0x0000000080000000, 0x0000000100000000)
  region size 1024K, 38 young (38912K), 1 survivors (1024K)
 Metaspace       used 98520K, capacity 100939K, committed 100992K, reserved 1136640K
  class space    used 12808K, capacity 13679K, committed 13696K, reserved 1048576K
}
Event: 101.611 GC heap after
{Heap after GC invocations=78 (full 0):
 garbage-first heap   total 199680K, used 129077K [0x0000000080000000, 0x0000000100000000)
  region size 1024K, 1 young (1024K), 1 survivors (1024K)
 Metaspace       used 98520K, capacity 100939K, committed 100992K, reserved 1136640K
  class space    used 12808K, capacity 13679K, committed 13696K, reserved 1048576K
}
Event: 109.109 GC heap before
{Heap before GC invocations=79 (full 0):
 garbage-first heap   total 199680K, used 167989K [0x0000000080000000, 0x0000000100000000)
  region size 1024K, 39 young (39936K), 1 survivors (1024K)
 Metaspace       used 98527K, capacity 100945K, committed 100992K, reserved 1136640K
  class space    used 12808K, capacity 13680K, committed 13696K, reserved 1048576K
}
Event: 109.117 GC heap after
{Heap after GC invocations=80 (full 0):
 garbage-first heap   total 199680K, used 129051K [0x0000000080000000, 0x0000000100000000)
  region size 1024K, 1 young (1024K), 1 survivors (1024K)
 Metaspace       used 98527K, capacity 100945K, committed 100992K, reserved 1136640K
  class space    used 12808K, capacity 13680K, committed 13696K, reserved 1048576K
}
Event: 109.913 GC heap before
{Heap before GC invocations=80 (full 0):
 garbage-first heap   total 199680K, used 168987K [0x0000000080000000, 0x0000000100000000)
  region size 1024K, 40 young (40960K), 1 survivors (1024K)
 Metaspace       used 98543K, capacity 100945K, committed 100992K, reserved 1136640K
  class space    used 12810K, capacity 13680K, committed 13696K, reserved 1048576K
}
Event: 109.917 GC heap after
{Heap after GC invocations=81 (full 0):
 garbage-first heap   total 199680K, used 129381K [0x0000000080000000, 0x0000000100000000)
  region size 1024K, 1 young (1024K), 1 survivors (1024K)
 Metaspace       used 98543K, capacity 100945K, committed 100992K, reserved 1136640K
  class space    used 12810K, capacity 13680K, committed 13696K, reserved 1048576K
}
Event: 110.887 GC heap before
{Heap before GC invocations=82 (full 0):
 garbage-first heap   total 199680K, used 170341K [0x0000000080000000, 0x0000000100000000)
  region size 1024K, 41 young (41984K), 1 survivors (1024K)
 Metaspace       used 100096K, capacity 102524K, committed 102784K, reserved 1138688K
  class space    used 12980K, capacity 13865K, committed 13952K, reserved 1048576K
}
Event: 110.891 GC heap after
{Heap after GC invocations=83 (full 0):
 garbage-first heap   total 199680K, used 127521K [0x0000000080000000, 0x0000000100000000)
  region size 1024K, 1 young (1024K), 1 survivors (1024K)
 Metaspace       used 100096K, capacity 102524K, committed 102784K, reserved 1138688K
  class space    used 12980K, capacity 13865K, committed 13952K, reserved 1048576K
}
Event: 115.596 GC heap before
{Heap before GC invocations=83 (full 0):
 garbage-first heap   total 199680K, used 168481K [0x0000000080000000, 0x0000000100000000)
  region size 1024K, 42 young (43008K), 1 survivors (1024K)
 Metaspace       used 101810K, capacity 104260K, committed 104576K, reserved 1140736K
  class space    used 13162K, capacity 14132K, committed 14208K, reserved 1048576K
}
Event: 115.608 GC heap after
{Heap after GC invocations=84 (full 0):
 garbage-first heap   total 199680K, used 130422K [0x0000000080000000, 0x0000000100000000)
  region size 1024K, 4 young (4096K), 4 survivors (4096K)
 Metaspace       used 101810K, capacity 104260K, committed 104576K, reserved 1140736K
  class space    used 13162K, capacity 14132K, committed 14208K, reserved 1048576K
}

Deoptimization events (20 events):
Event: 116.793 Thread 0x00000254b3224000 DEOPT PACKING pc=0x000002549fb734f4 sp=0x000000ed435fe490
Event: 116.793 Thread 0x00000254b3224000 DEOPT UNPACKING pc=0x0000025497b5a1af sp=0x000000ed435fe348 mode 2
Event: 116.908 Thread 0x00000254b0248000 DEOPT PACKING pc=0x00000254999623b1 sp=0x000000ed400fa4f0
Event: 116.908 Thread 0x00000254b0248000 DEOPT UNPACKING pc=0x0000025497b5a95e sp=0x000000ed400f99b8 mode 0
Event: 116.919 Thread 0x00000254b0248000 DEOPT PACKING pc=0x00000254999623b1 sp=0x000000ed400fa4f0
Event: 116.919 Thread 0x00000254b0248000 DEOPT UNPACKING pc=0x0000025497b5a95e sp=0x000000ed400f99b8 mode 0
Event: 117.018 Thread 0x00000254b0248000 Uncommon trap: trap_request=0xffffff4d fr.pc=0x000002549fe1f9f4 relative=0x0000000000000434
Event: 117.018 Thread 0x00000254b0248000 Uncommon trap: reason=unstable_if action=reinterpret pc=0x000002549fe1f9f4 method=com.google.common.cache.LocalCache$Segment.expireEntries(J)V @ 84 c2
Event: 117.018 Thread 0x00000254b0248000 DEOPT PACKING pc=0x000002549fe1f9f4 sp=0x000000ed400f94d0
Event: 117.018 Thread 0x00000254b0248000 DEOPT UNPACKING pc=0x0000025497b5a1af sp=0x000000ed400f9428 mode 2
Event: 117.372 Thread 0x00000254b0248000 Uncommon trap: trap_request=0xffffffde fr.pc=0x000002549fe18164 relative=0x00000000000001a4
Event: 117.372 Thread 0x00000254b0248000 Uncommon trap: reason=class_check action=maybe_recompile pc=0x000002549fe18164 method=com.google.common.collect.NaturalOrdering.compare(Ljava/lang/Object;Ljava/lang/Object;)I @ 2 c2
Event: 117.372 Thread 0x00000254b0248000 DEOPT PACKING pc=0x000002549fe18164 sp=0x000000ed400f6230
Event: 117.372 Thread 0x00000254b0248000 DEOPT UNPACKING pc=0x0000025497b5a1af sp=0x000000ed400f61c0 mode 2
Event: 117.372 Thread 0x00000254b0248000 Uncommon trap: trap_request=0xffffffde fr.pc=0x000002549fe18164 relative=0x00000000000001a4
Event: 117.372 Thread 0x00000254b0248000 Uncommon trap: reason=class_check action=maybe_recompile pc=0x000002549fe18164 method=com.google.common.collect.NaturalOrdering.compare(Ljava/lang/Object;Ljava/lang/Object;)I @ 2 c2
Event: 117.372 Thread 0x00000254b0248000 DEOPT PACKING pc=0x000002549fe18164 sp=0x000000ed400f6440
Event: 117.372 Thread 0x00000254b0248000 DEOPT UNPACKING pc=0x0000025497b5a1af sp=0x000000ed400f63e8 mode 2
Event: 117.397 Thread 0x00000254b06f7000 DEOPT PACKING pc=0x0000025499543a44 sp=0x000000ed41cfd440
Event: 117.397 Thread 0x00000254b06f7000 DEOPT UNPACKING pc=0x0000025497b5a95e sp=0x000000ed41cfc9e0 mode 0

Classes redefined (0 events):
No events

Internal exceptions (20 events):
Event: 76.044 Thread 0x00000254b0248000 Exception <a 'java/lang/ClassNotFoundException'{0x000000008bfc18f0}: java/util/AbstractMapCustomizer> (0x000000008bfc18f0) thrown at [./src/hotspot/share/classfile/systemDictionary.cpp, line 231]
Event: 76.047 Thread 0x00000254b0248000 Exception <a 'java/lang/ClassNotFoundException'{0x000000008bfd4570}: java/util/HashMapCustomizer> (0x000000008bfd4570) thrown at [./src/hotspot/share/classfile/systemDictionary.cpp, line 231]
Event: 76.050 Thread 0x00000254b0248000 Exception <a 'java/lang/ClassNotFoundException'{0x000000008bff4008}: java/util/LinkedHashMapCustomizer> (0x000000008bff4008) thrown at [./src/hotspot/share/classfile/systemDictionary.cpp, line 231]
Event: 83.732 Thread 0x00000254b0248000 Exception <a 'sun/nio/fs/WindowsException'{0x000000008bd26cf8}> (0x000000008bd26cf8) thrown at [./src/hotspot/share/prims/jni.cpp, line 615]
Event: 83.736 Thread 0x00000254b0248000 Exception <a 'sun/nio/fs/WindowsException'{0x000000008bd270d0}> (0x000000008bd270d0) thrown at [./src/hotspot/share/prims/jni.cpp, line 615]
Event: 90.658 Thread 0x00000254b0248000 Exception <a 'java/lang/NullPointerException'{0x000000008b3271c0}> (0x000000008b3271c0) thrown at [./src/hotspot/share/interpreter/linkResolver.cpp, line 1440]
Event: 91.723 Thread 0x00000254b0248000 Exception <a 'java/lang/NoSuchMethodError'{0x000000008a2fcfd8}: 'int java.lang.invoke.DirectMethodHandle$Holder.invokeStatic(java.lang.Object, java.lang.Object, int, java.lang.Object)'> (0x000000008a2fcfd8) thrown at [./src/hotspot/share/interpreter/linkResolver.cpp, line 773]
Event: 91.908 Thread 0x00000254b0248000 Exception <a 'sun/nio/fs/WindowsException'{0x000000008a024828}> (0x000000008a024828) thrown at [./src/hotspot/share/prims/jni.cpp, line 615]
Event: 91.909 Thread 0x00000254b0248000 Exception <a 'sun/nio/fs/WindowsException'{0x000000008a025908}> (0x000000008a025908) thrown at [./src/hotspot/share/prims/jni.cpp, line 615]
Event: 91.909 Thread 0x00000254b0248000 Exception <a 'sun/nio/fs/WindowsException'{0x000000008a026a38}> (0x000000008a026a38) thrown at [./src/hotspot/share/prims/jni.cpp, line 615]
Event: 91.909 Thread 0x00000254b0248000 Exception <a 'sun/nio/fs/WindowsException'{0x000000008a027b68}> (0x000000008a027b68) thrown at [./src/hotspot/share/prims/jni.cpp, line 615]
Event: 93.298 Thread 0x00000254b0248000 Exception <a 'java/lang/NoSuchMethodError'{0x000000008bac3050}: 'int java.lang.invoke.DirectMethodHandle$Holder.invokeSpecialIFC(java.lang.Object, java.lang.Object, java.lang.Object)'> (0x000000008bac3050) thrown at [./src/hotspot/share/interpreter/linkResolver.cpp, line 773]
Event: 93.378 Thread 0x00000254b0248000 Exception <a 'java/lang/NoSuchMethodError'{0x000000008b7c3008}: 'java.lang.Object java.lang.invoke.Invokers$Holder.linkToTargetMethod(java.lang.Object, java.lang.Object, java.lang.Object, int, java.lang.Object, java.lang.Object)'> (0x000000008b7c3008) thrown at [./src/hotspot/share/interpreter/linkResolver.cpp, line 773]
Event: 93.784 Thread 0x00000254b0248000 Exception <a 'java/lang/NoSuchMethodError'{0x000000008a98c2b0}: 'void java.lang.invoke.DirectMethodHandle$Holder.invokeStatic(java.lang.Object, java.lang.Object, java.lang.Object, java.lang.Object, int, java.lang.Object, java.lang.Object)'> (0x000000008a98c2b0) thrown at [./src/hotspot/share/interpreter/linkResolver.cpp, line 773]
Event: 93.817 Thread 0x00000254b0248000 Exception <a 'java/lang/IncompatibleClassChangeError'{0x000000008a7560a8}: Found class java.lang.Object, but interface was expected> (0x000000008a7560a8) thrown at [./src/hotspot/share/interpreter/linkResolver.cpp, line 839]
Event: 94.835 Thread 0x00000254b06f8800 Exception <a 'java/lang/IncompatibleClassChangeError'{0x000000008a5643c0}: Found class java.lang.Object, but interface was expected> (0x000000008a5643c0) thrown at [./src/hotspot/share/interpreter/linkResolver.cpp, line 839]
Event: 110.258 Thread 0x00000254b06f8800 Exception <a 'java/lang/NoSuchMethodError'{0x000000008a4e2e80}: 'java.lang.Object java.lang.invoke.DirectMethodHandle$Holder.newInvokeSpecial(java.lang.Object, java.lang.Object, java.lang.Object, java.lang.Object)'> (0x000000008a4e2e80) thrown at [./src/hotspot/share/interpreter/linkResolver.cpp, line 773]
Event: 110.626 Thread 0x00000254b0248000 Implicit null exception at 0x000002549fc607d5 to 0x000002549fc66354
Event: 112.361 Thread 0x00000254b0248000 Exception <a 'java/lang/NoSuchMethodError'{0x000000008b4451f0}: 'java.lang.Object java.lang.invoke.DirectMethodHandle$Holder.invokeSpecialIFC(java.lang.Object, java.lang.Object, java.lang.Object)'> (0x000000008b4451f0) thrown at [./src/hotspot/share/interpreter/linkResolver.cpp, line 773]
Event: 112.521 Thread 0x00000254b0248000 Exception <a 'java/lang/NoSuchMethodError'{0x000000008b04d8f0}: 'int java.lang.invoke.DirectMethodHandle$Holder.invokeStaticInit(java.lang.Object, java.lang.Object, java.lang.Object, java.lang.Object, java.lang.Object)'> (0x000000008b04d8f0) thrown at [./src/hotspot/share/interpreter/linkResolver.cpp, line 773]

Events (20 events):
Event: 117.345 loading class org/gradle/internal/Pair
Event: 117.345 loading class org/gradle/internal/Pair done
Event: 117.345 loading class org/gradle/internal/Pair
Event: 117.345 loading class org/gradle/internal/Pair done
Event: 117.350 loading class org/gradle/api/internal/attributes/AttributeContainerInternal
Event: 117.350 loading class org/gradle/api/internal/attributes/AttributeContainerInternal done
Event: 117.351 loading class org/gradle/internal/Pair
Event: 117.351 loading class org/gradle/internal/Pair done
Event: 117.351 loading class org/gradle/api/internal/attributes/AttributeContainerInternal
Event: 117.351 loading class org/gradle/api/internal/attributes/AttributeContainerInternal done
Event: 117.413 Executing VM operation: RevokeBias
Event: 117.413 Executing VM operation: RevokeBias done
Event: 117.430 Executing VM operation: RevokeBias
Event: 117.431 Executing VM operation: RevokeBias done
Event: 117.448 Executing VM operation: RevokeBias
Event: 117.449 Executing VM operation: RevokeBias done
Event: 117.459 Executing VM operation: RevokeBias
Event: 117.459 Executing VM operation: RevokeBias done
Event: 117.476 Executing VM operation: RevokeBias
Event: 117.476 Executing VM operation: RevokeBias done


Dynamic libraries:
0x00007ff642f10000 - 0x00007ff642f1a000 	C:\Program Files\Android\Android Studio\jre\bin\java.exe
0x00007ffe340b0000 - 0x00007ffe342a8000 	C:\WINDOWS\SYSTEM32\ntdll.dll
0x00007ffe32bc0000 - 0x00007ffe32c7d000 	C:\WINDOWS\System32\KERNEL32.DLL
0x00007ffe31a20000 - 0x00007ffe31cee000 	C:\WINDOWS\System32\KERNELBASE.dll
0x00007ffe31920000 - 0x00007ffe31a20000 	C:\WINDOWS\System32\ucrtbase.dll
0x00007ffe29a50000 - 0x00007ffe29a69000 	C:\Program Files\Android\Android Studio\jre\bin\jli.dll
0x00007ffe285a0000 - 0x00007ffe285b7000 	C:\Program Files\Android\Android Studio\jre\bin\VCRUNTIME140.dll
0x00007ffe338f0000 - 0x00007ffe33a90000 	C:\WINDOWS\System32\USER32.dll
0x00007ffe21920000 - 0x00007ffe21bba000 	C:\WINDOWS\WinSxS\amd64_microsoft.windows.common-controls_6595b64144ccf1df_6.0.19041.1110_none_60b5254171f9507e\COMCTL32.dll
0x00007ffe320e0000 - 0x00007ffe32102000 	C:\WINDOWS\System32\win32u.dll
0x00007ffe322a0000 - 0x00007ffe3233e000 	C:\WINDOWS\System32\msvcrt.dll
0x00007ffe32740000 - 0x00007ffe3276a000 	C:\WINDOWS\System32\GDI32.dll
0x00007ffe31cf0000 - 0x00007ffe31dfb000 	C:\WINDOWS\System32\gdi32full.dll
0x00007ffe32010000 - 0x00007ffe320ad000 	C:\WINDOWS\System32\msvcp_win.dll
0x00007ffe32190000 - 0x00007ffe321c0000 	C:\WINDOWS\System32\IMM32.DLL
0x00007ffe1be70000 - 0x00007ffe1bf0d000 	C:\Program Files\Android\Android Studio\jre\bin\msvcp140.dll
0x00007ffde9830000 - 0x00007ffdea315000 	C:\Program Files\Android\Android Studio\jre\bin\server\jvm.dll
0x00007ffe33aa0000 - 0x00007ffe33b4e000 	C:\WINDOWS\System32\ADVAPI32.dll
0x00007ffe32340000 - 0x00007ffe323dc000 	C:\WINDOWS\System32\sechost.dll
0x00007ffe32e80000 - 0x00007ffe32fa5000 	C:\WINDOWS\System32\RPCRT4.dll
0x00007ffe321c0000 - 0x00007ffe321c8000 	C:\WINDOWS\System32\PSAPI.DLL
0x00007ffe2f0b0000 - 0x00007ffe2f0b9000 	C:\WINDOWS\SYSTEM32\WSOCK32.dll
0x00007ffe2f0c0000 - 0x00007ffe2f0ca000 	C:\WINDOWS\SYSTEM32\VERSION.dll
0x00007ffe21c60000 - 0x00007ffe21c87000 	C:\WINDOWS\SYSTEM32\WINMM.dll
0x00007ffe321d0000 - 0x00007ffe3223b000 	C:\WINDOWS\System32\WS2_32.dll
0x00007ffe2f8a0000 - 0x00007ffe2f8b2000 	C:\WINDOWS\SYSTEM32\kernel.appcore.dll
0x00007ffe2f080000 - 0x00007ffe2f091000 	C:\Program Files\Android\Android Studio\jre\bin\verify.dll
0x00007ffe1faf0000 - 0x00007ffe1fcd4000 	C:\WINDOWS\SYSTEM32\DBGHELP.DLL
0x00007ffe1fa30000 - 0x00007ffe1fa5c000 	C:\WINDOWS\SYSTEM32\dbgcore.DLL
0x00007ffe31820000 - 0x00007ffe318a2000 	C:\WINDOWS\System32\bcryptPrimitives.dll
0x00007ffe2ed70000 - 0x00007ffe2ed99000 	C:\Program Files\Android\Android Studio\jre\bin\java.dll
0x00007ffe2f030000 - 0x00007ffe2f03b000 	C:\Program Files\Android\Android Studio\jre\bin\jimage.dll
0x00007ffe2e2b0000 - 0x00007ffe2e2c8000 	C:\Program Files\Android\Android Studio\jre\bin\zip.dll
0x00007ffe33070000 - 0x00007ffe337b3000 	C:\WINDOWS\System32\SHELL32.dll
0x00007ffe2f8c0000 - 0x00007ffe30055000 	C:\WINDOWS\SYSTEM32\windows.storage.dll
0x00007ffe323e0000 - 0x00007ffe32734000 	C:\WINDOWS\System32\combase.dll
0x00007ffe31160000 - 0x00007ffe31190000 	C:\WINDOWS\SYSTEM32\Wldp.dll
0x00007ffe32fb0000 - 0x00007ffe3305d000 	C:\WINDOWS\System32\SHCORE.dll
0x00007ffe329b0000 - 0x00007ffe32a05000 	C:\WINDOWS\System32\shlwapi.dll
0x00007ffe31710000 - 0x00007ffe3172f000 	C:\WINDOWS\SYSTEM32\profapi.dll
0x00007ffe2cff0000 - 0x00007ffe2d00a000 	C:\Program Files\Android\Android Studio\jre\bin\net.dll
0x00007ffe24490000 - 0x00007ffe2459a000 	C:\WINDOWS\SYSTEM32\WINHTTP.dll
0x00007ffe30ec0000 - 0x00007ffe30f2a000 	C:\WINDOWS\system32\mswsock.dll
0x00007ffe2c290000 - 0x00007ffe2c2a4000 	C:\Program Files\Android\Android Studio\jre\bin\nio.dll
0x00007ffe29ce0000 - 0x00007ffe29d07000 	C:\Users\LENOVO\.gradle\native\e1d6ef7f7dcc3fd88c89a11ec53ec762bb8ba0a96d01ffa2cd45eb1d1d8dd5c5\windows-amd64\native-platform.dll
0x00007ffe0d100000 - 0x00007ffe0d244000 	C:\Users\LENOVO\.gradle\native\5664cfc778a61ccfe75a443a1ab52a65af34e5dc3c78e0209fed803814484fcb\windows-amd64\native-platform-file-events.dll
0x00007ffe2efc0000 - 0x00007ffe2efca000 	C:\Program Files\Android\Android Studio\jre\bin\management.dll
0x00007ffe2ed30000 - 0x00007ffe2ed3d000 	C:\Program Files\Android\Android Studio\jre\bin\management_ext.dll
0x00007ffe310b0000 - 0x00007ffe310c8000 	C:\WINDOWS\SYSTEM32\CRYPTSP.dll
0x00007ffe30840000 - 0x00007ffe30874000 	C:\WINDOWS\system32\rsaenh.dll
0x00007ffe320b0000 - 0x00007ffe320d7000 	C:\WINDOWS\System32\bcrypt.dll
0x00007ffe31690000 - 0x00007ffe316be000 	C:\WINDOWS\SYSTEM32\USERENV.dll
0x00007ffe310d0000 - 0x00007ffe310dc000 	C:\WINDOWS\SYSTEM32\CRYPTBASE.dll
0x00007ffe30bb0000 - 0x00007ffe30beb000 	C:\WINDOWS\SYSTEM32\IPHLPAPI.DLL
0x00007ffe33060000 - 0x00007ffe33068000 	C:\WINDOWS\System32\NSI.dll
0x00007ffe25e80000 - 0x00007ffe25e97000 	C:\WINDOWS\SYSTEM32\dhcpcsvc6.DLL
0x00007ffe26750000 - 0x00007ffe2676d000 	C:\WINDOWS\SYSTEM32\dhcpcsvc.DLL
0x00007ffe30bf0000 - 0x00007ffe30cba000 	C:\WINDOWS\SYSTEM32\DNSAPI.dll

dbghelp: loaded successfully - version: 4.0.5 - missing functions: none
symbol engine: initialized successfully - sym options: 0x614 - pdb path: .;C:\Program Files\Android\Android Studio\jre\bin;C:\WINDOWS\SYSTEM32;C:\WINDOWS\WinSxS\amd64_microsoft.windows.common-controls_6595b64144ccf1df_6.0.19041.1110_none_60b5254171f9507e;C:\Program Files\Android\Android Studio\jre\bin\server;C:\Users\LENOVO\.gradle\native\e1d6ef7f7dcc3fd88c89a11ec53ec762bb8ba0a96d01ffa2cd45eb1d1d8dd5c5\windows-amd64;C:\Users\LENOVO\.gradle\native\5664cfc778a61ccfe75a443a1ab52a65af34e5dc3c78e0209fed803814484fcb\windows-amd64

VM Arguments:
jvm_args: --add-opens=java.base/java.util=ALL-UNNAMED --add-opens=java.base/java.lang=ALL-UNNAMED --add-opens=java.base/java.lang.invoke=ALL-UNNAMED --add-opens=java.base/java.util=ALL-UNNAMED --add-opens=java.prefs/java.util.prefs=ALL-UNNAMED --add-opens=java.prefs/java.util.prefs=ALL-UNNAMED --add-opens=java.base/java.nio.charset=ALL-UNNAMED --add-opens=java.base/java.net=ALL-UNNAMED --add-opens=java.base/java.util.concurrent.atomic=ALL-UNNAMED -Xmx2048m -Dfile.encoding=UTF-8 -Duser.country=US -Duser.language=en -Duser.variant 
java_command: org.gradle.launcher.daemon.bootstrap.GradleDaemon 7.3.3
java_class_path (initial): C:\Users\LENOVO\.gradle\wrapper\dists\gradle-7.3.3-bin\6a41zxkdtcxs8rphpq6y0069z\gradle-7.3.3\lib\gradle-launcher-7.3.3.jar
Launcher Type: SUN_STANDARD

[Global flags]
     intx CICompilerCount                          = 3                                         {product} {ergonomic}
     uint ConcGCThreads                            = 1                                         {product} {ergonomic}
     uint G1ConcRefinementThreads                  = 4                                         {product} {ergonomic}
   size_t G1HeapRegionSize                         = 1048576                                   {product} {ergonomic}
    uintx GCDrainStackTargetSize                   = 64                                        {product} {ergonomic}
   size_t InitialHeapSize                          = 67108864                                  {product} {ergonomic}
   size_t MarkStackSize                            = 4194304                                   {product} {ergonomic}
   size_t MaxHeapSize                              = 2147483648                                {product} {command line}
   size_t MaxNewSize                               = 1287651328                                {product} {ergonomic}
   size_t MinHeapDeltaBytes                        = 1048576                                   {product} {ergonomic}
    uintx NonNMethodCodeHeapSize                   = 5830732                                {pd product} {ergonomic}
    uintx NonProfiledCodeHeapSize                  = 122913754                              {pd product} {ergonomic}
    uintx ProfiledCodeHeapSize                     = 122913754                              {pd product} {ergonomic}
    uintx ReservedCodeCacheSize                    = 251658240                              {pd product} {ergonomic}
     bool SegmentedCodeCache                       = true                                      {product} {ergonomic}
     bool UseCompressedClassPointers               = true                                 {lp64_product} {ergonomic}
     bool UseCompressedOops                        = true                                 {lp64_product} {ergonomic}
     bool UseG1GC                                  = true                                      {product} {ergonomic}
     bool UseLargePagesIndividualAllocation        = false                                  {pd product} {ergonomic}

Logging:
Log output configuration:
 #0: stdout all=warning uptime,level,tags
 #1: stderr all=off uptime,level,tags

Environment Variables:
PATH=C:\WINDOWS\system32;C:\WINDOWS;C:\WINDOWS\System32\Wbem;C:\WINDOWS\System32\WindowsPowerShell\v1.0\;C:\WINDOWS\System32\OpenSSH\;C:\Users\LENOVO\AppData\Local\Microsoft\WindowsApps;C:\Users\LENOVO\AppData\Local\GitHubDesktop\bin;C:\Program Files\JetBrains\IntelliJ IDEA 2022.2\bin;;
USERNAME=LENOVO
OS=Windows_NT
PROCESSOR_IDENTIFIER=Intel64 Family 6 Model 42 Stepping 7, GenuineIntel



---------------  S Y S T E M  ---------------

OS: Windows 10 , 64 bit Build 19041 (10.0.19041.1889)
OS uptime: 0 days 6:45 hours

CPU:total 4 (initial active 4) (2 cores per cpu, 2 threads per core) family 6 model 42 stepping 7 microcode 0x2f, cmov, cx8, fxsr, mmx, sse, sse2, sse3, ssse3, sse4.1, sse4.2, popcnt, avx, clmul, ht, tsc, tscinvbit

Memory: 4k page, system-wide physical 3996M (526M free)
TotalPageFile size 6044M (AvailPageFile size 8M)
current process WorkingSet (physical memory assigned to process): 408M, peak: 410M
current process commit charge ("private bytes"): 508M, peak: 513M

vm_info: OpenJDK 64-Bit Server VM (11.0.12+7-b1504.28-7817840) for windows-amd64 JRE (11.0.12+7-b1504.28-7817840), built on Oct 13 2021 22:12:33 by "builder" with MS VC++ 14.0 (VS2015)

END.
